#***************************************************************************

#sjplacer

#Version:            1.1

#Build Date:         Sep  9 2019 11:47:43

#File Generated:     Sep 19 2020 16:58:08

#Purpose:            

#Copyright (C) 2010-2011 by Softjin Technologies Pvt Ltd. All rights reserved.

#***************************************************************************

Executing : C:\Program Files (x86)\Cypress\PSoC Creator\4.3\PSoC Creator\bin/sjplacer.exe --proj-name Motor_Board_Rev3 --netlist-vh2 Motor_Board_Rev3_p.vh2 --arch p4_udb2x4 --arch-file C:\Program Files (x86)\Cypress\PSoC Creator\4.3\PSoC Creator\dev\arch/udbdsi_2x4_08.cydata --ip-file C:\Program Files (x86)\Cypress\PSoC Creator\4.3\PSoC Creator\dev\psoc4/2/ip_blocks.cydata --rrg-file C:\Program Files (x86)\Cypress\PSoC Creator\4.3\PSoC Creator\dev\psoc4/2/route_arch-rrg.cydata --irq-file C:\Program Files (x86)\Cypress\PSoC Creator\4.3\PSoC Creator\dev\psoc4/2/irqconn.cydata --drq-file C:\Program Files (x86)\Cypress\PSoC Creator\4.3\PSoC Creator\dev\psoc4/2/triggerconn.cydata --dsi-conn-file C:\Program Files (x86)\Cypress\PSoC Creator\4.3\PSoC Creator\dev\psoc4/2/dsiconn.cydata --pins-file pins_64-TQFP.xml --lib-file Motor_Board_Rev3_p.lib --sdc-file Motor_Board_Rev3.sdc --io-pcf Motor_Board_Rev3.pci --outdir .

		Softjin Techologies Placer, Version 1.1

Build Date : Sep  9 2019	11:45:12

D2004: Option and Settings Summary
=============================================================
Netlist vh2 file          - Motor_Board_Rev3_p.vh2
Architecture file         - C:\Program Files (x86)\Cypress\PSoC Creator\4.3\PSoC Creator\dev\arch/udbdsi_2x4_08.cydata
Package                   - 
Defparam file             - 
SDC file                  - Motor_Board_Rev3.sdc
Output directory          - .
Timing library            - Motor_Board_Rev3_p.lib
IO Placement file         - Motor_Board_Rev3.pci

D2050: Starting reading inputs for placer
=============================================================
D2065: Reading netlist file : "Motor_Board_Rev3_p.vh2"
D2065: Reading arch file : "C:\Program Files (x86)\Cypress\PSoC Creator\4.3\PSoC Creator\dev\arch/udbdsi_2x4_08.cydata"
D2051: Reading of inputs for placer completed successfully

D2053: Starting placement of the design
=============================================================

Phase 2
Phase 3

Design Statistics after Packing
    Number of Combinational MCs 	:	17
    Number of Sequential MCs    	:	25
    Number of DPs               	:	7
    Number of Controls          	:	4
    Number of Status            	:	6
    Number of SyncCells         	:	0
    Number of count7cells       	:	0

Device Utilization Summary after Packing
    Macrocells                  :	42/64
    UDBS                        :	8/8
    IOs                         :	22/76


D2088: Phase 3, elapsed time : 0.0 (sec)

Phase 4
D2088: Phase 4, elapsed time : 0.0 (sec)

Phase 6

######################################################################
Placement Timing Summary

The timing summary is based on estimated routing delays after
placement. For final timing report, please carry out the timing
analysis after routing.
======================================================================

######################################################################
                     Clock Summary 
======================================================================
Number of clocks: 14
Clock: ADC_SAR_Seq_1_intClock | Frequency: N/A       | Target:   2.7 MHz
Clock: ADC_SAR_Seq_1_intClock(FFB) | Frequency: N/A       | Target:   2.7 MHz
Clock: Clock_1              | Frequency:  32.6 MHz | Target:  20.0 MHz
Clock: Clock_2              | Frequency: N/A       | Target:   0.0 MHz
Clock: Clock_PWM            | Frequency: N/A       | Target:  10.0 MHz
Clock: Clock_PWM(FFB)       | Frequency: N/A       | Target:  10.0 MHz
Clock: CyExtClk             | Frequency: N/A       | Target:  40.0 MHz
Clock: CyHFClk              | Frequency:  51.9 MHz | Target:  40.0 MHz
Clock: CyIMO                | Frequency: N/A       | Target:  48.0 MHz
Clock: CyRouted1            | Frequency: N/A       | Target:  40.0 MHz
Clock: CySysClk             | Frequency: N/A       | Target:  40.0 MHz
Clock: UART_SCBCLK          | Frequency: N/A       | Target:   1.4 MHz
Clock: UART_SCBCLK(FFB)     | Frequency: N/A       | Target:   1.4 MHz
Clock: timer_clock          | Frequency:  32.9 MHz | Target:  20.0 MHz

======================================================================
                     End of Clock Summary
######################################################################

D2088: Phase 6, elapsed time : 0.0 (sec)

Phase 7
######################################################################
                     Clock Summary 
======================================================================
Number of clocks: 14
Clock: ADC_SAR_Seq_1_intClock | Frequency: N/A       | Target:   2.7 MHz
Clock: ADC_SAR_Seq_1_intClock(FFB) | Frequency: N/A       | Target:   2.7 MHz
Clock: Clock_1              | Frequency:  32.6 MHz | Target:  20.0 MHz
Clock: Clock_2              | Frequency: N/A       | Target:   0.0 MHz
Clock: Clock_PWM            | Frequency: N/A       | Target:  10.0 MHz
Clock: Clock_PWM(FFB)       | Frequency: N/A       | Target:  10.0 MHz
Clock: CyExtClk             | Frequency: N/A       | Target:  40.0 MHz
Clock: CyHFClk              | Frequency:  51.9 MHz | Target:  40.0 MHz
Clock: CyIMO                | Frequency: N/A       | Target:  48.0 MHz
Clock: CyRouted1            | Frequency: N/A       | Target:  40.0 MHz
Clock: CySysClk             | Frequency: N/A       | Target:  40.0 MHz
Clock: UART_SCBCLK          | Frequency: N/A       | Target:   1.4 MHz
Clock: UART_SCBCLK(FFB)     | Frequency: N/A       | Target:   1.4 MHz
Clock: timer_clock          | Frequency:  32.9 MHz | Target:  20.0 MHz

======================================================================
                     End of Clock Summary
######################################################################
D2088: Phase 7, elapsed time : 0.3 (sec)

Final Design Statistics
    Number of Combinational MCs 	:	17
    Number of Sequential MCs    	:	25
    Number of DPs               	:	7
    Number of Controls          	:	4
    Number of Status            	:	6
    Number of SyncCells         	:	0
    Number of count7cells       	:	0
    Number of IOs       	:	22

Device Utilization Summary
    Macrocells                  :	42/64
    IOs                         :	22/76



######################################################################
Placement Timing Summary

The timing summary is based on estimated routing delays after
placement. For final timing report, please carry out the timing
analysis after routing.
======================================================================


######################################################################
                     Clock Summary 
======================================================================
Number of clocks: 14
Clock: ADC_SAR_Seq_1_intClock | Frequency: N/A       | Target:   2.7 MHz
Clock: ADC_SAR_Seq_1_intClock(FFB) | Frequency: N/A       | Target:   2.7 MHz
Clock: Clock_1              | Frequency:  32.6 MHz | Target:  21.7 MHz
Clock: Clock_2              | Frequency: N/A       | Target:   0.0 MHz
Clock: Clock_PWM            | Frequency: N/A       | Target:  10.0 MHz
Clock: Clock_PWM(FFB)       | Frequency: N/A       | Target:  10.0 MHz
Clock: CyExtClk             | Frequency: N/A       | Target:  40.0 MHz
Clock: CyHFClk              | Frequency:  51.9 MHz | Target:  43.5 MHz
Clock: CyIMO                | Frequency: N/A       | Target:  48.0 MHz
Clock: CyRouted1            | Frequency: N/A       | Target:  40.0 MHz
Clock: CySysClk             | Frequency: N/A       | Target:  40.0 MHz
Clock: UART_SCBCLK          | Frequency: N/A       | Target:   1.4 MHz
Clock: UART_SCBCLK(FFB)     | Frequency: N/A       | Target:   1.4 MHz
Clock: timer_clock          | Frequency:  33.5 MHz | Target:  21.7 MHz

======================================================================
                     End of Clock Summary
######################################################################

Phase 8
D2088: Phase 8, elapsed time : 0.0 (sec)

D2054: Placement of the design completed successfully

I2076: Total run-time: 0.7 sec.

