--------------- Build Started: 03/11/2020 18:49:43 Project: Motor Board Rev3 old firmware, Configuration: ARM GCC 5.4-2016-q2-update Debug ---------------
cydsfit.exe -.appdatapath "C:\Users\austc\AppData\Local\Cypress Semiconductor\PSoC Creator\4.2" -.fdsnotice -.fdswarpdepfile=warp_dependencies.txt -.fdselabdepfile=elab_dependencies.txt -.fdsbldfile=generated_files.txt -.fdsreffile=referenced_files.txt -p "C:\Users\austc\OneDrive\Documents\Altium\Motor-Unit-Firmware-A-2019-2020\Motor Unit\Motor Board Rev3 old firmware.cydsn\Motor Board Rev3 old firmware.cyprj" -d CY8C4248AZI-L485 -s "C:\Users\austc\OneDrive\Documents\Altium\Motor-Unit-Firmware-A-2019-2020\Motor Unit\Motor Board Rev3 old firmware.cydsn\Generated_Source\PSoC4" -- -yv2 -q10 -ygs -o2 -v3 -.fftcfgtype=LE
Elaborating Design...
ADD: sdb.M0065: information: Analog terminal "ADC_SAR_Seq_1.vinPlus0" on TopDesign is unconnected.
 * C:\Users\austc\OneDrive\Documents\Altium\Motor-Unit-Firmware-A-2019-2020\Motor Unit\Motor Board Rev3 old firmware.cydsn\TopDesign\TopDesign.cysch (Signal: Net_1416)
 * C:\Users\austc\OneDrive\Documents\Altium\Motor-Unit-Firmware-A-2019-2020\Motor Unit\Motor Board Rev3 old firmware.cydsn\TopDesign\TopDesign.cysch (Shape_447.19)
ADD: sdb.M0065: information: Analog terminal "Pin_Pot.analog_0" on TopDesign is unconnected.
 * C:\Users\austc\OneDrive\Documents\Altium\Motor-Unit-Firmware-A-2019-2020\Motor Unit\Motor Board Rev3 old firmware.cydsn\TopDesign\TopDesign.cysch (Signal: Net_390)
 * C:\Users\austc\OneDrive\Documents\Altium\Motor-Unit-Firmware-A-2019-2020\Motor Unit\Motor Board Rev3 old firmware.cydsn\TopDesign\TopDesign.cysch (Shape_47.1)
 * C:\Users\austc\OneDrive\Documents\Altium\Motor-Unit-Firmware-A-2019-2020\Motor Unit\Motor Board Rev3 old firmware.cydsn\TopDesign\TopDesign.cysch (Shape_750)
 * C:\Users\austc\OneDrive\Documents\Altium\Motor-Unit-Firmware-A-2019-2020\Motor Unit\Motor Board Rev3 old firmware.cydsn\TopDesign\TopDesign.cysch (Shape_751)
HDL Generation...
Synthesis...
Tech Mapping...
ADD: pft.M0040: information: The following 1 pin(s) will be assigned a location by the fitter: Array_LED(0)
Analog Placement...
Analog Routing...
Analog Code Generation...
Digital Placement...
Digital Routing...
Bitstream Generation...
Bitstream Verification...
Static timing analysis...
API Generation...
Dependency Generation...
Cleanup...
--------------- Build Succeeded: 03/11/2020 18:50:08 ---------------
