ARM GAS  C:\Users\Austcha\AppData\Local\Temp\cckSBptf.s 			page 1


   1              		.syntax unified
   2              		.cpu cortex-m0
   3              		.fpu softvfp
   4              		.eabi_attribute 20, 1
   5              		.eabi_attribute 21, 1
   6              		.eabi_attribute 23, 3
   7              		.eabi_attribute 24, 1
   8              		.eabi_attribute 25, 1
   9              		.eabi_attribute 26, 1
  10              		.eabi_attribute 30, 6
  11              		.eabi_attribute 34, 0
  12              		.eabi_attribute 18, 4
  13              		.thumb
  14              		.syntax unified
  15              		.file	"CANPower.c"
  16              		.text
  17              	.Ltext0:
  18              		.cfi_sections	.debug_frame
  19              		.section	.text.AssemblePowerRailsSetPacket,"ax",%progbits
  20              		.align	2
  21              		.global	AssemblePowerRailsSetPacket
  22              		.code	16
  23              		.thumb_func
  24              		.type	AssemblePowerRailsSetPacket, %function
  25              	AssemblePowerRailsSetPacket:
  26              	.LFB0:
  27              		.file 1 "..\\CANLib\\CANPower.c"
   1:..\CANLib/CANPower.c **** /* File:         CANPower.c
   2:..\CANLib/CANPower.c ****  * Authors:      Jaden Bottemiller, Benton Kwong, Dylan Tomberlin.
   3:..\CANLib/CANPower.c ****  * Organization: Husky Robotics Team
   4:..\CANLib/CANPower.c ****  * 
   5:..\CANLib/CANPower.c ****  * This file includes fuction implementations for the power boards CAN Communication
   6:..\CANLib/CANPower.c ****  * using the Hindsight CAN Communication standard.
   7:..\CANLib/CANPower.c ****  * Documentation: https://huskyroboticsteam.slite.com/app/channels/iU0BryG7M9/collections/aXvWTcIR6
   8:..\CANLib/CANPower.c ****  */
   9:..\CANLib/CANPower.c **** #include "CANPower.h"
  10:..\CANLib/CANPower.c **** #include "CANPacket.h"
  11:..\CANLib/CANPower.c **** 
  12:..\CANLib/CANPower.c **** //Power Rail Set State
  13:..\CANLib/CANPower.c **** void AssemblePowerRailsSetPacket(CANPacket *packetToAssemble,
  14:..\CANLib/CANPower.c ****     uint8_t targetDeviceGroup,
  15:..\CANLib/CANPower.c ****     uint8_t targetDeviceSerialNumber,
  16:..\CANLib/CANPower.c ****     uint8_t state)
  17:..\CANLib/CANPower.c **** {
  28              		.loc 1 17 0
  29              		.cfi_startproc
  30              		@ args = 0, pretend = 0, frame = 16
  31              		@ frame_needed = 1, uses_anonymous_args = 0
  32 0000 90B5     		push	{r4, r7, lr}
  33              		.cfi_def_cfa_offset 12
  34              		.cfi_offset 4, -12
  35              		.cfi_offset 7, -8
  36              		.cfi_offset 14, -4
  37 0002 85B0     		sub	sp, sp, #20
  38              		.cfi_def_cfa_offset 32
  39 0004 00AF     		add	r7, sp, #0
  40              		.cfi_def_cfa_register 7
ARM GAS  C:\Users\Austcha\AppData\Local\Temp\cckSBptf.s 			page 2


  41 0006 7860     		str	r0, [r7, #4]
  42 0008 0C00     		movs	r4, r1
  43 000a 1000     		movs	r0, r2
  44 000c 1900     		movs	r1, r3
  45 000e FB1C     		adds	r3, r7, #3
  46 0010 221C     		adds	r2, r4, #0
  47 0012 1A70     		strb	r2, [r3]
  48 0014 BB1C     		adds	r3, r7, #2
  49 0016 021C     		adds	r2, r0, #0
  50 0018 1A70     		strb	r2, [r3]
  51 001a 7B1C     		adds	r3, r7, #1
  52 001c 0A1C     		adds	r2, r1, #0
  53 001e 1A70     		strb	r2, [r3]
  18:..\CANLib/CANPower.c ****     packetToAssemble->id = ConstructCANID(PACKET_PRIORITY_NORMAL, targetDeviceGroup, targetDeviceSe
  54              		.loc 1 18 0
  55 0020 BB1C     		adds	r3, r7, #2
  56 0022 1A78     		ldrb	r2, [r3]
  57 0024 FB1C     		adds	r3, r7, #3
  58 0026 1B78     		ldrb	r3, [r3]
  59 0028 1900     		movs	r1, r3
  60 002a 0120     		movs	r0, #1
  61 002c FFF7FEFF 		bl	ConstructCANID
  62 0030 0300     		movs	r3, r0
  63 0032 1A00     		movs	r2, r3
  64 0034 7B68     		ldr	r3, [r7, #4]
  65 0036 1A80     		strh	r2, [r3]
  19:..\CANLib/CANPower.c ****     packetToAssemble->dlc = DLC_POWER_RAIL_SET;
  66              		.loc 1 19 0
  67 0038 7B68     		ldr	r3, [r7, #4]
  68 003a 0222     		movs	r2, #2
  69 003c 9A70     		strb	r2, [r3, #2]
  20:..\CANLib/CANPower.c ****     int nextByte = WriteSenderSerialAndPacketID(packetToAssemble->data, ID_POWER_RAIL_SET);
  70              		.loc 1 20 0
  71 003e 7B68     		ldr	r3, [r7, #4]
  72 0040 0333     		adds	r3, r3, #3
  73 0042 0021     		movs	r1, #0
  74 0044 1800     		movs	r0, r3
  75 0046 FFF7FEFF 		bl	WriteSenderSerialAndPacketID
  76 004a 0300     		movs	r3, r0
  77 004c FB60     		str	r3, [r7, #12]
  21:..\CANLib/CANPower.c ****     packetToAssemble->data[nextByte] = state;
  78              		.loc 1 21 0
  79 004e 7A68     		ldr	r2, [r7, #4]
  80 0050 FB68     		ldr	r3, [r7, #12]
  81 0052 D318     		adds	r3, r2, r3
  82 0054 0333     		adds	r3, r3, #3
  83 0056 7A1C     		adds	r2, r7, #1
  84 0058 1278     		ldrb	r2, [r2]
  85 005a 1A70     		strb	r2, [r3]
  22:..\CANLib/CANPower.c ****     
  23:..\CANLib/CANPower.c **** }
  86              		.loc 1 23 0
  87 005c C046     		nop
  88 005e BD46     		mov	sp, r7
  89 0060 05B0     		add	sp, sp, #20
  90              		@ sp needed
  91 0062 90BD     		pop	{r4, r7, pc}
ARM GAS  C:\Users\Austcha\AppData\Local\Temp\cckSBptf.s 			page 3


  92              		.cfi_endproc
  93              	.LFE0:
  94              		.size	AssemblePowerRailsSetPacket, .-AssemblePowerRailsSetPacket
  95              		.section	.text.GetPowerRailsStateFromPacket,"ax",%progbits
  96              		.align	2
  97              		.global	GetPowerRailsStateFromPacket
  98              		.code	16
  99              		.thumb_func
 100              		.type	GetPowerRailsStateFromPacket, %function
 101              	GetPowerRailsStateFromPacket:
 102              	.LFB1:
  24:..\CANLib/CANPower.c **** uint8_t GetPowerRailsStateFromPacket(CANPacket *packet)
  25:..\CANLib/CANPower.c **** {
 103              		.loc 1 25 0
 104              		.cfi_startproc
 105              		@ args = 0, pretend = 0, frame = 8
 106              		@ frame_needed = 1, uses_anonymous_args = 0
 107 0000 80B5     		push	{r7, lr}
 108              		.cfi_def_cfa_offset 8
 109              		.cfi_offset 7, -8
 110              		.cfi_offset 14, -4
 111 0002 82B0     		sub	sp, sp, #8
 112              		.cfi_def_cfa_offset 16
 113 0004 00AF     		add	r7, sp, #0
 114              		.cfi_def_cfa_register 7
 115 0006 7860     		str	r0, [r7, #4]
  26:..\CANLib/CANPower.c ****     return packet->data[2];
 116              		.loc 1 26 0
 117 0008 7B68     		ldr	r3, [r7, #4]
 118 000a 5B79     		ldrb	r3, [r3, #5]
  27:..\CANLib/CANPower.c **** }
 119              		.loc 1 27 0
 120 000c 1800     		movs	r0, r3
 121 000e BD46     		mov	sp, r7
 122 0010 02B0     		add	sp, sp, #8
 123              		@ sp needed
 124 0012 80BD     		pop	{r7, pc}
 125              		.cfi_endproc
 126              	.LFE1:
 127              		.size	GetPowerRailsStateFromPacket, .-GetPowerRailsStateFromPacket
 128              		.section	.text.AssembleOverCurrentPacket,"ax",%progbits
 129              		.align	2
 130              		.global	AssembleOverCurrentPacket
 131              		.code	16
 132              		.thumb_func
 133              		.type	AssembleOverCurrentPacket, %function
 134              	AssembleOverCurrentPacket:
 135              	.LFB2:
  28:..\CANLib/CANPower.c **** 
  29:..\CANLib/CANPower.c **** 
  30:..\CANLib/CANPower.c **** //Power Set Over Current Limit
  31:..\CANLib/CANPower.c **** void AssembleOverCurrentPacket(CANPacket *packetToAssemble,
  32:..\CANLib/CANPower.c ****     uint8_t targetDeviceGroup,
  33:..\CANLib/CANPower.c ****     uint8_t targetDeviceSerialNumber,
  34:..\CANLib/CANPower.c ****     uint8_t railNumber,
  35:..\CANLib/CANPower.c ****     uint32_t currentLim)
  36:..\CANLib/CANPower.c **** {
ARM GAS  C:\Users\Austcha\AppData\Local\Temp\cckSBptf.s 			page 4


 136              		.loc 1 36 0
 137              		.cfi_startproc
 138              		@ args = 4, pretend = 0, frame = 16
 139              		@ frame_needed = 1, uses_anonymous_args = 0
 140 0000 90B5     		push	{r4, r7, lr}
 141              		.cfi_def_cfa_offset 12
 142              		.cfi_offset 4, -12
 143              		.cfi_offset 7, -8
 144              		.cfi_offset 14, -4
 145 0002 85B0     		sub	sp, sp, #20
 146              		.cfi_def_cfa_offset 32
 147 0004 00AF     		add	r7, sp, #0
 148              		.cfi_def_cfa_register 7
 149 0006 7860     		str	r0, [r7, #4]
 150 0008 0C00     		movs	r4, r1
 151 000a 1000     		movs	r0, r2
 152 000c 1900     		movs	r1, r3
 153 000e FB1C     		adds	r3, r7, #3
 154 0010 221C     		adds	r2, r4, #0
 155 0012 1A70     		strb	r2, [r3]
 156 0014 BB1C     		adds	r3, r7, #2
 157 0016 021C     		adds	r2, r0, #0
 158 0018 1A70     		strb	r2, [r3]
 159 001a 7B1C     		adds	r3, r7, #1
 160 001c 0A1C     		adds	r2, r1, #0
 161 001e 1A70     		strb	r2, [r3]
  37:..\CANLib/CANPower.c ****     packetToAssemble->id = ConstructCANID(PRIO_POWER_CURRENT_LIM_SET, targetDeviceGroup, targetDevi
 162              		.loc 1 37 0
 163 0020 BB1C     		adds	r3, r7, #2
 164 0022 1A78     		ldrb	r2, [r3]
 165 0024 FB1C     		adds	r3, r7, #3
 166 0026 1B78     		ldrb	r3, [r3]
 167 0028 1900     		movs	r1, r3
 168 002a 0120     		movs	r0, #1
 169 002c FFF7FEFF 		bl	ConstructCANID
 170 0030 0300     		movs	r3, r0
 171 0032 1A00     		movs	r2, r3
 172 0034 7B68     		ldr	r3, [r7, #4]
 173 0036 1A80     		strh	r2, [r3]
  38:..\CANLib/CANPower.c ****     packetToAssemble->dlc = DLC_POWER_CURRENT_LIM_SET;
 174              		.loc 1 38 0
 175 0038 7B68     		ldr	r3, [r7, #4]
 176 003a 0522     		movs	r2, #5
 177 003c 9A70     		strb	r2, [r3, #2]
  39:..\CANLib/CANPower.c ****     int nextByte = WriteSenderSerialAndPacketID(packetToAssemble->data, ID_POWER_CURRENT_LIM_SET);
 178              		.loc 1 39 0
 179 003e 7B68     		ldr	r3, [r7, #4]
 180 0040 0333     		adds	r3, r3, #3
 181 0042 0121     		movs	r1, #1
 182 0044 1800     		movs	r0, r3
 183 0046 FFF7FEFF 		bl	WriteSenderSerialAndPacketID
 184 004a 0300     		movs	r3, r0
 185 004c FB60     		str	r3, [r7, #12]
  40:..\CANLib/CANPower.c ****     packetToAssemble->data[nextByte] = railNumber;
 186              		.loc 1 40 0
 187 004e 7A68     		ldr	r2, [r7, #4]
 188 0050 FB68     		ldr	r3, [r7, #12]
ARM GAS  C:\Users\Austcha\AppData\Local\Temp\cckSBptf.s 			page 5


 189 0052 D318     		adds	r3, r2, r3
 190 0054 0333     		adds	r3, r3, #3
 191 0056 7A1C     		adds	r2, r7, #1
 192 0058 1278     		ldrb	r2, [r2]
 193 005a 1A70     		strb	r2, [r3]
  41:..\CANLib/CANPower.c ****     PackIntIntoDataMSBFirst(packetToAssemble->data, currentLim, nextByte + 1);
 194              		.loc 1 41 0
 195 005c 7B68     		ldr	r3, [r7, #4]
 196 005e D81C     		adds	r0, r3, #3
 197 0060 396A     		ldr	r1, [r7, #32]
 198 0062 FB68     		ldr	r3, [r7, #12]
 199 0064 0133     		adds	r3, r3, #1
 200 0066 1A00     		movs	r2, r3
 201 0068 FFF7FEFF 		bl	PackIntIntoDataMSBFirst
  42:..\CANLib/CANPower.c **** }
 202              		.loc 1 42 0
 203 006c C046     		nop
 204 006e BD46     		mov	sp, r7
 205 0070 05B0     		add	sp, sp, #20
 206              		@ sp needed
 207 0072 90BD     		pop	{r4, r7, pc}
 208              		.cfi_endproc
 209              	.LFE2:
 210              		.size	AssembleOverCurrentPacket, .-AssembleOverCurrentPacket
 211              		.section	.text.GetOverCurrentRailNumFromPacket,"ax",%progbits
 212              		.align	2
 213              		.global	GetOverCurrentRailNumFromPacket
 214              		.code	16
 215              		.thumb_func
 216              		.type	GetOverCurrentRailNumFromPacket, %function
 217              	GetOverCurrentRailNumFromPacket:
 218              	.LFB3:
  43:..\CANLib/CANPower.c **** uint8_t GetOverCurrentRailNumFromPacket(CANPacket *packetToAssemble)
  44:..\CANLib/CANPower.c **** {
 219              		.loc 1 44 0
 220              		.cfi_startproc
 221              		@ args = 0, pretend = 0, frame = 8
 222              		@ frame_needed = 1, uses_anonymous_args = 0
 223 0000 80B5     		push	{r7, lr}
 224              		.cfi_def_cfa_offset 8
 225              		.cfi_offset 7, -8
 226              		.cfi_offset 14, -4
 227 0002 82B0     		sub	sp, sp, #8
 228              		.cfi_def_cfa_offset 16
 229 0004 00AF     		add	r7, sp, #0
 230              		.cfi_def_cfa_register 7
 231 0006 7860     		str	r0, [r7, #4]
  45:..\CANLib/CANPower.c ****     return packetToAssemble->data[2];
 232              		.loc 1 45 0
 233 0008 7B68     		ldr	r3, [r7, #4]
 234 000a 5B79     		ldrb	r3, [r3, #5]
  46:..\CANLib/CANPower.c **** }
 235              		.loc 1 46 0
 236 000c 1800     		movs	r0, r3
 237 000e BD46     		mov	sp, r7
 238 0010 02B0     		add	sp, sp, #8
 239              		@ sp needed
ARM GAS  C:\Users\Austcha\AppData\Local\Temp\cckSBptf.s 			page 6


 240 0012 80BD     		pop	{r7, pc}
 241              		.cfi_endproc
 242              	.LFE3:
 243              		.size	GetOverCurrentRailNumFromPacket, .-GetOverCurrentRailNumFromPacket
 244              		.section	.text.GetOverCurrentLimitFromPacket,"ax",%progbits
 245              		.align	2
 246              		.global	GetOverCurrentLimitFromPacket
 247              		.code	16
 248              		.thumb_func
 249              		.type	GetOverCurrentLimitFromPacket, %function
 250              	GetOverCurrentLimitFromPacket:
 251              	.LFB4:
  47:..\CANLib/CANPower.c **** uint8_t GetOverCurrentLimitFromPacket(CANPacket *packetToAssemble)
  48:..\CANLib/CANPower.c **** {
 252              		.loc 1 48 0
 253              		.cfi_startproc
 254              		@ args = 0, pretend = 0, frame = 8
 255              		@ frame_needed = 1, uses_anonymous_args = 0
 256 0000 80B5     		push	{r7, lr}
 257              		.cfi_def_cfa_offset 8
 258              		.cfi_offset 7, -8
 259              		.cfi_offset 14, -4
 260 0002 82B0     		sub	sp, sp, #8
 261              		.cfi_def_cfa_offset 16
 262 0004 00AF     		add	r7, sp, #0
 263              		.cfi_def_cfa_register 7
 264 0006 7860     		str	r0, [r7, #4]
  49:..\CANLib/CANPower.c ****     return DecodeBytesToIntMSBFirst(packetToAssemble->data, 3, 6);
 265              		.loc 1 49 0
 266 0008 7B68     		ldr	r3, [r7, #4]
 267 000a 0333     		adds	r3, r3, #3
 268 000c 0622     		movs	r2, #6
 269 000e 0321     		movs	r1, #3
 270 0010 1800     		movs	r0, r3
 271 0012 FFF7FEFF 		bl	DecodeBytesToIntMSBFirst
 272 0016 0300     		movs	r3, r0
 273 0018 DBB2     		uxtb	r3, r3
  50:..\CANLib/CANPower.c **** }...
 274              		.loc 1 50 0
 275 001a 1800     		movs	r0, r3
 276 001c BD46     		mov	sp, r7
 277 001e 02B0     		add	sp, sp, #8
 278              		@ sp needed
 279 0020 80BD     		pop	{r7, pc}
 280              		.cfi_endproc
 281              	.LFE4:
 282              		.size	GetOverCurrentLimitFromPacket, .-GetOverCurrentLimitFromPacket
 283 0022 C046     		.text
 284              	.Letext0:
 285              		.file 2 "c:\\program files (x86)\\cypress\\psoc creator\\4.3\\psoc creator\\import\\gnu\\arm\\5.4.
 286              		.file 3 "c:\\program files (x86)\\cypress\\psoc creator\\4.3\\psoc creator\\import\\gnu\\arm\\5.4.
 287              		.file 4 "..\\CANLib\\CANPacket.h"
 288              		.section	.debug_info,"",%progbits
 289              	.Ldebug_info0:
 290 0000 38020000 		.4byte	0x238
 291 0004 0400     		.2byte	0x4
 292 0006 00000000 		.4byte	.Ldebug_abbrev0
ARM GAS  C:\Users\Austcha\AppData\Local\Temp\cckSBptf.s 			page 7


 293 000a 04       		.byte	0x4
 294 000b 01       		.uleb128 0x1
 295 000c 4A010000 		.4byte	.LASF31
 296 0010 0C       		.byte	0xc
 297 0011 AA020000 		.4byte	.LASF32
 298 0015 6C000000 		.4byte	.LASF33
 299 0019 00000000 		.4byte	.Ldebug_ranges0+0
 300 001d 00000000 		.4byte	0
 301 0021 00000000 		.4byte	.Ldebug_line0
 302 0025 02       		.uleb128 0x2
 303 0026 01       		.byte	0x1
 304 0027 06       		.byte	0x6
 305 0028 E4020000 		.4byte	.LASF0
 306 002c 03       		.uleb128 0x3
 307 002d 00000000 		.4byte	.LASF3
 308 0031 02       		.byte	0x2
 309 0032 1D       		.byte	0x1d
 310 0033 37000000 		.4byte	0x37
 311 0037 02       		.uleb128 0x2
 312 0038 01       		.byte	0x1
 313 0039 08       		.byte	0x8
 314 003a EA000000 		.4byte	.LASF1
 315 003e 02       		.uleb128 0x2
 316 003f 02       		.byte	0x2
 317 0040 05       		.byte	0x5
 318 0041 BF020000 		.4byte	.LASF2
 319 0045 03       		.uleb128 0x3
 320 0046 F5010000 		.4byte	.LASF4
 321 004a 02       		.byte	0x2
 322 004b 2B       		.byte	0x2b
 323 004c 50000000 		.4byte	0x50
 324 0050 02       		.uleb128 0x2
 325 0051 02       		.byte	0x2
 326 0052 07       		.byte	0x7
 327 0053 37010000 		.4byte	.LASF5
 328 0057 02       		.uleb128 0x2
 329 0058 04       		.byte	0x4
 330 0059 05       		.byte	0x5
 331 005a DB020000 		.4byte	.LASF6
 332 005e 03       		.uleb128 0x3
 333 005f 00020000 		.4byte	.LASF7
 334 0063 02       		.byte	0x2
 335 0064 41       		.byte	0x41
 336 0065 69000000 		.4byte	0x69
 337 0069 02       		.uleb128 0x2
 338 006a 04       		.byte	0x4
 339 006b 07       		.byte	0x7
 340 006c 25010000 		.4byte	.LASF8
 341 0070 02       		.uleb128 0x2
 342 0071 08       		.byte	0x8
 343 0072 05       		.byte	0x5
 344 0073 9C020000 		.4byte	.LASF9
 345 0077 02       		.uleb128 0x2
 346 0078 08       		.byte	0x8
 347 0079 07       		.byte	0x7
 348 007a 51020000 		.4byte	.LASF10
 349 007e 04       		.uleb128 0x4
ARM GAS  C:\Users\Austcha\AppData\Local\Temp\cckSBptf.s 			page 8


 350 007f 04       		.byte	0x4
 351 0080 05       		.byte	0x5
 352 0081 696E7400 		.ascii	"int\000"
 353 0085 02       		.uleb128 0x2
 354 0086 04       		.byte	0x4
 355 0087 07       		.byte	0x7
 356 0088 27020000 		.4byte	.LASF11
 357 008c 03       		.uleb128 0x3
 358 008d 68020000 		.4byte	.LASF12
 359 0091 03       		.byte	0x3
 360 0092 18       		.byte	0x18
 361 0093 2C000000 		.4byte	0x2c
 362 0097 03       		.uleb128 0x3
 363 0098 C9020000 		.4byte	.LASF13
 364 009c 03       		.byte	0x3
 365 009d 24       		.byte	0x24
 366 009e 45000000 		.4byte	0x45
 367 00a2 03       		.uleb128 0x3
 368 00a3 D2020000 		.4byte	.LASF14
 369 00a7 03       		.byte	0x3
 370 00a8 30       		.byte	0x30
 371 00a9 5E000000 		.4byte	0x5e
 372 00ad 05       		.uleb128 0x5
 373 00ae 0C       		.byte	0xc
 374 00af 04       		.byte	0x4
 375 00b0 0F       		.byte	0xf
 376 00b1 D9000000 		.4byte	0xd9
 377 00b5 06       		.uleb128 0x6
 378 00b6 696400   		.ascii	"id\000"
 379 00b9 04       		.byte	0x4
 380 00ba 11       		.byte	0x11
 381 00bb 97000000 		.4byte	0x97
 382 00bf 00       		.byte	0
 383 00c0 06       		.uleb128 0x6
 384 00c1 646C6300 		.ascii	"dlc\000"
 385 00c5 04       		.byte	0x4
 386 00c6 12       		.byte	0x12
 387 00c7 8C000000 		.4byte	0x8c
 388 00cb 02       		.byte	0x2
 389 00cc 07       		.uleb128 0x7
 390 00cd 67000000 		.4byte	.LASF15
 391 00d1 04       		.byte	0x4
 392 00d2 13       		.byte	0x13
 393 00d3 D9000000 		.4byte	0xd9
 394 00d7 03       		.byte	0x3
 395 00d8 00       		.byte	0
 396 00d9 08       		.uleb128 0x8
 397 00da 8C000000 		.4byte	0x8c
 398 00de E9000000 		.4byte	0xe9
 399 00e2 09       		.uleb128 0x9
 400 00e3 E9000000 		.4byte	0xe9
 401 00e7 07       		.byte	0x7
 402 00e8 00       		.byte	0
 403 00e9 02       		.uleb128 0x2
 404 00ea 04       		.byte	0x4
 405 00eb 07       		.byte	0x7
 406 00ec 93020000 		.4byte	.LASF16
ARM GAS  C:\Users\Austcha\AppData\Local\Temp\cckSBptf.s 			page 9


 407 00f0 03       		.uleb128 0x3
 408 00f1 12020000 		.4byte	.LASF17
 409 00f5 04       		.byte	0x4
 410 00f6 14       		.byte	0x14
 411 00f7 AD000000 		.4byte	0xad
 412 00fb 0A       		.uleb128 0xa
 413 00fc F8000000 		.4byte	.LASF23
 414 0100 01       		.byte	0x1
 415 0101 0D       		.byte	0xd
 416 0102 00000000 		.4byte	.LFB0
 417 0106 64000000 		.4byte	.LFE0-.LFB0
 418 010a 01       		.uleb128 0x1
 419 010b 9C       		.byte	0x9c
 420 010c 57010000 		.4byte	0x157
 421 0110 0B       		.uleb128 0xb
 422 0111 14010000 		.4byte	.LASF18
 423 0115 01       		.byte	0x1
 424 0116 0D       		.byte	0xd
 425 0117 57010000 		.4byte	0x157
 426 011b 02       		.uleb128 0x2
 427 011c 91       		.byte	0x91
 428 011d 64       		.sleb128 -28
 429 011e 0B       		.uleb128 0xb
 430 011f D8010000 		.4byte	.LASF19
 431 0123 01       		.byte	0x1
 432 0124 0E       		.byte	0xe
 433 0125 8C000000 		.4byte	0x8c
 434 0129 02       		.uleb128 0x2
 435 012a 91       		.byte	0x91
 436 012b 63       		.sleb128 -29
 437 012c 0B       		.uleb128 0xb
 438 012d 4E000000 		.4byte	.LASF20
 439 0131 01       		.byte	0x1
 440 0132 0F       		.byte	0xf
 441 0133 8C000000 		.4byte	0x8c
 442 0137 02       		.uleb128 0x2
 443 0138 91       		.byte	0x91
 444 0139 62       		.sleb128 -30
 445 013a 0B       		.uleb128 0xb
 446 013b 0A000000 		.4byte	.LASF21
 447 013f 01       		.byte	0x1
 448 0140 10       		.byte	0x10
 449 0141 8C000000 		.4byte	0x8c
 450 0145 02       		.uleb128 0x2
 451 0146 91       		.byte	0x91
 452 0147 61       		.sleb128 -31
 453 0148 0C       		.uleb128 0xc
 454 0149 8A020000 		.4byte	.LASF27
 455 014d 01       		.byte	0x1
 456 014e 14       		.byte	0x14
 457 014f 7E000000 		.4byte	0x7e
 458 0153 02       		.uleb128 0x2
 459 0154 91       		.byte	0x91
 460 0155 6C       		.sleb128 -20
 461 0156 00       		.byte	0
 462 0157 0D       		.uleb128 0xd
 463 0158 04       		.byte	0x4
ARM GAS  C:\Users\Austcha\AppData\Local\Temp\cckSBptf.s 			page 10


 464 0159 F0000000 		.4byte	0xf0
 465 015d 0E       		.uleb128 0xe
 466 015e 34020000 		.4byte	.LASF28
 467 0162 01       		.byte	0x1
 468 0163 18       		.byte	0x18
 469 0164 8C000000 		.4byte	0x8c
 470 0168 00000000 		.4byte	.LFB1
 471 016c 14000000 		.4byte	.LFE1-.LFB1
 472 0170 01       		.uleb128 0x1
 473 0171 9C       		.byte	0x9c
 474 0172 85010000 		.4byte	0x185
 475 0176 0B       		.uleb128 0xb
 476 0177 0B020000 		.4byte	.LASF22
 477 017b 01       		.byte	0x1
 478 017c 18       		.byte	0x18
 479 017d 57010000 		.4byte	0x157
 480 0181 02       		.uleb128 0x2
 481 0182 91       		.byte	0x91
 482 0183 74       		.sleb128 -12
 483 0184 00       		.byte	0
 484 0185 0A       		.uleb128 0xa
 485 0186 70020000 		.4byte	.LASF24
 486 018a 01       		.byte	0x1
 487 018b 1F       		.byte	0x1f
 488 018c 00000000 		.4byte	.LFB2
 489 0190 74000000 		.4byte	.LFE2-.LFB2
 490 0194 01       		.uleb128 0x1
 491 0195 9C       		.byte	0x9c
 492 0196 EF010000 		.4byte	0x1ef
 493 019a 0B       		.uleb128 0xb
 494 019b 14010000 		.4byte	.LASF18
 495 019f 01       		.byte	0x1
 496 01a0 1F       		.byte	0x1f
 497 01a1 57010000 		.4byte	0x157
 498 01a5 02       		.uleb128 0x2
 499 01a6 91       		.byte	0x91
 500 01a7 64       		.sleb128 -28
 501 01a8 0B       		.uleb128 0xb
 502 01a9 D8010000 		.4byte	.LASF19
 503 01ad 01       		.byte	0x1
 504 01ae 20       		.byte	0x20
 505 01af 8C000000 		.4byte	0x8c
 506 01b3 02       		.uleb128 0x2
 507 01b4 91       		.byte	0x91
 508 01b5 63       		.sleb128 -29
 509 01b6 0B       		.uleb128 0xb
 510 01b7 4E000000 		.4byte	.LASF20
 511 01bb 01       		.byte	0x1
 512 01bc 21       		.byte	0x21
 513 01bd 8C000000 		.4byte	0x8c
 514 01c1 02       		.uleb128 0x2
 515 01c2 91       		.byte	0x91
 516 01c3 62       		.sleb128 -30
 517 01c4 0B       		.uleb128 0xb
 518 01c5 EA010000 		.4byte	.LASF25
 519 01c9 01       		.byte	0x1
 520 01ca 22       		.byte	0x22
ARM GAS  C:\Users\Austcha\AppData\Local\Temp\cckSBptf.s 			page 11


 521 01cb 8C000000 		.4byte	0x8c
 522 01cf 02       		.uleb128 0x2
 523 01d0 91       		.byte	0x91
 524 01d1 61       		.sleb128 -31
 525 01d2 0B       		.uleb128 0xb
 526 01d3 1C020000 		.4byte	.LASF26
 527 01d7 01       		.byte	0x1
 528 01d8 23       		.byte	0x23
 529 01d9 A2000000 		.4byte	0xa2
 530 01dd 02       		.uleb128 0x2
 531 01de 91       		.byte	0x91
 532 01df 00       		.sleb128 0
 533 01e0 0C       		.uleb128 0xc
 534 01e1 8A020000 		.4byte	.LASF27
 535 01e5 01       		.byte	0x1
 536 01e6 27       		.byte	0x27
 537 01e7 7E000000 		.4byte	0x7e
 538 01eb 02       		.uleb128 0x2
 539 01ec 91       		.byte	0x91
 540 01ed 6C       		.sleb128 -20
 541 01ee 00       		.byte	0
 542 01ef 0E       		.uleb128 0xe
 543 01f0 10000000 		.4byte	.LASF29
 544 01f4 01       		.byte	0x1
 545 01f5 2B       		.byte	0x2b
 546 01f6 8C000000 		.4byte	0x8c
 547 01fa 00000000 		.4byte	.LFB3
 548 01fe 14000000 		.4byte	.LFE3-.LFB3
 549 0202 01       		.uleb128 0x1
 550 0203 9C       		.byte	0x9c
 551 0204 17020000 		.4byte	0x217
 552 0208 0B       		.uleb128 0xb
 553 0209 14010000 		.4byte	.LASF18
 554 020d 01       		.byte	0x1
 555 020e 2B       		.byte	0x2b
 556 020f 57010000 		.4byte	0x157
 557 0213 02       		.uleb128 0x2
 558 0214 91       		.byte	0x91
 559 0215 74       		.sleb128 -12
 560 0216 00       		.byte	0
 561 0217 0F       		.uleb128 0xf
 562 0218 30000000 		.4byte	.LASF30
 563 021c 01       		.byte	0x1
 564 021d 2F       		.byte	0x2f
 565 021e 8C000000 		.4byte	0x8c
 566 0222 00000000 		.4byte	.LFB4
 567 0226 22000000 		.4byte	.LFE4-.LFB4
 568 022a 01       		.uleb128 0x1
 569 022b 9C       		.byte	0x9c
 570 022c 0B       		.uleb128 0xb
 571 022d 14010000 		.4byte	.LASF18
 572 0231 01       		.byte	0x1
 573 0232 2F       		.byte	0x2f
 574 0233 57010000 		.4byte	0x157
 575 0237 02       		.uleb128 0x2
 576 0238 91       		.byte	0x91
 577 0239 74       		.sleb128 -12
ARM GAS  C:\Users\Austcha\AppData\Local\Temp\cckSBptf.s 			page 12


 578 023a 00       		.byte	0
 579 023b 00       		.byte	0
 580              		.section	.debug_abbrev,"",%progbits
 581              	.Ldebug_abbrev0:
 582 0000 01       		.uleb128 0x1
 583 0001 11       		.uleb128 0x11
 584 0002 01       		.byte	0x1
 585 0003 25       		.uleb128 0x25
 586 0004 0E       		.uleb128 0xe
 587 0005 13       		.uleb128 0x13
 588 0006 0B       		.uleb128 0xb
 589 0007 03       		.uleb128 0x3
 590 0008 0E       		.uleb128 0xe
 591 0009 1B       		.uleb128 0x1b
 592 000a 0E       		.uleb128 0xe
 593 000b 55       		.uleb128 0x55
 594 000c 17       		.uleb128 0x17
 595 000d 11       		.uleb128 0x11
 596 000e 01       		.uleb128 0x1
 597 000f 10       		.uleb128 0x10
 598 0010 17       		.uleb128 0x17
 599 0011 00       		.byte	0
 600 0012 00       		.byte	0
 601 0013 02       		.uleb128 0x2
 602 0014 24       		.uleb128 0x24
 603 0015 00       		.byte	0
 604 0016 0B       		.uleb128 0xb
 605 0017 0B       		.uleb128 0xb
 606 0018 3E       		.uleb128 0x3e
 607 0019 0B       		.uleb128 0xb
 608 001a 03       		.uleb128 0x3
 609 001b 0E       		.uleb128 0xe
 610 001c 00       		.byte	0
 611 001d 00       		.byte	0
 612 001e 03       		.uleb128 0x3
 613 001f 16       		.uleb128 0x16
 614 0020 00       		.byte	0
 615 0021 03       		.uleb128 0x3
 616 0022 0E       		.uleb128 0xe
 617 0023 3A       		.uleb128 0x3a
 618 0024 0B       		.uleb128 0xb
 619 0025 3B       		.uleb128 0x3b
 620 0026 0B       		.uleb128 0xb
 621 0027 49       		.uleb128 0x49
 622 0028 13       		.uleb128 0x13
 623 0029 00       		.byte	0
 624 002a 00       		.byte	0
 625 002b 04       		.uleb128 0x4
 626 002c 24       		.uleb128 0x24
 627 002d 00       		.byte	0
 628 002e 0B       		.uleb128 0xb
 629 002f 0B       		.uleb128 0xb
 630 0030 3E       		.uleb128 0x3e
 631 0031 0B       		.uleb128 0xb
 632 0032 03       		.uleb128 0x3
 633 0033 08       		.uleb128 0x8
 634 0034 00       		.byte	0
ARM GAS  C:\Users\Austcha\AppData\Local\Temp\cckSBptf.s 			page 13


 635 0035 00       		.byte	0
 636 0036 05       		.uleb128 0x5
 637 0037 13       		.uleb128 0x13
 638 0038 01       		.byte	0x1
 639 0039 0B       		.uleb128 0xb
 640 003a 0B       		.uleb128 0xb
 641 003b 3A       		.uleb128 0x3a
 642 003c 0B       		.uleb128 0xb
 643 003d 3B       		.uleb128 0x3b
 644 003e 0B       		.uleb128 0xb
 645 003f 01       		.uleb128 0x1
 646 0040 13       		.uleb128 0x13
 647 0041 00       		.byte	0
 648 0042 00       		.byte	0
 649 0043 06       		.uleb128 0x6
 650 0044 0D       		.uleb128 0xd
 651 0045 00       		.byte	0
 652 0046 03       		.uleb128 0x3
 653 0047 08       		.uleb128 0x8
 654 0048 3A       		.uleb128 0x3a
 655 0049 0B       		.uleb128 0xb
 656 004a 3B       		.uleb128 0x3b
 657 004b 0B       		.uleb128 0xb
 658 004c 49       		.uleb128 0x49
 659 004d 13       		.uleb128 0x13
 660 004e 38       		.uleb128 0x38
 661 004f 0B       		.uleb128 0xb
 662 0050 00       		.byte	0
 663 0051 00       		.byte	0
 664 0052 07       		.uleb128 0x7
 665 0053 0D       		.uleb128 0xd
 666 0054 00       		.byte	0
 667 0055 03       		.uleb128 0x3
 668 0056 0E       		.uleb128 0xe
 669 0057 3A       		.uleb128 0x3a
 670 0058 0B       		.uleb128 0xb
 671 0059 3B       		.uleb128 0x3b
 672 005a 0B       		.uleb128 0xb
 673 005b 49       		.uleb128 0x49
 674 005c 13       		.uleb128 0x13
 675 005d 38       		.uleb128 0x38
 676 005e 0B       		.uleb128 0xb
 677 005f 00       		.byte	0
 678 0060 00       		.byte	0
 679 0061 08       		.uleb128 0x8
 680 0062 01       		.uleb128 0x1
 681 0063 01       		.byte	0x1
 682 0064 49       		.uleb128 0x49
 683 0065 13       		.uleb128 0x13
 684 0066 01       		.uleb128 0x1
 685 0067 13       		.uleb128 0x13
 686 0068 00       		.byte	0
 687 0069 00       		.byte	0
 688 006a 09       		.uleb128 0x9
 689 006b 21       		.uleb128 0x21
 690 006c 00       		.byte	0
 691 006d 49       		.uleb128 0x49
ARM GAS  C:\Users\Austcha\AppData\Local\Temp\cckSBptf.s 			page 14


 692 006e 13       		.uleb128 0x13
 693 006f 2F       		.uleb128 0x2f
 694 0070 0B       		.uleb128 0xb
 695 0071 00       		.byte	0
 696 0072 00       		.byte	0
 697 0073 0A       		.uleb128 0xa
 698 0074 2E       		.uleb128 0x2e
 699 0075 01       		.byte	0x1
 700 0076 3F       		.uleb128 0x3f
 701 0077 19       		.uleb128 0x19
 702 0078 03       		.uleb128 0x3
 703 0079 0E       		.uleb128 0xe
 704 007a 3A       		.uleb128 0x3a
 705 007b 0B       		.uleb128 0xb
 706 007c 3B       		.uleb128 0x3b
 707 007d 0B       		.uleb128 0xb
 708 007e 27       		.uleb128 0x27
 709 007f 19       		.uleb128 0x19
 710 0080 11       		.uleb128 0x11
 711 0081 01       		.uleb128 0x1
 712 0082 12       		.uleb128 0x12
 713 0083 06       		.uleb128 0x6
 714 0084 40       		.uleb128 0x40
 715 0085 18       		.uleb128 0x18
 716 0086 9642     		.uleb128 0x2116
 717 0088 19       		.uleb128 0x19
 718 0089 01       		.uleb128 0x1
 719 008a 13       		.uleb128 0x13
 720 008b 00       		.byte	0
 721 008c 00       		.byte	0
 722 008d 0B       		.uleb128 0xb
 723 008e 05       		.uleb128 0x5
 724 008f 00       		.byte	0
 725 0090 03       		.uleb128 0x3
 726 0091 0E       		.uleb128 0xe
 727 0092 3A       		.uleb128 0x3a
 728 0093 0B       		.uleb128 0xb
 729 0094 3B       		.uleb128 0x3b
 730 0095 0B       		.uleb128 0xb
 731 0096 49       		.uleb128 0x49
 732 0097 13       		.uleb128 0x13
 733 0098 02       		.uleb128 0x2
 734 0099 18       		.uleb128 0x18
 735 009a 00       		.byte	0
 736 009b 00       		.byte	0
 737 009c 0C       		.uleb128 0xc
 738 009d 34       		.uleb128 0x34
 739 009e 00       		.byte	0
 740 009f 03       		.uleb128 0x3
 741 00a0 0E       		.uleb128 0xe
 742 00a1 3A       		.uleb128 0x3a
 743 00a2 0B       		.uleb128 0xb
 744 00a3 3B       		.uleb128 0x3b
 745 00a4 0B       		.uleb128 0xb
 746 00a5 49       		.uleb128 0x49
 747 00a6 13       		.uleb128 0x13
 748 00a7 02       		.uleb128 0x2
ARM GAS  C:\Users\Austcha\AppData\Local\Temp\cckSBptf.s 			page 15


 749 00a8 18       		.uleb128 0x18
 750 00a9 00       		.byte	0
 751 00aa 00       		.byte	0
 752 00ab 0D       		.uleb128 0xd
 753 00ac 0F       		.uleb128 0xf
 754 00ad 00       		.byte	0
 755 00ae 0B       		.uleb128 0xb
 756 00af 0B       		.uleb128 0xb
 757 00b0 49       		.uleb128 0x49
 758 00b1 13       		.uleb128 0x13
 759 00b2 00       		.byte	0
 760 00b3 00       		.byte	0
 761 00b4 0E       		.uleb128 0xe
 762 00b5 2E       		.uleb128 0x2e
 763 00b6 01       		.byte	0x1
 764 00b7 3F       		.uleb128 0x3f
 765 00b8 19       		.uleb128 0x19
 766 00b9 03       		.uleb128 0x3
 767 00ba 0E       		.uleb128 0xe
 768 00bb 3A       		.uleb128 0x3a
 769 00bc 0B       		.uleb128 0xb
 770 00bd 3B       		.uleb128 0x3b
 771 00be 0B       		.uleb128 0xb
 772 00bf 27       		.uleb128 0x27
 773 00c0 19       		.uleb128 0x19
 774 00c1 49       		.uleb128 0x49
 775 00c2 13       		.uleb128 0x13
 776 00c3 11       		.uleb128 0x11
 777 00c4 01       		.uleb128 0x1
 778 00c5 12       		.uleb128 0x12
 779 00c6 06       		.uleb128 0x6
 780 00c7 40       		.uleb128 0x40
 781 00c8 18       		.uleb128 0x18
 782 00c9 9742     		.uleb128 0x2117
 783 00cb 19       		.uleb128 0x19
 784 00cc 01       		.uleb128 0x1
 785 00cd 13       		.uleb128 0x13
 786 00ce 00       		.byte	0
 787 00cf 00       		.byte	0
 788 00d0 0F       		.uleb128 0xf
 789 00d1 2E       		.uleb128 0x2e
 790 00d2 01       		.byte	0x1
 791 00d3 3F       		.uleb128 0x3f
 792 00d4 19       		.uleb128 0x19
 793 00d5 03       		.uleb128 0x3
 794 00d6 0E       		.uleb128 0xe
 795 00d7 3A       		.uleb128 0x3a
 796 00d8 0B       		.uleb128 0xb
 797 00d9 3B       		.uleb128 0x3b
 798 00da 0B       		.uleb128 0xb
 799 00db 27       		.uleb128 0x27
 800 00dc 19       		.uleb128 0x19
 801 00dd 49       		.uleb128 0x49
 802 00de 13       		.uleb128 0x13
 803 00df 11       		.uleb128 0x11
 804 00e0 01       		.uleb128 0x1
 805 00e1 12       		.uleb128 0x12
ARM GAS  C:\Users\Austcha\AppData\Local\Temp\cckSBptf.s 			page 16


 806 00e2 06       		.uleb128 0x6
 807 00e3 40       		.uleb128 0x40
 808 00e4 18       		.uleb128 0x18
 809 00e5 9642     		.uleb128 0x2116
 810 00e7 19       		.uleb128 0x19
 811 00e8 00       		.byte	0
 812 00e9 00       		.byte	0
 813 00ea 00       		.byte	0
 814              		.section	.debug_aranges,"",%progbits
 815 0000 3C000000 		.4byte	0x3c
 816 0004 0200     		.2byte	0x2
 817 0006 00000000 		.4byte	.Ldebug_info0
 818 000a 04       		.byte	0x4
 819 000b 00       		.byte	0
 820 000c 0000     		.2byte	0
 821 000e 0000     		.2byte	0
 822 0010 00000000 		.4byte	.LFB0
 823 0014 64000000 		.4byte	.LFE0-.LFB0
 824 0018 00000000 		.4byte	.LFB1
 825 001c 14000000 		.4byte	.LFE1-.LFB1
 826 0020 00000000 		.4byte	.LFB2
 827 0024 74000000 		.4byte	.LFE2-.LFB2
 828 0028 00000000 		.4byte	.LFB3
 829 002c 14000000 		.4byte	.LFE3-.LFB3
 830 0030 00000000 		.4byte	.LFB4
 831 0034 22000000 		.4byte	.LFE4-.LFB4
 832 0038 00000000 		.4byte	0
 833 003c 00000000 		.4byte	0
 834              		.section	.debug_ranges,"",%progbits
 835              	.Ldebug_ranges0:
 836 0000 00000000 		.4byte	.LFB0
 837 0004 64000000 		.4byte	.LFE0
 838 0008 00000000 		.4byte	.LFB1
 839 000c 14000000 		.4byte	.LFE1
 840 0010 00000000 		.4byte	.LFB2
 841 0014 74000000 		.4byte	.LFE2
 842 0018 00000000 		.4byte	.LFB3
 843 001c 14000000 		.4byte	.LFE3
 844 0020 00000000 		.4byte	.LFB4
 845 0024 22000000 		.4byte	.LFE4
 846 0028 00000000 		.4byte	0
 847 002c 00000000 		.4byte	0
 848              		.section	.debug_line,"",%progbits
 849              	.Ldebug_line0:
 850 0000 99010000 		.section	.debug_str,"MS",%progbits,1
 850      02003701 
 850      00000201 
 850      FB0E0D00 
 850      01010101 
 851              	.LASF3:
 852 0000 5F5F7569 		.ascii	"__uint8_t\000"
 852      6E74385F 
 852      7400
 853              	.LASF21:
 854 000a 73746174 		.ascii	"state\000"
 854      6500
 855              	.LASF29:
ARM GAS  C:\Users\Austcha\AppData\Local\Temp\cckSBptf.s 			page 17


 856 0010 4765744F 		.ascii	"GetOverCurrentRailNumFromPacket\000"
 856      76657243 
 856      75727265 
 856      6E745261 
 856      696C4E75 
 857              	.LASF30:
 858 0030 4765744F 		.ascii	"GetOverCurrentLimitFromPacket\000"
 858      76657243 
 858      75727265 
 858      6E744C69 
 858      6D697446 
 859              	.LASF20:
 860 004e 74617267 		.ascii	"targetDeviceSerialNumber\000"
 860      65744465 
 860      76696365 
 860      53657269 
 860      616C4E75 
 861              	.LASF15:
 862 0067 64617461 		.ascii	"data\000"
 862      00
 863              	.LASF33:
 864 006c 433A5C55 		.ascii	"C:\\Users\\Austcha\\Documents\\Husky Robotics\\Moto"
 864      73657273 
 864      5C417573 
 864      74636861 
 864      5C446F63 
 865 009a 7220426F 		.ascii	"r Boards\\Rev3\\Motor-Unit-Firmware-A-2019-2020\\Mo"
 865      61726473 
 865      5C526576 
 865      335C4D6F 
 865      746F722D 
 866 00ca 746F7220 		.ascii	"tor Unit\\Motor_Board_Rev3.cydsn\000"
 866      556E6974 
 866      5C4D6F74 
 866      6F725F42 
 866      6F617264 
 867              	.LASF1:
 868 00ea 756E7369 		.ascii	"unsigned char\000"
 868      676E6564 
 868      20636861 
 868      7200
 869              	.LASF23:
 870 00f8 41737365 		.ascii	"AssemblePowerRailsSetPacket\000"
 870      6D626C65 
 870      506F7765 
 870      72526169 
 870      6C735365 
 871              	.LASF18:
 872 0114 7061636B 		.ascii	"packetToAssemble\000"
 872      6574546F 
 872      41737365 
 872      6D626C65 
 872      00
 873              	.LASF8:
 874 0125 6C6F6E67 		.ascii	"long unsigned int\000"
 874      20756E73 
 874      69676E65 
ARM GAS  C:\Users\Austcha\AppData\Local\Temp\cckSBptf.s 			page 18


 874      6420696E 
 874      7400
 875              	.LASF5:
 876 0137 73686F72 		.ascii	"short unsigned int\000"
 876      7420756E 
 876      7369676E 
 876      65642069 
 876      6E7400
 877              	.LASF31:
 878 014a 474E5520 		.ascii	"GNU C11 5.4.1 20160609 (release) [ARM/embedded-5-br"
 878      43313120 
 878      352E342E 
 878      31203230 
 878      31363036 
 879 017d 616E6368 		.ascii	"anch revision 237715] -mcpu=cortex-m0 -mthumb -g -O"
 879      20726576 
 879      6973696F 
 879      6E203233 
 879      37373135 
 880 01b0 30202D66 		.ascii	"0 -ffunction-sections -ffat-lto-objects\000"
 880      66756E63 
 880      74696F6E 
 880      2D736563 
 880      74696F6E 
 881              	.LASF19:
 882 01d8 74617267 		.ascii	"targetDeviceGroup\000"
 882      65744465 
 882      76696365 
 882      47726F75 
 882      7000
 883              	.LASF25:
 884 01ea 7261696C 		.ascii	"railNumber\000"
 884      4E756D62 
 884      657200
 885              	.LASF4:
 886 01f5 5F5F7569 		.ascii	"__uint16_t\000"
 886      6E743136 
 886      5F7400
 887              	.LASF7:
 888 0200 5F5F7569 		.ascii	"__uint32_t\000"
 888      6E743332 
 888      5F7400
 889              	.LASF22:
 890 020b 7061636B 		.ascii	"packet\000"
 890      657400
 891              	.LASF17:
 892 0212 43414E50 		.ascii	"CANPacket\000"
 892      61636B65 
 892      7400
 893              	.LASF26:
 894 021c 63757272 		.ascii	"currentLim\000"
 894      656E744C 
 894      696D00
 895              	.LASF11:
 896 0227 756E7369 		.ascii	"unsigned int\000"
 896      676E6564 
 896      20696E74 
ARM GAS  C:\Users\Austcha\AppData\Local\Temp\cckSBptf.s 			page 19


 896      00
 897              	.LASF28:
 898 0234 47657450 		.ascii	"GetPowerRailsStateFromPacket\000"
 898      6F776572 
 898      5261696C 
 898      73537461 
 898      74654672 
 899              	.LASF10:
 900 0251 6C6F6E67 		.ascii	"long long unsigned int\000"
 900      206C6F6E 
 900      6720756E 
 900      7369676E 
 900      65642069 
 901              	.LASF12:
 902 0268 75696E74 		.ascii	"uint8_t\000"
 902      385F7400 
 903              	.LASF24:
 904 0270 41737365 		.ascii	"AssembleOverCurrentPacket\000"
 904      6D626C65 
 904      4F766572 
 904      43757272 
 904      656E7450 
 905              	.LASF27:
 906 028a 6E657874 		.ascii	"nextByte\000"
 906      42797465 
 906      00
 907              	.LASF16:
 908 0293 73697A65 		.ascii	"sizetype\000"
 908      74797065 
 908      00
 909              	.LASF9:
 910 029c 6C6F6E67 		.ascii	"long long int\000"
 910      206C6F6E 
 910      6720696E 
 910      7400
 911              	.LASF32:
 912 02aa 2E2E5C43 		.ascii	"..\\CANLib\\CANPower.c\000"
 912      414E4C69 
 912      625C4341 
 912      4E506F77 
 912      65722E63 
 913              	.LASF2:
 914 02bf 73686F72 		.ascii	"short int\000"
 914      7420696E 
 914      7400
 915              	.LASF13:
 916 02c9 75696E74 		.ascii	"uint16_t\000"
 916      31365F74 
 916      00
 917              	.LASF14:
 918 02d2 75696E74 		.ascii	"uint32_t\000"
 918      33325F74 
 918      00
 919              	.LASF6:
 920 02db 6C6F6E67 		.ascii	"long int\000"
 920      20696E74 
 920      00
ARM GAS  C:\Users\Austcha\AppData\Local\Temp\cckSBptf.s 			page 20


 921              	.LASF0:
 922 02e4 7369676E 		.ascii	"signed char\000"
 922      65642063 
 922      68617200 
 923              		.ident	"GCC: (GNU Tools for ARM Embedded Processors) 5.4.1 20160609 (release) [ARM/embedded-5-bran
