ARM GAS  C:\Users\austc\AppData\Local\Temp\ccDZNzbh.s 			page 1


   1              		.syntax unified
   2              		.cpu cortex-m0
   3              		.fpu softvfp
   4              		.eabi_attribute 20, 1
   5              		.eabi_attribute 21, 1
   6              		.eabi_attribute 23, 3
   7              		.eabi_attribute 24, 1
   8              		.eabi_attribute 25, 1
   9              		.eabi_attribute 26, 1
  10              		.eabi_attribute 30, 1
  11              		.eabi_attribute 34, 0
  12              		.eabi_attribute 18, 4
  13              		.thumb
  14              		.syntax unified
  15              		.file	"main.c"
  16              		.text
  17              	.Ltext0:
  18              		.cfi_sections	.debug_frame
  19              		.section	.text.Period_Reset_Handler,"ax",%progbits
  20              		.align	2
  21              		.global	Period_Reset_Handler
  22              		.code	16
  23              		.thumb_func
  24              		.type	Period_Reset_Handler, %function
  25              	Period_Reset_Handler:
  26              	.LFB35:
  27              		.file 1 "main.c"
   1:main.c        **** /* ========================================
   2:main.c        ****  *
   3:main.c        ****  * Copyright YOUR COMPANY, THE YEAR
   4:main.c        ****  * All Rights Reserved
   5:main.c        ****  * UNPUBLISHED, LICENSED SOFTWARE.
   6:main.c        ****  *
   7:main.c        ****  * CONFIDENTIAL AND PROPRIETARY INFORMATION
   8:main.c        ****  * WHICH IS THE PROPERTY OF your company.
   9:main.c        ****  *
  10:main.c        ****  * ========================================
  11:main.c        **** */
  12:main.c        **** #include <project.h>
  13:main.c        **** #include "cyapicallbacks.h"
  14:main.c        **** #include <stdio.h>
  15:main.c        **** #include <stdint.h>
  16:main.c        **** #include "../CANLib/CANLibrary.h"
  17:main.c        **** #include "MotorDrive.h"
  18:main.c        **** 
  19:main.c        **** //LED
  20:main.c        **** uint8 time_LED = 0;
  21:main.c        **** 
  22:main.c        **** //Uart variables
  23:main.c        **** char8 txData[TX_DATA_SIZE];
  24:main.c        **** 
  25:main.c        **** //drive varaible
  26:main.c        **** uint8 invalidate = 0;
  27:main.c        **** 
  28:main.c        **** //drive mode
  29:main.c        **** volatile uint8 mode = 2;
  30:main.c        **** 
ARM GAS  C:\Users\austc\AppData\Local\Temp\ccDZNzbh.s 			page 2


  31:main.c        **** //Status and Data Structs
  32:main.c        **** volatile uint8 drive = 0;
  33:main.c        **** 
  34:main.c        **** int test;
  35:main.c        **** 
  36:main.c        **** 
  37:main.c        **** CY_ISR(Period_Reset_Handler) {
  28              		.loc 1 37 0
  29              		.cfi_startproc
  30              		@ args = 0, pretend = 0, frame = 0
  31              		@ frame_needed = 0, uses_anonymous_args = 0
  32 0000 10B5     		push	{r4, lr}
  33              		.cfi_def_cfa_offset 8
  34              		.cfi_offset 4, -8
  35              		.cfi_offset 14, -4
  38:main.c        ****     int timer = Timer_1_ReadStatusRegister();
  36              		.loc 1 38 0
  37 0002 FFF7FEFF 		bl	Timer_1_ReadStatusRegister
  38              	.LVL0:
  39:main.c        ****    /* if(uart_debug) {
  40:main.c        ****         sprintf(txData,"Period interupt triggerd %x\r\n", timer);
  41:main.c        ****         //UART_UartPutString(txData);
  42:main.c        ****     }*/
  43:main.c        ****     invalidate++;
  39              		.loc 1 43 0
  40 0006 084A     		ldr	r2, .L3
  41 0008 1378     		ldrb	r3, [r2]
  42 000a 0133     		adds	r3, r3, #1
  43 000c DBB2     		uxtb	r3, r3
  44 000e 1370     		strb	r3, [r2]
  44:main.c        ****     time_LED++;
  45              		.loc 1 44 0
  46 0010 5178     		ldrb	r1, [r2, #1]
  47 0012 0131     		adds	r1, r1, #1
  48 0014 5170     		strb	r1, [r2, #1]
  45:main.c        ****     if(invalidate >= 20){
  49              		.loc 1 45 0
  50 0016 132B     		cmp	r3, #19
  51 0018 04D9     		bls	.L1
  46:main.c        ****         set_PWM(0, 0, 0);   
  52              		.loc 1 46 0
  53 001a 0022     		movs	r2, #0
  54 001c 0021     		movs	r1, #0
  55 001e 0020     		movs	r0, #0
  56 0020 FFF7FEFF 		bl	set_PWM
  57              	.LVL1:
  58              	.L1:
  47:main.c        ****         //Can_rx_pwm.done = 1;
  48:main.c        ****     }
  49:main.c        **** }
  59              		.loc 1 49 0
  60              		@ sp needed
  61 0024 10BD     		pop	{r4, pc}
  62              	.L4:
  63 0026 C046     		.align	2
  64              	.L3:
  65 0028 00000000 		.word	.LANCHOR0
ARM GAS  C:\Users\austc\AppData\Local\Temp\ccDZNzbh.s 			page 3


  66              		.cfi_endproc
  67              	.LFE35:
  68              		.size	Period_Reset_Handler, .-Period_Reset_Handler
  69              		.section	.text.Pin_Limit_Handler,"ax",%progbits
  70              		.align	2
  71              		.global	Pin_Limit_Handler
  72              		.code	16
  73              		.thumb_func
  74              		.type	Pin_Limit_Handler, %function
  75              	Pin_Limit_Handler:
  76              	.LFB36:
  50:main.c        ****   
  51:main.c        **** CY_ISR(Pin_Limit_Handler){
  77              		.loc 1 51 0
  78              		.cfi_startproc
  79              		@ args = 0, pretend = 0, frame = 0
  80              		@ frame_needed = 0, uses_anonymous_args = 0
  81 0000 10B5     		push	{r4, lr}
  82              		.cfi_def_cfa_offset 8
  83              		.cfi_offset 4, -8
  84              		.cfi_offset 14, -4
  52:main.c        ****    /* if(uart_debug) {
  53:main.c        ****         sprintf(txData,"Limit interupt triggerd\r\n");
  54:main.c        ****         UART_UartPutString(txData);
  55:main.c        ****     }*/
  56:main.c        ****     set_PWM(0, 0, 0);
  85              		.loc 1 56 0
  86 0002 0022     		movs	r2, #0
  87 0004 0021     		movs	r1, #0
  88 0006 0020     		movs	r0, #0
  89 0008 FFF7FEFF 		bl	set_PWM
  90              	.LVL2:
  57:main.c        ****     QuadDec_SetCounter(0);
  91              		.loc 1 57 0
  92 000c 0020     		movs	r0, #0
  93 000e FFF7FEFF 		bl	QuadDec_SetCounter
  94              	.LVL3:
  58:main.c        **** }
  95              		.loc 1 58 0
  96              		@ sp needed
  97 0012 10BD     		pop	{r4, pc}
  98              		.cfi_endproc
  99              	.LFE36:
 100              		.size	Pin_Limit_Handler, .-Pin_Limit_Handler
 101              		.section	.text.Initialize,"ax",%progbits
 102              		.align	2
 103              		.global	Initialize
 104              		.code	16
 105              		.thumb_func
 106              		.type	Initialize, %function
 107              	Initialize:
 108              	.LFB38:
  59:main.c        **** 
  60:main.c        **** int main(void)
  61:main.c        **** { 
  62:main.c        ****     UART_Start();
  63:main.c        ****     Initialize();
ARM GAS  C:\Users\austc\AppData\Local\Temp\ccDZNzbh.s 			page 4


  64:main.c        ****     CANPacket my6Pack;
  65:main.c        ****     for(;;)
  66:main.c        ****     {
  67:main.c        ****         if(!PollAndReceiveCANPacket(&my6Pack)) {
  68:main.c        ****             for(int i = 0; i < 8; i++ ) {
  69:main.c        ****                 sprintf(txData,"Byte%d %x   ", i+1, my6Pack.data[i]);
  70:main.c        ****                 UART_UartPutString(txData);
  71:main.c        ****             }
  72:main.c        ****                 sprintf(txData,"\r\n");
  73:main.c        ****                 UART_UartPutString(txData);
  74:main.c        ****             //CyDelay(100);
  75:main.c        ****         }
  76:main.c        ****     }
  77:main.c        **** }
  78:main.c        ****  
  79:main.c        **** 
  80:main.c        **** 
  81:main.c        **** void Initialize(void) {
 109              		.loc 1 81 0
 110              		.cfi_startproc
 111              		@ args = 0, pretend = 0, frame = 0
 112              		@ frame_needed = 0, uses_anonymous_args = 0
 113 0000 10B5     		push	{r4, lr}
 114              		.cfi_def_cfa_offset 8
 115              		.cfi_offset 4, -8
 116              		.cfi_offset 14, -4
  82:main.c        ****     sprintf(txData, "Dip Addr: %x \r\n", Can_addr_Read());
 117              		.loc 1 82 0
 118 0002 FFF7FEFF 		bl	Can_addr_Read
 119              	.LVL4:
 120 0006 0200     		movs	r2, r0
 121 0008 0D4C     		ldr	r4, .L7
 122 000a 0E49     		ldr	r1, .L7+4
 123 000c 2000     		movs	r0, r4
 124 000e FFF7FEFF 		bl	sprintf
 125              	.LVL5:
  83:main.c        ****     UART_UartPutString(txData);
 126              		.loc 1 83 0
 127 0012 2000     		movs	r0, r4
 128 0014 FFF7FEFF 		bl	UART_UartPutString
 129              	.LVL6:
  84:main.c        ****     
  85:main.c        ****     InitCAN(0x4, Can_addr_Read());
 130              		.loc 1 85 0
 131 0018 FFF7FEFF 		bl	Can_addr_Read
 132              	.LVL7:
 133 001c 0100     		movs	r1, r0
 134 001e 0420     		movs	r0, #4
 135 0020 FFF7FEFF 		bl	InitCAN
 136              	.LVL8:
  86:main.c        ****     Timer_1_Start();
 137              		.loc 1 86 0
 138 0024 FFF7FEFF 		bl	Timer_1_Start
 139              	.LVL9:
  87:main.c        ****     QuadDec_Start();
 140              		.loc 1 87 0
 141 0028 FFF7FEFF 		bl	QuadDec_Start
ARM GAS  C:\Users\austc\AppData\Local\Temp\ccDZNzbh.s 			page 5


 142              	.LVL10:
  88:main.c        ****     CAN_GlobalIntEnable();
 143              		.loc 1 88 0
 144 002c FFF7FEFF 		bl	CAN_GlobalIntEnable
 145              	.LVL11:
  89:main.c        ****     CyGlobalIntEnable; /* Enable global interrupts. */
 146              		.loc 1 89 0
 147              		.syntax divided
 148              	@ 89 "main.c" 1
 149 0030 62B6     		CPSIE   i
 150              	@ 0 "" 2
  90:main.c        ****     isr_Limit_1_StartEx(Pin_Limit_Handler);
 151              		.loc 1 90 0
 152              		.thumb
 153              		.syntax unified
 154 0032 0548     		ldr	r0, .L7+8
 155 0034 FFF7FEFF 		bl	isr_Limit_1_StartEx
 156              	.LVL12:
  91:main.c        ****     isr_period_StartEx(Period_Reset_Handler);
 157              		.loc 1 91 0
 158 0038 0448     		ldr	r0, .L7+12
 159 003a FFF7FEFF 		bl	isr_period_StartEx
 160              	.LVL13:
  92:main.c        **** }
 161              		.loc 1 92 0
 162              		@ sp needed
 163 003e 10BD     		pop	{r4, pc}
 164              	.L8:
 165              		.align	2
 166              	.L7:
 167 0040 00000000 		.word	txData
 168 0044 00000000 		.word	.LC1
 169 0048 00000000 		.word	Pin_Limit_Handler
 170 004c 00000000 		.word	Period_Reset_Handler
 171              		.cfi_endproc
 172              	.LFE38:
 173              		.size	Initialize, .-Initialize
 174              		.section	.text.main,"ax",%progbits
 175              		.align	2
 176              		.global	main
 177              		.code	16
 178              		.thumb_func
 179              		.type	main, %function
 180              	main:
 181              	.LFB37:
  61:main.c        ****     UART_Start();
 182              		.loc 1 61 0
 183              		.cfi_startproc
 184              		@ args = 0, pretend = 0, frame = 16
 185              		@ frame_needed = 0, uses_anonymous_args = 0
 186 0000 30B5     		push	{r4, r5, lr}
 187              		.cfi_def_cfa_offset 12
 188              		.cfi_offset 4, -12
 189              		.cfi_offset 5, -8
 190              		.cfi_offset 14, -4
 191 0002 85B0     		sub	sp, sp, #20
 192              		.cfi_def_cfa_offset 32
ARM GAS  C:\Users\austc\AppData\Local\Temp\ccDZNzbh.s 			page 6


  62:main.c        ****     Initialize();
 193              		.loc 1 62 0
 194 0004 FFF7FEFF 		bl	UART_Start
 195              	.LVL14:
  63:main.c        ****     CANPacket my6Pack;
 196              		.loc 1 63 0
 197 0008 FFF7FEFF 		bl	Initialize
 198              	.LVL15:
 199              	.L11:
  67:main.c        ****             for(int i = 0; i < 8; i++ ) {
 200              		.loc 1 67 0
 201 000c 01A8     		add	r0, sp, #4
 202 000e FFF7FEFF 		bl	PollAndReceiveCANPacket
 203              	.LVL16:
 204 0012 0028     		cmp	r0, #0
 205 0014 FAD1     		bne	.L11
 206 0016 0FE0     		b	.L14
 207              	.LVL17:
 208              	.L12:
 209              	.LBB2:
  69:main.c        ****                 UART_UartPutString(txData);
 210              		.loc 1 69 0 discriminator 3
 211 0018 5C1C     		adds	r4, r3, #1
 212 001a 01AA     		add	r2, sp, #4
 213 001c 9446     		mov	ip, r2
 214 001e 6344     		add	r3, r3, ip
 215              	.LVL18:
 216 0020 DB78     		ldrb	r3, [r3, #3]
 217 0022 0C4D     		ldr	r5, .L15
 218 0024 2200     		movs	r2, r4
 219 0026 0C49     		ldr	r1, .L15+4
 220 0028 2800     		movs	r0, r5
 221 002a FFF7FEFF 		bl	sprintf
 222              	.LVL19:
  70:main.c        ****             }
 223              		.loc 1 70 0 discriminator 3
 224 002e 2800     		movs	r0, r5
 225 0030 FFF7FEFF 		bl	UART_UartPutString
 226              	.LVL20:
  68:main.c        ****                 sprintf(txData,"Byte%d %x   ", i+1, my6Pack.data[i]);
 227              		.loc 1 68 0 discriminator 3
 228 0034 2300     		movs	r3, r4
 229 0036 00E0     		b	.L10
 230              	.LVL21:
 231              	.L14:
 232              	.LBE2:
 233 0038 0023     		movs	r3, #0
 234              	.L10:
 235              	.LVL22:
 236              	.LBB3:
  68:main.c        ****                 sprintf(txData,"Byte%d %x   ", i+1, my6Pack.data[i]);
 237              		.loc 1 68 0 is_stmt 0 discriminator 1
 238 003a 072B     		cmp	r3, #7
 239 003c ECDD     		ble	.L12
 240              	.LBE3:
  72:main.c        ****                 UART_UartPutString(txData);
 241              		.loc 1 72 0 is_stmt 1
ARM GAS  C:\Users\austc\AppData\Local\Temp\ccDZNzbh.s 			page 7


 242 003e 054C     		ldr	r4, .L15
 243 0040 0322     		movs	r2, #3
 244 0042 0649     		ldr	r1, .L15+8
 245 0044 2000     		movs	r0, r4
 246 0046 FFF7FEFF 		bl	memcpy
 247              	.LVL23:
  73:main.c        ****             //CyDelay(100);
 248              		.loc 1 73 0
 249 004a 2000     		movs	r0, r4
 250 004c FFF7FEFF 		bl	UART_UartPutString
 251              	.LVL24:
 252 0050 DCE7     		b	.L11
 253              	.L16:
 254 0052 C046     		.align	2
 255              	.L15:
 256 0054 00000000 		.word	txData
 257 0058 10000000 		.word	.LC6
 258 005c 20000000 		.word	.LC9
 259              		.cfi_endproc
 260              	.LFE37:
 261              		.size	main, .-main
 262              		.comm	test,4,4
 263              		.global	drive
 264              		.global	mode
 265              		.global	invalidate
 266              		.comm	txData,100,4
 267              		.global	time_LED
 268              		.data
 269              		.type	mode, %object
 270              		.size	mode, 1
 271              	mode:
 272 0000 02       		.byte	2
 273              		.section	.rodata.str1.4,"aMS",%progbits,1
 274              		.align	2
 275              	.LC1:
 276 0000 44697020 		.ascii	"Dip Addr: %x \015\012\000"
 276      41646472 
 276      3A202578 
 276      200D0A00 
 277              	.LC6:
 278 0010 42797465 		.ascii	"Byte%d %x   \000"
 278      25642025 
 278      78202020 
 278      00
 279 001d 000000   		.space	3
 280              	.LC9:
 281 0020 0D0A00   		.ascii	"\015\012\000"
 282              		.bss
 283              		.set	.LANCHOR0,. + 0
 284              		.type	invalidate, %object
 285              		.size	invalidate, 1
 286              	invalidate:
 287 0000 00       		.space	1
 288              		.type	time_LED, %object
 289              		.size	time_LED, 1
 290              	time_LED:
 291 0001 00       		.space	1
ARM GAS  C:\Users\austc\AppData\Local\Temp\ccDZNzbh.s 			page 8


 292              		.type	drive, %object
 293              		.size	drive, 1
 294              	drive:
 295 0002 00       		.space	1
 296              		.text
 297              	.Letext0:
 298              		.file 2 "c:\\program files (x86)\\cypress\\psoc creator\\4.2\\psoc creator\\import\\gnu\\arm\\5.4.
 299              		.file 3 "c:\\program files (x86)\\cypress\\psoc creator\\4.2\\psoc creator\\import\\gnu\\arm\\5.4.
 300              		.file 4 "Generated_Source\\PSoC4/cytypes.h"
 301              		.file 5 "../CANLib/CANPacket.h"
 302              		.file 6 "Generated_Source\\PSoC4/Timer_1.h"
 303              		.file 7 "MotorDrive.h"
 304              		.file 8 "Generated_Source\\PSoC4/QuadDec.h"
 305              		.file 9 "Generated_Source\\PSoC4/Can_addr.h"
 306              		.file 10 "c:\\program files (x86)\\cypress\\psoc creator\\4.2\\psoc creator\\import\\gnu\\arm\\5.4
 307              		.file 11 "Generated_Source\\PSoC4/UART_SPI_UART.h"
 308              		.file 12 "../CANLib/Port.h"
 309              		.file 13 "Generated_Source\\PSoC4/CAN.h"
 310              		.file 14 "Generated_Source\\PSoC4/isr_Limit_1.h"
 311              		.file 15 "Generated_Source\\PSoC4/isr_period.h"
 312              		.file 16 "Generated_Source\\PSoC4/UART.h"
 313              		.section	.debug_info,"",%progbits
 314              	.Ldebug_info0:
 315 0000 35040000 		.4byte	0x435
 316 0004 0400     		.2byte	0x4
 317 0006 00000000 		.4byte	.Ldebug_abbrev0
 318 000a 04       		.byte	0x4
 319 000b 01       		.uleb128 0x1
 320 000c F3010000 		.4byte	.LASF46
 321 0010 0C       		.byte	0xc
 322 0011 B6020000 		.4byte	.LASF47
 323 0015 3B000000 		.4byte	.LASF48
 324 0019 18000000 		.4byte	.Ldebug_ranges0+0x18
 325 001d 00000000 		.4byte	0
 326 0021 00000000 		.4byte	.Ldebug_line0
 327 0025 02       		.uleb128 0x2
 328 0026 01       		.byte	0x1
 329 0027 06       		.byte	0x6
 330 0028 E7010000 		.4byte	.LASF0
 331 002c 03       		.uleb128 0x3
 332 002d 00000000 		.4byte	.LASF3
 333 0031 02       		.byte	0x2
 334 0032 1D       		.byte	0x1d
 335 0033 37000000 		.4byte	0x37
 336 0037 02       		.uleb128 0x2
 337 0038 01       		.byte	0x1
 338 0039 08       		.byte	0x8
 339 003a 26010000 		.4byte	.LASF1
 340 003e 02       		.uleb128 0x2
 341 003f 02       		.byte	0x2
 342 0040 05       		.byte	0x5
 343 0041 83010000 		.4byte	.LASF2
 344 0045 03       		.uleb128 0x3
 345 0046 71010000 		.4byte	.LASF4
 346 004a 02       		.byte	0x2
 347 004b 2B       		.byte	0x2b
 348 004c 50000000 		.4byte	0x50
ARM GAS  C:\Users\austc\AppData\Local\Temp\ccDZNzbh.s 			page 9


 349 0050 02       		.uleb128 0x2
 350 0051 02       		.byte	0x2
 351 0052 07       		.byte	0x7
 352 0053 0F030000 		.4byte	.LASF5
 353 0057 02       		.uleb128 0x2
 354 0058 04       		.byte	0x4
 355 0059 05       		.byte	0x5
 356 005a 32000000 		.4byte	.LASF6
 357 005e 02       		.uleb128 0x2
 358 005f 04       		.byte	0x4
 359 0060 07       		.byte	0x7
 360 0061 40010000 		.4byte	.LASF7
 361 0065 02       		.uleb128 0x2
 362 0066 08       		.byte	0x8
 363 0067 05       		.byte	0x5
 364 0068 A8020000 		.4byte	.LASF8
 365 006c 02       		.uleb128 0x2
 366 006d 08       		.byte	0x8
 367 006e 07       		.byte	0x7
 368 006f C3010000 		.4byte	.LASF9
 369 0073 04       		.uleb128 0x4
 370 0074 04       		.byte	0x4
 371 0075 05       		.byte	0x5
 372 0076 696E7400 		.ascii	"int\000"
 373 007a 02       		.uleb128 0x2
 374 007b 04       		.byte	0x4
 375 007c 07       		.byte	0x7
 376 007d AB010000 		.4byte	.LASF10
 377 0081 03       		.uleb128 0x3
 378 0082 DA010000 		.4byte	.LASF11
 379 0086 03       		.byte	0x3
 380 0087 18       		.byte	0x18
 381 0088 2C000000 		.4byte	0x2c
 382 008c 03       		.uleb128 0x3
 383 008d D1020000 		.4byte	.LASF12
 384 0091 03       		.byte	0x3
 385 0092 24       		.byte	0x24
 386 0093 45000000 		.4byte	0x45
 387 0097 05       		.uleb128 0x5
 388 0098 A6000000 		.4byte	.LASF13
 389 009c 04       		.byte	0x4
 390 009d E401     		.2byte	0x1e4
 391 009f 37000000 		.4byte	0x37
 392 00a3 02       		.uleb128 0x2
 393 00a4 04       		.byte	0x4
 394 00a5 04       		.byte	0x4
 395 00a6 E5000000 		.4byte	.LASF14
 396 00aa 02       		.uleb128 0x2
 397 00ab 08       		.byte	0x8
 398 00ac 04       		.byte	0x4
 399 00ad 7C010000 		.4byte	.LASF15
 400 00b1 05       		.uleb128 0x5
 401 00b2 3A010000 		.4byte	.LASF16
 402 00b6 04       		.byte	0x4
 403 00b7 F501     		.2byte	0x1f5
 404 00b9 BD000000 		.4byte	0xbd
 405 00bd 02       		.uleb128 0x2
ARM GAS  C:\Users\austc\AppData\Local\Temp\ccDZNzbh.s 			page 10


 406 00be 01       		.byte	0x1
 407 00bf 08       		.byte	0x8
 408 00c0 BD020000 		.4byte	.LASF17
 409 00c4 06       		.uleb128 0x6
 410 00c5 97000000 		.4byte	0x97
 411 00c9 02       		.uleb128 0x2
 412 00ca 08       		.byte	0x8
 413 00cb 04       		.byte	0x4
 414 00cc ED020000 		.4byte	.LASF18
 415 00d0 02       		.uleb128 0x2
 416 00d1 04       		.byte	0x4
 417 00d2 07       		.byte	0x7
 418 00d3 9F020000 		.4byte	.LASF19
 419 00d7 07       		.uleb128 0x7
 420 00d8 0C       		.byte	0xc
 421 00d9 05       		.byte	0x5
 422 00da 0F       		.byte	0xf
 423 00db 03010000 		.4byte	0x103
 424 00df 08       		.uleb128 0x8
 425 00e0 696400   		.ascii	"id\000"
 426 00e3 05       		.byte	0x5
 427 00e4 11       		.byte	0x11
 428 00e5 8C000000 		.4byte	0x8c
 429 00e9 00       		.byte	0
 430 00ea 08       		.uleb128 0x8
 431 00eb 646C6300 		.ascii	"dlc\000"
 432 00ef 05       		.byte	0x5
 433 00f0 12       		.byte	0x12
 434 00f1 81000000 		.4byte	0x81
 435 00f5 02       		.byte	0x2
 436 00f6 09       		.uleb128 0x9
 437 00f7 EB000000 		.4byte	.LASF20
 438 00fb 05       		.byte	0x5
 439 00fc 13       		.byte	0x13
 440 00fd 03010000 		.4byte	0x103
 441 0101 03       		.byte	0x3
 442 0102 00       		.byte	0
 443 0103 0A       		.uleb128 0xa
 444 0104 81000000 		.4byte	0x81
 445 0108 13010000 		.4byte	0x113
 446 010c 0B       		.uleb128 0xb
 447 010d D0000000 		.4byte	0xd0
 448 0111 07       		.byte	0x7
 449 0112 00       		.byte	0
 450 0113 03       		.uleb128 0x3
 451 0114 81020000 		.4byte	.LASF21
 452 0118 05       		.byte	0x5
 453 0119 14       		.byte	0x14
 454 011a D7000000 		.4byte	0xd7
 455 011e 0C       		.uleb128 0xc
 456 011f 0B010000 		.4byte	.LASF22
 457 0123 01       		.byte	0x1
 458 0124 25       		.byte	0x25
 459 0125 00000000 		.4byte	.LFB35
 460 0129 2C000000 		.4byte	.LFE35-.LFB35
 461 012d 01       		.uleb128 0x1
 462 012e 9C       		.byte	0x9c
ARM GAS  C:\Users\austc\AppData\Local\Temp\ccDZNzbh.s 			page 11


 463 012f 61010000 		.4byte	0x161
 464 0133 0D       		.uleb128 0xd
 465 0134 34010000 		.4byte	.LASF49
 466 0138 01       		.byte	0x1
 467 0139 26       		.byte	0x26
 468 013a 73000000 		.4byte	0x73
 469 013e 0E       		.uleb128 0xe
 470 013f 06000000 		.4byte	.LVL0
 471 0143 94030000 		.4byte	0x394
 472 0147 0F       		.uleb128 0xf
 473 0148 24000000 		.4byte	.LVL1
 474 014c 9F030000 		.4byte	0x39f
 475 0150 10       		.uleb128 0x10
 476 0151 01       		.uleb128 0x1
 477 0152 50       		.byte	0x50
 478 0153 01       		.uleb128 0x1
 479 0154 30       		.byte	0x30
 480 0155 10       		.uleb128 0x10
 481 0156 01       		.uleb128 0x1
 482 0157 51       		.byte	0x51
 483 0158 01       		.uleb128 0x1
 484 0159 30       		.byte	0x30
 485 015a 10       		.uleb128 0x10
 486 015b 01       		.uleb128 0x1
 487 015c 52       		.byte	0x52
 488 015d 01       		.uleb128 0x1
 489 015e 30       		.byte	0x30
 490 015f 00       		.byte	0
 491 0160 00       		.byte	0
 492 0161 0C       		.uleb128 0xc
 493 0162 32030000 		.4byte	.LASF23
 494 0166 01       		.byte	0x1
 495 0167 33       		.byte	0x33
 496 0168 00000000 		.4byte	.LFB36
 497 016c 14000000 		.4byte	.LFE36-.LFB36
 498 0170 01       		.uleb128 0x1
 499 0171 9C       		.byte	0x9c
 500 0172 A3010000 		.4byte	0x1a3
 501 0176 11       		.uleb128 0x11
 502 0177 0C000000 		.4byte	.LVL2
 503 017b 9F030000 		.4byte	0x39f
 504 017f 93010000 		.4byte	0x193
 505 0183 10       		.uleb128 0x10
 506 0184 01       		.uleb128 0x1
 507 0185 50       		.byte	0x50
 508 0186 01       		.uleb128 0x1
 509 0187 30       		.byte	0x30
 510 0188 10       		.uleb128 0x10
 511 0189 01       		.uleb128 0x1
 512 018a 51       		.byte	0x51
 513 018b 01       		.uleb128 0x1
 514 018c 30       		.byte	0x30
 515 018d 10       		.uleb128 0x10
 516 018e 01       		.uleb128 0x1
 517 018f 52       		.byte	0x52
 518 0190 01       		.uleb128 0x1
 519 0191 30       		.byte	0x30
ARM GAS  C:\Users\austc\AppData\Local\Temp\ccDZNzbh.s 			page 12


 520 0192 00       		.byte	0
 521 0193 0F       		.uleb128 0xf
 522 0194 12000000 		.4byte	.LVL3
 523 0198 AA030000 		.4byte	0x3aa
 524 019c 10       		.uleb128 0x10
 525 019d 01       		.uleb128 0x1
 526 019e 50       		.byte	0x50
 527 019f 01       		.uleb128 0x1
 528 01a0 30       		.byte	0x30
 529 01a1 00       		.byte	0
 530 01a2 00       		.byte	0
 531 01a3 0C       		.uleb128 0xc
 532 01a4 B8010000 		.4byte	.LASF24
 533 01a8 01       		.byte	0x1
 534 01a9 51       		.byte	0x51
 535 01aa 00000000 		.4byte	.LFB38
 536 01ae 50000000 		.4byte	.LFE38-.LFB38
 537 01b2 01       		.uleb128 0x1
 538 01b3 9C       		.byte	0x9c
 539 01b4 54020000 		.4byte	0x254
 540 01b8 0E       		.uleb128 0xe
 541 01b9 06000000 		.4byte	.LVL4
 542 01bd B5030000 		.4byte	0x3b5
 543 01c1 11       		.uleb128 0x11
 544 01c2 12000000 		.4byte	.LVL5
 545 01c6 C0030000 		.4byte	0x3c0
 546 01ca DE010000 		.4byte	0x1de
 547 01ce 10       		.uleb128 0x10
 548 01cf 01       		.uleb128 0x1
 549 01d0 50       		.byte	0x50
 550 01d1 02       		.uleb128 0x2
 551 01d2 74       		.byte	0x74
 552 01d3 00       		.sleb128 0
 553 01d4 10       		.uleb128 0x10
 554 01d5 01       		.uleb128 0x1
 555 01d6 51       		.byte	0x51
 556 01d7 05       		.uleb128 0x5
 557 01d8 03       		.byte	0x3
 558 01d9 00000000 		.4byte	.LC1
 559 01dd 00       		.byte	0
 560 01de 11       		.uleb128 0x11
 561 01df 18000000 		.4byte	.LVL6
 562 01e3 CB030000 		.4byte	0x3cb
 563 01e7 F2010000 		.4byte	0x1f2
 564 01eb 10       		.uleb128 0x10
 565 01ec 01       		.uleb128 0x1
 566 01ed 50       		.byte	0x50
 567 01ee 02       		.uleb128 0x2
 568 01ef 74       		.byte	0x74
 569 01f0 00       		.sleb128 0
 570 01f1 00       		.byte	0
 571 01f2 0E       		.uleb128 0xe
 572 01f3 1C000000 		.4byte	.LVL7
 573 01f7 B5030000 		.4byte	0x3b5
 574 01fb 11       		.uleb128 0x11
 575 01fc 24000000 		.4byte	.LVL8
 576 0200 D7030000 		.4byte	0x3d7
ARM GAS  C:\Users\austc\AppData\Local\Temp\ccDZNzbh.s 			page 13


 577 0204 0E020000 		.4byte	0x20e
 578 0208 10       		.uleb128 0x10
 579 0209 01       		.uleb128 0x1
 580 020a 50       		.byte	0x50
 581 020b 01       		.uleb128 0x1
 582 020c 34       		.byte	0x34
 583 020d 00       		.byte	0
 584 020e 0E       		.uleb128 0xe
 585 020f 28000000 		.4byte	.LVL9
 586 0213 E2030000 		.4byte	0x3e2
 587 0217 0E       		.uleb128 0xe
 588 0218 2C000000 		.4byte	.LVL10
 589 021c ED030000 		.4byte	0x3ed
 590 0220 0E       		.uleb128 0xe
 591 0221 30000000 		.4byte	.LVL11
 592 0225 F8030000 		.4byte	0x3f8
 593 0229 11       		.uleb128 0x11
 594 022a 38000000 		.4byte	.LVL12
 595 022e 03040000 		.4byte	0x403
 596 0232 40020000 		.4byte	0x240
 597 0236 10       		.uleb128 0x10
 598 0237 01       		.uleb128 0x1
 599 0238 50       		.byte	0x50
 600 0239 05       		.uleb128 0x5
 601 023a 03       		.byte	0x3
 602 023b 00000000 		.4byte	Pin_Limit_Handler
 603 023f 00       		.byte	0
 604 0240 0F       		.uleb128 0xf
 605 0241 3E000000 		.4byte	.LVL13
 606 0245 0E040000 		.4byte	0x40e
 607 0249 10       		.uleb128 0x10
 608 024a 01       		.uleb128 0x1
 609 024b 50       		.byte	0x50
 610 024c 05       		.uleb128 0x5
 611 024d 03       		.byte	0x3
 612 024e 00000000 		.4byte	Period_Reset_Handler
 613 0252 00       		.byte	0
 614 0253 00       		.byte	0
 615 0254 12       		.uleb128 0x12
 616 0255 A1010000 		.4byte	.LASF50
 617 0259 01       		.byte	0x1
 618 025a 3C       		.byte	0x3c
 619 025b 73000000 		.4byte	0x73
 620 025f 00000000 		.4byte	.LFB37
 621 0263 60000000 		.4byte	.LFE37-.LFB37
 622 0267 01       		.uleb128 0x1
 623 0268 9C       		.byte	0x9c
 624 0269 1E030000 		.4byte	0x31e
 625 026d 13       		.uleb128 0x13
 626 026e 22030000 		.4byte	.LASF25
 627 0272 01       		.byte	0x1
 628 0273 40       		.byte	0x40
 629 0274 13010000 		.4byte	0x113
 630 0278 02       		.uleb128 0x2
 631 0279 91       		.byte	0x91
 632 027a 64       		.sleb128 -28
 633 027b 14       		.uleb128 0x14
ARM GAS  C:\Users\austc\AppData\Local\Temp\ccDZNzbh.s 			page 14


 634 027c 00000000 		.4byte	.Ldebug_ranges0+0
 635 0280 C5020000 		.4byte	0x2c5
 636 0284 15       		.uleb128 0x15
 637 0285 6900     		.ascii	"i\000"
 638 0287 01       		.byte	0x1
 639 0288 44       		.byte	0x44
 640 0289 73000000 		.4byte	0x73
 641 028d 00000000 		.4byte	.LLST0
 642 0291 11       		.uleb128 0x11
 643 0292 2E000000 		.4byte	.LVL19
 644 0296 C0030000 		.4byte	0x3c0
 645 029a B4020000 		.4byte	0x2b4
 646 029e 10       		.uleb128 0x10
 647 029f 01       		.uleb128 0x1
 648 02a0 50       		.byte	0x50
 649 02a1 02       		.uleb128 0x2
 650 02a2 75       		.byte	0x75
 651 02a3 00       		.sleb128 0
 652 02a4 10       		.uleb128 0x10
 653 02a5 01       		.uleb128 0x1
 654 02a6 51       		.byte	0x51
 655 02a7 05       		.uleb128 0x5
 656 02a8 03       		.byte	0x3
 657 02a9 10000000 		.4byte	.LC6
 658 02ad 10       		.uleb128 0x10
 659 02ae 01       		.uleb128 0x1
 660 02af 52       		.byte	0x52
 661 02b0 02       		.uleb128 0x2
 662 02b1 74       		.byte	0x74
 663 02b2 00       		.sleb128 0
 664 02b3 00       		.byte	0
 665 02b4 0F       		.uleb128 0xf
 666 02b5 34000000 		.4byte	.LVL20
 667 02b9 CB030000 		.4byte	0x3cb
 668 02bd 10       		.uleb128 0x10
 669 02be 01       		.uleb128 0x1
 670 02bf 50       		.byte	0x50
 671 02c0 02       		.uleb128 0x2
 672 02c1 75       		.byte	0x75
 673 02c2 00       		.sleb128 0
 674 02c3 00       		.byte	0
 675 02c4 00       		.byte	0
 676 02c5 0E       		.uleb128 0xe
 677 02c6 08000000 		.4byte	.LVL14
 678 02ca 19040000 		.4byte	0x419
 679 02ce 0E       		.uleb128 0xe
 680 02cf 0C000000 		.4byte	.LVL15
 681 02d3 A3010000 		.4byte	0x1a3
 682 02d7 11       		.uleb128 0x11
 683 02d8 12000000 		.4byte	.LVL16
 684 02dc 24040000 		.4byte	0x424
 685 02e0 EB020000 		.4byte	0x2eb
 686 02e4 10       		.uleb128 0x10
 687 02e5 01       		.uleb128 0x1
 688 02e6 50       		.byte	0x50
 689 02e7 02       		.uleb128 0x2
 690 02e8 91       		.byte	0x91
ARM GAS  C:\Users\austc\AppData\Local\Temp\ccDZNzbh.s 			page 15


 691 02e9 64       		.sleb128 -28
 692 02ea 00       		.byte	0
 693 02eb 11       		.uleb128 0x11
 694 02ec 4A000000 		.4byte	.LVL23
 695 02f0 2F040000 		.4byte	0x42f
 696 02f4 0D030000 		.4byte	0x30d
 697 02f8 10       		.uleb128 0x10
 698 02f9 01       		.uleb128 0x1
 699 02fa 50       		.byte	0x50
 700 02fb 02       		.uleb128 0x2
 701 02fc 74       		.byte	0x74
 702 02fd 00       		.sleb128 0
 703 02fe 10       		.uleb128 0x10
 704 02ff 01       		.uleb128 0x1
 705 0300 51       		.byte	0x51
 706 0301 05       		.uleb128 0x5
 707 0302 03       		.byte	0x3
 708 0303 20000000 		.4byte	.LC9
 709 0307 10       		.uleb128 0x10
 710 0308 01       		.uleb128 0x1
 711 0309 52       		.byte	0x52
 712 030a 01       		.uleb128 0x1
 713 030b 33       		.byte	0x33
 714 030c 00       		.byte	0
 715 030d 0F       		.uleb128 0xf
 716 030e 50000000 		.4byte	.LVL24
 717 0312 CB030000 		.4byte	0x3cb
 718 0316 10       		.uleb128 0x10
 719 0317 01       		.uleb128 0x1
 720 0318 50       		.byte	0x50
 721 0319 02       		.uleb128 0x2
 722 031a 74       		.byte	0x74
 723 031b 00       		.sleb128 0
 724 031c 00       		.byte	0
 725 031d 00       		.byte	0
 726 031e 16       		.uleb128 0x16
 727 031f 68010000 		.4byte	.LASF26
 728 0323 01       		.byte	0x1
 729 0324 14       		.byte	0x14
 730 0325 97000000 		.4byte	0x97
 731 0329 05       		.uleb128 0x5
 732 032a 03       		.byte	0x3
 733 032b 00000000 		.4byte	time_LED
 734 032f 0A       		.uleb128 0xa
 735 0330 B1000000 		.4byte	0xb1
 736 0334 3F030000 		.4byte	0x33f
 737 0338 0B       		.uleb128 0xb
 738 0339 D0000000 		.4byte	0xd0
 739 033d 63       		.byte	0x63
 740 033e 00       		.byte	0
 741 033f 16       		.uleb128 0x16
 742 0340 2B000000 		.4byte	.LASF27
 743 0344 01       		.byte	0x1
 744 0345 17       		.byte	0x17
 745 0346 2F030000 		.4byte	0x32f
 746 034a 05       		.uleb128 0x5
 747 034b 03       		.byte	0x3
ARM GAS  C:\Users\austc\AppData\Local\Temp\ccDZNzbh.s 			page 16


 748 034c 00000000 		.4byte	txData
 749 0350 16       		.uleb128 0x16
 750 0351 52010000 		.4byte	.LASF28
 751 0355 01       		.byte	0x1
 752 0356 1A       		.byte	0x1a
 753 0357 97000000 		.4byte	0x97
 754 035b 05       		.uleb128 0x5
 755 035c 03       		.byte	0x3
 756 035d 00000000 		.4byte	invalidate
 757 0361 16       		.uleb128 0x16
 758 0362 E2010000 		.4byte	.LASF29
 759 0366 01       		.byte	0x1
 760 0367 1D       		.byte	0x1d
 761 0368 C4000000 		.4byte	0xc4
 762 036c 05       		.uleb128 0x5
 763 036d 03       		.byte	0x3
 764 036e 00000000 		.4byte	mode
 765 0372 16       		.uleb128 0x16
 766 0373 20010000 		.4byte	.LASF30
 767 0377 01       		.byte	0x1
 768 0378 20       		.byte	0x20
 769 0379 C4000000 		.4byte	0xc4
 770 037d 05       		.uleb128 0x5
 771 037e 03       		.byte	0x3
 772 037f 00000000 		.4byte	drive
 773 0383 16       		.uleb128 0x16
 774 0384 A6010000 		.4byte	.LASF31
 775 0388 01       		.byte	0x1
 776 0389 22       		.byte	0x22
 777 038a 73000000 		.4byte	0x73
 778 038e 05       		.uleb128 0x5
 779 038f 03       		.byte	0x3
 780 0390 00000000 		.4byte	test
 781 0394 17       		.uleb128 0x17
 782 0395 F0000000 		.4byte	.LASF32
 783 0399 F0000000 		.4byte	.LASF32
 784 039d 06       		.byte	0x6
 785 039e 5E       		.byte	0x5e
 786 039f 17       		.uleb128 0x17
 787 03a0 07030000 		.4byte	.LASF33
 788 03a4 07030000 		.4byte	.LASF33
 789 03a8 07       		.byte	0x7
 790 03a9 12       		.byte	0x12
 791 03aa 17       		.uleb128 0x17
 792 03ab DA020000 		.4byte	.LASF34
 793 03af DA020000 		.4byte	.LASF34
 794 03b3 08       		.byte	0x8
 795 03b4 4F       		.byte	0x4f
 796 03b5 17       		.uleb128 0x17
 797 03b6 F9020000 		.4byte	.LASF35
 798 03ba F9020000 		.4byte	.LASF35
 799 03be 09       		.byte	0x9
 800 03bf 30       		.byte	0x30
 801 03c0 17       		.uleb128 0x17
 802 03c1 2A030000 		.4byte	.LASF36
 803 03c5 2A030000 		.4byte	.LASF36
 804 03c9 0A       		.byte	0xa
ARM GAS  C:\Users\austc\AppData\Local\Temp\ccDZNzbh.s 			page 17


 805 03ca E7       		.byte	0xe7
 806 03cb 18       		.uleb128 0x18
 807 03cc BA000000 		.4byte	.LASF37
 808 03d0 BA000000 		.4byte	.LASF37
 809 03d4 0B       		.byte	0xb
 810 03d5 2A03     		.2byte	0x32a
 811 03d7 17       		.uleb128 0x17
 812 03d8 C9020000 		.4byte	.LASF38
 813 03dc C9020000 		.4byte	.LASF38
 814 03e0 0C       		.byte	0xc
 815 03e1 15       		.byte	0x15
 816 03e2 17       		.uleb128 0x17
 817 03e3 0A000000 		.4byte	.LASF39
 818 03e7 0A000000 		.4byte	.LASF39
 819 03eb 06       		.byte	0x6
 820 03ec 5A       		.byte	0x5a
 821 03ed 17       		.uleb128 0x17
 822 03ee AC000000 		.4byte	.LASF40
 823 03f2 AC000000 		.4byte	.LASF40
 824 03f6 08       		.byte	0x8
 825 03f7 48       		.byte	0x48
 826 03f8 17       		.uleb128 0x17
 827 03f9 8B020000 		.4byte	.LASF41
 828 03fd 8B020000 		.4byte	.LASF41
 829 0401 0D       		.byte	0xd
 830 0402 C8       		.byte	0xc8
 831 0403 17       		.uleb128 0x17
 832 0404 8D010000 		.4byte	.LASF42
 833 0408 8D010000 		.4byte	.LASF42
 834 040c 0E       		.byte	0xe
 835 040d 18       		.byte	0x18
 836 040e 17       		.uleb128 0x17
 837 040f 18000000 		.4byte	.LASF43
 838 0413 18000000 		.4byte	.LASF43
 839 0417 0F       		.byte	0xf
 840 0418 18       		.byte	0x18
 841 0419 17       		.uleb128 0x17
 842 041a 5D010000 		.4byte	.LASF44
 843 041e 5D010000 		.4byte	.LASF44
 844 0422 10       		.byte	0x10
 845 0423 72       		.byte	0x72
 846 0424 17       		.uleb128 0x17
 847 0425 CD000000 		.4byte	.LASF45
 848 0429 CD000000 		.4byte	.LASF45
 849 042d 0C       		.byte	0xc
 850 042e 22       		.byte	0x22
 851 042f 19       		.uleb128 0x19
 852 0430 C2020000 		.4byte	.LASF51
 853 0434 C2020000 		.4byte	.LASF51
 854 0438 00       		.byte	0
 855              		.section	.debug_abbrev,"",%progbits
 856              	.Ldebug_abbrev0:
 857 0000 01       		.uleb128 0x1
 858 0001 11       		.uleb128 0x11
 859 0002 01       		.byte	0x1
 860 0003 25       		.uleb128 0x25
 861 0004 0E       		.uleb128 0xe
ARM GAS  C:\Users\austc\AppData\Local\Temp\ccDZNzbh.s 			page 18


 862 0005 13       		.uleb128 0x13
 863 0006 0B       		.uleb128 0xb
 864 0007 03       		.uleb128 0x3
 865 0008 0E       		.uleb128 0xe
 866 0009 1B       		.uleb128 0x1b
 867 000a 0E       		.uleb128 0xe
 868 000b 55       		.uleb128 0x55
 869 000c 17       		.uleb128 0x17
 870 000d 11       		.uleb128 0x11
 871 000e 01       		.uleb128 0x1
 872 000f 10       		.uleb128 0x10
 873 0010 17       		.uleb128 0x17
 874 0011 00       		.byte	0
 875 0012 00       		.byte	0
 876 0013 02       		.uleb128 0x2
 877 0014 24       		.uleb128 0x24
 878 0015 00       		.byte	0
 879 0016 0B       		.uleb128 0xb
 880 0017 0B       		.uleb128 0xb
 881 0018 3E       		.uleb128 0x3e
 882 0019 0B       		.uleb128 0xb
 883 001a 03       		.uleb128 0x3
 884 001b 0E       		.uleb128 0xe
 885 001c 00       		.byte	0
 886 001d 00       		.byte	0
 887 001e 03       		.uleb128 0x3
 888 001f 16       		.uleb128 0x16
 889 0020 00       		.byte	0
 890 0021 03       		.uleb128 0x3
 891 0022 0E       		.uleb128 0xe
 892 0023 3A       		.uleb128 0x3a
 893 0024 0B       		.uleb128 0xb
 894 0025 3B       		.uleb128 0x3b
 895 0026 0B       		.uleb128 0xb
 896 0027 49       		.uleb128 0x49
 897 0028 13       		.uleb128 0x13
 898 0029 00       		.byte	0
 899 002a 00       		.byte	0
 900 002b 04       		.uleb128 0x4
 901 002c 24       		.uleb128 0x24
 902 002d 00       		.byte	0
 903 002e 0B       		.uleb128 0xb
 904 002f 0B       		.uleb128 0xb
 905 0030 3E       		.uleb128 0x3e
 906 0031 0B       		.uleb128 0xb
 907 0032 03       		.uleb128 0x3
 908 0033 08       		.uleb128 0x8
 909 0034 00       		.byte	0
 910 0035 00       		.byte	0
 911 0036 05       		.uleb128 0x5
 912 0037 16       		.uleb128 0x16
 913 0038 00       		.byte	0
 914 0039 03       		.uleb128 0x3
 915 003a 0E       		.uleb128 0xe
 916 003b 3A       		.uleb128 0x3a
 917 003c 0B       		.uleb128 0xb
 918 003d 3B       		.uleb128 0x3b
ARM GAS  C:\Users\austc\AppData\Local\Temp\ccDZNzbh.s 			page 19


 919 003e 05       		.uleb128 0x5
 920 003f 49       		.uleb128 0x49
 921 0040 13       		.uleb128 0x13
 922 0041 00       		.byte	0
 923 0042 00       		.byte	0
 924 0043 06       		.uleb128 0x6
 925 0044 35       		.uleb128 0x35
 926 0045 00       		.byte	0
 927 0046 49       		.uleb128 0x49
 928 0047 13       		.uleb128 0x13
 929 0048 00       		.byte	0
 930 0049 00       		.byte	0
 931 004a 07       		.uleb128 0x7
 932 004b 13       		.uleb128 0x13
 933 004c 01       		.byte	0x1
 934 004d 0B       		.uleb128 0xb
 935 004e 0B       		.uleb128 0xb
 936 004f 3A       		.uleb128 0x3a
 937 0050 0B       		.uleb128 0xb
 938 0051 3B       		.uleb128 0x3b
 939 0052 0B       		.uleb128 0xb
 940 0053 01       		.uleb128 0x1
 941 0054 13       		.uleb128 0x13
 942 0055 00       		.byte	0
 943 0056 00       		.byte	0
 944 0057 08       		.uleb128 0x8
 945 0058 0D       		.uleb128 0xd
 946 0059 00       		.byte	0
 947 005a 03       		.uleb128 0x3
 948 005b 08       		.uleb128 0x8
 949 005c 3A       		.uleb128 0x3a
 950 005d 0B       		.uleb128 0xb
 951 005e 3B       		.uleb128 0x3b
 952 005f 0B       		.uleb128 0xb
 953 0060 49       		.uleb128 0x49
 954 0061 13       		.uleb128 0x13
 955 0062 38       		.uleb128 0x38
 956 0063 0B       		.uleb128 0xb
 957 0064 00       		.byte	0
 958 0065 00       		.byte	0
 959 0066 09       		.uleb128 0x9
 960 0067 0D       		.uleb128 0xd
 961 0068 00       		.byte	0
 962 0069 03       		.uleb128 0x3
 963 006a 0E       		.uleb128 0xe
 964 006b 3A       		.uleb128 0x3a
 965 006c 0B       		.uleb128 0xb
 966 006d 3B       		.uleb128 0x3b
 967 006e 0B       		.uleb128 0xb
 968 006f 49       		.uleb128 0x49
 969 0070 13       		.uleb128 0x13
 970 0071 38       		.uleb128 0x38
 971 0072 0B       		.uleb128 0xb
 972 0073 00       		.byte	0
 973 0074 00       		.byte	0
 974 0075 0A       		.uleb128 0xa
 975 0076 01       		.uleb128 0x1
ARM GAS  C:\Users\austc\AppData\Local\Temp\ccDZNzbh.s 			page 20


 976 0077 01       		.byte	0x1
 977 0078 49       		.uleb128 0x49
 978 0079 13       		.uleb128 0x13
 979 007a 01       		.uleb128 0x1
 980 007b 13       		.uleb128 0x13
 981 007c 00       		.byte	0
 982 007d 00       		.byte	0
 983 007e 0B       		.uleb128 0xb
 984 007f 21       		.uleb128 0x21
 985 0080 00       		.byte	0
 986 0081 49       		.uleb128 0x49
 987 0082 13       		.uleb128 0x13
 988 0083 2F       		.uleb128 0x2f
 989 0084 0B       		.uleb128 0xb
 990 0085 00       		.byte	0
 991 0086 00       		.byte	0
 992 0087 0C       		.uleb128 0xc
 993 0088 2E       		.uleb128 0x2e
 994 0089 01       		.byte	0x1
 995 008a 3F       		.uleb128 0x3f
 996 008b 19       		.uleb128 0x19
 997 008c 03       		.uleb128 0x3
 998 008d 0E       		.uleb128 0xe
 999 008e 3A       		.uleb128 0x3a
 1000 008f 0B       		.uleb128 0xb
 1001 0090 3B       		.uleb128 0x3b
 1002 0091 0B       		.uleb128 0xb
 1003 0092 27       		.uleb128 0x27
 1004 0093 19       		.uleb128 0x19
 1005 0094 11       		.uleb128 0x11
 1006 0095 01       		.uleb128 0x1
 1007 0096 12       		.uleb128 0x12
 1008 0097 06       		.uleb128 0x6
 1009 0098 40       		.uleb128 0x40
 1010 0099 18       		.uleb128 0x18
 1011 009a 9742     		.uleb128 0x2117
 1012 009c 19       		.uleb128 0x19
 1013 009d 01       		.uleb128 0x1
 1014 009e 13       		.uleb128 0x13
 1015 009f 00       		.byte	0
 1016 00a0 00       		.byte	0
 1017 00a1 0D       		.uleb128 0xd
 1018 00a2 34       		.uleb128 0x34
 1019 00a3 00       		.byte	0
 1020 00a4 03       		.uleb128 0x3
 1021 00a5 0E       		.uleb128 0xe
 1022 00a6 3A       		.uleb128 0x3a
 1023 00a7 0B       		.uleb128 0xb
 1024 00a8 3B       		.uleb128 0x3b
 1025 00a9 0B       		.uleb128 0xb
 1026 00aa 49       		.uleb128 0x49
 1027 00ab 13       		.uleb128 0x13
 1028 00ac 00       		.byte	0
 1029 00ad 00       		.byte	0
 1030 00ae 0E       		.uleb128 0xe
 1031 00af 898201   		.uleb128 0x4109
 1032 00b2 00       		.byte	0
ARM GAS  C:\Users\austc\AppData\Local\Temp\ccDZNzbh.s 			page 21


 1033 00b3 11       		.uleb128 0x11
 1034 00b4 01       		.uleb128 0x1
 1035 00b5 31       		.uleb128 0x31
 1036 00b6 13       		.uleb128 0x13
 1037 00b7 00       		.byte	0
 1038 00b8 00       		.byte	0
 1039 00b9 0F       		.uleb128 0xf
 1040 00ba 898201   		.uleb128 0x4109
 1041 00bd 01       		.byte	0x1
 1042 00be 11       		.uleb128 0x11
 1043 00bf 01       		.uleb128 0x1
 1044 00c0 31       		.uleb128 0x31
 1045 00c1 13       		.uleb128 0x13
 1046 00c2 00       		.byte	0
 1047 00c3 00       		.byte	0
 1048 00c4 10       		.uleb128 0x10
 1049 00c5 8A8201   		.uleb128 0x410a
 1050 00c8 00       		.byte	0
 1051 00c9 02       		.uleb128 0x2
 1052 00ca 18       		.uleb128 0x18
 1053 00cb 9142     		.uleb128 0x2111
 1054 00cd 18       		.uleb128 0x18
 1055 00ce 00       		.byte	0
 1056 00cf 00       		.byte	0
 1057 00d0 11       		.uleb128 0x11
 1058 00d1 898201   		.uleb128 0x4109
 1059 00d4 01       		.byte	0x1
 1060 00d5 11       		.uleb128 0x11
 1061 00d6 01       		.uleb128 0x1
 1062 00d7 31       		.uleb128 0x31
 1063 00d8 13       		.uleb128 0x13
 1064 00d9 01       		.uleb128 0x1
 1065 00da 13       		.uleb128 0x13
 1066 00db 00       		.byte	0
 1067 00dc 00       		.byte	0
 1068 00dd 12       		.uleb128 0x12
 1069 00de 2E       		.uleb128 0x2e
 1070 00df 01       		.byte	0x1
 1071 00e0 3F       		.uleb128 0x3f
 1072 00e1 19       		.uleb128 0x19
 1073 00e2 03       		.uleb128 0x3
 1074 00e3 0E       		.uleb128 0xe
 1075 00e4 3A       		.uleb128 0x3a
 1076 00e5 0B       		.uleb128 0xb
 1077 00e6 3B       		.uleb128 0x3b
 1078 00e7 0B       		.uleb128 0xb
 1079 00e8 27       		.uleb128 0x27
 1080 00e9 19       		.uleb128 0x19
 1081 00ea 49       		.uleb128 0x49
 1082 00eb 13       		.uleb128 0x13
 1083 00ec 8701     		.uleb128 0x87
 1084 00ee 19       		.uleb128 0x19
 1085 00ef 11       		.uleb128 0x11
 1086 00f0 01       		.uleb128 0x1
 1087 00f1 12       		.uleb128 0x12
 1088 00f2 06       		.uleb128 0x6
 1089 00f3 40       		.uleb128 0x40
ARM GAS  C:\Users\austc\AppData\Local\Temp\ccDZNzbh.s 			page 22


 1090 00f4 18       		.uleb128 0x18
 1091 00f5 9742     		.uleb128 0x2117
 1092 00f7 19       		.uleb128 0x19
 1093 00f8 01       		.uleb128 0x1
 1094 00f9 13       		.uleb128 0x13
 1095 00fa 00       		.byte	0
 1096 00fb 00       		.byte	0
 1097 00fc 13       		.uleb128 0x13
 1098 00fd 34       		.uleb128 0x34
 1099 00fe 00       		.byte	0
 1100 00ff 03       		.uleb128 0x3
 1101 0100 0E       		.uleb128 0xe
 1102 0101 3A       		.uleb128 0x3a
 1103 0102 0B       		.uleb128 0xb
 1104 0103 3B       		.uleb128 0x3b
 1105 0104 0B       		.uleb128 0xb
 1106 0105 49       		.uleb128 0x49
 1107 0106 13       		.uleb128 0x13
 1108 0107 02       		.uleb128 0x2
 1109 0108 18       		.uleb128 0x18
 1110 0109 00       		.byte	0
 1111 010a 00       		.byte	0
 1112 010b 14       		.uleb128 0x14
 1113 010c 0B       		.uleb128 0xb
 1114 010d 01       		.byte	0x1
 1115 010e 55       		.uleb128 0x55
 1116 010f 17       		.uleb128 0x17
 1117 0110 01       		.uleb128 0x1
 1118 0111 13       		.uleb128 0x13
 1119 0112 00       		.byte	0
 1120 0113 00       		.byte	0
 1121 0114 15       		.uleb128 0x15
 1122 0115 34       		.uleb128 0x34
 1123 0116 00       		.byte	0
 1124 0117 03       		.uleb128 0x3
 1125 0118 08       		.uleb128 0x8
 1126 0119 3A       		.uleb128 0x3a
 1127 011a 0B       		.uleb128 0xb
 1128 011b 3B       		.uleb128 0x3b
 1129 011c 0B       		.uleb128 0xb
 1130 011d 49       		.uleb128 0x49
 1131 011e 13       		.uleb128 0x13
 1132 011f 02       		.uleb128 0x2
 1133 0120 17       		.uleb128 0x17
 1134 0121 00       		.byte	0
 1135 0122 00       		.byte	0
 1136 0123 16       		.uleb128 0x16
 1137 0124 34       		.uleb128 0x34
 1138 0125 00       		.byte	0
 1139 0126 03       		.uleb128 0x3
 1140 0127 0E       		.uleb128 0xe
 1141 0128 3A       		.uleb128 0x3a
 1142 0129 0B       		.uleb128 0xb
 1143 012a 3B       		.uleb128 0x3b
 1144 012b 0B       		.uleb128 0xb
 1145 012c 49       		.uleb128 0x49
 1146 012d 13       		.uleb128 0x13
ARM GAS  C:\Users\austc\AppData\Local\Temp\ccDZNzbh.s 			page 23


 1147 012e 3F       		.uleb128 0x3f
 1148 012f 19       		.uleb128 0x19
 1149 0130 02       		.uleb128 0x2
 1150 0131 18       		.uleb128 0x18
 1151 0132 00       		.byte	0
 1152 0133 00       		.byte	0
 1153 0134 17       		.uleb128 0x17
 1154 0135 2E       		.uleb128 0x2e
 1155 0136 00       		.byte	0
 1156 0137 3F       		.uleb128 0x3f
 1157 0138 19       		.uleb128 0x19
 1158 0139 3C       		.uleb128 0x3c
 1159 013a 19       		.uleb128 0x19
 1160 013b 6E       		.uleb128 0x6e
 1161 013c 0E       		.uleb128 0xe
 1162 013d 03       		.uleb128 0x3
 1163 013e 0E       		.uleb128 0xe
 1164 013f 3A       		.uleb128 0x3a
 1165 0140 0B       		.uleb128 0xb
 1166 0141 3B       		.uleb128 0x3b
 1167 0142 0B       		.uleb128 0xb
 1168 0143 00       		.byte	0
 1169 0144 00       		.byte	0
 1170 0145 18       		.uleb128 0x18
 1171 0146 2E       		.uleb128 0x2e
 1172 0147 00       		.byte	0
 1173 0148 3F       		.uleb128 0x3f
 1174 0149 19       		.uleb128 0x19
 1175 014a 3C       		.uleb128 0x3c
 1176 014b 19       		.uleb128 0x19
 1177 014c 6E       		.uleb128 0x6e
 1178 014d 0E       		.uleb128 0xe
 1179 014e 03       		.uleb128 0x3
 1180 014f 0E       		.uleb128 0xe
 1181 0150 3A       		.uleb128 0x3a
 1182 0151 0B       		.uleb128 0xb
 1183 0152 3B       		.uleb128 0x3b
 1184 0153 05       		.uleb128 0x5
 1185 0154 00       		.byte	0
 1186 0155 00       		.byte	0
 1187 0156 19       		.uleb128 0x19
 1188 0157 2E       		.uleb128 0x2e
 1189 0158 00       		.byte	0
 1190 0159 3F       		.uleb128 0x3f
 1191 015a 19       		.uleb128 0x19
 1192 015b 3C       		.uleb128 0x3c
 1193 015c 19       		.uleb128 0x19
 1194 015d 6E       		.uleb128 0x6e
 1195 015e 0E       		.uleb128 0xe
 1196 015f 03       		.uleb128 0x3
 1197 0160 0E       		.uleb128 0xe
 1198 0161 00       		.byte	0
 1199 0162 00       		.byte	0
 1200 0163 00       		.byte	0
 1201              		.section	.debug_loc,"",%progbits
 1202              	.Ldebug_loc0:
 1203              	.LLST0:
ARM GAS  C:\Users\austc\AppData\Local\Temp\ccDZNzbh.s 			page 24


 1204 0000 18000000 		.4byte	.LVL17
 1205 0004 20000000 		.4byte	.LVL18
 1206 0008 0100     		.2byte	0x1
 1207 000a 53       		.byte	0x53
 1208 000b 20000000 		.4byte	.LVL18
 1209 000f 34000000 		.4byte	.LVL20
 1210 0013 0300     		.2byte	0x3
 1211 0015 74       		.byte	0x74
 1212 0016 7F       		.sleb128 -1
 1213 0017 9F       		.byte	0x9f
 1214 0018 34000000 		.4byte	.LVL20
 1215 001c 38000000 		.4byte	.LVL21
 1216 0020 0100     		.2byte	0x1
 1217 0022 54       		.byte	0x54
 1218 0023 3A000000 		.4byte	.LVL22
 1219 0027 49000000 		.4byte	.LVL23-1
 1220 002b 0100     		.2byte	0x1
 1221 002d 53       		.byte	0x53
 1222 002e 00000000 		.4byte	0
 1223 0032 00000000 		.4byte	0
 1224              		.section	.debug_aranges,"",%progbits
 1225 0000 34000000 		.4byte	0x34
 1226 0004 0200     		.2byte	0x2
 1227 0006 00000000 		.4byte	.Ldebug_info0
 1228 000a 04       		.byte	0x4
 1229 000b 00       		.byte	0
 1230 000c 0000     		.2byte	0
 1231 000e 0000     		.2byte	0
 1232 0010 00000000 		.4byte	.LFB35
 1233 0014 2C000000 		.4byte	.LFE35-.LFB35
 1234 0018 00000000 		.4byte	.LFB36
 1235 001c 14000000 		.4byte	.LFE36-.LFB36
 1236 0020 00000000 		.4byte	.LFB38
 1237 0024 50000000 		.4byte	.LFE38-.LFB38
 1238 0028 00000000 		.4byte	.LFB37
 1239 002c 60000000 		.4byte	.LFE37-.LFB37
 1240 0030 00000000 		.4byte	0
 1241 0034 00000000 		.4byte	0
 1242              		.section	.debug_ranges,"",%progbits
 1243              	.Ldebug_ranges0:
 1244 0000 18000000 		.4byte	.LBB2
 1245 0004 38000000 		.4byte	.LBE2
 1246 0008 3A000000 		.4byte	.LBB3
 1247 000c 3E000000 		.4byte	.LBE3
 1248 0010 00000000 		.4byte	0
 1249 0014 00000000 		.4byte	0
 1250 0018 00000000 		.4byte	.LFB35
 1251 001c 2C000000 		.4byte	.LFE35
 1252 0020 00000000 		.4byte	.LFB36
 1253 0024 14000000 		.4byte	.LFE36
 1254 0028 00000000 		.4byte	.LFB38
 1255 002c 50000000 		.4byte	.LFE38
 1256 0030 00000000 		.4byte	.LFB37
 1257 0034 60000000 		.4byte	.LFE37
 1258 0038 00000000 		.4byte	0
 1259 003c 00000000 		.4byte	0
 1260              		.section	.debug_line,"",%progbits
ARM GAS  C:\Users\austc\AppData\Local\Temp\ccDZNzbh.s 			page 25


 1261              	.Ldebug_line0:
 1262 0000 C4020000 		.section	.debug_str,"MS",%progbits,1
 1262      02005302 
 1262      00000201 
 1262      FB0E0D00 
 1262      01010101 
 1263              	.LASF3:
 1264 0000 5F5F7569 		.ascii	"__uint8_t\000"
 1264      6E74385F 
 1264      7400
 1265              	.LASF39:
 1266 000a 54696D65 		.ascii	"Timer_1_Start\000"
 1266      725F315F 
 1266      53746172 
 1266      7400
 1267              	.LASF43:
 1268 0018 6973725F 		.ascii	"isr_period_StartEx\000"
 1268      70657269 
 1268      6F645F53 
 1268      74617274 
 1268      457800
 1269              	.LASF27:
 1270 002b 74784461 		.ascii	"txData\000"
 1270      746100
 1271              	.LASF6:
 1272 0032 6C6F6E67 		.ascii	"long int\000"
 1272      20696E74 
 1272      00
 1273              	.LASF48:
 1274 003b 433A5C55 		.ascii	"C:\\Users\\austc\\OneDrive\\Documents\\Altium\\Moto"
 1274      73657273 
 1274      5C617573 
 1274      74635C4F 
 1274      6E654472 
 1275 0068 722D556E 		.ascii	"r-Unit-Firmware-A-2019-2020\\Motor Unit\\Motor_Boar"
 1275      69742D46 
 1275      69726D77 
 1275      6172652D 
 1275      412D3230 
 1276 0099 645F5265 		.ascii	"d_Rev3.cydsn\000"
 1276      76332E63 
 1276      7964736E 
 1276      00
 1277              	.LASF13:
 1278 00a6 75696E74 		.ascii	"uint8\000"
 1278      3800
 1279              	.LASF40:
 1280 00ac 51756164 		.ascii	"QuadDec_Start\000"
 1280      4465635F 
 1280      53746172 
 1280      7400
 1281              	.LASF37:
 1282 00ba 55415254 		.ascii	"UART_UartPutString\000"
 1282      5F556172 
 1282      74507574 
 1282      53747269 
 1282      6E6700
ARM GAS  C:\Users\austc\AppData\Local\Temp\ccDZNzbh.s 			page 26


 1283              	.LASF45:
 1284 00cd 506F6C6C 		.ascii	"PollAndReceiveCANPacket\000"
 1284      416E6452 
 1284      65636569 
 1284      76654341 
 1284      4E506163 
 1285              	.LASF14:
 1286 00e5 666C6F61 		.ascii	"float\000"
 1286      7400
 1287              	.LASF20:
 1288 00eb 64617461 		.ascii	"data\000"
 1288      00
 1289              	.LASF32:
 1290 00f0 54696D65 		.ascii	"Timer_1_ReadStatusRegister\000"
 1290      725F315F 
 1290      52656164 
 1290      53746174 
 1290      75735265 
 1291              	.LASF22:
 1292 010b 50657269 		.ascii	"Period_Reset_Handler\000"
 1292      6F645F52 
 1292      65736574 
 1292      5F48616E 
 1292      646C6572 
 1293              	.LASF30:
 1294 0120 64726976 		.ascii	"drive\000"
 1294      6500
 1295              	.LASF1:
 1296 0126 756E7369 		.ascii	"unsigned char\000"
 1296      676E6564 
 1296      20636861 
 1296      7200
 1297              	.LASF49:
 1298 0134 74696D65 		.ascii	"timer\000"
 1298      7200
 1299              	.LASF16:
 1300 013a 63686172 		.ascii	"char8\000"
 1300      3800
 1301              	.LASF7:
 1302 0140 6C6F6E67 		.ascii	"long unsigned int\000"
 1302      20756E73 
 1302      69676E65 
 1302      6420696E 
 1302      7400
 1303              	.LASF28:
 1304 0152 696E7661 		.ascii	"invalidate\000"
 1304      6C696461 
 1304      746500
 1305              	.LASF44:
 1306 015d 55415254 		.ascii	"UART_Start\000"
 1306      5F537461 
 1306      727400
 1307              	.LASF26:
 1308 0168 74696D65 		.ascii	"time_LED\000"
 1308      5F4C4544 
 1308      00
 1309              	.LASF4:
ARM GAS  C:\Users\austc\AppData\Local\Temp\ccDZNzbh.s 			page 27


 1310 0171 5F5F7569 		.ascii	"__uint16_t\000"
 1310      6E743136 
 1310      5F7400
 1311              	.LASF15:
 1312 017c 646F7562 		.ascii	"double\000"
 1312      6C6500
 1313              	.LASF2:
 1314 0183 73686F72 		.ascii	"short int\000"
 1314      7420696E 
 1314      7400
 1315              	.LASF42:
 1316 018d 6973725F 		.ascii	"isr_Limit_1_StartEx\000"
 1316      4C696D69 
 1316      745F315F 
 1316      53746172 
 1316      74457800 
 1317              	.LASF50:
 1318 01a1 6D61696E 		.ascii	"main\000"
 1318      00
 1319              	.LASF31:
 1320 01a6 74657374 		.ascii	"test\000"
 1320      00
 1321              	.LASF10:
 1322 01ab 756E7369 		.ascii	"unsigned int\000"
 1322      676E6564 
 1322      20696E74 
 1322      00
 1323              	.LASF24:
 1324 01b8 496E6974 		.ascii	"Initialize\000"
 1324      69616C69 
 1324      7A6500
 1325              	.LASF9:
 1326 01c3 6C6F6E67 		.ascii	"long long unsigned int\000"
 1326      206C6F6E 
 1326      6720756E 
 1326      7369676E 
 1326      65642069 
 1327              	.LASF11:
 1328 01da 75696E74 		.ascii	"uint8_t\000"
 1328      385F7400 
 1329              	.LASF29:
 1330 01e2 6D6F6465 		.ascii	"mode\000"
 1330      00
 1331              	.LASF0:
 1332 01e7 7369676E 		.ascii	"signed char\000"
 1332      65642063 
 1332      68617200 
 1333              	.LASF46:
 1334 01f3 474E5520 		.ascii	"GNU C11 5.4.1 20160609 (release) [ARM/embedded-5-br"
 1334      43313120 
 1334      352E342E 
 1334      31203230 
 1334      31363036 
 1335 0226 616E6368 		.ascii	"anch revision 237715] -mcpu=cortex-m0 -mthumb -g -O"
 1335      20726576 
 1335      6973696F 
 1335      6E203233 
ARM GAS  C:\Users\austc\AppData\Local\Temp\ccDZNzbh.s 			page 28


 1335      37373135 
 1336 0259 67202D66 		.ascii	"g -ffunction-sections -ffat-lto-objects\000"
 1336      66756E63 
 1336      74696F6E 
 1336      2D736563 
 1336      74696F6E 
 1337              	.LASF21:
 1338 0281 43414E50 		.ascii	"CANPacket\000"
 1338      61636B65 
 1338      7400
 1339              	.LASF41:
 1340 028b 43414E5F 		.ascii	"CAN_GlobalIntEnable\000"
 1340      476C6F62 
 1340      616C496E 
 1340      74456E61 
 1340      626C6500 
 1341              	.LASF19:
 1342 029f 73697A65 		.ascii	"sizetype\000"
 1342      74797065 
 1342      00
 1343              	.LASF8:
 1344 02a8 6C6F6E67 		.ascii	"long long int\000"
 1344      206C6F6E 
 1344      6720696E 
 1344      7400
 1345              	.LASF47:
 1346 02b6 6D61696E 		.ascii	"main.c\000"
 1346      2E6300
 1347              	.LASF17:
 1348 02bd 63686172 		.ascii	"char\000"
 1348      00
 1349              	.LASF51:
 1350 02c2 6D656D63 		.ascii	"memcpy\000"
 1350      707900
 1351              	.LASF38:
 1352 02c9 496E6974 		.ascii	"InitCAN\000"
 1352      43414E00 
 1353              	.LASF12:
 1354 02d1 75696E74 		.ascii	"uint16_t\000"
 1354      31365F74 
 1354      00
 1355              	.LASF34:
 1356 02da 51756164 		.ascii	"QuadDec_SetCounter\000"
 1356      4465635F 
 1356      53657443 
 1356      6F756E74 
 1356      657200
 1357              	.LASF18:
 1358 02ed 6C6F6E67 		.ascii	"long double\000"
 1358      20646F75 
 1358      626C6500 
 1359              	.LASF35:
 1360 02f9 43616E5F 		.ascii	"Can_addr_Read\000"
 1360      61646472 
 1360      5F526561 
 1360      6400
 1361              	.LASF33:
ARM GAS  C:\Users\austc\AppData\Local\Temp\ccDZNzbh.s 			page 29


 1362 0307 7365745F 		.ascii	"set_PWM\000"
 1362      50574D00 
 1363              	.LASF5:
 1364 030f 73686F72 		.ascii	"short unsigned int\000"
 1364      7420756E 
 1364      7369676E 
 1364      65642069 
 1364      6E7400
 1365              	.LASF25:
 1366 0322 6D793650 		.ascii	"my6Pack\000"
 1366      61636B00 
 1367              	.LASF36:
 1368 032a 73707269 		.ascii	"sprintf\000"
 1368      6E746600 
 1369              	.LASF23:
 1370 0332 50696E5F 		.ascii	"Pin_Limit_Handler\000"
 1370      4C696D69 
 1370      745F4861 
 1370      6E646C65 
 1370      7200
 1371              		.ident	"GCC: (GNU Tools for ARM Embedded Processors) 5.4.1 20160609 (release) [ARM/embedded-5-bran
