ARM GAS  C:\Users\Austcha\AppData\Local\Temp\ccD9Srrr.s 			page 1


   1              		.syntax unified
   2              		.cpu cortex-m0
   3              		.fpu softvfp
   4              		.eabi_attribute 20, 1
   5              		.eabi_attribute 21, 1
   6              		.eabi_attribute 23, 3
   7              		.eabi_attribute 24, 1
   8              		.eabi_attribute 25, 1
   9              		.eabi_attribute 26, 1
  10              		.eabi_attribute 30, 1
  11              		.eabi_attribute 34, 0
  12              		.eabi_attribute 18, 4
  13              		.thumb
  14              		.syntax unified
  15              		.file	"MotorDrive.c"
  16              		.text
  17              	.Ltext0:
  18              		.cfi_sections	.debug_frame
  19              		.section	.text.set_PWM,"ax",%progbits
  20              		.align	2
  21              		.global	set_PWM
  22              		.code	16
  23              		.thumb_func
  24              		.type	set_PWM, %function
  25              	set_PWM:
  26              	.LFB35:
  27              		.file 1 "MotorDrive.c"
   1:MotorDrive.c  **** /* ========================================
   2:MotorDrive.c  ****  *
   3:MotorDrive.c  ****  * Copyright YOUR COMPANY, THE YEAR
   4:MotorDrive.c  ****  * All Rights Reserved
   5:MotorDrive.c  ****  * UNPUBLISHED, LICENSED SOFTWARE.
   6:MotorDrive.c  ****  *
   7:MotorDrive.c  ****  * CONFIDENTIAL AND PROPRIETARY INFORMATION
   8:MotorDrive.c  ****  * WHICH IS THE PROPERTY OF your company.
   9:MotorDrive.c  ****  *
  10:MotorDrive.c  ****  * ========================================
  11:MotorDrive.c  **** */
  12:MotorDrive.c  **** #include <project.h>
  13:MotorDrive.c  **** #include "cyapicallbacks.h"
  14:MotorDrive.c  **** #include <stdio.h>
  15:MotorDrive.c  **** #include "MotorDrive.h"
  16:MotorDrive.c  **** 
  17:MotorDrive.c  **** extern uint8 invalidate;
  18:MotorDrive.c  **** extern char8 txData[TX_DATA_SIZE];
  19:MotorDrive.c  **** 
  20:MotorDrive.c  **** //uint8 limitSW = Status_Reg_Switches_Read();
  21:MotorDrive.c  **** 
  22:MotorDrive.c  **** // takes between -255 and 255
  23:MotorDrive.c  **** void set_PWM(int32_t compare, uint8_t disable_limit, uint8 limitSW) {
  28              		.loc 1 23 0
  29              		.cfi_startproc
  30              		@ args = 0, pretend = 0, frame = 0
  31              		@ frame_needed = 0, uses_anonymous_args = 0
  32              	.LVL0:
  33 0000 F8B5     		push	{r3, r4, r5, r6, r7, lr}
  34              		.cfi_def_cfa_offset 24
ARM GAS  C:\Users\Austcha\AppData\Local\Temp\ccD9Srrr.s 			page 2


  35              		.cfi_offset 3, -24
  36              		.cfi_offset 4, -20
  37              		.cfi_offset 5, -16
  38              		.cfi_offset 6, -12
  39              		.cfi_offset 7, -8
  40              		.cfi_offset 14, -4
  41 0002 0400     		movs	r4, r0
  42 0004 0E00     		movs	r6, r1
  43 0006 1700     		movs	r7, r2
  24:MotorDrive.c  **** 
  25:MotorDrive.c  ****     sprintf(txData, "PWM:%d disable_limit: %d\r\n",compare,disable_limit);
  44              		.loc 1 25 0
  45 0008 174D     		ldr	r5, .L7
  46 000a 0B00     		movs	r3, r1
  47 000c 0200     		movs	r2, r0
  48              	.LVL1:
  49 000e 1749     		ldr	r1, .L7+4
  50              	.LVL2:
  51 0010 2800     		movs	r0, r5
  52              	.LVL3:
  53 0012 FFF7FEFF 		bl	sprintf
  54              	.LVL4:
  26:MotorDrive.c  ****     UART_UartPutString(txData); 
  55              		.loc 1 26 0
  56 0016 2800     		movs	r0, r5
  57 0018 FFF7FEFF 		bl	UART_UartPutString
  58              	.LVL5:
  27:MotorDrive.c  **** 
  28:MotorDrive.c  ****     invalidate = 0;
  59              		.loc 1 28 0
  60 001c 0022     		movs	r2, #0
  61 001e 144B     		ldr	r3, .L7+8
  62 0020 1A70     		strb	r2, [r3]
  29:MotorDrive.c  ****     if (compare < -65535 || compare > 65535) { return; }
  63              		.loc 1 29 0
  64 0022 144B     		ldr	r3, .L7+12
  65 0024 E218     		adds	r2, r4, r3
  66 0026 144B     		ldr	r3, .L7+16
  67 0028 9A42     		cmp	r2, r3
  68 002a 1CD8     		bhi	.L1
  30:MotorDrive.c  ****     if (compare < 0 && (!(limitSW & 0b01) || disable_limit) ) {
  69              		.loc 1 30 0
  70 002c 002C     		cmp	r4, #0
  71 002e 0ADA     		bge	.L3
  72              		.loc 1 30 0 is_stmt 0 discriminator 1
  73 0030 FB07     		lsls	r3, r7, #31
  74 0032 01D5     		bpl	.L4
  75              		.loc 1 30 0 discriminator 2
  76 0034 002E     		cmp	r6, #0
  77 0036 06D0     		beq	.L3
  78              	.L4:
  31:MotorDrive.c  ****         Pin_Direction_Write(0);
  79              		.loc 1 31 0 is_stmt 1
  80 0038 0020     		movs	r0, #0
  81 003a FFF7FEFF 		bl	Pin_Direction_Write
  82              	.LVL6:
  32:MotorDrive.c  ****         PWM_Motor_WriteCompare(-compare);
ARM GAS  C:\Users\Austcha\AppData\Local\Temp\ccD9Srrr.s 			page 3


  83              		.loc 1 32 0
  84 003e 6042     		rsbs	r0, r4, #0
  85 0040 FFF7FEFF 		bl	PWM_Motor_WriteCompare
  86              	.LVL7:
  87 0044 0FE0     		b	.L1
  88              	.L3:
  33:MotorDrive.c  ****     } else if (compare > 0 && (!(limitSW & 0b10) || disable_limit) ){
  89              		.loc 1 33 0
  90 0046 002C     		cmp	r4, #0
  91 0048 0ADD     		ble	.L5
  92              		.loc 1 33 0 is_stmt 0 discriminator 1
  93 004a BB07     		lsls	r3, r7, #30
  94 004c 01D5     		bpl	.L6
  95              		.loc 1 33 0 discriminator 2
  96 004e 002E     		cmp	r6, #0
  97 0050 06D0     		beq	.L5
  98              	.L6:
  34:MotorDrive.c  ****         Pin_Direction_Write(1);
  99              		.loc 1 34 0 is_stmt 1
 100 0052 0120     		movs	r0, #1
 101 0054 FFF7FEFF 		bl	Pin_Direction_Write
 102              	.LVL8:
  35:MotorDrive.c  ****         PWM_Motor_WriteCompare(compare);
 103              		.loc 1 35 0
 104 0058 2000     		movs	r0, r4
 105 005a FFF7FEFF 		bl	PWM_Motor_WriteCompare
 106              	.LVL9:
 107 005e 02E0     		b	.L1
 108              	.L5:
  36:MotorDrive.c  ****     } else {
  37:MotorDrive.c  ****         PWM_Motor_WriteCompare(0);
 109              		.loc 1 37 0
 110 0060 0020     		movs	r0, #0
 111 0062 FFF7FEFF 		bl	PWM_Motor_WriteCompare
 112              	.LVL10:
 113              	.L1:
  38:MotorDrive.c  ****     }
  39:MotorDrive.c  **** }
 114              		.loc 1 39 0
 115              		@ sp needed
 116              	.LVL11:
 117 0066 F8BD     		pop	{r3, r4, r5, r6, r7, pc}
 118              	.L8:
 119              		.align	2
 120              	.L7:
 121 0068 00000000 		.word	txData
 122 006c 00000000 		.word	.LC0
 123 0070 00000000 		.word	invalidate
 124 0074 FFFF0000 		.word	65535
 125 0078 FEFF0100 		.word	131070
 126              		.cfi_endproc
 127              	.LFE35:
 128              		.size	set_PWM, .-set_PWM
 129              		.section	.rodata.str1.4,"aMS",%progbits,1
 130              		.align	2
 131              	.LC0:
 132 0000 50574D3A 		.ascii	"PWM:%d disable_limit: %d\015\012\000"
ARM GAS  C:\Users\Austcha\AppData\Local\Temp\ccD9Srrr.s 			page 4


 132      25642064 
 132      69736162 
 132      6C655F6C 
 132      696D6974 
 133              		.text
 134              	.Letext0:
 135              		.file 2 "c:\\program files (x86)\\cypress\\psoc creator\\4.3\\psoc creator\\import\\gnu\\arm\\5.4.
 136              		.file 3 "c:\\program files (x86)\\cypress\\psoc creator\\4.3\\psoc creator\\import\\gnu\\arm\\5.4.
 137              		.file 4 "Generated_Source\\PSoC4/cytypes.h"
 138              		.file 5 "c:\\program files (x86)\\cypress\\psoc creator\\4.3\\psoc creator\\import\\gnu\\arm\\5.4.
 139              		.file 6 "Generated_Source\\PSoC4/UART_SPI_UART.h"
 140              		.file 7 "Generated_Source\\PSoC4/Pin_Direction.h"
 141              		.file 8 "Generated_Source\\PSoC4/PWM_Motor.h"
 142              		.section	.debug_info,"",%progbits
 143              	.Ldebug_info0:
 144 0000 01020000 		.4byte	0x201
 145 0004 0400     		.2byte	0x4
 146 0006 00000000 		.4byte	.Ldebug_abbrev0
 147 000a 04       		.byte	0x4
 148 000b 01       		.uleb128 0x1
 149 000c 6F010000 		.4byte	.LASF29
 150 0010 0C       		.byte	0xc
 151 0011 2E000000 		.4byte	.LASF30
 152 0015 60000000 		.4byte	.LASF31
 153 0019 00000000 		.4byte	.Ldebug_ranges0+0
 154 001d 00000000 		.4byte	0
 155 0021 00000000 		.4byte	.Ldebug_line0
 156 0025 02       		.uleb128 0x2
 157 0026 01       		.byte	0x1
 158 0027 06       		.byte	0x6
 159 0028 54000000 		.4byte	.LASF0
 160 002c 03       		.uleb128 0x3
 161 002d 00000000 		.4byte	.LASF4
 162 0031 02       		.byte	0x2
 163 0032 1D       		.byte	0x1d
 164 0033 37000000 		.4byte	0x37
 165 0037 02       		.uleb128 0x2
 166 0038 01       		.byte	0x1
 167 0039 08       		.byte	0x8
 168 003a EC000000 		.4byte	.LASF1
 169 003e 02       		.uleb128 0x2
 170 003f 02       		.byte	0x2
 171 0040 05       		.byte	0x5
 172 0041 21020000 		.4byte	.LASF2
 173 0045 02       		.uleb128 0x2
 174 0046 02       		.byte	0x2
 175 0047 07       		.byte	0x7
 176 0048 1B000000 		.4byte	.LASF3
 177 004c 03       		.uleb128 0x3
 178 004d 0A000000 		.4byte	.LASF5
 179 0051 02       		.byte	0x2
 180 0052 3F       		.byte	0x3f
 181 0053 57000000 		.4byte	0x57
 182 0057 02       		.uleb128 0x2
 183 0058 04       		.byte	0x4
 184 0059 05       		.byte	0x5
 185 005a 45020000 		.4byte	.LASF6
ARM GAS  C:\Users\Austcha\AppData\Local\Temp\ccD9Srrr.s 			page 5


 186 005e 02       		.uleb128 0x2
 187 005f 04       		.byte	0x4
 188 0060 07       		.byte	0x7
 189 0061 00010000 		.4byte	.LASF7
 190 0065 02       		.uleb128 0x2
 191 0066 08       		.byte	0x8
 192 0067 05       		.byte	0x5
 193 0068 0E020000 		.4byte	.LASF8
 194 006c 02       		.uleb128 0x2
 195 006d 08       		.byte	0x8
 196 006e 07       		.byte	0x7
 197 006f 50010000 		.4byte	.LASF9
 198 0073 04       		.uleb128 0x4
 199 0074 04       		.byte	0x4
 200 0075 05       		.byte	0x5
 201 0076 696E7400 		.ascii	"int\000"
 202 007a 02       		.uleb128 0x2
 203 007b 04       		.byte	0x4
 204 007c 07       		.byte	0x7
 205 007d 43010000 		.4byte	.LASF10
 206 0081 03       		.uleb128 0x3
 207 0082 67010000 		.4byte	.LASF11
 208 0086 03       		.byte	0x3
 209 0087 18       		.byte	0x18
 210 0088 2C000000 		.4byte	0x2c
 211 008c 03       		.uleb128 0x3
 212 008d FD010000 		.4byte	.LASF12
 213 0091 03       		.byte	0x3
 214 0092 2C       		.byte	0x2c
 215 0093 4C000000 		.4byte	0x4c
 216 0097 05       		.uleb128 0x5
 217 0098 3F020000 		.4byte	.LASF13
 218 009c 04       		.byte	0x4
 219 009d E401     		.2byte	0x1e4
 220 009f 37000000 		.4byte	0x37
 221 00a3 02       		.uleb128 0x2
 222 00a4 04       		.byte	0x4
 223 00a5 04       		.byte	0x4
 224 00a6 4E000000 		.4byte	.LASF14
 225 00aa 02       		.uleb128 0x2
 226 00ab 08       		.byte	0x8
 227 00ac 04       		.byte	0x4
 228 00ad 3C010000 		.4byte	.LASF15
 229 00b1 05       		.uleb128 0x5
 230 00b2 FA000000 		.4byte	.LASF16
 231 00b6 04       		.byte	0x4
 232 00b7 F501     		.2byte	0x1f5
 233 00b9 BD000000 		.4byte	0xbd
 234 00bd 02       		.uleb128 0x2
 235 00be 01       		.byte	0x1
 236 00bf 08       		.byte	0x8
 237 00c0 1C020000 		.4byte	.LASF17
 238 00c4 02       		.uleb128 0x2
 239 00c5 08       		.byte	0x8
 240 00c6 04       		.byte	0x4
 241 00c7 4E020000 		.4byte	.LASF18
 242 00cb 02       		.uleb128 0x2
ARM GAS  C:\Users\Austcha\AppData\Local\Temp\ccD9Srrr.s 			page 6


 243 00cc 04       		.byte	0x4
 244 00cd 07       		.byte	0x7
 245 00ce 05020000 		.4byte	.LASF19
 246 00d2 06       		.uleb128 0x6
 247 00d3 5A020000 		.4byte	.LASF32
 248 00d7 01       		.byte	0x1
 249 00d8 17       		.byte	0x17
 250 00d9 00000000 		.4byte	.LFB35
 251 00dd 7C000000 		.4byte	.LFE35-.LFB35
 252 00e1 01       		.uleb128 0x1
 253 00e2 9C       		.byte	0x9c
 254 00e3 B0010000 		.4byte	0x1b0
 255 00e7 07       		.uleb128 0x7
 256 00e8 62020000 		.4byte	.LASF20
 257 00ec 01       		.byte	0x1
 258 00ed 17       		.byte	0x17
 259 00ee 8C000000 		.4byte	0x8c
 260 00f2 00000000 		.4byte	.LLST0
 261 00f6 07       		.uleb128 0x7
 262 00f7 DE000000 		.4byte	.LASF21
 263 00fb 01       		.byte	0x1
 264 00fc 17       		.byte	0x17
 265 00fd 81000000 		.4byte	0x81
 266 0101 37000000 		.4byte	.LLST1
 267 0105 07       		.uleb128 0x7
 268 0106 34010000 		.4byte	.LASF22
 269 010a 01       		.byte	0x1
 270 010b 17       		.byte	0x17
 271 010c 97000000 		.4byte	0x97
 272 0110 58000000 		.4byte	.LLST2
 273 0114 08       		.uleb128 0x8
 274 0115 16000000 		.4byte	.LVL4
 275 0119 D6010000 		.4byte	0x1d6
 276 011d 3D010000 		.4byte	0x13d
 277 0121 09       		.uleb128 0x9
 278 0122 01       		.uleb128 0x1
 279 0123 50       		.byte	0x50
 280 0124 02       		.uleb128 0x2
 281 0125 75       		.byte	0x75
 282 0126 00       		.sleb128 0
 283 0127 09       		.uleb128 0x9
 284 0128 01       		.uleb128 0x1
 285 0129 51       		.byte	0x51
 286 012a 05       		.uleb128 0x5
 287 012b 03       		.byte	0x3
 288 012c 00000000 		.4byte	.LC0
 289 0130 09       		.uleb128 0x9
 290 0131 01       		.uleb128 0x1
 291 0132 52       		.byte	0x52
 292 0133 02       		.uleb128 0x2
 293 0134 74       		.byte	0x74
 294 0135 00       		.sleb128 0
 295 0136 09       		.uleb128 0x9
 296 0137 01       		.uleb128 0x1
 297 0138 53       		.byte	0x53
 298 0139 02       		.uleb128 0x2
 299 013a 76       		.byte	0x76
ARM GAS  C:\Users\Austcha\AppData\Local\Temp\ccD9Srrr.s 			page 7


 300 013b 00       		.sleb128 0
 301 013c 00       		.byte	0
 302 013d 08       		.uleb128 0x8
 303 013e 1C000000 		.4byte	.LVL5
 304 0142 E1010000 		.4byte	0x1e1
 305 0146 51010000 		.4byte	0x151
 306 014a 09       		.uleb128 0x9
 307 014b 01       		.uleb128 0x1
 308 014c 50       		.byte	0x50
 309 014d 02       		.uleb128 0x2
 310 014e 75       		.byte	0x75
 311 014f 00       		.sleb128 0
 312 0150 00       		.byte	0
 313 0151 08       		.uleb128 0x8
 314 0152 3E000000 		.4byte	.LVL6
 315 0156 ED010000 		.4byte	0x1ed
 316 015a 64010000 		.4byte	0x164
 317 015e 09       		.uleb128 0x9
 318 015f 01       		.uleb128 0x1
 319 0160 50       		.byte	0x50
 320 0161 01       		.uleb128 0x1
 321 0162 30       		.byte	0x30
 322 0163 00       		.byte	0
 323 0164 08       		.uleb128 0x8
 324 0165 44000000 		.4byte	.LVL7
 325 0169 F8010000 		.4byte	0x1f8
 326 016d 79010000 		.4byte	0x179
 327 0171 09       		.uleb128 0x9
 328 0172 01       		.uleb128 0x1
 329 0173 50       		.byte	0x50
 330 0174 03       		.uleb128 0x3
 331 0175 74       		.byte	0x74
 332 0176 00       		.sleb128 0
 333 0177 1F       		.byte	0x1f
 334 0178 00       		.byte	0
 335 0179 08       		.uleb128 0x8
 336 017a 58000000 		.4byte	.LVL8
 337 017e ED010000 		.4byte	0x1ed
 338 0182 8C010000 		.4byte	0x18c
 339 0186 09       		.uleb128 0x9
 340 0187 01       		.uleb128 0x1
 341 0188 50       		.byte	0x50
 342 0189 01       		.uleb128 0x1
 343 018a 31       		.byte	0x31
 344 018b 00       		.byte	0
 345 018c 08       		.uleb128 0x8
 346 018d 5E000000 		.4byte	.LVL9
 347 0191 F8010000 		.4byte	0x1f8
 348 0195 A0010000 		.4byte	0x1a0
 349 0199 09       		.uleb128 0x9
 350 019a 01       		.uleb128 0x1
 351 019b 50       		.byte	0x50
 352 019c 02       		.uleb128 0x2
 353 019d 74       		.byte	0x74
 354 019e 00       		.sleb128 0
 355 019f 00       		.byte	0
 356 01a0 0A       		.uleb128 0xa
ARM GAS  C:\Users\Austcha\AppData\Local\Temp\ccD9Srrr.s 			page 8


 357 01a1 66000000 		.4byte	.LVL10
 358 01a5 F8010000 		.4byte	0x1f8
 359 01a9 09       		.uleb128 0x9
 360 01aa 01       		.uleb128 0x1
 361 01ab 50       		.byte	0x50
 362 01ac 01       		.uleb128 0x1
 363 01ad 30       		.byte	0x30
 364 01ae 00       		.byte	0
 365 01af 00       		.byte	0
 366 01b0 0B       		.uleb128 0xb
 367 01b1 12010000 		.4byte	.LASF23
 368 01b5 01       		.byte	0x1
 369 01b6 11       		.byte	0x11
 370 01b7 97000000 		.4byte	0x97
 371 01bb 0C       		.uleb128 0xc
 372 01bc B1000000 		.4byte	0xb1
 373 01c0 CB010000 		.4byte	0x1cb
 374 01c4 0D       		.uleb128 0xd
 375 01c5 CB000000 		.4byte	0xcb
 376 01c9 63       		.byte	0x63
 377 01ca 00       		.byte	0
 378 01cb 0B       		.uleb128 0xb
 379 01cc 14000000 		.4byte	.LASF24
 380 01d0 01       		.byte	0x1
 381 01d1 12       		.byte	0x12
 382 01d2 BB010000 		.4byte	0x1bb
 383 01d6 0E       		.uleb128 0xe
 384 01d7 6A020000 		.4byte	.LASF25
 385 01db 6A020000 		.4byte	.LASF25
 386 01df 05       		.byte	0x5
 387 01e0 E7       		.byte	0xe7
 388 01e1 0F       		.uleb128 0xf
 389 01e2 3B000000 		.4byte	.LASF26
 390 01e6 3B000000 		.4byte	.LASF26
 391 01ea 06       		.byte	0x6
 392 01eb 2A03     		.2byte	0x32a
 393 01ed 0E       		.uleb128 0xe
 394 01ee 2B020000 		.4byte	.LASF27
 395 01f2 2B020000 		.4byte	.LASF27
 396 01f6 07       		.byte	0x7
 397 01f7 33       		.byte	0x33
 398 01f8 0F       		.uleb128 0xf
 399 01f9 1D010000 		.4byte	.LASF28
 400 01fd 1D010000 		.4byte	.LASF28
 401 0201 08       		.byte	0x8
 402 0202 5501     		.2byte	0x155
 403 0204 00       		.byte	0
 404              		.section	.debug_abbrev,"",%progbits
 405              	.Ldebug_abbrev0:
 406 0000 01       		.uleb128 0x1
 407 0001 11       		.uleb128 0x11
 408 0002 01       		.byte	0x1
 409 0003 25       		.uleb128 0x25
 410 0004 0E       		.uleb128 0xe
 411 0005 13       		.uleb128 0x13
 412 0006 0B       		.uleb128 0xb
 413 0007 03       		.uleb128 0x3
ARM GAS  C:\Users\Austcha\AppData\Local\Temp\ccD9Srrr.s 			page 9


 414 0008 0E       		.uleb128 0xe
 415 0009 1B       		.uleb128 0x1b
 416 000a 0E       		.uleb128 0xe
 417 000b 55       		.uleb128 0x55
 418 000c 17       		.uleb128 0x17
 419 000d 11       		.uleb128 0x11
 420 000e 01       		.uleb128 0x1
 421 000f 10       		.uleb128 0x10
 422 0010 17       		.uleb128 0x17
 423 0011 00       		.byte	0
 424 0012 00       		.byte	0
 425 0013 02       		.uleb128 0x2
 426 0014 24       		.uleb128 0x24
 427 0015 00       		.byte	0
 428 0016 0B       		.uleb128 0xb
 429 0017 0B       		.uleb128 0xb
 430 0018 3E       		.uleb128 0x3e
 431 0019 0B       		.uleb128 0xb
 432 001a 03       		.uleb128 0x3
 433 001b 0E       		.uleb128 0xe
 434 001c 00       		.byte	0
 435 001d 00       		.byte	0
 436 001e 03       		.uleb128 0x3
 437 001f 16       		.uleb128 0x16
 438 0020 00       		.byte	0
 439 0021 03       		.uleb128 0x3
 440 0022 0E       		.uleb128 0xe
 441 0023 3A       		.uleb128 0x3a
 442 0024 0B       		.uleb128 0xb
 443 0025 3B       		.uleb128 0x3b
 444 0026 0B       		.uleb128 0xb
 445 0027 49       		.uleb128 0x49
 446 0028 13       		.uleb128 0x13
 447 0029 00       		.byte	0
 448 002a 00       		.byte	0
 449 002b 04       		.uleb128 0x4
 450 002c 24       		.uleb128 0x24
 451 002d 00       		.byte	0
 452 002e 0B       		.uleb128 0xb
 453 002f 0B       		.uleb128 0xb
 454 0030 3E       		.uleb128 0x3e
 455 0031 0B       		.uleb128 0xb
 456 0032 03       		.uleb128 0x3
 457 0033 08       		.uleb128 0x8
 458 0034 00       		.byte	0
 459 0035 00       		.byte	0
 460 0036 05       		.uleb128 0x5
 461 0037 16       		.uleb128 0x16
 462 0038 00       		.byte	0
 463 0039 03       		.uleb128 0x3
 464 003a 0E       		.uleb128 0xe
 465 003b 3A       		.uleb128 0x3a
 466 003c 0B       		.uleb128 0xb
 467 003d 3B       		.uleb128 0x3b
 468 003e 05       		.uleb128 0x5
 469 003f 49       		.uleb128 0x49
 470 0040 13       		.uleb128 0x13
ARM GAS  C:\Users\Austcha\AppData\Local\Temp\ccD9Srrr.s 			page 10


 471 0041 00       		.byte	0
 472 0042 00       		.byte	0
 473 0043 06       		.uleb128 0x6
 474 0044 2E       		.uleb128 0x2e
 475 0045 01       		.byte	0x1
 476 0046 3F       		.uleb128 0x3f
 477 0047 19       		.uleb128 0x19
 478 0048 03       		.uleb128 0x3
 479 0049 0E       		.uleb128 0xe
 480 004a 3A       		.uleb128 0x3a
 481 004b 0B       		.uleb128 0xb
 482 004c 3B       		.uleb128 0x3b
 483 004d 0B       		.uleb128 0xb
 484 004e 27       		.uleb128 0x27
 485 004f 19       		.uleb128 0x19
 486 0050 11       		.uleb128 0x11
 487 0051 01       		.uleb128 0x1
 488 0052 12       		.uleb128 0x12
 489 0053 06       		.uleb128 0x6
 490 0054 40       		.uleb128 0x40
 491 0055 18       		.uleb128 0x18
 492 0056 9742     		.uleb128 0x2117
 493 0058 19       		.uleb128 0x19
 494 0059 01       		.uleb128 0x1
 495 005a 13       		.uleb128 0x13
 496 005b 00       		.byte	0
 497 005c 00       		.byte	0
 498 005d 07       		.uleb128 0x7
 499 005e 05       		.uleb128 0x5
 500 005f 00       		.byte	0
 501 0060 03       		.uleb128 0x3
 502 0061 0E       		.uleb128 0xe
 503 0062 3A       		.uleb128 0x3a
 504 0063 0B       		.uleb128 0xb
 505 0064 3B       		.uleb128 0x3b
 506 0065 0B       		.uleb128 0xb
 507 0066 49       		.uleb128 0x49
 508 0067 13       		.uleb128 0x13
 509 0068 02       		.uleb128 0x2
 510 0069 17       		.uleb128 0x17
 511 006a 00       		.byte	0
 512 006b 00       		.byte	0
 513 006c 08       		.uleb128 0x8
 514 006d 898201   		.uleb128 0x4109
 515 0070 01       		.byte	0x1
 516 0071 11       		.uleb128 0x11
 517 0072 01       		.uleb128 0x1
 518 0073 31       		.uleb128 0x31
 519 0074 13       		.uleb128 0x13
 520 0075 01       		.uleb128 0x1
 521 0076 13       		.uleb128 0x13
 522 0077 00       		.byte	0
 523 0078 00       		.byte	0
 524 0079 09       		.uleb128 0x9
 525 007a 8A8201   		.uleb128 0x410a
 526 007d 00       		.byte	0
 527 007e 02       		.uleb128 0x2
ARM GAS  C:\Users\Austcha\AppData\Local\Temp\ccD9Srrr.s 			page 11


 528 007f 18       		.uleb128 0x18
 529 0080 9142     		.uleb128 0x2111
 530 0082 18       		.uleb128 0x18
 531 0083 00       		.byte	0
 532 0084 00       		.byte	0
 533 0085 0A       		.uleb128 0xa
 534 0086 898201   		.uleb128 0x4109
 535 0089 01       		.byte	0x1
 536 008a 11       		.uleb128 0x11
 537 008b 01       		.uleb128 0x1
 538 008c 31       		.uleb128 0x31
 539 008d 13       		.uleb128 0x13
 540 008e 00       		.byte	0
 541 008f 00       		.byte	0
 542 0090 0B       		.uleb128 0xb
 543 0091 34       		.uleb128 0x34
 544 0092 00       		.byte	0
 545 0093 03       		.uleb128 0x3
 546 0094 0E       		.uleb128 0xe
 547 0095 3A       		.uleb128 0x3a
 548 0096 0B       		.uleb128 0xb
 549 0097 3B       		.uleb128 0x3b
 550 0098 0B       		.uleb128 0xb
 551 0099 49       		.uleb128 0x49
 552 009a 13       		.uleb128 0x13
 553 009b 3F       		.uleb128 0x3f
 554 009c 19       		.uleb128 0x19
 555 009d 3C       		.uleb128 0x3c
 556 009e 19       		.uleb128 0x19
 557 009f 00       		.byte	0
 558 00a0 00       		.byte	0
 559 00a1 0C       		.uleb128 0xc
 560 00a2 01       		.uleb128 0x1
 561 00a3 01       		.byte	0x1
 562 00a4 49       		.uleb128 0x49
 563 00a5 13       		.uleb128 0x13
 564 00a6 01       		.uleb128 0x1
 565 00a7 13       		.uleb128 0x13
 566 00a8 00       		.byte	0
 567 00a9 00       		.byte	0
 568 00aa 0D       		.uleb128 0xd
 569 00ab 21       		.uleb128 0x21
 570 00ac 00       		.byte	0
 571 00ad 49       		.uleb128 0x49
 572 00ae 13       		.uleb128 0x13
 573 00af 2F       		.uleb128 0x2f
 574 00b0 0B       		.uleb128 0xb
 575 00b1 00       		.byte	0
 576 00b2 00       		.byte	0
 577 00b3 0E       		.uleb128 0xe
 578 00b4 2E       		.uleb128 0x2e
 579 00b5 00       		.byte	0
 580 00b6 3F       		.uleb128 0x3f
 581 00b7 19       		.uleb128 0x19
 582 00b8 3C       		.uleb128 0x3c
 583 00b9 19       		.uleb128 0x19
 584 00ba 6E       		.uleb128 0x6e
ARM GAS  C:\Users\Austcha\AppData\Local\Temp\ccD9Srrr.s 			page 12


 585 00bb 0E       		.uleb128 0xe
 586 00bc 03       		.uleb128 0x3
 587 00bd 0E       		.uleb128 0xe
 588 00be 3A       		.uleb128 0x3a
 589 00bf 0B       		.uleb128 0xb
 590 00c0 3B       		.uleb128 0x3b
 591 00c1 0B       		.uleb128 0xb
 592 00c2 00       		.byte	0
 593 00c3 00       		.byte	0
 594 00c4 0F       		.uleb128 0xf
 595 00c5 2E       		.uleb128 0x2e
 596 00c6 00       		.byte	0
 597 00c7 3F       		.uleb128 0x3f
 598 00c8 19       		.uleb128 0x19
 599 00c9 3C       		.uleb128 0x3c
 600 00ca 19       		.uleb128 0x19
 601 00cb 6E       		.uleb128 0x6e
 602 00cc 0E       		.uleb128 0xe
 603 00cd 03       		.uleb128 0x3
 604 00ce 0E       		.uleb128 0xe
 605 00cf 3A       		.uleb128 0x3a
 606 00d0 0B       		.uleb128 0xb
 607 00d1 3B       		.uleb128 0x3b
 608 00d2 05       		.uleb128 0x5
 609 00d3 00       		.byte	0
 610 00d4 00       		.byte	0
 611 00d5 00       		.byte	0
 612              		.section	.debug_loc,"",%progbits
 613              	.Ldebug_loc0:
 614              	.LLST0:
 615 0000 00000000 		.4byte	.LVL0
 616 0004 12000000 		.4byte	.LVL3
 617 0008 0100     		.2byte	0x1
 618 000a 50       		.byte	0x50
 619 000b 12000000 		.4byte	.LVL3
 620 000f 15000000 		.4byte	.LVL4-1
 621 0013 0100     		.2byte	0x1
 622 0015 52       		.byte	0x52
 623 0016 15000000 		.4byte	.LVL4-1
 624 001a 66000000 		.4byte	.LVL11
 625 001e 0100     		.2byte	0x1
 626 0020 54       		.byte	0x54
 627 0021 66000000 		.4byte	.LVL11
 628 0025 7C000000 		.4byte	.LFE35
 629 0029 0400     		.2byte	0x4
 630 002b F3       		.byte	0xf3
 631 002c 01       		.uleb128 0x1
 632 002d 50       		.byte	0x50
 633 002e 9F       		.byte	0x9f
 634 002f 00000000 		.4byte	0
 635 0033 00000000 		.4byte	0
 636              	.LLST1:
 637 0037 00000000 		.4byte	.LVL0
 638 003b 10000000 		.4byte	.LVL2
 639 003f 0100     		.2byte	0x1
 640 0041 51       		.byte	0x51
 641 0042 10000000 		.4byte	.LVL2
ARM GAS  C:\Users\Austcha\AppData\Local\Temp\ccD9Srrr.s 			page 13


 642 0046 7C000000 		.4byte	.LFE35
 643 004a 0400     		.2byte	0x4
 644 004c F3       		.byte	0xf3
 645 004d 01       		.uleb128 0x1
 646 004e 51       		.byte	0x51
 647 004f 9F       		.byte	0x9f
 648 0050 00000000 		.4byte	0
 649 0054 00000000 		.4byte	0
 650              	.LLST2:
 651 0058 00000000 		.4byte	.LVL0
 652 005c 0E000000 		.4byte	.LVL1
 653 0060 0100     		.2byte	0x1
 654 0062 52       		.byte	0x52
 655 0063 0E000000 		.4byte	.LVL1
 656 0067 7C000000 		.4byte	.LFE35
 657 006b 0400     		.2byte	0x4
 658 006d F3       		.byte	0xf3
 659 006e 01       		.uleb128 0x1
 660 006f 52       		.byte	0x52
 661 0070 9F       		.byte	0x9f
 662 0071 00000000 		.4byte	0
 663 0075 00000000 		.4byte	0
 664              		.section	.debug_aranges,"",%progbits
 665 0000 1C000000 		.4byte	0x1c
 666 0004 0200     		.2byte	0x2
 667 0006 00000000 		.4byte	.Ldebug_info0
 668 000a 04       		.byte	0x4
 669 000b 00       		.byte	0
 670 000c 0000     		.2byte	0
 671 000e 0000     		.2byte	0
 672 0010 00000000 		.4byte	.LFB35
 673 0014 7C000000 		.4byte	.LFE35-.LFB35
 674 0018 00000000 		.4byte	0
 675 001c 00000000 		.4byte	0
 676              		.section	.debug_ranges,"",%progbits
 677              	.Ldebug_ranges0:
 678 0000 00000000 		.4byte	.LFB35
 679 0004 7C000000 		.4byte	.LFE35
 680 0008 00000000 		.4byte	0
 681 000c 00000000 		.4byte	0
 682              		.section	.debug_line,"",%progbits
 683              	.Ldebug_line0:
 684 0000 25020000 		.section	.debug_str,"MS",%progbits,1
 684      0200EC01 
 684      00000201 
 684      FB0E0D00 
 684      01010101 
 685              	.LASF4:
 686 0000 5F5F7569 		.ascii	"__uint8_t\000"
 686      6E74385F 
 686      7400
 687              	.LASF5:
 688 000a 5F5F696E 		.ascii	"__int32_t\000"
 688      7433325F 
 688      7400
 689              	.LASF24:
 690 0014 74784461 		.ascii	"txData\000"
ARM GAS  C:\Users\Austcha\AppData\Local\Temp\ccD9Srrr.s 			page 14


 690      746100
 691              	.LASF3:
 692 001b 73686F72 		.ascii	"short unsigned int\000"
 692      7420756E 
 692      7369676E 
 692      65642069 
 692      6E7400
 693              	.LASF30:
 694 002e 4D6F746F 		.ascii	"MotorDrive.c\000"
 694      72447269 
 694      76652E63 
 694      00
 695              	.LASF26:
 696 003b 55415254 		.ascii	"UART_UartPutString\000"
 696      5F556172 
 696      74507574 
 696      53747269 
 696      6E6700
 697              	.LASF14:
 698 004e 666C6F61 		.ascii	"float\000"
 698      7400
 699              	.LASF0:
 700 0054 7369676E 		.ascii	"signed char\000"
 700      65642063 
 700      68617200 
 701              	.LASF31:
 702 0060 433A5C55 		.ascii	"C:\\Users\\Austcha\\Documents\\Husky Robotics\\Moto"
 702      73657273 
 702      5C417573 
 702      74636861 
 702      5C446F63 
 703 008e 7220426F 		.ascii	"r Boards\\Rev3\\Motor-Unit-Firmware-A-2019-2020\\Mo"
 703      61726473 
 703      5C526576 
 703      335C4D6F 
 703      746F722D 
 704 00be 746F7220 		.ascii	"tor Unit\\Motor_Board_Rev3.cydsn\000"
 704      556E6974 
 704      5C4D6F74 
 704      6F725F42 
 704      6F617264 
 705              	.LASF21:
 706 00de 64697361 		.ascii	"disable_limit\000"
 706      626C655F 
 706      6C696D69 
 706      7400
 707              	.LASF1:
 708 00ec 756E7369 		.ascii	"unsigned char\000"
 708      676E6564 
 708      20636861 
 708      7200
 709              	.LASF16:
 710 00fa 63686172 		.ascii	"char8\000"
 710      3800
 711              	.LASF7:
 712 0100 6C6F6E67 		.ascii	"long unsigned int\000"
 712      20756E73 
ARM GAS  C:\Users\Austcha\AppData\Local\Temp\ccD9Srrr.s 			page 15


 712      69676E65 
 712      6420696E 
 712      7400
 713              	.LASF23:
 714 0112 696E7661 		.ascii	"invalidate\000"
 714      6C696461 
 714      746500
 715              	.LASF28:
 716 011d 50574D5F 		.ascii	"PWM_Motor_WriteCompare\000"
 716      4D6F746F 
 716      725F5772 
 716      69746543 
 716      6F6D7061 
 717              	.LASF22:
 718 0134 6C696D69 		.ascii	"limitSW\000"
 718      74535700 
 719              	.LASF15:
 720 013c 646F7562 		.ascii	"double\000"
 720      6C6500
 721              	.LASF10:
 722 0143 756E7369 		.ascii	"unsigned int\000"
 722      676E6564 
 722      20696E74 
 722      00
 723              	.LASF9:
 724 0150 6C6F6E67 		.ascii	"long long unsigned int\000"
 724      206C6F6E 
 724      6720756E 
 724      7369676E 
 724      65642069 
 725              	.LASF11:
 726 0167 75696E74 		.ascii	"uint8_t\000"
 726      385F7400 
 727              	.LASF29:
 728 016f 474E5520 		.ascii	"GNU C11 5.4.1 20160609 (release) [ARM/embedded-5-br"
 728      43313120 
 728      352E342E 
 728      31203230 
 728      31363036 
 729 01a2 616E6368 		.ascii	"anch revision 237715] -mcpu=cortex-m0 -mthumb -g -O"
 729      20726576 
 729      6973696F 
 729      6E203233 
 729      37373135 
 730 01d5 67202D66 		.ascii	"g -ffunction-sections -ffat-lto-objects\000"
 730      66756E63 
 730      74696F6E 
 730      2D736563 
 730      74696F6E 
 731              	.LASF12:
 732 01fd 696E7433 		.ascii	"int32_t\000"
 732      325F7400 
 733              	.LASF19:
 734 0205 73697A65 		.ascii	"sizetype\000"
 734      74797065 
 734      00
 735              	.LASF8:
ARM GAS  C:\Users\Austcha\AppData\Local\Temp\ccD9Srrr.s 			page 16


 736 020e 6C6F6E67 		.ascii	"long long int\000"
 736      206C6F6E 
 736      6720696E 
 736      7400
 737              	.LASF17:
 738 021c 63686172 		.ascii	"char\000"
 738      00
 739              	.LASF2:
 740 0221 73686F72 		.ascii	"short int\000"
 740      7420696E 
 740      7400
 741              	.LASF27:
 742 022b 50696E5F 		.ascii	"Pin_Direction_Write\000"
 742      44697265 
 742      6374696F 
 742      6E5F5772 
 742      69746500 
 743              	.LASF13:
 744 023f 75696E74 		.ascii	"uint8\000"
 744      3800
 745              	.LASF6:
 746 0245 6C6F6E67 		.ascii	"long int\000"
 746      20696E74 
 746      00
 747              	.LASF18:
 748 024e 6C6F6E67 		.ascii	"long double\000"
 748      20646F75 
 748      626C6500 
 749              	.LASF32:
 750 025a 7365745F 		.ascii	"set_PWM\000"
 750      50574D00 
 751              	.LASF20:
 752 0262 636F6D70 		.ascii	"compare\000"
 752      61726500 
 753              	.LASF25:
 754 026a 73707269 		.ascii	"sprintf\000"
 754      6E746600 
 755              		.ident	"GCC: (GNU Tools for ARM Embedded Processors) 5.4.1 20160609 (release) [ARM/embedded-5-bran
