ARM GAS  C:\Users\Austcha\AppData\Local\Temp\cc9LGxMD.s 			page 1


   1              		.syntax unified
   2              		.cpu cortex-m0
   3              		.fpu softvfp
   4              		.eabi_attribute 20, 1
   5              		.eabi_attribute 21, 1
   6              		.eabi_attribute 23, 3
   7              		.eabi_attribute 24, 1
   8              		.eabi_attribute 25, 1
   9              		.eabi_attribute 26, 1
  10              		.eabi_attribute 30, 1
  11              		.eabi_attribute 34, 0
  12              		.eabi_attribute 18, 4
  13              		.thumb
  14              		.syntax unified
  15              		.file	"Motor_Unit_CAN.c"
  16              		.text
  17              	.Ltext0:
  18              		.cfi_sections	.debug_frame
  19              		.section	.text.NextStateFromCAN,"ax",%progbits
  20              		.align	2
  21              		.global	NextStateFromCAN
  22              		.code	16
  23              		.thumb_func
  24              		.type	NextStateFromCAN, %function
  25              	NextStateFromCAN:
  26              	.LFB35:
  27              		.file 1 "Motor_Unit_CAN.c"
   1:Motor_Unit_CAN.c **** /* ========================================
   2:Motor_Unit_CAN.c ****  *
   3:Motor_Unit_CAN.c ****  * Copyright YOUR COMPANY, THE YEAR
   4:Motor_Unit_CAN.c ****  * All Rights Reserved
   5:Motor_Unit_CAN.c ****  * UNPUBLISHED, LICENSED SOFTWARE.
   6:Motor_Unit_CAN.c ****  *
   7:Motor_Unit_CAN.c ****  * CONFIDENTIAL AND PROPRIETARY INFORMATION
   8:Motor_Unit_CAN.c ****  * WHICH IS THE PROPERTY OF your company.
   9:Motor_Unit_CAN.c ****  *
  10:Motor_Unit_CAN.c ****  * ========================================
  11:Motor_Unit_CAN.c **** */
  12:Motor_Unit_CAN.c **** 
  13:Motor_Unit_CAN.c **** /* [] END OF FILE */
  14:Motor_Unit_CAN.c **** #include "Motor_Unit_CAN.h"
  15:Motor_Unit_CAN.c **** #include "Motor_Unit_FSM.h"
  16:Motor_Unit_CAN.c **** #include "MotorDrive.h"
  17:Motor_Unit_CAN.c **** 
  18:Motor_Unit_CAN.c **** extern uint8_t motorUnitMode;
  19:Motor_Unit_CAN.c **** extern uint8_t motorUnitState;
  20:Motor_Unit_CAN.c **** extern int currentPWM;
  21:Motor_Unit_CAN.c **** extern const uint32 StripLights_CLUT[ ];
  22:Motor_Unit_CAN.c **** 
  23:Motor_Unit_CAN.c **** //Reads from CAN FIFO and changes the state and mode accordingly
  24:Motor_Unit_CAN.c **** void NextStateFromCAN(CANPacket *receivedPacket) {
  28              		.loc 1 24 0
  29              		.cfi_startproc
  30              		@ args = 0, pretend = 0, frame = 0
  31              		@ frame_needed = 0, uses_anonymous_args = 0
  32              	.LVL0:
  33 0000 10B5     		push	{r4, lr}
ARM GAS  C:\Users\Austcha\AppData\Local\Temp\cc9LGxMD.s 			page 2


  34              		.cfi_def_cfa_offset 8
  35              		.cfi_offset 4, -8
  36              		.cfi_offset 14, -4
  37 0002 0400     		movs	r4, r0
  25:Motor_Unit_CAN.c ****     switch(ReadCAN(receivedPacket)){
  38              		.loc 1 25 0
  39 0004 FFF7FEFF 		bl	ReadCAN
  40              	.LVL1:
  41 0008 0728     		cmp	r0, #7
  42 000a 4AD8     		bhi	.L2
  43 000c 8000     		lsls	r0, r0, #2
  44 000e 2E4B     		ldr	r3, .L16
  45 0010 1B58     		ldr	r3, [r3, r0]
  46 0012 9F46     		mov	pc, r3
  47              		.section	.rodata
  48              		.align	2
  49              	.L4:
  50 0000 14000000 		.word	.L3
  51 0004 A2000000 		.word	.L2
  52 0008 A2000000 		.word	.L2
  53 000c 58000000 		.word	.L5
  54 0010 92000000 		.word	.L6
  55 0014 7A000000 		.word	.L7
  56 0018 82000000 		.word	.L8
  57 001c 8A000000 		.word	.L9
  58              		.section	.text.NextStateFromCAN
  59              	.L3:
  26:Motor_Unit_CAN.c ****                     case(ID_MOTOR_UNIT_MODE_SEL):
  27:Motor_Unit_CAN.c ****                         if(GetModeFromPacket(receivedPacket) == MOTOR_UNIT_MODE_PWM) {
  60              		.loc 1 27 0
  61 0014 2000     		movs	r0, r4
  62 0016 FFF7FEFF 		bl	GetModeFromPacket
  63              	.LVL2:
  64 001a 0028     		cmp	r0, #0
  65 001c 09D1     		bne	.L10
  28:Motor_Unit_CAN.c ****                             //<init stuff for PWM>
  29:Motor_Unit_CAN.c ****                             set_PWM(0,1,1);
  66              		.loc 1 29 0
  67 001e 0122     		movs	r2, #1
  68 0020 0121     		movs	r1, #1
  69 0022 FFF7FEFF 		bl	set_PWM
  70              	.LVL3:
  30:Motor_Unit_CAN.c ****                             motorUnitMode = MOTOR_UNIT_MODE_PWM;
  71              		.loc 1 30 0
  72 0026 0023     		movs	r3, #0
  73 0028 284A     		ldr	r2, .L16+4
  74 002a 1370     		strb	r3, [r2]
  31:Motor_Unit_CAN.c ****                             motorUnitState = SET_PWM;
  75              		.loc 1 31 0
  76 002c 284A     		ldr	r2, .L16+8
  77 002e 1370     		strb	r3, [r2]
  78 0030 48E0     		b	.L1
  79              	.L10:
  32:Motor_Unit_CAN.c ****                         }
  33:Motor_Unit_CAN.c ****                         else if (GetModeFromPacket(receivedPacket) == MOTOR_UNIT_MODE_PID) {
  80              		.loc 1 33 0
  81 0032 2000     		movs	r0, r4
ARM GAS  C:\Users\Austcha\AppData\Local\Temp\cc9LGxMD.s 			page 3


  82 0034 FFF7FEFF 		bl	GetModeFromPacket
  83              	.LVL4:
  84 0038 0128     		cmp	r0, #1
  85 003a 0AD1     		bne	.L12
  34:Motor_Unit_CAN.c ****                             //<init stuff for PID>
  35:Motor_Unit_CAN.c ****                             set_PWM(0,1,1);
  86              		.loc 1 35 0
  87 003c 0122     		movs	r2, #1
  88 003e 0121     		movs	r1, #1
  89 0040 0020     		movs	r0, #0
  90 0042 FFF7FEFF 		bl	set_PWM
  91              	.LVL5:
  36:Motor_Unit_CAN.c ****                             motorUnitMode = MOTOR_UNIT_MODE_PID;
  92              		.loc 1 36 0
  93 0046 0123     		movs	r3, #1
  94 0048 204A     		ldr	r2, .L16+4
  95 004a 1370     		strb	r3, [r2]
  37:Motor_Unit_CAN.c ****                             motorUnitState = CALC_PID;
  96              		.loc 1 37 0
  97 004c 204A     		ldr	r2, .L16+8
  98 004e 1370     		strb	r3, [r2]
  99 0050 38E0     		b	.L1
 100              	.L12:
  38:Motor_Unit_CAN.c ****                         } else {
  39:Motor_Unit_CAN.c ****                             gotoUninitState();
 101              		.loc 1 39 0
 102 0052 FFF7FEFF 		bl	gotoUninitState
 103              	.LVL6:
 104 0056 35E0     		b	.L1
 105              	.L5:
  40:Motor_Unit_CAN.c ****                         }
  41:Motor_Unit_CAN.c ****                         break;
  42:Motor_Unit_CAN.c ****                         
  43:Motor_Unit_CAN.c ****                     case(ID_MOTOR_UNIT_PWM_DIR_SET):
  44:Motor_Unit_CAN.c ****                         if(motorUnitMode == MOTOR_UNIT_MODE_PWM){
 106              		.loc 1 44 0
 107 0058 1C4B     		ldr	r3, .L16+4
 108 005a 1B78     		ldrb	r3, [r3]
 109 005c 002B     		cmp	r3, #0
 110 005e 08D1     		bne	.L13
  45:Motor_Unit_CAN.c ****                             motorUnitState = SET_PWM;
 111              		.loc 1 45 0
 112 0060 0022     		movs	r2, #0
 113 0062 1B4B     		ldr	r3, .L16+8
 114 0064 1A70     		strb	r2, [r3]
  46:Motor_Unit_CAN.c ****                           /*  int32_t decodeData = 0;
  47:Motor_Unit_CAN.c ****                             for (int i = 0; i < 4; i++) 
  48:Motor_Unit_CAN.c ****                                 {
  49:Motor_Unit_CAN.c ****                                     decodedData |= data[1 + i] << (8 * (3-i));
  50:Motor_Unit_CAN.c ****                                 }*/
  51:Motor_Unit_CAN.c ****                             currentPWM = GetPWMFromPacket(receivedPacket);
 115              		.loc 1 51 0
 116 0066 2000     		movs	r0, r4
 117 0068 FFF7FEFF 		bl	GetPWMFromPacket
 118              	.LVL7:
 119 006c 194B     		ldr	r3, .L16+12
 120 006e 1860     		str	r0, [r3]
ARM GAS  C:\Users\Austcha\AppData\Local\Temp\cc9LGxMD.s 			page 4


 121 0070 28E0     		b	.L1
 122              	.L13:
  52:Motor_Unit_CAN.c ****                         } else {
  53:Motor_Unit_CAN.c ****                             motorUnitState = QUEUE_ERROR;
 123              		.loc 1 53 0
 124 0072 0422     		movs	r2, #4
 125 0074 164B     		ldr	r3, .L16+8
 126 0076 1A70     		strb	r2, [r3]
 127 0078 24E0     		b	.L1
 128              	.L7:
  54:Motor_Unit_CAN.c ****                         }
  55:Motor_Unit_CAN.c ****                         break;
  56:Motor_Unit_CAN.c ****                         
  57:Motor_Unit_CAN.c ****                     case(ID_MOTOR_UNIT_PID_P_SET):
  58:Motor_Unit_CAN.c ****                         //Set Global P constant
  59:Motor_Unit_CAN.c ****                         motorUnitState = SEND_TELE;
 129              		.loc 1 59 0
 130 007a 0222     		movs	r2, #2
 131 007c 144B     		ldr	r3, .L16+8
 132 007e 1A70     		strb	r2, [r3]
  60:Motor_Unit_CAN.c ****                         break;
 133              		.loc 1 60 0
 134 0080 20E0     		b	.L1
 135              	.L8:
  61:Motor_Unit_CAN.c ****                     
  62:Motor_Unit_CAN.c ****                     case(ID_MOTOR_UNIT_PID_I_SET):
  63:Motor_Unit_CAN.c ****                         //Set Global I constant
  64:Motor_Unit_CAN.c ****                         motorUnitState = SEND_TELE;
 136              		.loc 1 64 0
 137 0082 0222     		movs	r2, #2
 138 0084 124B     		ldr	r3, .L16+8
 139 0086 1A70     		strb	r2, [r3]
  65:Motor_Unit_CAN.c ****                         break;
 140              		.loc 1 65 0
 141 0088 1CE0     		b	.L1
 142              	.L9:
  66:Motor_Unit_CAN.c ****                     
  67:Motor_Unit_CAN.c ****                     case(ID_MOTOR_UNIT_PID_D_SET):
  68:Motor_Unit_CAN.c ****                         //Set Global D constant
  69:Motor_Unit_CAN.c ****                         motorUnitState = SEND_TELE;
 143              		.loc 1 69 0
 144 008a 0222     		movs	r2, #2
 145 008c 104B     		ldr	r3, .L16+8
 146 008e 1A70     		strb	r2, [r3]
  70:Motor_Unit_CAN.c ****                         break;
 147              		.loc 1 70 0
 148 0090 18E0     		b	.L1
 149              	.L6:
  71:Motor_Unit_CAN.c ****                     
  72:Motor_Unit_CAN.c ****                     case(ID_MOTOR_UNIT_PID_POS_TGT_SET):
  73:Motor_Unit_CAN.c ****                         if(motorUnitMode == MOTOR_UNIT_MODE_PID ) {//&& PID values set
 150              		.loc 1 73 0
 151 0092 0E4B     		ldr	r3, .L16+4
 152 0094 1B78     		ldrb	r3, [r3]
 153 0096 012B     		cmp	r3, #1
 154 0098 14D0     		beq	.L1
  74:Motor_Unit_CAN.c ****                             
ARM GAS  C:\Users\Austcha\AppData\Local\Temp\cc9LGxMD.s 			page 5


  75:Motor_Unit_CAN.c ****                         } else {
  76:Motor_Unit_CAN.c ****                             motorUnitState = QUEUE_ERROR;
 155              		.loc 1 76 0
 156 009a 0422     		movs	r2, #4
 157 009c 0C4B     		ldr	r3, .L16+8
 158 009e 1A70     		strb	r2, [r3]
 159 00a0 10E0     		b	.L1
 160              	.L2:
  77:Motor_Unit_CAN.c ****                         }
  78:Motor_Unit_CAN.c ****                         break;
  79:Motor_Unit_CAN.c ****                     /* 
  80:Motor_Unit_CAN.c ****                     case(ID_MOTOR_UNIT_ENC_PPJR_SET):
  81:Motor_Unit_CAN.c ****                         break;
  82:Motor_Unit_CAN.c ****                     
  83:Motor_Unit_CAN.c ****                     case(ID_MOTOR_UNIT_MAX_JNT_REV_SET):
  84:Motor_Unit_CAN.c ****                         break;
  85:Motor_Unit_CAN.c ****                     */
  86:Motor_Unit_CAN.c ****                     default://for 0xFF or any weird bugs
  87:Motor_Unit_CAN.c ****                         if(motorUnitState == MOTOR_UNIT_MODE_PID){ //need to check if values set;
 161              		.loc 1 87 0
 162 00a2 0B4B     		ldr	r3, .L16+8
 163 00a4 1B78     		ldrb	r3, [r3]
 164 00a6 012B     		cmp	r3, #1
 165 00a8 03D1     		bne	.L14
  88:Motor_Unit_CAN.c ****                             motorUnitState = CALC_PID;
 166              		.loc 1 88 0
 167 00aa 0122     		movs	r2, #1
 168 00ac 084B     		ldr	r3, .L16+8
 169 00ae 1A70     		strb	r2, [r3]
 170 00b0 08E0     		b	.L1
 171              	.L14:
  89:Motor_Unit_CAN.c ****                         } else if( motorUnitState == MOTOR_UNIT_MODE_PWM){
 172              		.loc 1 89 0
 173 00b2 002B     		cmp	r3, #0
 174 00b4 03D1     		bne	.L15
  90:Motor_Unit_CAN.c ****                             motorUnitState = SEND_TELE;
 175              		.loc 1 90 0
 176 00b6 0222     		movs	r2, #2
 177 00b8 054B     		ldr	r3, .L16+8
 178 00ba 1A70     		strb	r2, [r3]
 179 00bc 02E0     		b	.L1
 180              	.L15:
  91:Motor_Unit_CAN.c ****                         } else {
  92:Motor_Unit_CAN.c ****                             motorUnitState = CHECK_CAN;
 181              		.loc 1 92 0
 182 00be 0322     		movs	r2, #3
 183 00c0 034B     		ldr	r3, .L16+8
 184 00c2 1A70     		strb	r2, [r3]
 185              	.L1:
  93:Motor_Unit_CAN.c ****                         }
  94:Motor_Unit_CAN.c ****                         break;
  95:Motor_Unit_CAN.c ****                 }
  96:Motor_Unit_CAN.c **** }...
 186              		.loc 1 96 0
 187              		@ sp needed
 188              	.LVL8:
 189 00c4 10BD     		pop	{r4, pc}
ARM GAS  C:\Users\Austcha\AppData\Local\Temp\cc9LGxMD.s 			page 6


 190              	.L17:
 191 00c6 C046     		.align	2
 192              	.L16:
 193 00c8 00000000 		.word	.L4
 194 00cc 00000000 		.word	motorUnitMode
 195 00d0 00000000 		.word	motorUnitState
 196 00d4 00000000 		.word	currentPWM
 197              		.cfi_endproc
 198              	.LFE35:
 199              		.size	NextStateFromCAN, .-NextStateFromCAN
 200              		.text
 201              	.Letext0:
 202              		.file 2 "c:\\program files (x86)\\cypress\\psoc creator\\4.3\\psoc creator\\import\\gnu\\arm\\5.4.
 203              		.file 3 "c:\\program files (x86)\\cypress\\psoc creator\\4.3\\psoc creator\\import\\gnu\\arm\\5.4.
 204              		.file 4 "./../CANLib/CANPacket.h"
 205              		.file 5 "./cyapicallbacks.h"
 206              		.file 6 "./../CANLib/CANMotorUnit.h"
 207              		.file 7 "MotorDrive.h"
 208              		.file 8 "Motor_Unit_FSM.h"
 209              		.section	.debug_info,"",%progbits
 210              	.Ldebug_info0:
 211 0000 0B020000 		.4byte	0x20b
 212 0004 0400     		.2byte	0x4
 213 0006 00000000 		.4byte	.Ldebug_abbrev0
 214 000a 04       		.byte	0x4
 215 000b 01       		.uleb128 0x1
 216 000c 86010000 		.4byte	.LASF28
 217 0010 0C       		.byte	0xc
 218 0011 23020000 		.4byte	.LASF29
 219 0015 66000000 		.4byte	.LASF30
 220 0019 00000000 		.4byte	.Ldebug_ranges0+0
 221 001d 00000000 		.4byte	0
 222 0021 00000000 		.4byte	.Ldebug_line0
 223 0025 02       		.uleb128 0x2
 224 0026 01       		.byte	0x1
 225 0027 06       		.byte	0x6
 226 0028 5A000000 		.4byte	.LASF0
 227 002c 03       		.uleb128 0x3
 228 002d 00000000 		.4byte	.LASF3
 229 0031 02       		.byte	0x2
 230 0032 1D       		.byte	0x1d
 231 0033 37000000 		.4byte	0x37
 232 0037 02       		.uleb128 0x2
 233 0038 01       		.byte	0x1
 234 0039 08       		.byte	0x8
 235 003a E4000000 		.4byte	.LASF1
 236 003e 02       		.uleb128 0x2
 237 003f 02       		.byte	0x2
 238 0040 05       		.byte	0x5
 239 0041 3F010000 		.4byte	.LASF2
 240 0045 03       		.uleb128 0x3
 241 0046 0C010000 		.4byte	.LASF4
 242 004a 02       		.byte	0x2
 243 004b 2B       		.byte	0x2b
 244 004c 50000000 		.4byte	0x50
 245 0050 02       		.uleb128 0x2
 246 0051 02       		.byte	0x2
ARM GAS  C:\Users\Austcha\AppData\Local\Temp\cc9LGxMD.s 			page 7


 247 0052 07       		.byte	0x7
 248 0053 31000000 		.4byte	.LASF5
 249 0057 02       		.uleb128 0x2
 250 0058 04       		.byte	0x4
 251 0059 05       		.byte	0x5
 252 005a 28000000 		.4byte	.LASF6
 253 005e 02       		.uleb128 0x2
 254 005f 04       		.byte	0x4
 255 0060 07       		.byte	0x7
 256 0061 F2000000 		.4byte	.LASF7
 257 0065 02       		.uleb128 0x2
 258 0066 08       		.byte	0x8
 259 0067 05       		.byte	0x5
 260 0068 47020000 		.4byte	.LASF8
 261 006c 02       		.uleb128 0x2
 262 006d 08       		.byte	0x8
 263 006e 07       		.byte	0x7
 264 006f 56010000 		.4byte	.LASF9
 265 0073 04       		.uleb128 0x4
 266 0074 04       		.byte	0x4
 267 0075 05       		.byte	0x5
 268 0076 696E7400 		.ascii	"int\000"
 269 007a 02       		.uleb128 0x2
 270 007b 04       		.byte	0x4
 271 007c 07       		.byte	0x7
 272 007d 49010000 		.4byte	.LASF10
 273 0081 03       		.uleb128 0x3
 274 0082 6D010000 		.4byte	.LASF11
 275 0086 03       		.byte	0x3
 276 0087 18       		.byte	0x18
 277 0088 2C000000 		.4byte	0x2c
 278 008c 03       		.uleb128 0x3
 279 008d 6B020000 		.4byte	.LASF12
 280 0091 03       		.byte	0x3
 281 0092 24       		.byte	0x24
 282 0093 45000000 		.4byte	0x45
 283 0097 02       		.uleb128 0x2
 284 0098 04       		.byte	0x4
 285 0099 04       		.byte	0x4
 286 009a 4F000000 		.4byte	.LASF13
 287 009e 02       		.uleb128 0x2
 288 009f 08       		.byte	0x8
 289 00a0 04       		.byte	0x4
 290 00a1 17010000 		.4byte	.LASF14
 291 00a5 02       		.uleb128 0x2
 292 00a6 01       		.byte	0x1
 293 00a7 08       		.byte	0x8
 294 00a8 55020000 		.4byte	.LASF15
 295 00ac 02       		.uleb128 0x2
 296 00ad 08       		.byte	0x8
 297 00ae 04       		.byte	0x4
 298 00af 74020000 		.4byte	.LASF16
 299 00b3 02       		.uleb128 0x2
 300 00b4 04       		.byte	0x4
 301 00b5 07       		.byte	0x7
 302 00b6 3E020000 		.4byte	.LASF17
 303 00ba 05       		.uleb128 0x5
ARM GAS  C:\Users\Austcha\AppData\Local\Temp\cc9LGxMD.s 			page 8


 304 00bb 0C       		.byte	0xc
 305 00bc 04       		.byte	0x4
 306 00bd 0F       		.byte	0xf
 307 00be E6000000 		.4byte	0xe6
 308 00c2 06       		.uleb128 0x6
 309 00c3 696400   		.ascii	"id\000"
 310 00c6 04       		.byte	0x4
 311 00c7 11       		.byte	0x11
 312 00c8 8C000000 		.4byte	0x8c
 313 00cc 00       		.byte	0
 314 00cd 06       		.uleb128 0x6
 315 00ce 646C6300 		.ascii	"dlc\000"
 316 00d2 04       		.byte	0x4
 317 00d3 12       		.byte	0x12
 318 00d4 81000000 		.4byte	0x81
 319 00d8 02       		.byte	0x2
 320 00d9 07       		.uleb128 0x7
 321 00da 55000000 		.4byte	.LASF18
 322 00de 04       		.byte	0x4
 323 00df 13       		.byte	0x13
 324 00e0 E6000000 		.4byte	0xe6
 325 00e4 03       		.byte	0x3
 326 00e5 00       		.byte	0
 327 00e6 08       		.uleb128 0x8
 328 00e7 81000000 		.4byte	0x81
 329 00eb F6000000 		.4byte	0xf6
 330 00ef 09       		.uleb128 0x9
 331 00f0 B3000000 		.4byte	0xb3
 332 00f4 07       		.byte	0x7
 333 00f5 00       		.byte	0
 334 00f6 03       		.uleb128 0x3
 335 00f7 34020000 		.4byte	.LASF19
 336 00fb 04       		.byte	0x4
 337 00fc 14       		.byte	0x14
 338 00fd BA000000 		.4byte	0xba
 339 0101 0A       		.uleb128 0xa
 340 0102 5A020000 		.4byte	.LASF31
 341 0106 01       		.byte	0x1
 342 0107 18       		.byte	0x18
 343 0108 00000000 		.4byte	.LFB35
 344 010c D8000000 		.4byte	.LFE35-.LFB35
 345 0110 01       		.uleb128 0x1
 346 0111 9C       		.byte	0x9c
 347 0112 B0010000 		.4byte	0x1b0
 348 0116 0B       		.uleb128 0xb
 349 0117 1E010000 		.4byte	.LASF32
 350 011b 01       		.byte	0x1
 351 011c 18       		.byte	0x18
 352 011d B0010000 		.4byte	0x1b0
 353 0121 00000000 		.4byte	.LLST0
 354 0125 0C       		.uleb128 0xc
 355 0126 08000000 		.4byte	.LVL1
 356 012a D7010000 		.4byte	0x1d7
 357 012e 39010000 		.4byte	0x139
 358 0132 0D       		.uleb128 0xd
 359 0133 01       		.uleb128 0x1
 360 0134 50       		.byte	0x50
ARM GAS  C:\Users\Austcha\AppData\Local\Temp\cc9LGxMD.s 			page 9


 361 0135 02       		.uleb128 0x2
 362 0136 74       		.byte	0x74
 363 0137 00       		.sleb128 0
 364 0138 00       		.byte	0
 365 0139 0C       		.uleb128 0xc
 366 013a 1A000000 		.4byte	.LVL2
 367 013e E2010000 		.4byte	0x1e2
 368 0142 4D010000 		.4byte	0x14d
 369 0146 0D       		.uleb128 0xd
 370 0147 01       		.uleb128 0x1
 371 0148 50       		.byte	0x50
 372 0149 02       		.uleb128 0x2
 373 014a 74       		.byte	0x74
 374 014b 00       		.sleb128 0
 375 014c 00       		.byte	0
 376 014d 0C       		.uleb128 0xc
 377 014e 26000000 		.4byte	.LVL3
 378 0152 ED010000 		.4byte	0x1ed
 379 0156 65010000 		.4byte	0x165
 380 015a 0D       		.uleb128 0xd
 381 015b 01       		.uleb128 0x1
 382 015c 51       		.byte	0x51
 383 015d 01       		.uleb128 0x1
 384 015e 31       		.byte	0x31
 385 015f 0D       		.uleb128 0xd
 386 0160 01       		.uleb128 0x1
 387 0161 52       		.byte	0x52
 388 0162 01       		.uleb128 0x1
 389 0163 31       		.byte	0x31
 390 0164 00       		.byte	0
 391 0165 0C       		.uleb128 0xc
 392 0166 38000000 		.4byte	.LVL4
 393 016a E2010000 		.4byte	0x1e2
 394 016e 79010000 		.4byte	0x179
 395 0172 0D       		.uleb128 0xd
 396 0173 01       		.uleb128 0x1
 397 0174 50       		.byte	0x50
 398 0175 02       		.uleb128 0x2
 399 0176 74       		.byte	0x74
 400 0177 00       		.sleb128 0
 401 0178 00       		.byte	0
 402 0179 0C       		.uleb128 0xc
 403 017a 46000000 		.4byte	.LVL5
 404 017e ED010000 		.4byte	0x1ed
 405 0182 96010000 		.4byte	0x196
 406 0186 0D       		.uleb128 0xd
 407 0187 01       		.uleb128 0x1
 408 0188 50       		.byte	0x50
 409 0189 01       		.uleb128 0x1
 410 018a 30       		.byte	0x30
 411 018b 0D       		.uleb128 0xd
 412 018c 01       		.uleb128 0x1
 413 018d 51       		.byte	0x51
 414 018e 01       		.uleb128 0x1
 415 018f 31       		.byte	0x31
 416 0190 0D       		.uleb128 0xd
 417 0191 01       		.uleb128 0x1
ARM GAS  C:\Users\Austcha\AppData\Local\Temp\cc9LGxMD.s 			page 10


 418 0192 52       		.byte	0x52
 419 0193 01       		.uleb128 0x1
 420 0194 31       		.byte	0x31
 421 0195 00       		.byte	0
 422 0196 0E       		.uleb128 0xe
 423 0197 56000000 		.4byte	.LVL6
 424 019b F8010000 		.4byte	0x1f8
 425 019f 0F       		.uleb128 0xf
 426 01a0 6C000000 		.4byte	.LVL7
 427 01a4 03020000 		.4byte	0x203
 428 01a8 0D       		.uleb128 0xd
 429 01a9 01       		.uleb128 0x1
 430 01aa 50       		.byte	0x50
 431 01ab 02       		.uleb128 0x2
 432 01ac 74       		.byte	0x74
 433 01ad 00       		.sleb128 0
 434 01ae 00       		.byte	0
 435 01af 00       		.byte	0
 436 01b0 10       		.uleb128 0x10
 437 01b1 04       		.byte	0x4
 438 01b2 F6000000 		.4byte	0xf6
 439 01b6 11       		.uleb128 0x11
 440 01b7 0A000000 		.4byte	.LASF20
 441 01bb 01       		.byte	0x1
 442 01bc 12       		.byte	0x12
 443 01bd 81000000 		.4byte	0x81
 444 01c1 11       		.uleb128 0x11
 445 01c2 14020000 		.4byte	.LASF21
 446 01c6 01       		.byte	0x1
 447 01c7 13       		.byte	0x13
 448 01c8 81000000 		.4byte	0x81
 449 01cc 11       		.uleb128 0x11
 450 01cd 44000000 		.4byte	.LASF22
 451 01d1 01       		.byte	0x1
 452 01d2 14       		.byte	0x14
 453 01d3 73000000 		.4byte	0x73
 454 01d7 12       		.uleb128 0x12
 455 01d8 04010000 		.4byte	.LASF23
 456 01dc 04010000 		.4byte	.LASF23
 457 01e0 05       		.byte	0x5
 458 01e1 2B       		.byte	0x2b
 459 01e2 12       		.uleb128 0x12
 460 01e3 2D010000 		.4byte	.LASF24
 461 01e7 2D010000 		.4byte	.LASF24
 462 01eb 06       		.byte	0x6
 463 01ec 13       		.byte	0x13
 464 01ed 12       		.uleb128 0x12
 465 01ee 80020000 		.4byte	.LASF25
 466 01f2 80020000 		.4byte	.LASF25
 467 01f6 07       		.byte	0x7
 468 01f7 12       		.byte	0x12
 469 01f8 12       		.uleb128 0x12
 470 01f9 18000000 		.4byte	.LASF26
 471 01fd 18000000 		.4byte	.LASF26
 472 0201 08       		.byte	0x8
 473 0202 12       		.byte	0x12
 474 0203 12       		.uleb128 0x12
ARM GAS  C:\Users\Austcha\AppData\Local\Temp\cc9LGxMD.s 			page 11


 475 0204 75010000 		.4byte	.LASF27
 476 0208 75010000 		.4byte	.LASF27
 477 020c 06       		.byte	0x6
 478 020d 1A       		.byte	0x1a
 479 020e 00       		.byte	0
 480              		.section	.debug_abbrev,"",%progbits
 481              	.Ldebug_abbrev0:
 482 0000 01       		.uleb128 0x1
 483 0001 11       		.uleb128 0x11
 484 0002 01       		.byte	0x1
 485 0003 25       		.uleb128 0x25
 486 0004 0E       		.uleb128 0xe
 487 0005 13       		.uleb128 0x13
 488 0006 0B       		.uleb128 0xb
 489 0007 03       		.uleb128 0x3
 490 0008 0E       		.uleb128 0xe
 491 0009 1B       		.uleb128 0x1b
 492 000a 0E       		.uleb128 0xe
 493 000b 55       		.uleb128 0x55
 494 000c 17       		.uleb128 0x17
 495 000d 11       		.uleb128 0x11
 496 000e 01       		.uleb128 0x1
 497 000f 10       		.uleb128 0x10
 498 0010 17       		.uleb128 0x17
 499 0011 00       		.byte	0
 500 0012 00       		.byte	0
 501 0013 02       		.uleb128 0x2
 502 0014 24       		.uleb128 0x24
 503 0015 00       		.byte	0
 504 0016 0B       		.uleb128 0xb
 505 0017 0B       		.uleb128 0xb
 506 0018 3E       		.uleb128 0x3e
 507 0019 0B       		.uleb128 0xb
 508 001a 03       		.uleb128 0x3
 509 001b 0E       		.uleb128 0xe
 510 001c 00       		.byte	0
 511 001d 00       		.byte	0
 512 001e 03       		.uleb128 0x3
 513 001f 16       		.uleb128 0x16
 514 0020 00       		.byte	0
 515 0021 03       		.uleb128 0x3
 516 0022 0E       		.uleb128 0xe
 517 0023 3A       		.uleb128 0x3a
 518 0024 0B       		.uleb128 0xb
 519 0025 3B       		.uleb128 0x3b
 520 0026 0B       		.uleb128 0xb
 521 0027 49       		.uleb128 0x49
 522 0028 13       		.uleb128 0x13
 523 0029 00       		.byte	0
 524 002a 00       		.byte	0
 525 002b 04       		.uleb128 0x4
 526 002c 24       		.uleb128 0x24
 527 002d 00       		.byte	0
 528 002e 0B       		.uleb128 0xb
 529 002f 0B       		.uleb128 0xb
 530 0030 3E       		.uleb128 0x3e
 531 0031 0B       		.uleb128 0xb
ARM GAS  C:\Users\Austcha\AppData\Local\Temp\cc9LGxMD.s 			page 12


 532 0032 03       		.uleb128 0x3
 533 0033 08       		.uleb128 0x8
 534 0034 00       		.byte	0
 535 0035 00       		.byte	0
 536 0036 05       		.uleb128 0x5
 537 0037 13       		.uleb128 0x13
 538 0038 01       		.byte	0x1
 539 0039 0B       		.uleb128 0xb
 540 003a 0B       		.uleb128 0xb
 541 003b 3A       		.uleb128 0x3a
 542 003c 0B       		.uleb128 0xb
 543 003d 3B       		.uleb128 0x3b
 544 003e 0B       		.uleb128 0xb
 545 003f 01       		.uleb128 0x1
 546 0040 13       		.uleb128 0x13
 547 0041 00       		.byte	0
 548 0042 00       		.byte	0
 549 0043 06       		.uleb128 0x6
 550 0044 0D       		.uleb128 0xd
 551 0045 00       		.byte	0
 552 0046 03       		.uleb128 0x3
 553 0047 08       		.uleb128 0x8
 554 0048 3A       		.uleb128 0x3a
 555 0049 0B       		.uleb128 0xb
 556 004a 3B       		.uleb128 0x3b
 557 004b 0B       		.uleb128 0xb
 558 004c 49       		.uleb128 0x49
 559 004d 13       		.uleb128 0x13
 560 004e 38       		.uleb128 0x38
 561 004f 0B       		.uleb128 0xb
 562 0050 00       		.byte	0
 563 0051 00       		.byte	0
 564 0052 07       		.uleb128 0x7
 565 0053 0D       		.uleb128 0xd
 566 0054 00       		.byte	0
 567 0055 03       		.uleb128 0x3
 568 0056 0E       		.uleb128 0xe
 569 0057 3A       		.uleb128 0x3a
 570 0058 0B       		.uleb128 0xb
 571 0059 3B       		.uleb128 0x3b
 572 005a 0B       		.uleb128 0xb
 573 005b 49       		.uleb128 0x49
 574 005c 13       		.uleb128 0x13
 575 005d 38       		.uleb128 0x38
 576 005e 0B       		.uleb128 0xb
 577 005f 00       		.byte	0
 578 0060 00       		.byte	0
 579 0061 08       		.uleb128 0x8
 580 0062 01       		.uleb128 0x1
 581 0063 01       		.byte	0x1
 582 0064 49       		.uleb128 0x49
 583 0065 13       		.uleb128 0x13
 584 0066 01       		.uleb128 0x1
 585 0067 13       		.uleb128 0x13
 586 0068 00       		.byte	0
 587 0069 00       		.byte	0
 588 006a 09       		.uleb128 0x9
ARM GAS  C:\Users\Austcha\AppData\Local\Temp\cc9LGxMD.s 			page 13


 589 006b 21       		.uleb128 0x21
 590 006c 00       		.byte	0
 591 006d 49       		.uleb128 0x49
 592 006e 13       		.uleb128 0x13
 593 006f 2F       		.uleb128 0x2f
 594 0070 0B       		.uleb128 0xb
 595 0071 00       		.byte	0
 596 0072 00       		.byte	0
 597 0073 0A       		.uleb128 0xa
 598 0074 2E       		.uleb128 0x2e
 599 0075 01       		.byte	0x1
 600 0076 3F       		.uleb128 0x3f
 601 0077 19       		.uleb128 0x19
 602 0078 03       		.uleb128 0x3
 603 0079 0E       		.uleb128 0xe
 604 007a 3A       		.uleb128 0x3a
 605 007b 0B       		.uleb128 0xb
 606 007c 3B       		.uleb128 0x3b
 607 007d 0B       		.uleb128 0xb
 608 007e 27       		.uleb128 0x27
 609 007f 19       		.uleb128 0x19
 610 0080 11       		.uleb128 0x11
 611 0081 01       		.uleb128 0x1
 612 0082 12       		.uleb128 0x12
 613 0083 06       		.uleb128 0x6
 614 0084 40       		.uleb128 0x40
 615 0085 18       		.uleb128 0x18
 616 0086 9742     		.uleb128 0x2117
 617 0088 19       		.uleb128 0x19
 618 0089 01       		.uleb128 0x1
 619 008a 13       		.uleb128 0x13
 620 008b 00       		.byte	0
 621 008c 00       		.byte	0
 622 008d 0B       		.uleb128 0xb
 623 008e 05       		.uleb128 0x5
 624 008f 00       		.byte	0
 625 0090 03       		.uleb128 0x3
 626 0091 0E       		.uleb128 0xe
 627 0092 3A       		.uleb128 0x3a
 628 0093 0B       		.uleb128 0xb
 629 0094 3B       		.uleb128 0x3b
 630 0095 0B       		.uleb128 0xb
 631 0096 49       		.uleb128 0x49
 632 0097 13       		.uleb128 0x13
 633 0098 02       		.uleb128 0x2
 634 0099 17       		.uleb128 0x17
 635 009a 00       		.byte	0
 636 009b 00       		.byte	0
 637 009c 0C       		.uleb128 0xc
 638 009d 898201   		.uleb128 0x4109
 639 00a0 01       		.byte	0x1
 640 00a1 11       		.uleb128 0x11
 641 00a2 01       		.uleb128 0x1
 642 00a3 31       		.uleb128 0x31
 643 00a4 13       		.uleb128 0x13
 644 00a5 01       		.uleb128 0x1
 645 00a6 13       		.uleb128 0x13
ARM GAS  C:\Users\Austcha\AppData\Local\Temp\cc9LGxMD.s 			page 14


 646 00a7 00       		.byte	0
 647 00a8 00       		.byte	0
 648 00a9 0D       		.uleb128 0xd
 649 00aa 8A8201   		.uleb128 0x410a
 650 00ad 00       		.byte	0
 651 00ae 02       		.uleb128 0x2
 652 00af 18       		.uleb128 0x18
 653 00b0 9142     		.uleb128 0x2111
 654 00b2 18       		.uleb128 0x18
 655 00b3 00       		.byte	0
 656 00b4 00       		.byte	0
 657 00b5 0E       		.uleb128 0xe
 658 00b6 898201   		.uleb128 0x4109
 659 00b9 00       		.byte	0
 660 00ba 11       		.uleb128 0x11
 661 00bb 01       		.uleb128 0x1
 662 00bc 31       		.uleb128 0x31
 663 00bd 13       		.uleb128 0x13
 664 00be 00       		.byte	0
 665 00bf 00       		.byte	0
 666 00c0 0F       		.uleb128 0xf
 667 00c1 898201   		.uleb128 0x4109
 668 00c4 01       		.byte	0x1
 669 00c5 11       		.uleb128 0x11
 670 00c6 01       		.uleb128 0x1
 671 00c7 31       		.uleb128 0x31
 672 00c8 13       		.uleb128 0x13
 673 00c9 00       		.byte	0
 674 00ca 00       		.byte	0
 675 00cb 10       		.uleb128 0x10
 676 00cc 0F       		.uleb128 0xf
 677 00cd 00       		.byte	0
 678 00ce 0B       		.uleb128 0xb
 679 00cf 0B       		.uleb128 0xb
 680 00d0 49       		.uleb128 0x49
 681 00d1 13       		.uleb128 0x13
 682 00d2 00       		.byte	0
 683 00d3 00       		.byte	0
 684 00d4 11       		.uleb128 0x11
 685 00d5 34       		.uleb128 0x34
 686 00d6 00       		.byte	0
 687 00d7 03       		.uleb128 0x3
 688 00d8 0E       		.uleb128 0xe
 689 00d9 3A       		.uleb128 0x3a
 690 00da 0B       		.uleb128 0xb
 691 00db 3B       		.uleb128 0x3b
 692 00dc 0B       		.uleb128 0xb
 693 00dd 49       		.uleb128 0x49
 694 00de 13       		.uleb128 0x13
 695 00df 3F       		.uleb128 0x3f
 696 00e0 19       		.uleb128 0x19
 697 00e1 3C       		.uleb128 0x3c
 698 00e2 19       		.uleb128 0x19
 699 00e3 00       		.byte	0
 700 00e4 00       		.byte	0
 701 00e5 12       		.uleb128 0x12
 702 00e6 2E       		.uleb128 0x2e
ARM GAS  C:\Users\Austcha\AppData\Local\Temp\cc9LGxMD.s 			page 15


 703 00e7 00       		.byte	0
 704 00e8 3F       		.uleb128 0x3f
 705 00e9 19       		.uleb128 0x19
 706 00ea 3C       		.uleb128 0x3c
 707 00eb 19       		.uleb128 0x19
 708 00ec 6E       		.uleb128 0x6e
 709 00ed 0E       		.uleb128 0xe
 710 00ee 03       		.uleb128 0x3
 711 00ef 0E       		.uleb128 0xe
 712 00f0 3A       		.uleb128 0x3a
 713 00f1 0B       		.uleb128 0xb
 714 00f2 3B       		.uleb128 0x3b
 715 00f3 0B       		.uleb128 0xb
 716 00f4 00       		.byte	0
 717 00f5 00       		.byte	0
 718 00f6 00       		.byte	0
 719              		.section	.debug_loc,"",%progbits
 720              	.Ldebug_loc0:
 721              	.LLST0:
 722 0000 00000000 		.4byte	.LVL0
 723 0004 07000000 		.4byte	.LVL1-1
 724 0008 0100     		.2byte	0x1
 725 000a 50       		.byte	0x50
 726 000b 07000000 		.4byte	.LVL1-1
 727 000f C4000000 		.4byte	.LVL8
 728 0013 0100     		.2byte	0x1
 729 0015 54       		.byte	0x54
 730 0016 C4000000 		.4byte	.LVL8
 731 001a D8000000 		.4byte	.LFE35
 732 001e 0400     		.2byte	0x4
 733 0020 F3       		.byte	0xf3
 734 0021 01       		.uleb128 0x1
 735 0022 50       		.byte	0x50
 736 0023 9F       		.byte	0x9f
 737 0024 00000000 		.4byte	0
 738 0028 00000000 		.4byte	0
 739              		.section	.debug_aranges,"",%progbits
 740 0000 1C000000 		.4byte	0x1c
 741 0004 0200     		.2byte	0x2
 742 0006 00000000 		.4byte	.Ldebug_info0
 743 000a 04       		.byte	0x4
 744 000b 00       		.byte	0
 745 000c 0000     		.2byte	0
 746 000e 0000     		.2byte	0
 747 0010 00000000 		.4byte	.LFB35
 748 0014 D8000000 		.4byte	.LFE35-.LFB35
 749 0018 00000000 		.4byte	0
 750 001c 00000000 		.4byte	0
 751              		.section	.debug_ranges,"",%progbits
 752              	.Ldebug_ranges0:
 753 0000 00000000 		.4byte	.LFB35
 754 0004 D8000000 		.4byte	.LFE35
 755 0008 00000000 		.4byte	0
 756 000c 00000000 		.4byte	0
 757              		.section	.debug_line,"",%progbits
 758              	.Ldebug_line0:
 759 0000 BE010000 		.section	.debug_str,"MS",%progbits,1
ARM GAS  C:\Users\Austcha\AppData\Local\Temp\cc9LGxMD.s 			page 16


 759      02008B01 
 759      00000201 
 759      FB0E0D00 
 759      01010101 
 760              	.LASF3:
 761 0000 5F5F7569 		.ascii	"__uint8_t\000"
 761      6E74385F 
 761      7400
 762              	.LASF20:
 763 000a 6D6F746F 		.ascii	"motorUnitMode\000"
 763      72556E69 
 763      744D6F64 
 763      6500
 764              	.LASF26:
 765 0018 676F746F 		.ascii	"gotoUninitState\000"
 765      556E696E 
 765      69745374 
 765      61746500 
 766              	.LASF6:
 767 0028 6C6F6E67 		.ascii	"long int\000"
 767      20696E74 
 767      00
 768              	.LASF5:
 769 0031 73686F72 		.ascii	"short unsigned int\000"
 769      7420756E 
 769      7369676E 
 769      65642069 
 769      6E7400
 770              	.LASF22:
 771 0044 63757272 		.ascii	"currentPWM\000"
 771      656E7450 
 771      574D00
 772              	.LASF13:
 773 004f 666C6F61 		.ascii	"float\000"
 773      7400
 774              	.LASF18:
 775 0055 64617461 		.ascii	"data\000"
 775      00
 776              	.LASF0:
 777 005a 7369676E 		.ascii	"signed char\000"
 777      65642063 
 777      68617200 
 778              	.LASF30:
 779 0066 433A5C55 		.ascii	"C:\\Users\\Austcha\\Documents\\Husky Robotics\\Moto"
 779      73657273 
 779      5C417573 
 779      74636861 
 779      5C446F63 
 780 0094 7220426F 		.ascii	"r Boards\\Rev3\\Motor-Unit-Firmware-A-2019-2020\\Mo"
 780      61726473 
 780      5C526576 
 780      335C4D6F 
 780      746F722D 
 781 00c4 746F7220 		.ascii	"tor Unit\\Motor_Board_Rev3.cydsn\000"
 781      556E6974 
 781      5C4D6F74 
 781      6F725F42 
ARM GAS  C:\Users\Austcha\AppData\Local\Temp\cc9LGxMD.s 			page 17


 781      6F617264 
 782              	.LASF1:
 783 00e4 756E7369 		.ascii	"unsigned char\000"
 783      676E6564 
 783      20636861 
 783      7200
 784              	.LASF7:
 785 00f2 6C6F6E67 		.ascii	"long unsigned int\000"
 785      20756E73 
 785      69676E65 
 785      6420696E 
 785      7400
 786              	.LASF23:
 787 0104 52656164 		.ascii	"ReadCAN\000"
 787      43414E00 
 788              	.LASF4:
 789 010c 5F5F7569 		.ascii	"__uint16_t\000"
 789      6E743136 
 789      5F7400
 790              	.LASF14:
 791 0117 646F7562 		.ascii	"double\000"
 791      6C6500
 792              	.LASF32:
 793 011e 72656365 		.ascii	"receivedPacket\000"
 793      69766564 
 793      5061636B 
 793      657400
 794              	.LASF24:
 795 012d 4765744D 		.ascii	"GetModeFromPacket\000"
 795      6F646546 
 795      726F6D50 
 795      61636B65 
 795      7400
 796              	.LASF2:
 797 013f 73686F72 		.ascii	"short int\000"
 797      7420696E 
 797      7400
 798              	.LASF10:
 799 0149 756E7369 		.ascii	"unsigned int\000"
 799      676E6564 
 799      20696E74 
 799      00
 800              	.LASF9:
 801 0156 6C6F6E67 		.ascii	"long long unsigned int\000"
 801      206C6F6E 
 801      6720756E 
 801      7369676E 
 801      65642069 
 802              	.LASF11:
 803 016d 75696E74 		.ascii	"uint8_t\000"
 803      385F7400 
 804              	.LASF27:
 805 0175 47657450 		.ascii	"GetPWMFromPacket\000"
 805      574D4672 
 805      6F6D5061 
 805      636B6574 
 805      00
ARM GAS  C:\Users\Austcha\AppData\Local\Temp\cc9LGxMD.s 			page 18


 806              	.LASF28:
 807 0186 474E5520 		.ascii	"GNU C11 5.4.1 20160609 (release) [ARM/embedded-5-br"
 807      43313120 
 807      352E342E 
 807      31203230 
 807      31363036 
 808 01b9 616E6368 		.ascii	"anch revision 237715] -mcpu=cortex-m0 -mthumb -g -O"
 808      20726576 
 808      6973696F 
 808      6E203233 
 808      37373135 
 809 01ec 67202D66 		.ascii	"g -ffunction-sections -ffat-lto-objects\000"
 809      66756E63 
 809      74696F6E 
 809      2D736563 
 809      74696F6E 
 810              	.LASF21:
 811 0214 6D6F746F 		.ascii	"motorUnitState\000"
 811      72556E69 
 811      74537461 
 811      746500
 812              	.LASF29:
 813 0223 4D6F746F 		.ascii	"Motor_Unit_CAN.c\000"
 813      725F556E 
 813      69745F43 
 813      414E2E63 
 813      00
 814              	.LASF19:
 815 0234 43414E50 		.ascii	"CANPacket\000"
 815      61636B65 
 815      7400
 816              	.LASF17:
 817 023e 73697A65 		.ascii	"sizetype\000"
 817      74797065 
 817      00
 818              	.LASF8:
 819 0247 6C6F6E67 		.ascii	"long long int\000"
 819      206C6F6E 
 819      6720696E 
 819      7400
 820              	.LASF15:
 821 0255 63686172 		.ascii	"char\000"
 821      00
 822              	.LASF31:
 823 025a 4E657874 		.ascii	"NextStateFromCAN\000"
 823      53746174 
 823      6546726F 
 823      6D43414E 
 823      00
 824              	.LASF12:
 825 026b 75696E74 		.ascii	"uint16_t\000"
 825      31365F74 
 825      00
 826              	.LASF16:
 827 0274 6C6F6E67 		.ascii	"long double\000"
 827      20646F75 
 827      626C6500 
ARM GAS  C:\Users\Austcha\AppData\Local\Temp\cc9LGxMD.s 			page 19


 828              	.LASF25:
 829 0280 7365745F 		.ascii	"set_PWM\000"
 829      50574D00 
 830              		.ident	"GCC: (GNU Tools for ARM Embedded Processors) 5.4.1 20160609 (release) [ARM/embedded-5-bran
