ARM GAS  C:\Users\Austcha\AppData\Local\Temp\cc7Rfw0v.s 			page 1


   1              		.syntax unified
   2              		.cpu cortex-m0
   3              		.fpu softvfp
   4              		.eabi_attribute 20, 1
   5              		.eabi_attribute 21, 1
   6              		.eabi_attribute 23, 3
   7              		.eabi_attribute 24, 1
   8              		.eabi_attribute 25, 1
   9              		.eabi_attribute 26, 1
  10              		.eabi_attribute 30, 1
  11              		.eabi_attribute 34, 0
  12              		.eabi_attribute 18, 4
  13              		.thumb
  14              		.syntax unified
  15              		.file	"StripLights_fonts.c"
  16              		.text
  17              	.Ltext0:
  18              		.cfi_sections	.debug_frame
  19              		.section	.text.StripLights_SetFont,"ax",%progbits
  20              		.align	2
  21              		.global	StripLights_SetFont
  22              		.code	16
  23              		.thumb_func
  24              		.type	StripLights_SetFont, %function
  25              	StripLights_SetFont:
  26              	.LFB34:
  27              		.file 1 "Generated_Source\\PSoC4\\StripLights_fonts.c"
   1:Generated_Source\PSoC4/StripLights_fonts.c **** /* ========================================
   2:Generated_Source\PSoC4/StripLights_fonts.c ****  *
   3:Generated_Source\PSoC4/StripLights_fonts.c ****  * Copyright YOUR COMPANY, THE YEAR
   4:Generated_Source\PSoC4/StripLights_fonts.c ****  * All Rights Reserved
   5:Generated_Source\PSoC4/StripLights_fonts.c ****  * UNPUBLISHED, LICENSED SOFTWARE.
   6:Generated_Source\PSoC4/StripLights_fonts.c ****  *
   7:Generated_Source\PSoC4/StripLights_fonts.c ****  * CONFIDENTIAL AND PROPRIETARY INFORMATION
   8:Generated_Source\PSoC4/StripLights_fonts.c ****  * WHICH IS THE PROPERTY OF your company.
   9:Generated_Source\PSoC4/StripLights_fonts.c ****  *
  10:Generated_Source\PSoC4/StripLights_fonts.c ****  * ========================================
  11:Generated_Source\PSoC4/StripLights_fonts.c **** */
  12:Generated_Source\PSoC4/StripLights_fonts.c **** #include <project.h>
  13:Generated_Source\PSoC4/StripLights_fonts.c **** #include "cytypes.h"
  14:Generated_Source\PSoC4/StripLights_fonts.c **** #include "stdlib.h"
  15:Generated_Source\PSoC4/StripLights_fonts.c **** #include "cyfitter.h"
  16:Generated_Source\PSoC4/StripLights_fonts.c **** #include "StripLights.h"
  17:Generated_Source\PSoC4/StripLights_fonts.c **** #include "StripLights_fonts.h"
  18:Generated_Source\PSoC4/StripLights_fonts.c **** 
  19:Generated_Source\PSoC4/StripLights_fonts.c **** uint8 const * StripLights_fontPtr;
  20:Generated_Source\PSoC4/StripLights_fonts.c **** int32 StripLights_fontX;
  21:Generated_Source\PSoC4/StripLights_fonts.c **** int32 StripLights_fontY;
  22:Generated_Source\PSoC4/StripLights_fonts.c **** int32 StripLights_fontOffset;
  23:Generated_Source\PSoC4/StripLights_fonts.c **** 
  24:Generated_Source\PSoC4/StripLights_fonts.c **** 
  25:Generated_Source\PSoC4/StripLights_fonts.c **** // standard ascii 5x7 font
  26:Generated_Source\PSoC4/StripLights_fonts.c **** // defines ascii characters 0x20-0x7F (32-127)
  27:Generated_Source\PSoC4/StripLights_fonts.c **** const uint8 StripLights_Font5x7[] = {
  28:Generated_Source\PSoC4/StripLights_fonts.c **** 	0x00, 0x00, 0x00, 0x00, 0x00,// (space)
  29:Generated_Source\PSoC4/StripLights_fonts.c **** 	0x00, 0x00, 0x5F, 0x00, 0x00,// !
  30:Generated_Source\PSoC4/StripLights_fonts.c **** 	0x00, 0x07, 0x00, 0x07, 0x00,// "
ARM GAS  C:\Users\Austcha\AppData\Local\Temp\cc7Rfw0v.s 			page 2


  31:Generated_Source\PSoC4/StripLights_fonts.c **** 	0x14, 0x7F, 0x14, 0x7F, 0x14,// #
  32:Generated_Source\PSoC4/StripLights_fonts.c **** 	0x24, 0x2A, 0x7F, 0x2A, 0x12,// $
  33:Generated_Source\PSoC4/StripLights_fonts.c **** 	0x23, 0x13, 0x08, 0x64, 0x62,// %
  34:Generated_Source\PSoC4/StripLights_fonts.c **** 	0x36, 0x49, 0x55, 0x22, 0x50,// &
  35:Generated_Source\PSoC4/StripLights_fonts.c **** 	0x00, 0x05, 0x03, 0x00, 0x00,// '
  36:Generated_Source\PSoC4/StripLights_fonts.c **** 	0x00, 0x1C, 0x22, 0x41, 0x00,// (
  37:Generated_Source\PSoC4/StripLights_fonts.c **** 	0x00, 0x41, 0x22, 0x1C, 0x00,// )
  38:Generated_Source\PSoC4/StripLights_fonts.c **** 	0x08, 0x2A, 0x1C, 0x2A, 0x08,// *
  39:Generated_Source\PSoC4/StripLights_fonts.c **** 	0x08, 0x08, 0x3E, 0x08, 0x08,// +
  40:Generated_Source\PSoC4/StripLights_fonts.c **** 	0x00, 0x50, 0x30, 0x00, 0x00,// ,
  41:Generated_Source\PSoC4/StripLights_fonts.c **** 	0x08, 0x08, 0x08, 0x08, 0x08,// -
  42:Generated_Source\PSoC4/StripLights_fonts.c **** 	0x00, 0x60, 0x60, 0x00, 0x00,// .
  43:Generated_Source\PSoC4/StripLights_fonts.c **** 	0x20, 0x10, 0x08, 0x04, 0x02,// /
  44:Generated_Source\PSoC4/StripLights_fonts.c **** 	0x3E, 0x51, 0x49, 0x45, 0x3E,// 0
  45:Generated_Source\PSoC4/StripLights_fonts.c **** 	0x00, 0x42, 0x7F, 0x40, 0x00,// 1
  46:Generated_Source\PSoC4/StripLights_fonts.c **** 	0x42, 0x61, 0x51, 0x49, 0x46,// 2
  47:Generated_Source\PSoC4/StripLights_fonts.c **** 	0x21, 0x41, 0x45, 0x4B, 0x31,// 3
  48:Generated_Source\PSoC4/StripLights_fonts.c **** 	0x18, 0x14, 0x12, 0x7F, 0x10,// 4
  49:Generated_Source\PSoC4/StripLights_fonts.c **** 	0x27, 0x45, 0x45, 0x45, 0x39,// 5
  50:Generated_Source\PSoC4/StripLights_fonts.c **** 	0x3C, 0x4A, 0x49, 0x49, 0x30,// 6
  51:Generated_Source\PSoC4/StripLights_fonts.c **** 	0x01, 0x71, 0x09, 0x05, 0x03,// 7
  52:Generated_Source\PSoC4/StripLights_fonts.c **** 	0x36, 0x49, 0x49, 0x49, 0x36,// 8
  53:Generated_Source\PSoC4/StripLights_fonts.c **** 	0x06, 0x49, 0x49, 0x29, 0x1E,// 9
  54:Generated_Source\PSoC4/StripLights_fonts.c **** 	0x00, 0x36, 0x36, 0x00, 0x00,// :
  55:Generated_Source\PSoC4/StripLights_fonts.c **** 	0x00, 0x56, 0x36, 0x00, 0x00,// ;
  56:Generated_Source\PSoC4/StripLights_fonts.c **** 	0x00, 0x08, 0x14, 0x22, 0x41,// <
  57:Generated_Source\PSoC4/StripLights_fonts.c **** 	0x14, 0x14, 0x14, 0x14, 0x14,// =
  58:Generated_Source\PSoC4/StripLights_fonts.c **** 	0x41, 0x22, 0x14, 0x08, 0x00,// >
  59:Generated_Source\PSoC4/StripLights_fonts.c **** 	0x02, 0x01, 0x51, 0x09, 0x06,// ?
  60:Generated_Source\PSoC4/StripLights_fonts.c **** 	0x32, 0x49, 0x79, 0x41, 0x3E,// @
  61:Generated_Source\PSoC4/StripLights_fonts.c **** 	0x7E, 0x11, 0x11, 0x11, 0x7E,// A
  62:Generated_Source\PSoC4/StripLights_fonts.c **** 	0x7F, 0x49, 0x49, 0x49, 0x36,// B
  63:Generated_Source\PSoC4/StripLights_fonts.c **** 	0x3E, 0x41, 0x41, 0x41, 0x22,// C
  64:Generated_Source\PSoC4/StripLights_fonts.c **** 	0x7F, 0x41, 0x41, 0x22, 0x1C,// D
  65:Generated_Source\PSoC4/StripLights_fonts.c **** 	0x7F, 0x49, 0x49, 0x49, 0x41,// E
  66:Generated_Source\PSoC4/StripLights_fonts.c **** 	0x7F, 0x09, 0x09, 0x01, 0x01,// F
  67:Generated_Source\PSoC4/StripLights_fonts.c **** 	0x3E, 0x41, 0x41, 0x51, 0x32,// G
  68:Generated_Source\PSoC4/StripLights_fonts.c **** 	0x7F, 0x08, 0x08, 0x08, 0x7F,// H
  69:Generated_Source\PSoC4/StripLights_fonts.c **** 	0x00, 0x41, 0x7F, 0x41, 0x00,// I
  70:Generated_Source\PSoC4/StripLights_fonts.c **** 	0x20, 0x40, 0x41, 0x3F, 0x01,// J
  71:Generated_Source\PSoC4/StripLights_fonts.c **** 	0x7F, 0x08, 0x14, 0x22, 0x41,// K
  72:Generated_Source\PSoC4/StripLights_fonts.c **** 	0x7F, 0x40, 0x40, 0x40, 0x40,// L
  73:Generated_Source\PSoC4/StripLights_fonts.c **** 	0x7F, 0x02, 0x04, 0x02, 0x7F,// M
  74:Generated_Source\PSoC4/StripLights_fonts.c **** 	0x7F, 0x04, 0x08, 0x10, 0x7F,// N
  75:Generated_Source\PSoC4/StripLights_fonts.c **** 	0x3E, 0x41, 0x41, 0x41, 0x3E,// O
  76:Generated_Source\PSoC4/StripLights_fonts.c **** 	0x7F, 0x09, 0x09, 0x09, 0x06,// P
  77:Generated_Source\PSoC4/StripLights_fonts.c **** 	0x3E, 0x41, 0x51, 0x21, 0x5E,// Q
  78:Generated_Source\PSoC4/StripLights_fonts.c **** 	0x7F, 0x09, 0x19, 0x29, 0x46,// R
  79:Generated_Source\PSoC4/StripLights_fonts.c **** 	0x46, 0x49, 0x49, 0x49, 0x31,// S
  80:Generated_Source\PSoC4/StripLights_fonts.c **** 	0x01, 0x01, 0x7F, 0x01, 0x01,// T
  81:Generated_Source\PSoC4/StripLights_fonts.c **** 	0x3F, 0x40, 0x40, 0x40, 0x3F,// U
  82:Generated_Source\PSoC4/StripLights_fonts.c **** 	0x1F, 0x20, 0x40, 0x20, 0x1F,// V
  83:Generated_Source\PSoC4/StripLights_fonts.c **** 	0x7F, 0x20, 0x18, 0x20, 0x7F,// W
  84:Generated_Source\PSoC4/StripLights_fonts.c **** 	0x63, 0x14, 0x08, 0x14, 0x63,// X
  85:Generated_Source\PSoC4/StripLights_fonts.c **** 	0x03, 0x04, 0x78, 0x04, 0x03,// Y
  86:Generated_Source\PSoC4/StripLights_fonts.c **** 	0x61, 0x51, 0x49, 0x45, 0x43,// Z
  87:Generated_Source\PSoC4/StripLights_fonts.c **** 	0x00, 0x00, 0x7F, 0x41, 0x41,// [
ARM GAS  C:\Users\Austcha\AppData\Local\Temp\cc7Rfw0v.s 			page 3


  88:Generated_Source\PSoC4/StripLights_fonts.c **** 	0x02, 0x04, 0x08, 0x10, 0x20,// "\"
  89:Generated_Source\PSoC4/StripLights_fonts.c **** 	0x41, 0x41, 0x7F, 0x00, 0x00,// ]
  90:Generated_Source\PSoC4/StripLights_fonts.c **** 	0x04, 0x02, 0x01, 0x02, 0x04,// ^
  91:Generated_Source\PSoC4/StripLights_fonts.c **** 	0x40, 0x40, 0x40, 0x40, 0x40,// _
  92:Generated_Source\PSoC4/StripLights_fonts.c **** 	0x00, 0x01, 0x02, 0x04, 0x00,// `
  93:Generated_Source\PSoC4/StripLights_fonts.c **** 	0x20, 0x54, 0x54, 0x54, 0x78,// a
  94:Generated_Source\PSoC4/StripLights_fonts.c **** 	0x7F, 0x48, 0x44, 0x44, 0x38,// b
  95:Generated_Source\PSoC4/StripLights_fonts.c **** 	0x38, 0x44, 0x44, 0x44, 0x20,// c
  96:Generated_Source\PSoC4/StripLights_fonts.c **** 	0x38, 0x44, 0x44, 0x48, 0x7F,// d
  97:Generated_Source\PSoC4/StripLights_fonts.c **** 	0x38, 0x54, 0x54, 0x54, 0x18,// e
  98:Generated_Source\PSoC4/StripLights_fonts.c **** 	0x08, 0x7E, 0x09, 0x01, 0x02,// f
  99:Generated_Source\PSoC4/StripLights_fonts.c **** 	0x08, 0x14, 0x54, 0x54, 0x3C,// g
 100:Generated_Source\PSoC4/StripLights_fonts.c **** 	0x7F, 0x08, 0x04, 0x04, 0x78,// h
 101:Generated_Source\PSoC4/StripLights_fonts.c **** 	0x00, 0x44, 0x7D, 0x40, 0x00,// i
 102:Generated_Source\PSoC4/StripLights_fonts.c **** 	0x20, 0x40, 0x44, 0x3D, 0x00,// j
 103:Generated_Source\PSoC4/StripLights_fonts.c **** 	0x00, 0x7F, 0x10, 0x28, 0x44,// k
 104:Generated_Source\PSoC4/StripLights_fonts.c **** 	0x00, 0x41, 0x7F, 0x40, 0x00,// l
 105:Generated_Source\PSoC4/StripLights_fonts.c **** 	0x7C, 0x04, 0x18, 0x04, 0x78,// m
 106:Generated_Source\PSoC4/StripLights_fonts.c **** 	0x7C, 0x08, 0x04, 0x04, 0x78,// n
 107:Generated_Source\PSoC4/StripLights_fonts.c **** 	0x38, 0x44, 0x44, 0x44, 0x38,// o
 108:Generated_Source\PSoC4/StripLights_fonts.c **** 	0x7C, 0x14, 0x14, 0x14, 0x08,// p
 109:Generated_Source\PSoC4/StripLights_fonts.c **** 	0x08, 0x14, 0x14, 0x18, 0x7C,// q
 110:Generated_Source\PSoC4/StripLights_fonts.c **** 	0x7C, 0x08, 0x04, 0x04, 0x08,// r
 111:Generated_Source\PSoC4/StripLights_fonts.c **** 	0x48, 0x54, 0x54, 0x54, 0x20,// s
 112:Generated_Source\PSoC4/StripLights_fonts.c **** 	0x04, 0x3F, 0x44, 0x40, 0x20,// t
 113:Generated_Source\PSoC4/StripLights_fonts.c **** 	0x3C, 0x40, 0x40, 0x20, 0x7C,// u
 114:Generated_Source\PSoC4/StripLights_fonts.c **** 	0x1C, 0x20, 0x40, 0x20, 0x1C,// v
 115:Generated_Source\PSoC4/StripLights_fonts.c **** 	0x3C, 0x40, 0x30, 0x40, 0x3C,// w
 116:Generated_Source\PSoC4/StripLights_fonts.c **** 	0x44, 0x28, 0x10, 0x28, 0x44,// x
 117:Generated_Source\PSoC4/StripLights_fonts.c **** 	0x0C, 0x50, 0x50, 0x50, 0x3C,// y
 118:Generated_Source\PSoC4/StripLights_fonts.c **** 	0x44, 0x64, 0x54, 0x4C, 0x44,// z
 119:Generated_Source\PSoC4/StripLights_fonts.c **** 	0x00, 0x08, 0x36, 0x41, 0x00,// {
 120:Generated_Source\PSoC4/StripLights_fonts.c **** 	0x00, 0x00, 0x7F, 0x00, 0x00,// |
 121:Generated_Source\PSoC4/StripLights_fonts.c **** 	0x00, 0x41, 0x36, 0x08, 0x00,// }
 122:Generated_Source\PSoC4/StripLights_fonts.c **** 	0x08, 0x08, 0x2A, 0x1C, 0x08,// ->
 123:Generated_Source\PSoC4/StripLights_fonts.c **** 	0x08, 0x1C, 0x2A, 0x08, 0x08 // <-
 124:Generated_Source\PSoC4/StripLights_fonts.c **** };
 125:Generated_Source\PSoC4/StripLights_fonts.c **** 
 126:Generated_Source\PSoC4/StripLights_fonts.c **** 
 127:Generated_Source\PSoC4/StripLights_fonts.c **** /*******************************************************************************
 128:Generated_Source\PSoC4/StripLights_fonts.c **** * Function Name: StripLights_SetFont
 129:Generated_Source\PSoC4/StripLights_fonts.c **** ********************************************************************************
 130:Generated_Source\PSoC4/StripLights_fonts.c **** * Summary:
 131:Generated_Source\PSoC4/StripLights_fonts.c **** *   Set the specific font.  (Only one font supported at this time.)
 132:Generated_Source\PSoC4/StripLights_fonts.c **** *
 133:Generated_Source\PSoC4/StripLights_fonts.c **** * Parameters:  
 134:Generated_Source\PSoC4/StripLights_fonts.c **** *  uint32 font: Font to be selected 
 135:Generated_Source\PSoC4/StripLights_fonts.c **** *
 136:Generated_Source\PSoC4/StripLights_fonts.c **** * Return: 
 137:Generated_Source\PSoC4/StripLights_fonts.c **** *  void
 138:Generated_Source\PSoC4/StripLights_fonts.c **** *
 139:Generated_Source\PSoC4/StripLights_fonts.c **** *******************************************************************************/
 140:Generated_Source\PSoC4/StripLights_fonts.c **** void StripLights_SetFont( uint32 font)
 141:Generated_Source\PSoC4/StripLights_fonts.c **** {
  28              		.loc 1 141 0
  29              		.cfi_startproc
  30              		@ args = 0, pretend = 0, frame = 0
ARM GAS  C:\Users\Austcha\AppData\Local\Temp\cc7Rfw0v.s 			page 4


  31              		@ frame_needed = 0, uses_anonymous_args = 0
  32              		@ link register save eliminated.
  33              	.LVL0:
 142:Generated_Source\PSoC4/StripLights_fonts.c ****     switch(font)
  34              		.loc 1 142 0
  35 0000 0028     		cmp	r0, #0
  36 0002 0CD1     		bne	.L5
 143:Generated_Source\PSoC4/StripLights_fonts.c ****     {
 144:Generated_Source\PSoC4/StripLights_fonts.c ****        case StripLights_FONT_5X7:
 145:Generated_Source\PSoC4/StripLights_fonts.c ****            StripLights_fontPtr = StripLights_Font5x7;
  37              		.loc 1 145 0
  38 0004 0C4A     		ldr	r2, .L6
  39 0006 0D4B     		ldr	r3, .L6+4
  40 0008 1A60     		str	r2, [r3]
 146:Generated_Source\PSoC4/StripLights_fonts.c ****            StripLights_fontX = StripLights_Font5x7_XSIZE;
  41              		.loc 1 146 0
  42 000a 0522     		movs	r2, #5
  43 000c 0C4B     		ldr	r3, .L6+8
  44 000e 1A60     		str	r2, [r3]
 147:Generated_Source\PSoC4/StripLights_fonts.c ****            StripLights_fontY = StripLights_Font5x7_YSIZE;
  45              		.loc 1 147 0
  46 0010 0232     		adds	r2, r2, #2
  47 0012 0C4B     		ldr	r3, .L6+12
  48 0014 1A60     		str	r2, [r3]
 148:Generated_Source\PSoC4/StripLights_fonts.c ****            StripLights_fontOffset = StripLights_Font5x7_OFFSET;
  49              		.loc 1 148 0
  50 0016 1932     		adds	r2, r2, #25
  51 0018 0B4B     		ldr	r3, .L6+16
  52 001a 1A60     		str	r2, [r3]
 149:Generated_Source\PSoC4/StripLights_fonts.c ****            break;
  53              		.loc 1 149 0
  54 001c 0BE0     		b	.L1
  55              	.L5:
 150:Generated_Source\PSoC4/StripLights_fonts.c ****            
 151:Generated_Source\PSoC4/StripLights_fonts.c ****        default:
 152:Generated_Source\PSoC4/StripLights_fonts.c ****            StripLights_fontPtr = StripLights_Font5x7;
  56              		.loc 1 152 0
  57 001e 064A     		ldr	r2, .L6
  58 0020 064B     		ldr	r3, .L6+4
  59 0022 1A60     		str	r2, [r3]
 153:Generated_Source\PSoC4/StripLights_fonts.c ****            StripLights_fontX = StripLights_Font5x7_XSIZE;
  60              		.loc 1 153 0
  61 0024 0522     		movs	r2, #5
  62 0026 064B     		ldr	r3, .L6+8
  63 0028 1A60     		str	r2, [r3]
 154:Generated_Source\PSoC4/StripLights_fonts.c ****            StripLights_fontY = StripLights_Font5x7_YSIZE;
  64              		.loc 1 154 0
  65 002a 0232     		adds	r2, r2, #2
  66 002c 054B     		ldr	r3, .L6+12
  67 002e 1A60     		str	r2, [r3]
 155:Generated_Source\PSoC4/StripLights_fonts.c ****            StripLights_fontOffset = StripLights_Font5x7_OFFSET;
  68              		.loc 1 155 0
  69 0030 1932     		adds	r2, r2, #25
  70 0032 054B     		ldr	r3, .L6+16
  71 0034 1A60     		str	r2, [r3]
  72              	.L1:
 156:Generated_Source\PSoC4/StripLights_fonts.c ****            break;
ARM GAS  C:\Users\Austcha\AppData\Local\Temp\cc7Rfw0v.s 			page 5


 157:Generated_Source\PSoC4/StripLights_fonts.c ****     }
 158:Generated_Source\PSoC4/StripLights_fonts.c **** }
  73              		.loc 1 158 0
  74              		@ sp needed
  75 0036 7047     		bx	lr
  76              	.L7:
  77              		.align	2
  78              	.L6:
  79 0038 00000000 		.word	.LANCHOR0
  80 003c 00000000 		.word	StripLights_fontPtr
  81 0040 00000000 		.word	StripLights_fontX
  82 0044 00000000 		.word	StripLights_fontY
  83 0048 00000000 		.word	StripLights_fontOffset
  84              		.cfi_endproc
  85              	.LFE34:
  86              		.size	StripLights_SetFont, .-StripLights_SetFont
  87              		.section	.text.StripLights_PutChar,"ax",%progbits
  88              		.align	2
  89              		.global	StripLights_PutChar
  90              		.code	16
  91              		.thumb_func
  92              		.type	StripLights_PutChar, %function
  93              	StripLights_PutChar:
  94              	.LFB36:
 159:Generated_Source\PSoC4/StripLights_fonts.c **** 
 160:Generated_Source\PSoC4/StripLights_fonts.c **** 
 161:Generated_Source\PSoC4/StripLights_fonts.c **** /*******************************************************************************
 162:Generated_Source\PSoC4/StripLights_fonts.c **** * Function Name: StripLights_PrintString
 163:Generated_Source\PSoC4/StripLights_fonts.c **** ********************************************************************************
 164:Generated_Source\PSoC4/StripLights_fonts.c **** * Summary:
 165:Generated_Source\PSoC4/StripLights_fonts.c **** *   Print string at the given location.
 166:Generated_Source\PSoC4/StripLights_fonts.c **** *
 167:Generated_Source\PSoC4/StripLights_fonts.c **** * Parameters:  
 168:Generated_Source\PSoC4/StripLights_fonts.c **** *  uint32 xpos: X location at which to start string.
 169:Generated_Source\PSoC4/StripLights_fonts.c **** *  uint32 ypos: Upper Y location to place string.
 170:Generated_Source\PSoC4/StripLights_fonts.c **** *  char * theString:  The string to print.
 171:Generated_Source\PSoC4/StripLights_fonts.c **** *  uint32 fg: The forground fount color.
 172:Generated_Source\PSoC4/StripLights_fonts.c **** *  uint32 bg: Background color
 173:Generated_Source\PSoC4/StripLights_fonts.c **** *
 174:Generated_Source\PSoC4/StripLights_fonts.c **** * Return: 
 175:Generated_Source\PSoC4/StripLights_fonts.c **** *  void
 176:Generated_Source\PSoC4/StripLights_fonts.c **** *
 177:Generated_Source\PSoC4/StripLights_fonts.c **** *******************************************************************************/
 178:Generated_Source\PSoC4/StripLights_fonts.c **** void StripLights_PrintString(int32 xpos, int32 ypos, char * theString, uint32 fg, uint32 bg)
 179:Generated_Source\PSoC4/StripLights_fonts.c **** {
 180:Generated_Source\PSoC4/StripLights_fonts.c ****     uint32 strPos = 0;
 181:Generated_Source\PSoC4/StripLights_fonts.c ****     uint32 yStop;
 182:Generated_Source\PSoC4/StripLights_fonts.c ****     
 183:Generated_Source\PSoC4/StripLights_fonts.c ****     yStop = ypos + StripLights_fontY;
 184:Generated_Source\PSoC4/StripLights_fonts.c ****     if(yStop > StripLights_MAX_Y) yStop = StripLights_MAX_Y;
 185:Generated_Source\PSoC4/StripLights_fonts.c ****     
 186:Generated_Source\PSoC4/StripLights_fonts.c ****     while(theString[strPos] != 0)
 187:Generated_Source\PSoC4/StripLights_fonts.c ****     {
 188:Generated_Source\PSoC4/StripLights_fonts.c **** 		// Print character
 189:Generated_Source\PSoC4/StripLights_fonts.c ****         if(fg == StripLights_COLORWHEEL_FONT)
 190:Generated_Source\PSoC4/StripLights_fonts.c ****         {
 191:Generated_Source\PSoC4/StripLights_fonts.c ****             StripLights_PutChar(xpos, ypos, theString[strPos], StripLights_ColorInc(1), bg);
ARM GAS  C:\Users\Austcha\AppData\Local\Temp\cc7Rfw0v.s 			page 6


 192:Generated_Source\PSoC4/StripLights_fonts.c ****         }
 193:Generated_Source\PSoC4/StripLights_fonts.c ****         else
 194:Generated_Source\PSoC4/StripLights_fonts.c ****         {
 195:Generated_Source\PSoC4/StripLights_fonts.c ****             StripLights_PutChar(xpos, ypos, theString[strPos], fg, bg);
 196:Generated_Source\PSoC4/StripLights_fonts.c ****         }
 197:Generated_Source\PSoC4/StripLights_fonts.c ****         strPos++;   // Advance to next character
 198:Generated_Source\PSoC4/StripLights_fonts.c ****         xpos += StripLights_fontX;  // Advance to next x location for next character
 199:Generated_Source\PSoC4/StripLights_fonts.c **** 		
 200:Generated_Source\PSoC4/StripLights_fonts.c **** 		// If not last character clear out area between characters.
 201:Generated_Source\PSoC4/StripLights_fonts.c ****         if(theString[strPos] != 0)
 202:Generated_Source\PSoC4/StripLights_fonts.c ****         {
 203:Generated_Source\PSoC4/StripLights_fonts.c **** 			if(bg != StripLights_TRANS_BG)
 204:Generated_Source\PSoC4/StripLights_fonts.c **** 			{
 205:Generated_Source\PSoC4/StripLights_fonts.c **** 			     StripLights_DrawLine(xpos, ypos, xpos, ypos+StripLights_fontY, bg);
 206:Generated_Source\PSoC4/StripLights_fonts.c **** 			}
 207:Generated_Source\PSoC4/StripLights_fonts.c ****         }
 208:Generated_Source\PSoC4/StripLights_fonts.c ****         xpos++;
 209:Generated_Source\PSoC4/StripLights_fonts.c ****     }
 210:Generated_Source\PSoC4/StripLights_fonts.c **** 	if(bg != StripLights_TRANS_BG)
 211:Generated_Source\PSoC4/StripLights_fonts.c **** 	{
 212:Generated_Source\PSoC4/StripLights_fonts.c ****         StripLights_DrawLine(xpos-1, ypos, xpos-1, ypos+StripLights_fontY, bg);
 213:Generated_Source\PSoC4/StripLights_fonts.c **** 	}
 214:Generated_Source\PSoC4/StripLights_fonts.c **** }
 215:Generated_Source\PSoC4/StripLights_fonts.c **** 
 216:Generated_Source\PSoC4/StripLights_fonts.c **** /*******************************************************************************
 217:Generated_Source\PSoC4/StripLights_fonts.c **** * Function Name: StripLights_PutChar
 218:Generated_Source\PSoC4/StripLights_fonts.c **** ********************************************************************************
 219:Generated_Source\PSoC4/StripLights_fonts.c **** * Summary:
 220:Generated_Source\PSoC4/StripLights_fonts.c **** *   Print character at the given location.
 221:Generated_Source\PSoC4/StripLights_fonts.c **** *
 222:Generated_Source\PSoC4/StripLights_fonts.c **** * Parameters:  
 223:Generated_Source\PSoC4/StripLights_fonts.c **** *  uint32 xpos: X location at which to start string.
 224:Generated_Source\PSoC4/StripLights_fonts.c **** *  uint32 ypos: Upper Y location to place string.
 225:Generated_Source\PSoC4/StripLights_fonts.c **** *  char theChar:  The character to print.
 226:Generated_Source\PSoC4/StripLights_fonts.c **** *  uint32 fg: The forground fount color.
 227:Generated_Source\PSoC4/StripLights_fonts.c **** *  uint32 bg: Background color
 228:Generated_Source\PSoC4/StripLights_fonts.c **** *
 229:Generated_Source\PSoC4/StripLights_fonts.c **** * Return: 
 230:Generated_Source\PSoC4/StripLights_fonts.c **** *  void
 231:Generated_Source\PSoC4/StripLights_fonts.c **** *
 232:Generated_Source\PSoC4/StripLights_fonts.c **** *******************************************************************************/
 233:Generated_Source\PSoC4/StripLights_fonts.c **** void StripLights_PutChar(int32 xpos, int32 ypos, uint8 theChar, uint32 fg, uint32 bg)
 234:Generated_Source\PSoC4/StripLights_fonts.c **** {
  95              		.loc 1 234 0
  96              		.cfi_startproc
  97              		@ args = 4, pretend = 0, frame = 8
  98              		@ frame_needed = 0, uses_anonymous_args = 0
  99              	.LVL1:
 100 0000 F0B5     		push	{r4, r5, r6, r7, lr}
 101              		.cfi_def_cfa_offset 20
 102              		.cfi_offset 4, -20
 103              		.cfi_offset 5, -16
 104              		.cfi_offset 6, -12
 105              		.cfi_offset 7, -8
 106              		.cfi_offset 14, -4
 107 0002 5F46     		mov	r7, fp
 108 0004 5646     		mov	r6, r10
ARM GAS  C:\Users\Austcha\AppData\Local\Temp\cc7Rfw0v.s 			page 7


 109 0006 4D46     		mov	r5, r9
 110 0008 E0B4     		push	{r5, r6, r7}
 111              		.cfi_def_cfa_offset 32
 112              		.cfi_offset 9, -32
 113              		.cfi_offset 10, -28
 114              		.cfi_offset 11, -24
 115 000a 82B0     		sub	sp, sp, #8
 116              		.cfi_def_cfa_offset 40
 117 000c 0600     		movs	r6, r0
 118 000e 0191     		str	r1, [sp, #4]
 119 0010 0093     		str	r3, [sp]
 120 0012 0A9B     		ldr	r3, [sp, #40]
 121              	.LVL2:
 122 0014 9A46     		mov	r10, r3
 235:Generated_Source\PSoC4/StripLights_fonts.c ****     int32 x,y, fp;
 236:Generated_Source\PSoC4/StripLights_fonts.c ****     uint8 mask;
 237:Generated_Source\PSoC4/StripLights_fonts.c ****     int32 yStop, xStop;
 238:Generated_Source\PSoC4/StripLights_fonts.c ****    
 239:Generated_Source\PSoC4/StripLights_fonts.c ****     fp = (theChar - StripLights_fontOffset) * StripLights_fontX;
 123              		.loc 1 239 0
 124 0016 214B     		ldr	r3, .L19
 125 0018 1B68     		ldr	r3, [r3]
 126 001a D21A     		subs	r2, r2, r3
 127              	.LVL3:
 128 001c 204B     		ldr	r3, .L19+4
 129 001e 1B68     		ldr	r3, [r3]
 130 0020 5A43     		muls	r2, r3
 131 0022 9146     		mov	r9, r2
 132              	.LVL4:
 240:Generated_Source\PSoC4/StripLights_fonts.c ****    
 241:Generated_Source\PSoC4/StripLights_fonts.c ****     xStop = xpos + StripLights_fontX;
 133              		.loc 1 241 0
 134 0024 9B46     		mov	fp, r3
 135 0026 8344     		add	fp, fp, r0
 136              	.LVL5:
 242:Generated_Source\PSoC4/StripLights_fonts.c ****     if(xStop > StripLights_MAX_X) xStop = StripLights_MAX_X;
 137              		.loc 1 242 0
 138 0028 5B46     		mov	r3, fp
 139 002a 022B     		cmp	r3, #2
 140 002c 01DD     		ble	.L9
 141 002e 0223     		movs	r3, #2
 142 0030 9B46     		mov	fp, r3
 143              	.LVL6:
 144              	.L9:
 243:Generated_Source\PSoC4/StripLights_fonts.c ****    
 244:Generated_Source\PSoC4/StripLights_fonts.c ****     yStop = ypos + StripLights_fontY;
 145              		.loc 1 244 0
 146 0032 1C4B     		ldr	r3, .L19+8
 147 0034 1B68     		ldr	r3, [r3]
 148 0036 019A     		ldr	r2, [sp, #4]
 149              	.LVL7:
 150 0038 9F18     		adds	r7, r3, r2
 151              	.LVL8:
 245:Generated_Source\PSoC4/StripLights_fonts.c ****     if(yStop > StripLights_MAX_Y) yStop = StripLights_MAX_Y;
 152              		.loc 1 245 0
 153 003a 002F     		cmp	r7, #0
 154 003c 26DD     		ble	.L11
ARM GAS  C:\Users\Austcha\AppData\Local\Temp\cc7Rfw0v.s 			page 8


 155 003e 0027     		movs	r7, #0
 156              	.LVL9:
 246:Generated_Source\PSoC4/StripLights_fonts.c ****    
 247:Generated_Source\PSoC4/StripLights_fonts.c ****     for( x = xpos; x < xStop; x++)
 157              		.loc 1 247 0
 158 0040 24E0     		b	.L11
 159              	.LVL10:
 160              	.L14:
 248:Generated_Source\PSoC4/StripLights_fonts.c ****     {
 249:Generated_Source\PSoC4/StripLights_fonts.c ****         mask = 0x01;
 250:Generated_Source\PSoC4/StripLights_fonts.c ****         for(y = ypos; y <= yStop; y++)
 251:Generated_Source\PSoC4/StripLights_fonts.c ****         {
 252:Generated_Source\PSoC4/StripLights_fonts.c ****             if((y >= 0) && (x >= 0))
 161              		.loc 1 252 0
 162 0042 002D     		cmp	r5, #0
 163 0044 16DB     		blt	.L12
 164              		.loc 1 252 0 is_stmt 0 discriminator 1
 165 0046 002E     		cmp	r6, #0
 166 0048 14DB     		blt	.L12
 253:Generated_Source\PSoC4/StripLights_fonts.c ****             {
 254:Generated_Source\PSoC4/StripLights_fonts.c ****                 if(mask & StripLights_fontPtr[fp])
 167              		.loc 1 254 0 is_stmt 1
 168 004a 174B     		ldr	r3, .L19+12
 169 004c 1B68     		ldr	r3, [r3]
 170 004e 4A46     		mov	r2, r9
 171 0050 9B5C     		ldrb	r3, [r3, r2]
 172 0052 2342     		tst	r3, r4
 173 0054 05D0     		beq	.L13
 174              	.LVL11:
 255:Generated_Source\PSoC4/StripLights_fonts.c ****                 { 
 256:Generated_Source\PSoC4/StripLights_fonts.c **** 				     StripLights_Pixel( x, y, fg);
 175              		.loc 1 256 0
 176 0056 009A     		ldr	r2, [sp]
 177              	.LVL12:
 178 0058 2900     		movs	r1, r5
 179 005a 3000     		movs	r0, r6
 180 005c FFF7FEFF 		bl	StripLights_Pixel
 181              	.LVL13:
 182 0060 08E0     		b	.L12
 183              	.LVL14:
 184              	.L13:
 257:Generated_Source\PSoC4/StripLights_fonts.c ****                 }
 258:Generated_Source\PSoC4/StripLights_fonts.c ****                 else
 259:Generated_Source\PSoC4/StripLights_fonts.c ****                 {
 260:Generated_Source\PSoC4/StripLights_fonts.c **** 					if(bg != StripLights_TRANS_BG)
 185              		.loc 1 260 0
 186 0062 FF23     		movs	r3, #255
 187 0064 1B06     		lsls	r3, r3, #24
 188 0066 9A45     		cmp	r10, r3
 189 0068 04D0     		beq	.L12
 261:Generated_Source\PSoC4/StripLights_fonts.c **** 					{
 262:Generated_Source\PSoC4/StripLights_fonts.c **** 				        StripLights_Pixel( x, y, bg);
 190              		.loc 1 262 0
 191 006a 5246     		mov	r2, r10
 192              	.LVL15:
 193 006c 2900     		movs	r1, r5
 194 006e 3000     		movs	r0, r6
ARM GAS  C:\Users\Austcha\AppData\Local\Temp\cc7Rfw0v.s 			page 9


 195 0070 FFF7FEFF 		bl	StripLights_Pixel
 196              	.LVL16:
 197              	.L12:
 263:Generated_Source\PSoC4/StripLights_fonts.c **** 					}
 264:Generated_Source\PSoC4/StripLights_fonts.c ****                 }
 265:Generated_Source\PSoC4/StripLights_fonts.c ****             }
 266:Generated_Source\PSoC4/StripLights_fonts.c ****             mask = mask << 1;
 198              		.loc 1 266 0 discriminator 2
 199 0074 6400     		lsls	r4, r4, #1
 200              	.LVL17:
 201 0076 E4B2     		uxtb	r4, r4
 202              	.LVL18:
 250:Generated_Source\PSoC4/StripLights_fonts.c ****         {
 203              		.loc 1 250 0 discriminator 2
 204 0078 0135     		adds	r5, r5, #1
 205              	.LVL19:
 206 007a 01E0     		b	.L15
 207              	.LVL20:
 208              	.L18:
 209 007c 019D     		ldr	r5, [sp, #4]
 210 007e 0124     		movs	r4, #1
 211              	.L15:
 212              	.LVL21:
 250:Generated_Source\PSoC4/StripLights_fonts.c ****         {
 213              		.loc 1 250 0 is_stmt 0 discriminator 1
 214 0080 BD42     		cmp	r5, r7
 215 0082 DEDD     		ble	.L14
 267:Generated_Source\PSoC4/StripLights_fonts.c ****         }
 268:Generated_Source\PSoC4/StripLights_fonts.c ****         fp++;
 216              		.loc 1 268 0 is_stmt 1 discriminator 2
 217 0084 0123     		movs	r3, #1
 218 0086 9C46     		mov	ip, r3
 219 0088 E144     		add	r9, r9, ip
 220              	.LVL22:
 247:Generated_Source\PSoC4/StripLights_fonts.c ****     {
 221              		.loc 1 247 0 discriminator 2
 222 008a 0136     		adds	r6, r6, #1
 223              	.LVL23:
 224              	.L11:
 247:Generated_Source\PSoC4/StripLights_fonts.c ****     {
 225              		.loc 1 247 0 is_stmt 0 discriminator 1
 226 008c 5E45     		cmp	r6, fp
 227 008e F5DB     		blt	.L18
 269:Generated_Source\PSoC4/StripLights_fonts.c ****     }
 270:Generated_Source\PSoC4/StripLights_fonts.c **** }
 228              		.loc 1 270 0 is_stmt 1
 229 0090 02B0     		add	sp, sp, #8
 230              	.LVL24:
 231              		@ sp needed
 232              	.LVL25:
 233              	.LVL26:
 234              	.LVL27:
 235              	.LVL28:
 236 0092 1CBC     		pop	{r2, r3, r4}
 237 0094 9146     		mov	r9, r2
 238 0096 9A46     		mov	r10, r3
 239 0098 A346     		mov	fp, r4
ARM GAS  C:\Users\Austcha\AppData\Local\Temp\cc7Rfw0v.s 			page 10


 240 009a F0BD     		pop	{r4, r5, r6, r7, pc}
 241              	.L20:
 242              		.align	2
 243              	.L19:
 244 009c 00000000 		.word	StripLights_fontOffset
 245 00a0 00000000 		.word	StripLights_fontX
 246 00a4 00000000 		.word	StripLights_fontY
 247 00a8 00000000 		.word	StripLights_fontPtr
 248              		.cfi_endproc
 249              	.LFE36:
 250              		.size	StripLights_PutChar, .-StripLights_PutChar
 251              		.section	.text.StripLights_PrintString,"ax",%progbits
 252              		.align	2
 253              		.global	StripLights_PrintString
 254              		.code	16
 255              		.thumb_func
 256              		.type	StripLights_PrintString, %function
 257              	StripLights_PrintString:
 258              	.LFB35:
 179:Generated_Source\PSoC4/StripLights_fonts.c ****     uint32 strPos = 0;
 259              		.loc 1 179 0
 260              		.cfi_startproc
 261              		@ args = 4, pretend = 0, frame = 8
 262              		@ frame_needed = 0, uses_anonymous_args = 0
 263              	.LVL29:
 264 0000 F0B5     		push	{r4, r5, r6, r7, lr}
 265              		.cfi_def_cfa_offset 20
 266              		.cfi_offset 4, -20
 267              		.cfi_offset 5, -16
 268              		.cfi_offset 6, -12
 269              		.cfi_offset 7, -8
 270              		.cfi_offset 14, -4
 271 0002 5746     		mov	r7, r10
 272 0004 4646     		mov	r6, r8
 273 0006 C0B4     		push	{r6, r7}
 274              		.cfi_def_cfa_offset 28
 275              		.cfi_offset 8, -28
 276              		.cfi_offset 10, -24
 277 0008 85B0     		sub	sp, sp, #20
 278              		.cfi_def_cfa_offset 48
 279 000a 0400     		movs	r4, r0
 280 000c 0391     		str	r1, [sp, #12]
 281 000e 9046     		mov	r8, r2
 282 0010 9A46     		mov	r10, r3
 283 0012 0C9F     		ldr	r7, [sp, #48]
 284              	.LVL30:
 180:Generated_Source\PSoC4/StripLights_fonts.c ****     uint32 yStop;
 285              		.loc 1 180 0
 286 0014 0025     		movs	r5, #0
 287 0016 2CE0     		b	.L22
 288              	.LVL31:
 289              	.L26:
 189:Generated_Source\PSoC4/StripLights_fonts.c ****         {
 290              		.loc 1 189 0
 291 0018 8023     		movs	r3, #128
 292              	.LVL32:
 293 001a 1B06     		lsls	r3, r3, #24
ARM GAS  C:\Users\Austcha\AppData\Local\Temp\cc7Rfw0v.s 			page 11


 294 001c 9A45     		cmp	r10, r3
 295 001e 0AD1     		bne	.L23
 191:Generated_Source\PSoC4/StripLights_fonts.c ****         }
 296              		.loc 1 191 0
 297 0020 0120     		movs	r0, #1
 298 0022 FFF7FEFF 		bl	StripLights_ColorInc
 299              	.LVL33:
 300 0026 0300     		movs	r3, r0
 301 0028 0097     		str	r7, [sp]
 302 002a 3200     		movs	r2, r6
 303 002c 0399     		ldr	r1, [sp, #12]
 304 002e 2000     		movs	r0, r4
 305 0030 FFF7FEFF 		bl	StripLights_PutChar
 306              	.LVL34:
 307 0034 06E0     		b	.L24
 308              	.L23:
 195:Generated_Source\PSoC4/StripLights_fonts.c ****         }
 309              		.loc 1 195 0
 310 0036 0097     		str	r7, [sp]
 311 0038 5346     		mov	r3, r10
 312 003a 3200     		movs	r2, r6
 313 003c 0399     		ldr	r1, [sp, #12]
 314 003e 2000     		movs	r0, r4
 315 0040 FFF7FEFF 		bl	StripLights_PutChar
 316              	.LVL35:
 317              	.L24:
 197:Generated_Source\PSoC4/StripLights_fonts.c ****         xpos += StripLights_fontX;  // Advance to next x location for next character
 318              		.loc 1 197 0
 319 0044 0135     		adds	r5, r5, #1
 320              	.LVL36:
 198:Generated_Source\PSoC4/StripLights_fonts.c **** 		
 321              		.loc 1 198 0
 322 0046 164B     		ldr	r3, .L28
 323 0048 1868     		ldr	r0, [r3]
 324 004a 2418     		adds	r4, r4, r0
 325              	.LVL37:
 201:Generated_Source\PSoC4/StripLights_fonts.c ****         {
 326              		.loc 1 201 0
 327 004c 4346     		mov	r3, r8
 328 004e 5B5D     		ldrb	r3, [r3, r5]
 329 0050 002B     		cmp	r3, #0
 330 0052 0DD0     		beq	.L25
 203:Generated_Source\PSoC4/StripLights_fonts.c **** 			{
 331              		.loc 1 203 0
 332 0054 FF23     		movs	r3, #255
 333 0056 1B06     		lsls	r3, r3, #24
 334 0058 9F42     		cmp	r7, r3
 335 005a 09D0     		beq	.L25
 205:Generated_Source\PSoC4/StripLights_fonts.c **** 			}
 336              		.loc 1 205 0
 337 005c 114B     		ldr	r3, .L28+4
 338 005e 1B68     		ldr	r3, [r3]
 339 0060 0399     		ldr	r1, [sp, #12]
 340 0062 8C46     		mov	ip, r1
 341 0064 6344     		add	r3, r3, ip
 342 0066 0097     		str	r7, [sp]
 343 0068 2200     		movs	r2, r4
ARM GAS  C:\Users\Austcha\AppData\Local\Temp\cc7Rfw0v.s 			page 12


 344 006a 2000     		movs	r0, r4
 345 006c FFF7FEFF 		bl	StripLights_DrawLine
 346              	.LVL38:
 347              	.L25:
 208:Generated_Source\PSoC4/StripLights_fonts.c ****     }
 348              		.loc 1 208 0
 349 0070 0134     		adds	r4, r4, #1
 350              	.LVL39:
 351              	.L22:
 186:Generated_Source\PSoC4/StripLights_fonts.c ****     {
 352              		.loc 1 186 0
 353 0072 4346     		mov	r3, r8
 354 0074 5E5D     		ldrb	r6, [r3, r5]
 355 0076 002E     		cmp	r6, #0
 356 0078 CED1     		bne	.L26
 357              	.LVL40:
 210:Generated_Source\PSoC4/StripLights_fonts.c **** 	{
 358              		.loc 1 210 0
 359 007a FF23     		movs	r3, #255
 360              	.LVL41:
 361 007c 1B06     		lsls	r3, r3, #24
 362 007e 9F42     		cmp	r7, r3
 363 0080 09D0     		beq	.L21
 212:Generated_Source\PSoC4/StripLights_fonts.c **** 	}
 364              		.loc 1 212 0
 365 0082 601E     		subs	r0, r4, #1
 366 0084 074B     		ldr	r3, .L28+4
 367 0086 1B68     		ldr	r3, [r3]
 368 0088 0399     		ldr	r1, [sp, #12]
 369 008a 8C46     		mov	ip, r1
 370 008c 6344     		add	r3, r3, ip
 371 008e 0097     		str	r7, [sp]
 372 0090 0200     		movs	r2, r0
 373 0092 FFF7FEFF 		bl	StripLights_DrawLine
 374              	.LVL42:
 375              	.L21:
 214:Generated_Source\PSoC4/StripLights_fonts.c **** 
 376              		.loc 1 214 0
 377 0096 05B0     		add	sp, sp, #20
 378              		@ sp needed
 379              	.LVL43:
 380              	.LVL44:
 381              	.LVL45:
 382              	.LVL46:
 383 0098 0CBC     		pop	{r2, r3}
 384 009a 9046     		mov	r8, r2
 385 009c 9A46     		mov	r10, r3
 386 009e F0BD     		pop	{r4, r5, r6, r7, pc}
 387              	.L29:
 388              		.align	2
 389              	.L28:
 390 00a0 00000000 		.word	StripLights_fontX
 391 00a4 00000000 		.word	StripLights_fontY
 392              		.cfi_endproc
 393              	.LFE35:
 394              		.size	StripLights_PrintString, .-StripLights_PrintString
 395              		.global	StripLights_Font5x7
ARM GAS  C:\Users\Austcha\AppData\Local\Temp\cc7Rfw0v.s 			page 13


 396              		.comm	StripLights_fontOffset,4,4
 397              		.comm	StripLights_fontY,4,4
 398              		.comm	StripLights_fontX,4,4
 399              		.comm	StripLights_fontPtr,4,4
 400              		.section	.rodata
 401              		.align	2
 402              		.set	.LANCHOR0,. + 0
 403              		.type	StripLights_Font5x7, %object
 404              		.size	StripLights_Font5x7, 480
 405              	StripLights_Font5x7:
 406 0000 00       		.byte	0
 407 0001 00       		.byte	0
 408 0002 00       		.byte	0
 409 0003 00       		.byte	0
 410 0004 00       		.byte	0
 411 0005 00       		.byte	0
 412 0006 00       		.byte	0
 413 0007 5F       		.byte	95
 414 0008 00       		.byte	0
 415 0009 00       		.byte	0
 416 000a 00       		.byte	0
 417 000b 07       		.byte	7
 418 000c 00       		.byte	0
 419 000d 07       		.byte	7
 420 000e 00       		.byte	0
 421 000f 14       		.byte	20
 422 0010 7F       		.byte	127
 423 0011 14       		.byte	20
 424 0012 7F       		.byte	127
 425 0013 14       		.byte	20
 426 0014 24       		.byte	36
 427 0015 2A       		.byte	42
 428 0016 7F       		.byte	127
 429 0017 2A       		.byte	42
 430 0018 12       		.byte	18
 431 0019 23       		.byte	35
 432 001a 13       		.byte	19
 433 001b 08       		.byte	8
 434 001c 64       		.byte	100
 435 001d 62       		.byte	98
 436 001e 36       		.byte	54
 437 001f 49       		.byte	73
 438 0020 55       		.byte	85
 439 0021 22       		.byte	34
 440 0022 50       		.byte	80
 441 0023 00       		.byte	0
 442 0024 05       		.byte	5
 443 0025 03       		.byte	3
 444 0026 00       		.byte	0
 445 0027 00       		.byte	0
 446 0028 00       		.byte	0
 447 0029 1C       		.byte	28
 448 002a 22       		.byte	34
 449 002b 41       		.byte	65
 450 002c 00       		.byte	0
 451 002d 00       		.byte	0
 452 002e 41       		.byte	65
ARM GAS  C:\Users\Austcha\AppData\Local\Temp\cc7Rfw0v.s 			page 14


 453 002f 22       		.byte	34
 454 0030 1C       		.byte	28
 455 0031 00       		.byte	0
 456 0032 08       		.byte	8
 457 0033 2A       		.byte	42
 458 0034 1C       		.byte	28
 459 0035 2A       		.byte	42
 460 0036 08       		.byte	8
 461 0037 08       		.byte	8
 462 0038 08       		.byte	8
 463 0039 3E       		.byte	62
 464 003a 08       		.byte	8
 465 003b 08       		.byte	8
 466 003c 00       		.byte	0
 467 003d 50       		.byte	80
 468 003e 30       		.byte	48
 469 003f 00       		.byte	0
 470 0040 00       		.byte	0
 471 0041 08       		.byte	8
 472 0042 08       		.byte	8
 473 0043 08       		.byte	8
 474 0044 08       		.byte	8
 475 0045 08       		.byte	8
 476 0046 00       		.byte	0
 477 0047 60       		.byte	96
 478 0048 60       		.byte	96
 479 0049 00       		.byte	0
 480 004a 00       		.byte	0
 481 004b 20       		.byte	32
 482 004c 10       		.byte	16
 483 004d 08       		.byte	8
 484 004e 04       		.byte	4
 485 004f 02       		.byte	2
 486 0050 3E       		.byte	62
 487 0051 51       		.byte	81
 488 0052 49       		.byte	73
 489 0053 45       		.byte	69
 490 0054 3E       		.byte	62
 491 0055 00       		.byte	0
 492 0056 42       		.byte	66
 493 0057 7F       		.byte	127
 494 0058 40       		.byte	64
 495 0059 00       		.byte	0
 496 005a 42       		.byte	66
 497 005b 61       		.byte	97
 498 005c 51       		.byte	81
 499 005d 49       		.byte	73
 500 005e 46       		.byte	70
 501 005f 21       		.byte	33
 502 0060 41       		.byte	65
 503 0061 45       		.byte	69
 504 0062 4B       		.byte	75
 505 0063 31       		.byte	49
 506 0064 18       		.byte	24
 507 0065 14       		.byte	20
 508 0066 12       		.byte	18
 509 0067 7F       		.byte	127
ARM GAS  C:\Users\Austcha\AppData\Local\Temp\cc7Rfw0v.s 			page 15


 510 0068 10       		.byte	16
 511 0069 27       		.byte	39
 512 006a 45       		.byte	69
 513 006b 45       		.byte	69
 514 006c 45       		.byte	69
 515 006d 39       		.byte	57
 516 006e 3C       		.byte	60
 517 006f 4A       		.byte	74
 518 0070 49       		.byte	73
 519 0071 49       		.byte	73
 520 0072 30       		.byte	48
 521 0073 01       		.byte	1
 522 0074 71       		.byte	113
 523 0075 09       		.byte	9
 524 0076 05       		.byte	5
 525 0077 03       		.byte	3
 526 0078 36       		.byte	54
 527 0079 49       		.byte	73
 528 007a 49       		.byte	73
 529 007b 49       		.byte	73
 530 007c 36       		.byte	54
 531 007d 06       		.byte	6
 532 007e 49       		.byte	73
 533 007f 49       		.byte	73
 534 0080 29       		.byte	41
 535 0081 1E       		.byte	30
 536 0082 00       		.byte	0
 537 0083 36       		.byte	54
 538 0084 36       		.byte	54
 539 0085 00       		.byte	0
 540 0086 00       		.byte	0
 541 0087 00       		.byte	0
 542 0088 56       		.byte	86
 543 0089 36       		.byte	54
 544 008a 00       		.byte	0
 545 008b 00       		.byte	0
 546 008c 00       		.byte	0
 547 008d 08       		.byte	8
 548 008e 14       		.byte	20
 549 008f 22       		.byte	34
 550 0090 41       		.byte	65
 551 0091 14       		.byte	20
 552 0092 14       		.byte	20
 553 0093 14       		.byte	20
 554 0094 14       		.byte	20
 555 0095 14       		.byte	20
 556 0096 41       		.byte	65
 557 0097 22       		.byte	34
 558 0098 14       		.byte	20
 559 0099 08       		.byte	8
 560 009a 00       		.byte	0
 561 009b 02       		.byte	2
 562 009c 01       		.byte	1
 563 009d 51       		.byte	81
 564 009e 09       		.byte	9
 565 009f 06       		.byte	6
 566 00a0 32       		.byte	50
ARM GAS  C:\Users\Austcha\AppData\Local\Temp\cc7Rfw0v.s 			page 16


 567 00a1 49       		.byte	73
 568 00a2 79       		.byte	121
 569 00a3 41       		.byte	65
 570 00a4 3E       		.byte	62
 571 00a5 7E       		.byte	126
 572 00a6 11       		.byte	17
 573 00a7 11       		.byte	17
 574 00a8 11       		.byte	17
 575 00a9 7E       		.byte	126
 576 00aa 7F       		.byte	127
 577 00ab 49       		.byte	73
 578 00ac 49       		.byte	73
 579 00ad 49       		.byte	73
 580 00ae 36       		.byte	54
 581 00af 3E       		.byte	62
 582 00b0 41       		.byte	65
 583 00b1 41       		.byte	65
 584 00b2 41       		.byte	65
 585 00b3 22       		.byte	34
 586 00b4 7F       		.byte	127
 587 00b5 41       		.byte	65
 588 00b6 41       		.byte	65
 589 00b7 22       		.byte	34
 590 00b8 1C       		.byte	28
 591 00b9 7F       		.byte	127
 592 00ba 49       		.byte	73
 593 00bb 49       		.byte	73
 594 00bc 49       		.byte	73
 595 00bd 41       		.byte	65
 596 00be 7F       		.byte	127
 597 00bf 09       		.byte	9
 598 00c0 09       		.byte	9
 599 00c1 01       		.byte	1
 600 00c2 01       		.byte	1
 601 00c3 3E       		.byte	62
 602 00c4 41       		.byte	65
 603 00c5 41       		.byte	65
 604 00c6 51       		.byte	81
 605 00c7 32       		.byte	50
 606 00c8 7F       		.byte	127
 607 00c9 08       		.byte	8
 608 00ca 08       		.byte	8
 609 00cb 08       		.byte	8
 610 00cc 7F       		.byte	127
 611 00cd 00       		.byte	0
 612 00ce 41       		.byte	65
 613 00cf 7F       		.byte	127
 614 00d0 41       		.byte	65
 615 00d1 00       		.byte	0
 616 00d2 20       		.byte	32
 617 00d3 40       		.byte	64
 618 00d4 41       		.byte	65
 619 00d5 3F       		.byte	63
 620 00d6 01       		.byte	1
 621 00d7 7F       		.byte	127
 622 00d8 08       		.byte	8
 623 00d9 14       		.byte	20
ARM GAS  C:\Users\Austcha\AppData\Local\Temp\cc7Rfw0v.s 			page 17


 624 00da 22       		.byte	34
 625 00db 41       		.byte	65
 626 00dc 7F       		.byte	127
 627 00dd 40       		.byte	64
 628 00de 40       		.byte	64
 629 00df 40       		.byte	64
 630 00e0 40       		.byte	64
 631 00e1 7F       		.byte	127
 632 00e2 02       		.byte	2
 633 00e3 04       		.byte	4
 634 00e4 02       		.byte	2
 635 00e5 7F       		.byte	127
 636 00e6 7F       		.byte	127
 637 00e7 04       		.byte	4
 638 00e8 08       		.byte	8
 639 00e9 10       		.byte	16
 640 00ea 7F       		.byte	127
 641 00eb 3E       		.byte	62
 642 00ec 41       		.byte	65
 643 00ed 41       		.byte	65
 644 00ee 41       		.byte	65
 645 00ef 3E       		.byte	62
 646 00f0 7F       		.byte	127
 647 00f1 09       		.byte	9
 648 00f2 09       		.byte	9
 649 00f3 09       		.byte	9
 650 00f4 06       		.byte	6
 651 00f5 3E       		.byte	62
 652 00f6 41       		.byte	65
 653 00f7 51       		.byte	81
 654 00f8 21       		.byte	33
 655 00f9 5E       		.byte	94
 656 00fa 7F       		.byte	127
 657 00fb 09       		.byte	9
 658 00fc 19       		.byte	25
 659 00fd 29       		.byte	41
 660 00fe 46       		.byte	70
 661 00ff 46       		.byte	70
 662 0100 49       		.byte	73
 663 0101 49       		.byte	73
 664 0102 49       		.byte	73
 665 0103 31       		.byte	49
 666 0104 01       		.byte	1
 667 0105 01       		.byte	1
 668 0106 7F       		.byte	127
 669 0107 01       		.byte	1
 670 0108 01       		.byte	1
 671 0109 3F       		.byte	63
 672 010a 40       		.byte	64
 673 010b 40       		.byte	64
 674 010c 40       		.byte	64
 675 010d 3F       		.byte	63
 676 010e 1F       		.byte	31
 677 010f 20       		.byte	32
 678 0110 40       		.byte	64
 679 0111 20       		.byte	32
 680 0112 1F       		.byte	31
ARM GAS  C:\Users\Austcha\AppData\Local\Temp\cc7Rfw0v.s 			page 18


 681 0113 7F       		.byte	127
 682 0114 20       		.byte	32
 683 0115 18       		.byte	24
 684 0116 20       		.byte	32
 685 0117 7F       		.byte	127
 686 0118 63       		.byte	99
 687 0119 14       		.byte	20
 688 011a 08       		.byte	8
 689 011b 14       		.byte	20
 690 011c 63       		.byte	99
 691 011d 03       		.byte	3
 692 011e 04       		.byte	4
 693 011f 78       		.byte	120
 694 0120 04       		.byte	4
 695 0121 03       		.byte	3
 696 0122 61       		.byte	97
 697 0123 51       		.byte	81
 698 0124 49       		.byte	73
 699 0125 45       		.byte	69
 700 0126 43       		.byte	67
 701 0127 00       		.byte	0
 702 0128 00       		.byte	0
 703 0129 7F       		.byte	127
 704 012a 41       		.byte	65
 705 012b 41       		.byte	65
 706 012c 02       		.byte	2
 707 012d 04       		.byte	4
 708 012e 08       		.byte	8
 709 012f 10       		.byte	16
 710 0130 20       		.byte	32
 711 0131 41       		.byte	65
 712 0132 41       		.byte	65
 713 0133 7F       		.byte	127
 714 0134 00       		.byte	0
 715 0135 00       		.byte	0
 716 0136 04       		.byte	4
 717 0137 02       		.byte	2
 718 0138 01       		.byte	1
 719 0139 02       		.byte	2
 720 013a 04       		.byte	4
 721 013b 40       		.byte	64
 722 013c 40       		.byte	64
 723 013d 40       		.byte	64
 724 013e 40       		.byte	64
 725 013f 40       		.byte	64
 726 0140 00       		.byte	0
 727 0141 01       		.byte	1
 728 0142 02       		.byte	2
 729 0143 04       		.byte	4
 730 0144 00       		.byte	0
 731 0145 20       		.byte	32
 732 0146 54       		.byte	84
 733 0147 54       		.byte	84
 734 0148 54       		.byte	84
 735 0149 78       		.byte	120
 736 014a 7F       		.byte	127
 737 014b 48       		.byte	72
ARM GAS  C:\Users\Austcha\AppData\Local\Temp\cc7Rfw0v.s 			page 19


 738 014c 44       		.byte	68
 739 014d 44       		.byte	68
 740 014e 38       		.byte	56
 741 014f 38       		.byte	56
 742 0150 44       		.byte	68
 743 0151 44       		.byte	68
 744 0152 44       		.byte	68
 745 0153 20       		.byte	32
 746 0154 38       		.byte	56
 747 0155 44       		.byte	68
 748 0156 44       		.byte	68
 749 0157 48       		.byte	72
 750 0158 7F       		.byte	127
 751 0159 38       		.byte	56
 752 015a 54       		.byte	84
 753 015b 54       		.byte	84
 754 015c 54       		.byte	84
 755 015d 18       		.byte	24
 756 015e 08       		.byte	8
 757 015f 7E       		.byte	126
 758 0160 09       		.byte	9
 759 0161 01       		.byte	1
 760 0162 02       		.byte	2
 761 0163 08       		.byte	8
 762 0164 14       		.byte	20
 763 0165 54       		.byte	84
 764 0166 54       		.byte	84
 765 0167 3C       		.byte	60
 766 0168 7F       		.byte	127
 767 0169 08       		.byte	8
 768 016a 04       		.byte	4
 769 016b 04       		.byte	4
 770 016c 78       		.byte	120
 771 016d 00       		.byte	0
 772 016e 44       		.byte	68
 773 016f 7D       		.byte	125
 774 0170 40       		.byte	64
 775 0171 00       		.byte	0
 776 0172 20       		.byte	32
 777 0173 40       		.byte	64
 778 0174 44       		.byte	68
 779 0175 3D       		.byte	61
 780 0176 00       		.byte	0
 781 0177 00       		.byte	0
 782 0178 7F       		.byte	127
 783 0179 10       		.byte	16
 784 017a 28       		.byte	40
 785 017b 44       		.byte	68
 786 017c 00       		.byte	0
 787 017d 41       		.byte	65
 788 017e 7F       		.byte	127
 789 017f 40       		.byte	64
 790 0180 00       		.byte	0
 791 0181 7C       		.byte	124
 792 0182 04       		.byte	4
 793 0183 18       		.byte	24
 794 0184 04       		.byte	4
ARM GAS  C:\Users\Austcha\AppData\Local\Temp\cc7Rfw0v.s 			page 20


 795 0185 78       		.byte	120
 796 0186 7C       		.byte	124
 797 0187 08       		.byte	8
 798 0188 04       		.byte	4
 799 0189 04       		.byte	4
 800 018a 78       		.byte	120
 801 018b 38       		.byte	56
 802 018c 44       		.byte	68
 803 018d 44       		.byte	68
 804 018e 44       		.byte	68
 805 018f 38       		.byte	56
 806 0190 7C       		.byte	124
 807 0191 14       		.byte	20
 808 0192 14       		.byte	20
 809 0193 14       		.byte	20
 810 0194 08       		.byte	8
 811 0195 08       		.byte	8
 812 0196 14       		.byte	20
 813 0197 14       		.byte	20
 814 0198 18       		.byte	24
 815 0199 7C       		.byte	124
 816 019a 7C       		.byte	124
 817 019b 08       		.byte	8
 818 019c 04       		.byte	4
 819 019d 04       		.byte	4
 820 019e 08       		.byte	8
 821 019f 48       		.byte	72
 822 01a0 54       		.byte	84
 823 01a1 54       		.byte	84
 824 01a2 54       		.byte	84
 825 01a3 20       		.byte	32
 826 01a4 04       		.byte	4
 827 01a5 3F       		.byte	63
 828 01a6 44       		.byte	68
 829 01a7 40       		.byte	64
 830 01a8 20       		.byte	32
 831 01a9 3C       		.byte	60
 832 01aa 40       		.byte	64
 833 01ab 40       		.byte	64
 834 01ac 20       		.byte	32
 835 01ad 7C       		.byte	124
 836 01ae 1C       		.byte	28
 837 01af 20       		.byte	32
 838 01b0 40       		.byte	64
 839 01b1 20       		.byte	32
 840 01b2 1C       		.byte	28
 841 01b3 3C       		.byte	60
 842 01b4 40       		.byte	64
 843 01b5 30       		.byte	48
 844 01b6 40       		.byte	64
 845 01b7 3C       		.byte	60
 846 01b8 44       		.byte	68
 847 01b9 28       		.byte	40
 848 01ba 10       		.byte	16
 849 01bb 28       		.byte	40
 850 01bc 44       		.byte	68
 851 01bd 0C       		.byte	12
ARM GAS  C:\Users\Austcha\AppData\Local\Temp\cc7Rfw0v.s 			page 21


 852 01be 50       		.byte	80
 853 01bf 50       		.byte	80
 854 01c0 50       		.byte	80
 855 01c1 3C       		.byte	60
 856 01c2 44       		.byte	68
 857 01c3 64       		.byte	100
 858 01c4 54       		.byte	84
 859 01c5 4C       		.byte	76
 860 01c6 44       		.byte	68
 861 01c7 00       		.byte	0
 862 01c8 08       		.byte	8
 863 01c9 36       		.byte	54
 864 01ca 41       		.byte	65
 865 01cb 00       		.byte	0
 866 01cc 00       		.byte	0
 867 01cd 00       		.byte	0
 868 01ce 7F       		.byte	127
 869 01cf 00       		.byte	0
 870 01d0 00       		.byte	0
 871 01d1 00       		.byte	0
 872 01d2 41       		.byte	65
 873 01d3 36       		.byte	54
 874 01d4 08       		.byte	8
 875 01d5 00       		.byte	0
 876 01d6 08       		.byte	8
 877 01d7 08       		.byte	8
 878 01d8 2A       		.byte	42
 879 01d9 1C       		.byte	28
 880 01da 08       		.byte	8
 881 01db 08       		.byte	8
 882 01dc 1C       		.byte	28
 883 01dd 2A       		.byte	42
 884 01de 08       		.byte	8
 885 01df 08       		.byte	8
 886              		.text
 887              	.Letext0:
 888              		.file 2 "Generated_Source\\PSoC4/cytypes.h"
 889              		.file 3 "Generated_Source\\PSoC4/StripLights.h"
 890              		.section	.debug_info,"",%progbits
 891              	.Ldebug_info0:
 892 0000 90030000 		.4byte	0x390
 893 0004 0400     		.2byte	0x4
 894 0006 00000000 		.4byte	.Ldebug_abbrev0
 895 000a 04       		.byte	0x4
 896 000b 01       		.uleb128 0x1
 897 000c E6010000 		.4byte	.LASF37
 898 0010 0C       		.byte	0xc
 899 0011 61010000 		.4byte	.LASF38
 900 0015 7A000000 		.4byte	.LASF39
 901 0019 00000000 		.4byte	.Ldebug_ranges0+0
 902 001d 00000000 		.4byte	0
 903 0021 00000000 		.4byte	.Ldebug_line0
 904 0025 02       		.uleb128 0x2
 905 0026 01       		.byte	0x1
 906 0027 06       		.byte	0x6
 907 0028 CE020000 		.4byte	.LASF0
 908 002c 02       		.uleb128 0x2
ARM GAS  C:\Users\Austcha\AppData\Local\Temp\cc7Rfw0v.s 			page 22


 909 002d 01       		.byte	0x1
 910 002e 08       		.byte	0x8
 911 002f 4C010000 		.4byte	.LASF1
 912 0033 02       		.uleb128 0x2
 913 0034 02       		.byte	0x2
 914 0035 05       		.byte	0x5
 915 0036 A4020000 		.4byte	.LASF2
 916 003a 02       		.uleb128 0x2
 917 003b 02       		.byte	0x2
 918 003c 07       		.byte	0x7
 919 003d 52000000 		.4byte	.LASF3
 920 0041 02       		.uleb128 0x2
 921 0042 04       		.byte	0x4
 922 0043 05       		.byte	0x5
 923 0044 B9020000 		.4byte	.LASF4
 924 0048 02       		.uleb128 0x2
 925 0049 04       		.byte	0x4
 926 004a 07       		.byte	0x7
 927 004b 1C010000 		.4byte	.LASF5
 928 004f 02       		.uleb128 0x2
 929 0050 08       		.byte	0x8
 930 0051 05       		.byte	0x5
 931 0052 7D020000 		.4byte	.LASF6
 932 0056 02       		.uleb128 0x2
 933 0057 08       		.byte	0x8
 934 0058 07       		.byte	0x7
 935 0059 CF010000 		.4byte	.LASF7
 936 005d 03       		.uleb128 0x3
 937 005e 04       		.byte	0x4
 938 005f 05       		.byte	0x5
 939 0060 696E7400 		.ascii	"int\000"
 940 0064 02       		.uleb128 0x2
 941 0065 04       		.byte	0x4
 942 0066 07       		.byte	0x7
 943 0067 C2010000 		.4byte	.LASF8
 944 006b 04       		.uleb128 0x4
 945 006c AE020000 		.4byte	.LASF9
 946 0070 02       		.byte	0x2
 947 0071 E401     		.2byte	0x1e4
 948 0073 2C000000 		.4byte	0x2c
 949 0077 04       		.uleb128 0x4
 950 0078 B5010000 		.4byte	.LASF10
 951 007c 02       		.byte	0x2
 952 007d E601     		.2byte	0x1e6
 953 007f 48000000 		.4byte	0x48
 954 0083 04       		.uleb128 0x4
 955 0084 2E010000 		.4byte	.LASF11
 956 0088 02       		.byte	0x2
 957 0089 E901     		.2byte	0x1e9
 958 008b 41000000 		.4byte	0x41
 959 008f 02       		.uleb128 0x2
 960 0090 04       		.byte	0x4
 961 0091 04       		.byte	0x4
 962 0092 74000000 		.4byte	.LASF12
 963 0096 02       		.uleb128 0x2
 964 0097 08       		.byte	0x8
 965 0098 04       		.byte	0x4
ARM GAS  C:\Users\Austcha\AppData\Local\Temp\cc7Rfw0v.s 			page 23


 966 0099 5A010000 		.4byte	.LASF13
 967 009d 02       		.uleb128 0x2
 968 009e 01       		.byte	0x1
 969 009f 08       		.byte	0x8
 970 00a0 8B020000 		.4byte	.LASF14
 971 00a4 02       		.uleb128 0x2
 972 00a5 08       		.byte	0x8
 973 00a6 04       		.byte	0x4
 974 00a7 C2020000 		.4byte	.LASF15
 975 00ab 02       		.uleb128 0x2
 976 00ac 04       		.byte	0x4
 977 00ad 07       		.byte	0x7
 978 00ae 74020000 		.4byte	.LASF16
 979 00b2 05       		.uleb128 0x5
 980 00b3 04       		.byte	0x4
 981 00b4 9D000000 		.4byte	0x9d
 982 00b8 06       		.uleb128 0x6
 983 00b9 EF020000 		.4byte	.LASF17
 984 00bd 01       		.byte	0x1
 985 00be 8C       		.byte	0x8c
 986 00bf 00000000 		.4byte	.LFB34
 987 00c3 4C000000 		.4byte	.LFE34-.LFB34
 988 00c7 01       		.uleb128 0x1
 989 00c8 9C       		.byte	0x9c
 990 00c9 DB000000 		.4byte	0xdb
 991 00cd 07       		.uleb128 0x7
 992 00ce 17010000 		.4byte	.LASF19
 993 00d2 01       		.byte	0x1
 994 00d3 8C       		.byte	0x8c
 995 00d4 77000000 		.4byte	0x77
 996 00d8 01       		.uleb128 0x1
 997 00d9 50       		.byte	0x50
 998 00da 00       		.byte	0
 999 00db 06       		.uleb128 0x6
 1000 00dc 90020000 		.4byte	.LASF18
 1001 00e0 01       		.byte	0x1
 1002 00e1 E9       		.byte	0xe9
 1003 00e2 00000000 		.4byte	.LFB36
 1004 00e6 AC000000 		.4byte	.LFE36-.LFB36
 1005 00ea 01       		.uleb128 0x1
 1006 00eb 9C       		.byte	0x9c
 1007 00ec CB010000 		.4byte	0x1cb
 1008 00f0 08       		.uleb128 0x8
 1009 00f1 B4020000 		.4byte	.LASF20
 1010 00f5 01       		.byte	0x1
 1011 00f6 E9       		.byte	0xe9
 1012 00f7 83000000 		.4byte	0x83
 1013 00fb 00000000 		.4byte	.LLST0
 1014 00ff 08       		.uleb128 0x8
 1015 0100 FE000000 		.4byte	.LASF21
 1016 0104 01       		.byte	0x1
 1017 0105 E9       		.byte	0xe9
 1018 0106 83000000 		.4byte	0x83
 1019 010a 21000000 		.4byte	.LLST1
 1020 010e 08       		.uleb128 0x8
 1021 010f 6C000000 		.4byte	.LASF22
 1022 0113 01       		.byte	0x1
ARM GAS  C:\Users\Austcha\AppData\Local\Temp\cc7Rfw0v.s 			page 24


 1023 0114 E9       		.byte	0xe9
 1024 0115 6B000000 		.4byte	0x6b
 1025 0119 40000000 		.4byte	.LLST2
 1026 011d 09       		.uleb128 0x9
 1027 011e 666700   		.ascii	"fg\000"
 1028 0121 01       		.byte	0x1
 1029 0122 E9       		.byte	0xe9
 1030 0123 77000000 		.4byte	0x77
 1031 0127 61000000 		.4byte	.LLST3
 1032 012b 0A       		.uleb128 0xa
 1033 012c 626700   		.ascii	"bg\000"
 1034 012f 01       		.byte	0x1
 1035 0130 E9       		.byte	0xe9
 1036 0131 77000000 		.4byte	0x77
 1037 0135 02       		.uleb128 0x2
 1038 0136 91       		.byte	0x91
 1039 0137 00       		.sleb128 0
 1040 0138 0B       		.uleb128 0xb
 1041 0139 7800     		.ascii	"x\000"
 1042 013b 01       		.byte	0x1
 1043 013c EB       		.byte	0xeb
 1044 013d 83000000 		.4byte	0x83
 1045 0141 8C000000 		.4byte	.LLST4
 1046 0145 0B       		.uleb128 0xb
 1047 0146 7900     		.ascii	"y\000"
 1048 0148 01       		.byte	0x1
 1049 0149 EB       		.byte	0xeb
 1050 014a 83000000 		.4byte	0x83
 1051 014e AA000000 		.4byte	.LLST5
 1052 0152 0B       		.uleb128 0xb
 1053 0153 667000   		.ascii	"fp\000"
 1054 0156 01       		.byte	0x1
 1055 0157 EB       		.byte	0xeb
 1056 0158 83000000 		.4byte	0x83
 1057 015c C8000000 		.4byte	.LLST6
 1058 0160 0C       		.uleb128 0xc
 1059 0161 4D000000 		.4byte	.LASF23
 1060 0165 01       		.byte	0x1
 1061 0166 EC       		.byte	0xec
 1062 0167 6B000000 		.4byte	0x6b
 1063 016b 12010000 		.4byte	.LLST7
 1064 016f 0C       		.uleb128 0xc
 1065 0170 BC010000 		.4byte	.LASF24
 1066 0174 01       		.byte	0x1
 1067 0175 ED       		.byte	0xed
 1068 0176 83000000 		.4byte	0x83
 1069 017a 3B010000 		.4byte	.LLST8
 1070 017e 0C       		.uleb128 0xc
 1071 017f F8000000 		.4byte	.LASF25
 1072 0183 01       		.byte	0x1
 1073 0184 ED       		.byte	0xed
 1074 0185 83000000 		.4byte	0x83
 1075 0189 4E010000 		.4byte	.LLST9
 1076 018d 0D       		.uleb128 0xd
 1077 018e 60000000 		.4byte	.LVL13
 1078 0192 72030000 		.4byte	0x372
 1079 0196 AE010000 		.4byte	0x1ae
ARM GAS  C:\Users\Austcha\AppData\Local\Temp\cc7Rfw0v.s 			page 25


 1080 019a 0E       		.uleb128 0xe
 1081 019b 01       		.uleb128 0x1
 1082 019c 50       		.byte	0x50
 1083 019d 02       		.uleb128 0x2
 1084 019e 76       		.byte	0x76
 1085 019f 00       		.sleb128 0
 1086 01a0 0E       		.uleb128 0xe
 1087 01a1 01       		.uleb128 0x1
 1088 01a2 51       		.byte	0x51
 1089 01a3 02       		.uleb128 0x2
 1090 01a4 75       		.byte	0x75
 1091 01a5 00       		.sleb128 0
 1092 01a6 0E       		.uleb128 0xe
 1093 01a7 01       		.uleb128 0x1
 1094 01a8 52       		.byte	0x52
 1095 01a9 03       		.uleb128 0x3
 1096 01aa 7D       		.byte	0x7d
 1097 01ab 00       		.sleb128 0
 1098 01ac 06       		.byte	0x6
 1099 01ad 00       		.byte	0
 1100 01ae 0F       		.uleb128 0xf
 1101 01af 74000000 		.4byte	.LVL16
 1102 01b3 72030000 		.4byte	0x372
 1103 01b7 0E       		.uleb128 0xe
 1104 01b8 01       		.uleb128 0x1
 1105 01b9 50       		.byte	0x50
 1106 01ba 02       		.uleb128 0x2
 1107 01bb 76       		.byte	0x76
 1108 01bc 00       		.sleb128 0
 1109 01bd 0E       		.uleb128 0xe
 1110 01be 01       		.uleb128 0x1
 1111 01bf 51       		.byte	0x51
 1112 01c0 02       		.uleb128 0x2
 1113 01c1 75       		.byte	0x75
 1114 01c2 00       		.sleb128 0
 1115 01c3 0E       		.uleb128 0xe
 1116 01c4 01       		.uleb128 0x1
 1117 01c5 52       		.byte	0x52
 1118 01c6 02       		.uleb128 0x2
 1119 01c7 7A       		.byte	0x7a
 1120 01c8 00       		.sleb128 0
 1121 01c9 00       		.byte	0
 1122 01ca 00       		.byte	0
 1123 01cb 06       		.uleb128 0x6
 1124 01cc 34010000 		.4byte	.LASF26
 1125 01d0 01       		.byte	0x1
 1126 01d1 B2       		.byte	0xb2
 1127 01d2 00000000 		.4byte	.LFB35
 1128 01d6 A8000000 		.4byte	.LFE35-.LFB35
 1129 01da 01       		.uleb128 0x1
 1130 01db 9C       		.byte	0x9c
 1131 01dc FC020000 		.4byte	0x2fc
 1132 01e0 08       		.uleb128 0x8
 1133 01e1 B4020000 		.4byte	.LASF20
 1134 01e5 01       		.byte	0x1
 1135 01e6 B2       		.byte	0xb2
 1136 01e7 83000000 		.4byte	0x83
ARM GAS  C:\Users\Austcha\AppData\Local\Temp\cc7Rfw0v.s 			page 26


 1137 01eb 61010000 		.4byte	.LLST10
 1138 01ef 08       		.uleb128 0x8
 1139 01f0 FE000000 		.4byte	.LASF21
 1140 01f4 01       		.byte	0x1
 1141 01f5 B2       		.byte	0xb2
 1142 01f6 83000000 		.4byte	0x83
 1143 01fa 7F010000 		.4byte	.LLST11
 1144 01fe 08       		.uleb128 0x8
 1145 01ff 03030000 		.4byte	.LASF27
 1146 0203 01       		.byte	0x1
 1147 0204 B2       		.byte	0xb2
 1148 0205 B2000000 		.4byte	0xb2
 1149 0209 9E010000 		.4byte	.LLST12
 1150 020d 09       		.uleb128 0x9
 1151 020e 666700   		.ascii	"fg\000"
 1152 0211 01       		.byte	0x1
 1153 0212 B2       		.byte	0xb2
 1154 0213 77000000 		.4byte	0x77
 1155 0217 EB010000 		.4byte	.LLST13
 1156 021b 0A       		.uleb128 0xa
 1157 021c 626700   		.ascii	"bg\000"
 1158 021f 01       		.byte	0x1
 1159 0220 B2       		.byte	0xb2
 1160 0221 77000000 		.4byte	0x77
 1161 0225 02       		.uleb128 0x2
 1162 0226 91       		.byte	0x91
 1163 0227 00       		.sleb128 0
 1164 0228 0C       		.uleb128 0xc
 1165 0229 65000000 		.4byte	.LASF28
 1166 022d 01       		.byte	0x1
 1167 022e B4       		.byte	0xb4
 1168 022f 77000000 		.4byte	0x77
 1169 0233 17020000 		.4byte	.LLST14
 1170 0237 0C       		.uleb128 0xc
 1171 0238 BC010000 		.4byte	.LASF24
 1172 023c 01       		.byte	0x1
 1173 023d B5       		.byte	0xb5
 1174 023e 77000000 		.4byte	0x77
 1175 0242 36020000 		.4byte	.LLST15
 1176 0246 0D       		.uleb128 0xd
 1177 0247 26000000 		.4byte	.LVL33
 1178 024b 7D030000 		.4byte	0x37d
 1179 024f 59020000 		.4byte	0x259
 1180 0253 0E       		.uleb128 0xe
 1181 0254 01       		.uleb128 0x1
 1182 0255 50       		.byte	0x50
 1183 0256 01       		.uleb128 0x1
 1184 0257 31       		.byte	0x31
 1185 0258 00       		.byte	0
 1186 0259 0D       		.uleb128 0xd
 1187 025a 34000000 		.4byte	.LVL34
 1188 025e DB000000 		.4byte	0xdb
 1189 0262 81020000 		.4byte	0x281
 1190 0266 0E       		.uleb128 0xe
 1191 0267 01       		.uleb128 0x1
 1192 0268 50       		.byte	0x50
 1193 0269 02       		.uleb128 0x2
ARM GAS  C:\Users\Austcha\AppData\Local\Temp\cc7Rfw0v.s 			page 27


 1194 026a 74       		.byte	0x74
 1195 026b 00       		.sleb128 0
 1196 026c 0E       		.uleb128 0xe
 1197 026d 01       		.uleb128 0x1
 1198 026e 51       		.byte	0x51
 1199 026f 03       		.uleb128 0x3
 1200 0270 91       		.byte	0x91
 1201 0271 5C       		.sleb128 -36
 1202 0272 06       		.byte	0x6
 1203 0273 0E       		.uleb128 0xe
 1204 0274 01       		.uleb128 0x1
 1205 0275 52       		.byte	0x52
 1206 0276 02       		.uleb128 0x2
 1207 0277 76       		.byte	0x76
 1208 0278 00       		.sleb128 0
 1209 0279 0E       		.uleb128 0xe
 1210 027a 02       		.uleb128 0x2
 1211 027b 7D       		.byte	0x7d
 1212 027c 00       		.sleb128 0
 1213 027d 02       		.uleb128 0x2
 1214 027e 77       		.byte	0x77
 1215 027f 00       		.sleb128 0
 1216 0280 00       		.byte	0
 1217 0281 0D       		.uleb128 0xd
 1218 0282 44000000 		.4byte	.LVL35
 1219 0286 DB000000 		.4byte	0xdb
 1220 028a AF020000 		.4byte	0x2af
 1221 028e 0E       		.uleb128 0xe
 1222 028f 01       		.uleb128 0x1
 1223 0290 50       		.byte	0x50
 1224 0291 02       		.uleb128 0x2
 1225 0292 74       		.byte	0x74
 1226 0293 00       		.sleb128 0
 1227 0294 0E       		.uleb128 0xe
 1228 0295 01       		.uleb128 0x1
 1229 0296 51       		.byte	0x51
 1230 0297 03       		.uleb128 0x3
 1231 0298 91       		.byte	0x91
 1232 0299 5C       		.sleb128 -36
 1233 029a 06       		.byte	0x6
 1234 029b 0E       		.uleb128 0xe
 1235 029c 01       		.uleb128 0x1
 1236 029d 52       		.byte	0x52
 1237 029e 02       		.uleb128 0x2
 1238 029f 76       		.byte	0x76
 1239 02a0 00       		.sleb128 0
 1240 02a1 0E       		.uleb128 0xe
 1241 02a2 01       		.uleb128 0x1
 1242 02a3 53       		.byte	0x53
 1243 02a4 02       		.uleb128 0x2
 1244 02a5 7A       		.byte	0x7a
 1245 02a6 00       		.sleb128 0
 1246 02a7 0E       		.uleb128 0xe
 1247 02a8 02       		.uleb128 0x2
 1248 02a9 7D       		.byte	0x7d
 1249 02aa 00       		.sleb128 0
 1250 02ab 02       		.uleb128 0x2
ARM GAS  C:\Users\Austcha\AppData\Local\Temp\cc7Rfw0v.s 			page 28


 1251 02ac 77       		.byte	0x77
 1252 02ad 00       		.sleb128 0
 1253 02ae 00       		.byte	0
 1254 02af 0D       		.uleb128 0xd
 1255 02b0 70000000 		.4byte	.LVL38
 1256 02b4 88030000 		.4byte	0x388
 1257 02b8 D7020000 		.4byte	0x2d7
 1258 02bc 0E       		.uleb128 0xe
 1259 02bd 01       		.uleb128 0x1
 1260 02be 50       		.byte	0x50
 1261 02bf 02       		.uleb128 0x2
 1262 02c0 74       		.byte	0x74
 1263 02c1 00       		.sleb128 0
 1264 02c2 0E       		.uleb128 0xe
 1265 02c3 01       		.uleb128 0x1
 1266 02c4 51       		.byte	0x51
 1267 02c5 03       		.uleb128 0x3
 1268 02c6 91       		.byte	0x91
 1269 02c7 5C       		.sleb128 -36
 1270 02c8 06       		.byte	0x6
 1271 02c9 0E       		.uleb128 0xe
 1272 02ca 01       		.uleb128 0x1
 1273 02cb 52       		.byte	0x52
 1274 02cc 02       		.uleb128 0x2
 1275 02cd 74       		.byte	0x74
 1276 02ce 00       		.sleb128 0
 1277 02cf 0E       		.uleb128 0xe
 1278 02d0 02       		.uleb128 0x2
 1279 02d1 7D       		.byte	0x7d
 1280 02d2 00       		.sleb128 0
 1281 02d3 02       		.uleb128 0x2
 1282 02d4 77       		.byte	0x77
 1283 02d5 00       		.sleb128 0
 1284 02d6 00       		.byte	0
 1285 02d7 0F       		.uleb128 0xf
 1286 02d8 96000000 		.4byte	.LVL42
 1287 02dc 88030000 		.4byte	0x388
 1288 02e0 0E       		.uleb128 0xe
 1289 02e1 01       		.uleb128 0x1
 1290 02e2 50       		.byte	0x50
 1291 02e3 02       		.uleb128 0x2
 1292 02e4 74       		.byte	0x74
 1293 02e5 7F       		.sleb128 -1
 1294 02e6 0E       		.uleb128 0xe
 1295 02e7 01       		.uleb128 0x1
 1296 02e8 51       		.byte	0x51
 1297 02e9 03       		.uleb128 0x3
 1298 02ea 91       		.byte	0x91
 1299 02eb 5C       		.sleb128 -36
 1300 02ec 06       		.byte	0x6
 1301 02ed 0E       		.uleb128 0xe
 1302 02ee 01       		.uleb128 0x1
 1303 02ef 52       		.byte	0x52
 1304 02f0 02       		.uleb128 0x2
 1305 02f1 74       		.byte	0x74
 1306 02f2 7F       		.sleb128 -1
 1307 02f3 0E       		.uleb128 0xe
ARM GAS  C:\Users\Austcha\AppData\Local\Temp\cc7Rfw0v.s 			page 29


 1308 02f4 02       		.uleb128 0x2
 1309 02f5 7D       		.byte	0x7d
 1310 02f6 00       		.sleb128 0
 1311 02f7 02       		.uleb128 0x2
 1312 02f8 77       		.byte	0x77
 1313 02f9 00       		.sleb128 0
 1314 02fa 00       		.byte	0
 1315 02fb 00       		.byte	0
 1316 02fc 10       		.uleb128 0x10
 1317 02fd A1010000 		.4byte	.LASF29
 1318 0301 01       		.byte	0x1
 1319 0302 13       		.byte	0x13
 1320 0303 0D030000 		.4byte	0x30d
 1321 0307 05       		.uleb128 0x5
 1322 0308 03       		.byte	0x3
 1323 0309 00000000 		.4byte	StripLights_fontPtr
 1324 030d 05       		.uleb128 0x5
 1325 030e 04       		.byte	0x4
 1326 030f 13030000 		.4byte	0x313
 1327 0313 11       		.uleb128 0x11
 1328 0314 6B000000 		.4byte	0x6b
 1329 0318 10       		.uleb128 0x10
 1330 0319 12000000 		.4byte	.LASF30
 1331 031d 01       		.byte	0x1
 1332 031e 14       		.byte	0x14
 1333 031f 83000000 		.4byte	0x83
 1334 0323 05       		.uleb128 0x5
 1335 0324 03       		.byte	0x3
 1336 0325 00000000 		.4byte	StripLights_fontX
 1337 0329 10       		.uleb128 0x10
 1338 032a 00000000 		.4byte	.LASF31
 1339 032e 01       		.byte	0x1
 1340 032f 15       		.byte	0x15
 1341 0330 83000000 		.4byte	0x83
 1342 0334 05       		.uleb128 0x5
 1343 0335 03       		.byte	0x3
 1344 0336 00000000 		.4byte	StripLights_fontY
 1345 033a 10       		.uleb128 0x10
 1346 033b 24000000 		.4byte	.LASF32
 1347 033f 01       		.byte	0x1
 1348 0340 16       		.byte	0x16
 1349 0341 83000000 		.4byte	0x83
 1350 0345 05       		.uleb128 0x5
 1351 0346 03       		.byte	0x3
 1352 0347 00000000 		.4byte	StripLights_fontOffset
 1353 034b 12       		.uleb128 0x12
 1354 034c 13030000 		.4byte	0x313
 1355 0350 5C030000 		.4byte	0x35c
 1356 0354 13       		.uleb128 0x13
 1357 0355 AB000000 		.4byte	0xab
 1358 0359 DF01     		.2byte	0x1df
 1359 035b 00       		.byte	0
 1360 035c 10       		.uleb128 0x10
 1361 035d 03010000 		.4byte	.LASF33
 1362 0361 01       		.byte	0x1
 1363 0362 1B       		.byte	0x1b
 1364 0363 6D030000 		.4byte	0x36d
ARM GAS  C:\Users\Austcha\AppData\Local\Temp\cc7Rfw0v.s 			page 30


 1365 0367 05       		.uleb128 0x5
 1366 0368 03       		.byte	0x3
 1367 0369 00000000 		.4byte	StripLights_Font5x7
 1368 036d 11       		.uleb128 0x11
 1369 036e 4B030000 		.4byte	0x34b
 1370 0372 14       		.uleb128 0x14
 1371 0373 3B000000 		.4byte	.LASF34
 1372 0377 3B000000 		.4byte	.LASF34
 1373 037b 03       		.byte	0x3
 1374 037c 1D       		.byte	0x1d
 1375 037d 14       		.uleb128 0x14
 1376 037e DA020000 		.4byte	.LASF35
 1377 0382 DA020000 		.4byte	.LASF35
 1378 0386 03       		.byte	0x3
 1379 0387 1F       		.byte	0x1f
 1380 0388 14       		.uleb128 0x14
 1381 0389 8C010000 		.4byte	.LASF36
 1382 038d 8C010000 		.4byte	.LASF36
 1383 0391 03       		.byte	0x3
 1384 0392 1B       		.byte	0x1b
 1385 0393 00       		.byte	0
 1386              		.section	.debug_abbrev,"",%progbits
 1387              	.Ldebug_abbrev0:
 1388 0000 01       		.uleb128 0x1
 1389 0001 11       		.uleb128 0x11
 1390 0002 01       		.byte	0x1
 1391 0003 25       		.uleb128 0x25
 1392 0004 0E       		.uleb128 0xe
 1393 0005 13       		.uleb128 0x13
 1394 0006 0B       		.uleb128 0xb
 1395 0007 03       		.uleb128 0x3
 1396 0008 0E       		.uleb128 0xe
 1397 0009 1B       		.uleb128 0x1b
 1398 000a 0E       		.uleb128 0xe
 1399 000b 55       		.uleb128 0x55
 1400 000c 17       		.uleb128 0x17
 1401 000d 11       		.uleb128 0x11
 1402 000e 01       		.uleb128 0x1
 1403 000f 10       		.uleb128 0x10
 1404 0010 17       		.uleb128 0x17
 1405 0011 00       		.byte	0
 1406 0012 00       		.byte	0
 1407 0013 02       		.uleb128 0x2
 1408 0014 24       		.uleb128 0x24
 1409 0015 00       		.byte	0
 1410 0016 0B       		.uleb128 0xb
 1411 0017 0B       		.uleb128 0xb
 1412 0018 3E       		.uleb128 0x3e
 1413 0019 0B       		.uleb128 0xb
 1414 001a 03       		.uleb128 0x3
 1415 001b 0E       		.uleb128 0xe
 1416 001c 00       		.byte	0
 1417 001d 00       		.byte	0
 1418 001e 03       		.uleb128 0x3
 1419 001f 24       		.uleb128 0x24
 1420 0020 00       		.byte	0
 1421 0021 0B       		.uleb128 0xb
ARM GAS  C:\Users\Austcha\AppData\Local\Temp\cc7Rfw0v.s 			page 31


 1422 0022 0B       		.uleb128 0xb
 1423 0023 3E       		.uleb128 0x3e
 1424 0024 0B       		.uleb128 0xb
 1425 0025 03       		.uleb128 0x3
 1426 0026 08       		.uleb128 0x8
 1427 0027 00       		.byte	0
 1428 0028 00       		.byte	0
 1429 0029 04       		.uleb128 0x4
 1430 002a 16       		.uleb128 0x16
 1431 002b 00       		.byte	0
 1432 002c 03       		.uleb128 0x3
 1433 002d 0E       		.uleb128 0xe
 1434 002e 3A       		.uleb128 0x3a
 1435 002f 0B       		.uleb128 0xb
 1436 0030 3B       		.uleb128 0x3b
 1437 0031 05       		.uleb128 0x5
 1438 0032 49       		.uleb128 0x49
 1439 0033 13       		.uleb128 0x13
 1440 0034 00       		.byte	0
 1441 0035 00       		.byte	0
 1442 0036 05       		.uleb128 0x5
 1443 0037 0F       		.uleb128 0xf
 1444 0038 00       		.byte	0
 1445 0039 0B       		.uleb128 0xb
 1446 003a 0B       		.uleb128 0xb
 1447 003b 49       		.uleb128 0x49
 1448 003c 13       		.uleb128 0x13
 1449 003d 00       		.byte	0
 1450 003e 00       		.byte	0
 1451 003f 06       		.uleb128 0x6
 1452 0040 2E       		.uleb128 0x2e
 1453 0041 01       		.byte	0x1
 1454 0042 3F       		.uleb128 0x3f
 1455 0043 19       		.uleb128 0x19
 1456 0044 03       		.uleb128 0x3
 1457 0045 0E       		.uleb128 0xe
 1458 0046 3A       		.uleb128 0x3a
 1459 0047 0B       		.uleb128 0xb
 1460 0048 3B       		.uleb128 0x3b
 1461 0049 0B       		.uleb128 0xb
 1462 004a 27       		.uleb128 0x27
 1463 004b 19       		.uleb128 0x19
 1464 004c 11       		.uleb128 0x11
 1465 004d 01       		.uleb128 0x1
 1466 004e 12       		.uleb128 0x12
 1467 004f 06       		.uleb128 0x6
 1468 0050 40       		.uleb128 0x40
 1469 0051 18       		.uleb128 0x18
 1470 0052 9742     		.uleb128 0x2117
 1471 0054 19       		.uleb128 0x19
 1472 0055 01       		.uleb128 0x1
 1473 0056 13       		.uleb128 0x13
 1474 0057 00       		.byte	0
 1475 0058 00       		.byte	0
 1476 0059 07       		.uleb128 0x7
 1477 005a 05       		.uleb128 0x5
 1478 005b 00       		.byte	0
ARM GAS  C:\Users\Austcha\AppData\Local\Temp\cc7Rfw0v.s 			page 32


 1479 005c 03       		.uleb128 0x3
 1480 005d 0E       		.uleb128 0xe
 1481 005e 3A       		.uleb128 0x3a
 1482 005f 0B       		.uleb128 0xb
 1483 0060 3B       		.uleb128 0x3b
 1484 0061 0B       		.uleb128 0xb
 1485 0062 49       		.uleb128 0x49
 1486 0063 13       		.uleb128 0x13
 1487 0064 02       		.uleb128 0x2
 1488 0065 18       		.uleb128 0x18
 1489 0066 00       		.byte	0
 1490 0067 00       		.byte	0
 1491 0068 08       		.uleb128 0x8
 1492 0069 05       		.uleb128 0x5
 1493 006a 00       		.byte	0
 1494 006b 03       		.uleb128 0x3
 1495 006c 0E       		.uleb128 0xe
 1496 006d 3A       		.uleb128 0x3a
 1497 006e 0B       		.uleb128 0xb
 1498 006f 3B       		.uleb128 0x3b
 1499 0070 0B       		.uleb128 0xb
 1500 0071 49       		.uleb128 0x49
 1501 0072 13       		.uleb128 0x13
 1502 0073 02       		.uleb128 0x2
 1503 0074 17       		.uleb128 0x17
 1504 0075 00       		.byte	0
 1505 0076 00       		.byte	0
 1506 0077 09       		.uleb128 0x9
 1507 0078 05       		.uleb128 0x5
 1508 0079 00       		.byte	0
 1509 007a 03       		.uleb128 0x3
 1510 007b 08       		.uleb128 0x8
 1511 007c 3A       		.uleb128 0x3a
 1512 007d 0B       		.uleb128 0xb
 1513 007e 3B       		.uleb128 0x3b
 1514 007f 0B       		.uleb128 0xb
 1515 0080 49       		.uleb128 0x49
 1516 0081 13       		.uleb128 0x13
 1517 0082 02       		.uleb128 0x2
 1518 0083 17       		.uleb128 0x17
 1519 0084 00       		.byte	0
 1520 0085 00       		.byte	0
 1521 0086 0A       		.uleb128 0xa
 1522 0087 05       		.uleb128 0x5
 1523 0088 00       		.byte	0
 1524 0089 03       		.uleb128 0x3
 1525 008a 08       		.uleb128 0x8
 1526 008b 3A       		.uleb128 0x3a
 1527 008c 0B       		.uleb128 0xb
 1528 008d 3B       		.uleb128 0x3b
 1529 008e 0B       		.uleb128 0xb
 1530 008f 49       		.uleb128 0x49
 1531 0090 13       		.uleb128 0x13
 1532 0091 02       		.uleb128 0x2
 1533 0092 18       		.uleb128 0x18
 1534 0093 00       		.byte	0
 1535 0094 00       		.byte	0
ARM GAS  C:\Users\Austcha\AppData\Local\Temp\cc7Rfw0v.s 			page 33


 1536 0095 0B       		.uleb128 0xb
 1537 0096 34       		.uleb128 0x34
 1538 0097 00       		.byte	0
 1539 0098 03       		.uleb128 0x3
 1540 0099 08       		.uleb128 0x8
 1541 009a 3A       		.uleb128 0x3a
 1542 009b 0B       		.uleb128 0xb
 1543 009c 3B       		.uleb128 0x3b
 1544 009d 0B       		.uleb128 0xb
 1545 009e 49       		.uleb128 0x49
 1546 009f 13       		.uleb128 0x13
 1547 00a0 02       		.uleb128 0x2
 1548 00a1 17       		.uleb128 0x17
 1549 00a2 00       		.byte	0
 1550 00a3 00       		.byte	0
 1551 00a4 0C       		.uleb128 0xc
 1552 00a5 34       		.uleb128 0x34
 1553 00a6 00       		.byte	0
 1554 00a7 03       		.uleb128 0x3
 1555 00a8 0E       		.uleb128 0xe
 1556 00a9 3A       		.uleb128 0x3a
 1557 00aa 0B       		.uleb128 0xb
 1558 00ab 3B       		.uleb128 0x3b
 1559 00ac 0B       		.uleb128 0xb
 1560 00ad 49       		.uleb128 0x49
 1561 00ae 13       		.uleb128 0x13
 1562 00af 02       		.uleb128 0x2
 1563 00b0 17       		.uleb128 0x17
 1564 00b1 00       		.byte	0
 1565 00b2 00       		.byte	0
 1566 00b3 0D       		.uleb128 0xd
 1567 00b4 898201   		.uleb128 0x4109
 1568 00b7 01       		.byte	0x1
 1569 00b8 11       		.uleb128 0x11
 1570 00b9 01       		.uleb128 0x1
 1571 00ba 31       		.uleb128 0x31
 1572 00bb 13       		.uleb128 0x13
 1573 00bc 01       		.uleb128 0x1
 1574 00bd 13       		.uleb128 0x13
 1575 00be 00       		.byte	0
 1576 00bf 00       		.byte	0
 1577 00c0 0E       		.uleb128 0xe
 1578 00c1 8A8201   		.uleb128 0x410a
 1579 00c4 00       		.byte	0
 1580 00c5 02       		.uleb128 0x2
 1581 00c6 18       		.uleb128 0x18
 1582 00c7 9142     		.uleb128 0x2111
 1583 00c9 18       		.uleb128 0x18
 1584 00ca 00       		.byte	0
 1585 00cb 00       		.byte	0
 1586 00cc 0F       		.uleb128 0xf
 1587 00cd 898201   		.uleb128 0x4109
 1588 00d0 01       		.byte	0x1
 1589 00d1 11       		.uleb128 0x11
 1590 00d2 01       		.uleb128 0x1
 1591 00d3 31       		.uleb128 0x31
 1592 00d4 13       		.uleb128 0x13
ARM GAS  C:\Users\Austcha\AppData\Local\Temp\cc7Rfw0v.s 			page 34


 1593 00d5 00       		.byte	0
 1594 00d6 00       		.byte	0
 1595 00d7 10       		.uleb128 0x10
 1596 00d8 34       		.uleb128 0x34
 1597 00d9 00       		.byte	0
 1598 00da 03       		.uleb128 0x3
 1599 00db 0E       		.uleb128 0xe
 1600 00dc 3A       		.uleb128 0x3a
 1601 00dd 0B       		.uleb128 0xb
 1602 00de 3B       		.uleb128 0x3b
 1603 00df 0B       		.uleb128 0xb
 1604 00e0 49       		.uleb128 0x49
 1605 00e1 13       		.uleb128 0x13
 1606 00e2 3F       		.uleb128 0x3f
 1607 00e3 19       		.uleb128 0x19
 1608 00e4 02       		.uleb128 0x2
 1609 00e5 18       		.uleb128 0x18
 1610 00e6 00       		.byte	0
 1611 00e7 00       		.byte	0
 1612 00e8 11       		.uleb128 0x11
 1613 00e9 26       		.uleb128 0x26
 1614 00ea 00       		.byte	0
 1615 00eb 49       		.uleb128 0x49
 1616 00ec 13       		.uleb128 0x13
 1617 00ed 00       		.byte	0
 1618 00ee 00       		.byte	0
 1619 00ef 12       		.uleb128 0x12
 1620 00f0 01       		.uleb128 0x1
 1621 00f1 01       		.byte	0x1
 1622 00f2 49       		.uleb128 0x49
 1623 00f3 13       		.uleb128 0x13
 1624 00f4 01       		.uleb128 0x1
 1625 00f5 13       		.uleb128 0x13
 1626 00f6 00       		.byte	0
 1627 00f7 00       		.byte	0
 1628 00f8 13       		.uleb128 0x13
 1629 00f9 21       		.uleb128 0x21
 1630 00fa 00       		.byte	0
 1631 00fb 49       		.uleb128 0x49
 1632 00fc 13       		.uleb128 0x13
 1633 00fd 2F       		.uleb128 0x2f
 1634 00fe 05       		.uleb128 0x5
 1635 00ff 00       		.byte	0
 1636 0100 00       		.byte	0
 1637 0101 14       		.uleb128 0x14
 1638 0102 2E       		.uleb128 0x2e
 1639 0103 00       		.byte	0
 1640 0104 3F       		.uleb128 0x3f
 1641 0105 19       		.uleb128 0x19
 1642 0106 3C       		.uleb128 0x3c
 1643 0107 19       		.uleb128 0x19
 1644 0108 6E       		.uleb128 0x6e
 1645 0109 0E       		.uleb128 0xe
 1646 010a 03       		.uleb128 0x3
 1647 010b 0E       		.uleb128 0xe
 1648 010c 3A       		.uleb128 0x3a
 1649 010d 0B       		.uleb128 0xb
ARM GAS  C:\Users\Austcha\AppData\Local\Temp\cc7Rfw0v.s 			page 35


 1650 010e 3B       		.uleb128 0x3b
 1651 010f 0B       		.uleb128 0xb
 1652 0110 00       		.byte	0
 1653 0111 00       		.byte	0
 1654 0112 00       		.byte	0
 1655              		.section	.debug_loc,"",%progbits
 1656              	.Ldebug_loc0:
 1657              	.LLST0:
 1658 0000 00000000 		.4byte	.LVL1
 1659 0004 42000000 		.4byte	.LVL10
 1660 0008 0100     		.2byte	0x1
 1661 000a 50       		.byte	0x50
 1662 000b 42000000 		.4byte	.LVL10
 1663 000f AC000000 		.4byte	.LFE36
 1664 0013 0400     		.2byte	0x4
 1665 0015 F3       		.byte	0xf3
 1666 0016 01       		.uleb128 0x1
 1667 0017 50       		.byte	0x50
 1668 0018 9F       		.byte	0x9f
 1669 0019 00000000 		.4byte	0
 1670 001d 00000000 		.4byte	0
 1671              	.LLST1:
 1672 0021 00000000 		.4byte	.LVL1
 1673 0025 42000000 		.4byte	.LVL10
 1674 0029 0100     		.2byte	0x1
 1675 002b 51       		.byte	0x51
 1676 002c 42000000 		.4byte	.LVL10
 1677 0030 AC000000 		.4byte	.LFE36
 1678 0034 0200     		.2byte	0x2
 1679 0036 91       		.byte	0x91
 1680 0037 5C       		.sleb128 -36
 1681 0038 00000000 		.4byte	0
 1682 003c 00000000 		.4byte	0
 1683              	.LLST2:
 1684 0040 00000000 		.4byte	.LVL1
 1685 0044 1C000000 		.4byte	.LVL3
 1686 0048 0100     		.2byte	0x1
 1687 004a 52       		.byte	0x52
 1688 004b 1C000000 		.4byte	.LVL3
 1689 004f AC000000 		.4byte	.LFE36
 1690 0053 0400     		.2byte	0x4
 1691 0055 F3       		.byte	0xf3
 1692 0056 01       		.uleb128 0x1
 1693 0057 52       		.byte	0x52
 1694 0058 9F       		.byte	0x9f
 1695 0059 00000000 		.4byte	0
 1696 005d 00000000 		.4byte	0
 1697              	.LLST3:
 1698 0061 00000000 		.4byte	.LVL1
 1699 0065 14000000 		.4byte	.LVL2
 1700 0069 0100     		.2byte	0x1
 1701 006b 53       		.byte	0x53
 1702 006c 14000000 		.4byte	.LVL2
 1703 0070 92000000 		.4byte	.LVL24
 1704 0074 0200     		.2byte	0x2
 1705 0076 7D       		.byte	0x7d
 1706 0077 00       		.sleb128 0
ARM GAS  C:\Users\Austcha\AppData\Local\Temp\cc7Rfw0v.s 			page 36


 1707 0078 92000000 		.4byte	.LVL24
 1708 007c AC000000 		.4byte	.LFE36
 1709 0080 0200     		.2byte	0x2
 1710 0082 91       		.byte	0x91
 1711 0083 58       		.sleb128 -40
 1712 0084 00000000 		.4byte	0
 1713 0088 00000000 		.4byte	0
 1714              	.LLST4:
 1715 008c 40000000 		.4byte	.LVL9
 1716 0090 42000000 		.4byte	.LVL10
 1717 0094 0100     		.2byte	0x1
 1718 0096 50       		.byte	0x50
 1719 0097 42000000 		.4byte	.LVL10
 1720 009b 92000000 		.4byte	.LVL25
 1721 009f 0100     		.2byte	0x1
 1722 00a1 56       		.byte	0x56
 1723 00a2 00000000 		.4byte	0
 1724 00a6 00000000 		.4byte	0
 1725              	.LLST5:
 1726 00aa 42000000 		.4byte	.LVL10
 1727 00ae 7C000000 		.4byte	.LVL20
 1728 00b2 0100     		.2byte	0x1
 1729 00b4 55       		.byte	0x55
 1730 00b5 80000000 		.4byte	.LVL21
 1731 00b9 8C000000 		.4byte	.LVL23
 1732 00bd 0100     		.2byte	0x1
 1733 00bf 55       		.byte	0x55
 1734 00c0 00000000 		.4byte	0
 1735 00c4 00000000 		.4byte	0
 1736              	.LLST6:
 1737 00c8 24000000 		.4byte	.LVL4
 1738 00cc 38000000 		.4byte	.LVL7
 1739 00d0 0100     		.2byte	0x1
 1740 00d2 52       		.byte	0x52
 1741 00d3 38000000 		.4byte	.LVL7
 1742 00d7 56000000 		.4byte	.LVL11
 1743 00db 0100     		.2byte	0x1
 1744 00dd 59       		.byte	0x59
 1745 00de 56000000 		.4byte	.LVL11
 1746 00e2 58000000 		.4byte	.LVL12
 1747 00e6 0100     		.2byte	0x1
 1748 00e8 52       		.byte	0x52
 1749 00e9 58000000 		.4byte	.LVL12
 1750 00ed 62000000 		.4byte	.LVL14
 1751 00f1 0100     		.2byte	0x1
 1752 00f3 59       		.byte	0x59
 1753 00f4 62000000 		.4byte	.LVL14
 1754 00f8 6C000000 		.4byte	.LVL15
 1755 00fc 0100     		.2byte	0x1
 1756 00fe 52       		.byte	0x52
 1757 00ff 6C000000 		.4byte	.LVL15
 1758 0103 92000000 		.4byte	.LVL27
 1759 0107 0100     		.2byte	0x1
 1760 0109 59       		.byte	0x59
 1761 010a 00000000 		.4byte	0
 1762 010e 00000000 		.4byte	0
 1763              	.LLST7:
ARM GAS  C:\Users\Austcha\AppData\Local\Temp\cc7Rfw0v.s 			page 37


 1764 0112 42000000 		.4byte	.LVL10
 1765 0116 76000000 		.4byte	.LVL17
 1766 011a 0100     		.2byte	0x1
 1767 011c 54       		.byte	0x54
 1768 011d 78000000 		.4byte	.LVL18
 1769 0121 7C000000 		.4byte	.LVL20
 1770 0125 0100     		.2byte	0x1
 1771 0127 54       		.byte	0x54
 1772 0128 80000000 		.4byte	.LVL21
 1773 012c 8C000000 		.4byte	.LVL23
 1774 0130 0100     		.2byte	0x1
 1775 0132 54       		.byte	0x54
 1776 0133 00000000 		.4byte	0
 1777 0137 00000000 		.4byte	0
 1778              	.LLST8:
 1779 013b 3A000000 		.4byte	.LVL8
 1780 013f 92000000 		.4byte	.LVL26
 1781 0143 0100     		.2byte	0x1
 1782 0145 57       		.byte	0x57
 1783 0146 00000000 		.4byte	0
 1784 014a 00000000 		.4byte	0
 1785              	.LLST9:
 1786 014e 28000000 		.4byte	.LVL5
 1787 0152 92000000 		.4byte	.LVL28
 1788 0156 0100     		.2byte	0x1
 1789 0158 5B       		.byte	0x5b
 1790 0159 00000000 		.4byte	0
 1791 015d 00000000 		.4byte	0
 1792              	.LLST10:
 1793 0161 00000000 		.4byte	.LVL29
 1794 0165 18000000 		.4byte	.LVL31
 1795 0169 0100     		.2byte	0x1
 1796 016b 50       		.byte	0x50
 1797 016c 18000000 		.4byte	.LVL31
 1798 0170 98000000 		.4byte	.LVL43
 1799 0174 0100     		.2byte	0x1
 1800 0176 54       		.byte	0x54
 1801 0177 00000000 		.4byte	0
 1802 017b 00000000 		.4byte	0
 1803              	.LLST11:
 1804 017f 00000000 		.4byte	.LVL29
 1805 0183 18000000 		.4byte	.LVL31
 1806 0187 0100     		.2byte	0x1
 1807 0189 51       		.byte	0x51
 1808 018a 18000000 		.4byte	.LVL31
 1809 018e A8000000 		.4byte	.LFE35
 1810 0192 0200     		.2byte	0x2
 1811 0194 91       		.byte	0x91
 1812 0195 5C       		.sleb128 -36
 1813 0196 00000000 		.4byte	0
 1814 019a 00000000 		.4byte	0
 1815              	.LLST12:
 1816 019e 00000000 		.4byte	.LVL29
 1817 01a2 18000000 		.4byte	.LVL31
 1818 01a6 0100     		.2byte	0x1
 1819 01a8 52       		.byte	0x52
 1820 01a9 18000000 		.4byte	.LVL31
ARM GAS  C:\Users\Austcha\AppData\Local\Temp\cc7Rfw0v.s 			page 38


 1821 01ad 1A000000 		.4byte	.LVL32
 1822 01b1 0100     		.2byte	0x1
 1823 01b3 53       		.byte	0x53
 1824 01b4 1A000000 		.4byte	.LVL32
 1825 01b8 7A000000 		.4byte	.LVL40
 1826 01bc 0100     		.2byte	0x1
 1827 01be 58       		.byte	0x58
 1828 01bf 7A000000 		.4byte	.LVL40
 1829 01c3 7C000000 		.4byte	.LVL41
 1830 01c7 0100     		.2byte	0x1
 1831 01c9 53       		.byte	0x53
 1832 01ca 7C000000 		.4byte	.LVL41
 1833 01ce 98000000 		.4byte	.LVL45
 1834 01d2 0100     		.2byte	0x1
 1835 01d4 58       		.byte	0x58
 1836 01d5 98000000 		.4byte	.LVL45
 1837 01d9 A8000000 		.4byte	.LFE35
 1838 01dd 0400     		.2byte	0x4
 1839 01df F3       		.byte	0xf3
 1840 01e0 01       		.uleb128 0x1
 1841 01e1 52       		.byte	0x52
 1842 01e2 9F       		.byte	0x9f
 1843 01e3 00000000 		.4byte	0
 1844 01e7 00000000 		.4byte	0
 1845              	.LLST13:
 1846 01eb 00000000 		.4byte	.LVL29
 1847 01ef 18000000 		.4byte	.LVL31
 1848 01f3 0100     		.2byte	0x1
 1849 01f5 53       		.byte	0x53
 1850 01f6 18000000 		.4byte	.LVL31
 1851 01fa 98000000 		.4byte	.LVL46
 1852 01fe 0100     		.2byte	0x1
 1853 0200 5A       		.byte	0x5a
 1854 0201 98000000 		.4byte	.LVL46
 1855 0205 A8000000 		.4byte	.LFE35
 1856 0209 0400     		.2byte	0x4
 1857 020b F3       		.byte	0xf3
 1858 020c 01       		.uleb128 0x1
 1859 020d 53       		.byte	0x53
 1860 020e 9F       		.byte	0x9f
 1861 020f 00000000 		.4byte	0
 1862 0213 00000000 		.4byte	0
 1863              	.LLST14:
 1864 0217 14000000 		.4byte	.LVL30
 1865 021b 18000000 		.4byte	.LVL31
 1866 021f 0200     		.2byte	0x2
 1867 0221 30       		.byte	0x30
 1868 0222 9F       		.byte	0x9f
 1869 0223 18000000 		.4byte	.LVL31
 1870 0227 98000000 		.4byte	.LVL44
 1871 022b 0100     		.2byte	0x1
 1872 022d 55       		.byte	0x55
 1873 022e 00000000 		.4byte	0
 1874 0232 00000000 		.4byte	0
 1875              	.LLST15:
 1876 0236 14000000 		.4byte	.LVL30
 1877 023a 18000000 		.4byte	.LVL31
ARM GAS  C:\Users\Austcha\AppData\Local\Temp\cc7Rfw0v.s 			page 39


 1878 023e 0A00     		.2byte	0xa
 1879 0240 03       		.byte	0x3
 1880 0241 00000000 		.4byte	StripLights_fontY
 1881 0245 06       		.byte	0x6
 1882 0246 71       		.byte	0x71
 1883 0247 00       		.sleb128 0
 1884 0248 22       		.byte	0x22
 1885 0249 9F       		.byte	0x9f
 1886 024a 00000000 		.4byte	0
 1887 024e 00000000 		.4byte	0
 1888              		.section	.debug_aranges,"",%progbits
 1889 0000 2C000000 		.4byte	0x2c
 1890 0004 0200     		.2byte	0x2
 1891 0006 00000000 		.4byte	.Ldebug_info0
 1892 000a 04       		.byte	0x4
 1893 000b 00       		.byte	0
 1894 000c 0000     		.2byte	0
 1895 000e 0000     		.2byte	0
 1896 0010 00000000 		.4byte	.LFB34
 1897 0014 4C000000 		.4byte	.LFE34-.LFB34
 1898 0018 00000000 		.4byte	.LFB36
 1899 001c AC000000 		.4byte	.LFE36-.LFB36
 1900 0020 00000000 		.4byte	.LFB35
 1901 0024 A8000000 		.4byte	.LFE35-.LFB35
 1902 0028 00000000 		.4byte	0
 1903 002c 00000000 		.4byte	0
 1904              		.section	.debug_ranges,"",%progbits
 1905              	.Ldebug_ranges0:
 1906 0000 00000000 		.4byte	.LFB34
 1907 0004 4C000000 		.4byte	.LFE34
 1908 0008 00000000 		.4byte	.LFB36
 1909 000c AC000000 		.4byte	.LFE36
 1910 0010 00000000 		.4byte	.LFB35
 1911 0014 A8000000 		.4byte	.LFE35
 1912 0018 00000000 		.4byte	0
 1913 001c 00000000 		.4byte	0
 1914              		.section	.debug_line,"",%progbits
 1915              	.Ldebug_line0:
 1916 0000 F1000000 		.section	.debug_str,"MS",%progbits,1
 1916      02005F00 
 1916      00000201 
 1916      FB0E0D00 
 1916      01010101 
 1917              	.LASF31:
 1918 0000 53747269 		.ascii	"StripLights_fontY\000"
 1918      704C6967 
 1918      6874735F 
 1918      666F6E74 
 1918      5900
 1919              	.LASF30:
 1920 0012 53747269 		.ascii	"StripLights_fontX\000"
 1920      704C6967 
 1920      6874735F 
 1920      666F6E74 
 1920      5800
 1921              	.LASF32:
 1922 0024 53747269 		.ascii	"StripLights_fontOffset\000"
ARM GAS  C:\Users\Austcha\AppData\Local\Temp\cc7Rfw0v.s 			page 40


 1922      704C6967 
 1922      6874735F 
 1922      666F6E74 
 1922      4F666673 
 1923              	.LASF34:
 1924 003b 53747269 		.ascii	"StripLights_Pixel\000"
 1924      704C6967 
 1924      6874735F 
 1924      50697865 
 1924      6C00
 1925              	.LASF23:
 1926 004d 6D61736B 		.ascii	"mask\000"
 1926      00
 1927              	.LASF3:
 1928 0052 73686F72 		.ascii	"short unsigned int\000"
 1928      7420756E 
 1928      7369676E 
 1928      65642069 
 1928      6E7400
 1929              	.LASF28:
 1930 0065 73747250 		.ascii	"strPos\000"
 1930      6F7300
 1931              	.LASF22:
 1932 006c 74686543 		.ascii	"theChar\000"
 1932      68617200 
 1933              	.LASF12:
 1934 0074 666C6F61 		.ascii	"float\000"
 1934      7400
 1935              	.LASF39:
 1936 007a 433A5C55 		.ascii	"C:\\Users\\Austcha\\Documents\\Husky Robotics\\Moto"
 1936      73657273 
 1936      5C417573 
 1936      74636861 
 1936      5C446F63 
 1937 00a8 7220426F 		.ascii	"r Boards\\Rev3\\Motor-Unit-Firmware-A-2019-2020\\Mo"
 1937      61726473 
 1937      5C526576 
 1937      335C4D6F 
 1937      746F722D 
 1938 00d8 746F7220 		.ascii	"tor Unit\\Motor_Board_Rev3.cydsn\000"
 1938      556E6974 
 1938      5C4D6F74 
 1938      6F725F42 
 1938      6F617264 
 1939              	.LASF25:
 1940 00f8 7853746F 		.ascii	"xStop\000"
 1940      7000
 1941              	.LASF21:
 1942 00fe 79706F73 		.ascii	"ypos\000"
 1942      00
 1943              	.LASF33:
 1944 0103 53747269 		.ascii	"StripLights_Font5x7\000"
 1944      704C6967 
 1944      6874735F 
 1944      466F6E74 
 1944      35783700 
 1945              	.LASF19:
ARM GAS  C:\Users\Austcha\AppData\Local\Temp\cc7Rfw0v.s 			page 41


 1946 0117 666F6E74 		.ascii	"font\000"
 1946      00
 1947              	.LASF5:
 1948 011c 6C6F6E67 		.ascii	"long unsigned int\000"
 1948      20756E73 
 1948      69676E65 
 1948      6420696E 
 1948      7400
 1949              	.LASF11:
 1950 012e 696E7433 		.ascii	"int32\000"
 1950      3200
 1951              	.LASF26:
 1952 0134 53747269 		.ascii	"StripLights_PrintString\000"
 1952      704C6967 
 1952      6874735F 
 1952      5072696E 
 1952      74537472 
 1953              	.LASF1:
 1954 014c 756E7369 		.ascii	"unsigned char\000"
 1954      676E6564 
 1954      20636861 
 1954      7200
 1955              	.LASF13:
 1956 015a 646F7562 		.ascii	"double\000"
 1956      6C6500
 1957              	.LASF38:
 1958 0161 47656E65 		.ascii	"Generated_Source\\PSoC4\\StripLights_fonts.c\000"
 1958      72617465 
 1958      645F536F 
 1958      75726365 
 1958      5C50536F 
 1959              	.LASF36:
 1960 018c 53747269 		.ascii	"StripLights_DrawLine\000"
 1960      704C6967 
 1960      6874735F 
 1960      44726177 
 1960      4C696E65 
 1961              	.LASF29:
 1962 01a1 53747269 		.ascii	"StripLights_fontPtr\000"
 1962      704C6967 
 1962      6874735F 
 1962      666F6E74 
 1962      50747200 
 1963              	.LASF10:
 1964 01b5 75696E74 		.ascii	"uint32\000"
 1964      333200
 1965              	.LASF24:
 1966 01bc 7953746F 		.ascii	"yStop\000"
 1966      7000
 1967              	.LASF8:
 1968 01c2 756E7369 		.ascii	"unsigned int\000"
 1968      676E6564 
 1968      20696E74 
 1968      00
 1969              	.LASF7:
 1970 01cf 6C6F6E67 		.ascii	"long long unsigned int\000"
 1970      206C6F6E 
ARM GAS  C:\Users\Austcha\AppData\Local\Temp\cc7Rfw0v.s 			page 42


 1970      6720756E 
 1970      7369676E 
 1970      65642069 
 1971              	.LASF37:
 1972 01e6 474E5520 		.ascii	"GNU C11 5.4.1 20160609 (release) [ARM/embedded-5-br"
 1972      43313120 
 1972      352E342E 
 1972      31203230 
 1972      31363036 
 1973 0219 616E6368 		.ascii	"anch revision 237715] -mcpu=cortex-m0 -mthumb -g -O"
 1973      20726576 
 1973      6973696F 
 1973      6E203233 
 1973      37373135 
 1974 024c 67202D66 		.ascii	"g -ffunction-sections -ffat-lto-objects\000"
 1974      66756E63 
 1974      74696F6E 
 1974      2D736563 
 1974      74696F6E 
 1975              	.LASF16:
 1976 0274 73697A65 		.ascii	"sizetype\000"
 1976      74797065 
 1976      00
 1977              	.LASF6:
 1978 027d 6C6F6E67 		.ascii	"long long int\000"
 1978      206C6F6E 
 1978      6720696E 
 1978      7400
 1979              	.LASF14:
 1980 028b 63686172 		.ascii	"char\000"
 1980      00
 1981              	.LASF18:
 1982 0290 53747269 		.ascii	"StripLights_PutChar\000"
 1982      704C6967 
 1982      6874735F 
 1982      50757443 
 1982      68617200 
 1983              	.LASF2:
 1984 02a4 73686F72 		.ascii	"short int\000"
 1984      7420696E 
 1984      7400
 1985              	.LASF9:
 1986 02ae 75696E74 		.ascii	"uint8\000"
 1986      3800
 1987              	.LASF20:
 1988 02b4 78706F73 		.ascii	"xpos\000"
 1988      00
 1989              	.LASF4:
 1990 02b9 6C6F6E67 		.ascii	"long int\000"
 1990      20696E74 
 1990      00
 1991              	.LASF15:
 1992 02c2 6C6F6E67 		.ascii	"long double\000"
 1992      20646F75 
 1992      626C6500 
 1993              	.LASF0:
 1994 02ce 7369676E 		.ascii	"signed char\000"
ARM GAS  C:\Users\Austcha\AppData\Local\Temp\cc7Rfw0v.s 			page 43


 1994      65642063 
 1994      68617200 
 1995              	.LASF35:
 1996 02da 53747269 		.ascii	"StripLights_ColorInc\000"
 1996      704C6967 
 1996      6874735F 
 1996      436F6C6F 
 1996      72496E63 
 1997              	.LASF17:
 1998 02ef 53747269 		.ascii	"StripLights_SetFont\000"
 1998      704C6967 
 1998      6874735F 
 1998      53657446 
 1998      6F6E7400 
 1999              	.LASF27:
 2000 0303 74686553 		.ascii	"theString\000"
 2000      7472696E 
 2000      6700
 2001              		.ident	"GCC: (GNU Tools for ARM Embedded Processors) 5.4.1 20160609 (release) [ARM/embedded-5-bran
