ARM GAS  C:\Users\austc\AppData\Local\Temp\cc6irXkg.s 			page 1


   1              		.syntax unified
   2              		.cpu cortex-m0
   3              		.fpu softvfp
   4              		.eabi_attribute 20, 1
   5              		.eabi_attribute 21, 1
   6              		.eabi_attribute 23, 3
   7              		.eabi_attribute 24, 1
   8              		.eabi_attribute 25, 1
   9              		.eabi_attribute 26, 1
  10              		.eabi_attribute 30, 1
  11              		.eabi_attribute 34, 0
  12              		.eabi_attribute 18, 4
  13              		.thumb
  14              		.syntax unified
  15              		.file	"Initialize_CAN_addr.c"
  16              		.text
  17              	.Ltext0:
  18              		.cfi_sections	.debug_frame
  19              	.Letext0:
  20              		.section	.debug_line,"",%progbits
  21              	.Ldebug_line0:
  22              		.section	.debug_str,"MS",%progbits,1
  23              	.LASF0:
  24 0000 433A5C55 		.ascii	"C:\\Users\\austc\\OneDrive\\Documents\\Altium\\Moto"
  24      73657273 
  24      5C617573 
  24      74635C4F 
  24      6E654472 
  25 002d 722D556E 		.ascii	"r-Unit-Firmware-A-2019-2020\\Motor Unit\\Motor Boar"
  25      69742D46 
  25      69726D77 
  25      6172652D 
  25      412D3230 
  26 005e 64205265 		.ascii	"d Rev3.cydsn\000"
  26      76332E63 
  26      7964736E 
  26      00
  27              	.LASF1:
  28 006b 496E6974 		.ascii	"Initialize_CAN_addr.c\000"
  28      69616C69 
  28      7A655F43 
  28      414E5F61 
  28      6464722E 
  29              	.LASF2:
  30 0081 474E5520 		.ascii	"GNU C11 5.4.1 20160609 (release) [ARM/embedded-5-br"
  30      43313120 
  30      352E342E 
  30      31203230 
  30      31363036 
  31 00b4 616E6368 		.ascii	"anch revision 237715] -mcpu=cortex-m0 -mthumb -g -O"
  31      20726576 
  31      6973696F 
  31      6E203233 
  31      37373135 
  32 00e7 67202D66 		.ascii	"g -ffunction-sections -ffat-lto-objects\000"
  32      66756E63 
  32      74696F6E 
ARM GAS  C:\Users\austc\AppData\Local\Temp\cc6irXkg.s 			page 2


  32      2D736563 
  32      74696F6E 
  33              		.ident	"GCC: (GNU Tools for ARM Embedded Processors) 5.4.1 20160609 (release) [ARM/embedded-5-bran
