--------------- Build Started: 05/25/2019 16:11:10 Project: Motor Board Rev1, Configuration: ARM GCC 5.4-2016-q2-update Debug ---------------
The code generation step is up to date.
arm-none-eabi-gcc.exe -mcpu=cortex-m0 -mthumb -I. -IGenerated_Source\PSoC4 -Wa,-alh=.\CortexM0\ARM_GCC_541\Debug/main.lst -g -D DEBUG -D CY_CORE_ID=0 -Wall -ffunction-sections -ffat-lto-objects -Og -c main.c -o .\CortexM0\ARM_GCC_541\Debug\main.o
main.c: In function 'main':
main.c:142:9: warning: unused variable 'test' [-Wunused-variable]
     int test = 0;
         ^
main.c:141:9: warning: unused variable 'up' [-Wunused-variable]
     int up = 0;
         ^
arm-none-eabi-ar.exe -rs ".\CortexM0\ARM_GCC_541\Debug\Motor Board Rev1.a" .\CortexM0\ARM_GCC_541\Debug\CyFlash.o .\CortexM0\ARM_GCC_541\Debug\CyLib.o .\CortexM0\ARM_GCC_541\Debug\cyPm.o .\CortexM0\ARM_GCC_541\Debug\cyutils.o .\CortexM0\ARM_GCC_541\Debug\CyDMA.o .\CortexM0\ARM_GCC_541\Debug\CyLFClk.o .\CortexM0\ARM_GCC_541\Debug\cy_em_eeprom.o .\CortexM0\ARM_GCC_541\Debug\Pin_Limit_1.o .\CortexM0\ARM_GCC_541\Debug\Pin_Limit_1_PM.o .\CortexM0\ARM_GCC_541\Debug\Pin_Limit_2.o .\CortexM0\ARM_GCC_541\Debug\Pin_Limit_2_PM.o .\CortexM0\ARM_GCC_541\Debug\PWM_Motor.o .\CortexM0\ARM_GCC_541\Debug\PWM_Motor_PM.o .\CortexM0\ARM_GCC_541\Debug\Pin_Motor.o .\CortexM0\ARM_GCC_541\Debug\Pin_Motor_PM.o .\CortexM0\ARM_GCC_541\Debug\Clock_PWM.o .\CortexM0\ARM_GCC_541\Debug\Pin_Direction.o .\CortexM0\ARM_GCC_541\Debug\Pin_Direction_PM.o .\CortexM0\ARM_GCC_541\Debug\isr_Limit_1.o .\CortexM0\ARM_GCC_541\Debug\QuadDec.o .\CortexM0\ARM_GCC_541\Debug\QuadDec_PM.o .\CortexM0\ARM_GCC_541\Debug\Pin_Encoder_A.o .\CortexM0\ARM_GCC_541\Debug\Pin_Encoder_A_PM.o .\CortexM0\ARM_GCC_541\Debug\Pin_Encoder_B.o .\CortexM0\ARM_GCC_541\Debug\Pin_Encoder_B_PM.o .\CortexM0\ARM_GCC_541\Debug\Clock_1.o .\CortexM0\ARM_GCC_541\Debug\QuadDec_Cnt16.o .\CortexM0\ARM_GCC_541\Debug\QuadDec_Cnt16_PM.o .\CortexM0\ARM_GCC_541\Debug\Status_Reg_Switches.o .\CortexM0\ARM_GCC_541\Debug\Clock_2.o .\CortexM0\ARM_GCC_541\Debug\RX_1.o .\CortexM0\ARM_GCC_541\Debug\RX_1_PM.o .\CortexM0\ARM_GCC_541\Debug\TX_1.o .\CortexM0\ARM_GCC_541\Debug\TX_1_PM.o .\CortexM0\ARM_GCC_541\Debug\CAN.o .\CortexM0\ARM_GCC_541\Debug\CAN_INT.o .\CortexM0\ARM_GCC_541\Debug\CAN_PM.o .\CortexM0\ARM_GCC_541\Debug\CAN_TX_RX_func.o .\CortexM0\ARM_GCC_541\Debug\CAN_isr.o .\CortexM0\ARM_GCC_541\Debug\CAN_HFCLK.o .\CortexM0\ARM_GCC_541\Debug\UART.o .\CortexM0\ARM_GCC_541\Debug\UART_SPI_UART.o .\CortexM0\ARM_GCC_541\Debug\UART_SPI_UART_INT.o .\CortexM0\ARM_GCC_541\Debug\UART_PM.o .\CortexM0\ARM_GCC_541\Debug\UART_UART.o .\CortexM0\ARM_GCC_541\Debug\UART_BOOT.o .\CortexM0\ARM_GCC_541\Debug\UART_UART_BOOT.o .\CortexM0\ARM_GCC_541\Debug\UART_SCBCLK.o .\CortexM0\ARM_GCC_541\Debug\UART_tx.o .\CortexM0\ARM_GCC_541\Debug\UART_tx_PM.o .\CortexM0\ARM_GCC_541\Debug\UART_rx.o .\CortexM0\ARM_GCC_541\Debug\UART_rx_PM.o .\CortexM0\ARM_GCC_541\Debug\Pin_Test.o .\CortexM0\ARM_GCC_541\Debug\Pin_Test_PM.o .\CortexM0\ARM_GCC_541\Debug\Spare1.o .\CortexM0\ARM_GCC_541\Debug\Spare1_PM.o .\CortexM0\ARM_GCC_541\Debug\Spare2.o .\CortexM0\ARM_GCC_541\Debug\Spare2_PM.o .\CortexM0\ARM_GCC_541\Debug\Dip_3.o .\CortexM0\ARM_GCC_541\Debug\Dip_3_PM.o .\CortexM0\ARM_GCC_541\Debug\Dip_2.o .\CortexM0\ARM_GCC_541\Debug\Dip_2_PM.o .\CortexM0\ARM_GCC_541\Debug\Dip_4.o .\CortexM0\ARM_GCC_541\Debug\Dip_4_PM.o .\CortexM0\ARM_GCC_541\Debug\Can_addr.o .\CortexM0\ARM_GCC_541\Debug\fault.o .\CortexM0\ARM_GCC_541\Debug\fault_PM.o .\CortexM0\ARM_GCC_541\Debug\Timer_1.o .\CortexM0\ARM_GCC_541\Debug\Timer_1_PM.o .\CortexM0\ARM_GCC_541\Debug\isr_period.o .\CortexM0\ARM_GCC_541\Debug\timer_clock.o .\CortexM0\ARM_GCC_541\Debug\I2C_1.o .\CortexM0\ARM_GCC_541\Debug\I2C_1_I2C_INT.o .\CortexM0\ARM_GCC_541\Debug\I2C_1_I2C.o .\CortexM0\ARM_GCC_541\Debug\I2C_1_I2C_BOOT.o .\CortexM0\ARM_GCC_541\Debug\I2C_1_I2C_MASTER.o .\CortexM0\ARM_GCC_541\Debug\I2C_1_PM.o .\CortexM0\ARM_GCC_541\Debug\I2C_1_BOOT.o .\CortexM0\ARM_GCC_541\Debug\I2C_1_SCBCLK.o .\CortexM0\ARM_GCC_541\Debug\I2C_1_sda.o .\CortexM0\ARM_GCC_541\Debug\I2C_1_sda_PM.o .\CortexM0\ARM_GCC_541\Debug\I2C_1_scl.o .\CortexM0\ARM_GCC_541\Debug\I2C_1_scl_PM.o .\CortexM0\ARM_GCC_541\Debug\I2C_1_SCB_IRQ.o .\CortexM0\ARM_GCC_541\Debug\CyBootAsmGnu.o
arm-none-eabi-ar.exe: creating .\CortexM0\ARM_GCC_541\Debug\Motor Board Rev1.a
arm-none-eabi-gcc.exe -Wl,--start-group -o "C:\Users\austc\OneDrive\Documents\GitHub\Electronics2018-19\Psoc Arm\Motor Board Rev1.cydsn\CortexM0\ARM_GCC_541\Debug\Motor Board Rev1.elf" .\CortexM0\ARM_GCC_541\Debug\main.o .\CortexM0\ARM_GCC_541\Debug\cyfitter_cfg.o .\CortexM0\ARM_GCC_541\Debug\cymetadata.o .\CortexM0\ARM_GCC_541\Debug\Cm0Start.o ".\CortexM0\ARM_GCC_541\Debug\Motor Board Rev1.a" -mcpu=cortex-m0 -mthumb -L Generated_Source\PSoC4 "-Wl,-Map,.\CortexM0\ARM_GCC_541\Debug/Motor Board Rev1.map" -T Generated_Source\PSoC4\cm0gcc.ld -specs=nano.specs -Wl,--gc-sections -g -ffunction-sections -Og -ffat-lto-objects -Wl,--end-group
cyelftool.exe -C "C:\Users\austc\OneDrive\Documents\GitHub\Electronics2018-19\Psoc Arm\Motor Board Rev1.cydsn\CortexM0\ARM_GCC_541\Debug\Motor Board Rev1.elf" --flash_row_size 256 --flash_size 262144 --flash_offset 0x00000000
No ELF section .cychecksum found, creating one
Application checksum calculated and stored in ELF section .cychecksum
Checksum calculated and stored in ELF section .cymeta
cyelftool.exe -S "C:\Users\austc\OneDrive\Documents\GitHub\Electronics2018-19\Psoc Arm\Motor Board Rev1.cydsn\CortexM0\ARM_GCC_541\Debug\Motor Board Rev1.elf"
Flash used: 15638 of 262144 bytes (6.0%).
SRAM used: 2872 of 32768 bytes (8.8%). Stack: 2048 bytes. Heap: 128 bytes.
--------------- Build Succeeded: 05/25/2019 16:11:13 ---------------
