--------------- Build Started: 03/01/2020 18:23:53 Project: Blink Rev 3 Debug, Configuration: ARM GCC 5.4-2016-q2-update Debug ---------------
cydsfit.exe -.appdatapath "C:\Users\austc\AppData\Local\Cypress Semiconductor\PSoC Creator\4.2" -.fdsnotice -.fdswarpdepfile=warp_dependencies.txt -.fdselabdepfile=elab_dependencies.txt -.fdsbldfile=generated_files.txt -.fdsreffile=referenced_files.txt -p "C:\Users\austc\OneDrive\Documents\Altium\Motor-Unit-Firmware-A-2019-2020\Motor Unit\Blink Rev 3 Debug.cydsn\Blink Rev 3 Debug.cyprj" -d CY8C4248AZI-L485 -s "C:\Users\austc\OneDrive\Documents\Altium\Motor-Unit-Firmware-A-2019-2020\Motor Unit\Blink Rev 3 Debug.cydsn\Generated_Source\PSoC4" -- -yv2 -q10 -ygs -o2 -v3 -.fftcfgtype=LE
Elaborating Design...
HDL Generation...
Synthesis...
Tech Mapping...
Analog Placement...
Analog Routing...
Analog Code Generation...
Digital Placement...
Digital Routing...
Bitstream Generation...
Bitstream Verification...
Static timing analysis...
API Generation...
Dependency Generation...
Cleanup...
arm-none-eabi-gcc.exe -mcpu=cortex-m0 -mthumb -I. -IGenerated_Source\PSoC4 -Wa,-alh=.\CortexM0\ARM_GCC_541\Debug/cyfitter_cfg.lst -g -D DEBUG -D CY_CORE_ID=0 -Wall -ffunction-sections -ffat-lto-objects -Og -c Generated_Source\PSoC4\cyfitter_cfg.c -o .\CortexM0\ARM_GCC_541\Debug\cyfitter_cfg.o
arm-none-eabi-ar.exe -rs ".\CortexM0\ARM_GCC_541\Debug\Blink Rev 3 Debug.a" .\CortexM0\ARM_GCC_541\Debug\Debug_1.o .\CortexM0\ARM_GCC_541\Debug\Debug_1_PM.o .\CortexM0\ARM_GCC_541\Debug\Debug_2.o .\CortexM0\ARM_GCC_541\Debug\Debug_2_PM.o .\CortexM0\ARM_GCC_541\Debug\CyFlash.o .\CortexM0\ARM_GCC_541\Debug\CyLib.o .\CortexM0\ARM_GCC_541\Debug\cyPm.o .\CortexM0\ARM_GCC_541\Debug\cyutils.o .\CortexM0\ARM_GCC_541\Debug\CyDMA.o .\CortexM0\ARM_GCC_541\Debug\CyLFClk.o .\CortexM0\ARM_GCC_541\Debug\cy_em_eeprom.o .\CortexM0\ARM_GCC_541\Debug\CyBootAsmGnu.o
arm-none-eabi-ar.exe: creating .\CortexM0\ARM_GCC_541\Debug\Blink Rev 3 Debug.a
arm-none-eabi-gcc.exe -Wl,--start-group -o "C:\Users\austc\OneDrive\Documents\Altium\Motor-Unit-Firmware-A-2019-2020\Motor Unit\Blink Rev 3 Debug.cydsn\CortexM0\ARM_GCC_541\Debug\Blink Rev 3 Debug.elf" .\CortexM0\ARM_GCC_541\Debug\main.o .\CortexM0\ARM_GCC_541\Debug\cyfitter_cfg.o .\CortexM0\ARM_GCC_541\Debug\cymetadata.o .\CortexM0\ARM_GCC_541\Debug\Cm0Start.o ".\CortexM0\ARM_GCC_541\Debug\Blink Rev 3 Debug.a" -mcpu=cortex-m0 -mthumb -L Generated_Source\PSoC4 "-Wl,-Map,.\CortexM0\ARM_GCC_541\Debug/Blink Rev 3 Debug.map" -T Generated_Source\PSoC4\cm0gcc.ld -specs=nano.specs -Wl,--gc-sections -g -ffunction-sections -Og -ffat-lto-objects -Wl,--end-group
cyelftool.exe -C "C:\Users\austc\OneDrive\Documents\Altium\Motor-Unit-Firmware-A-2019-2020\Motor Unit\Blink Rev 3 Debug.cydsn\CortexM0\ARM_GCC_541\Debug\Blink Rev 3 Debug.elf" --flash_row_size 256 --flash_size 262144 --flash_offset 0x00000000
No ELF section .cychecksum found, creating one
Application checksum calculated and stored in ELF section .cychecksum
Checksum calculated and stored in ELF section .cymeta
cyelftool.exe -S "C:\Users\austc\OneDrive\Documents\Altium\Motor-Unit-Firmware-A-2019-2020\Motor Unit\Blink Rev 3 Debug.cydsn\CortexM0\ARM_GCC_541\Debug\Blink Rev 3 Debug.elf"
Flash used: 2808 of 262144 bytes (1.1%).
SRAM used: 2608 of 32768 bytes (8.0%). Stack: 2048 bytes. Heap: 128 bytes.
--------------- Build Succeeded: 03/01/2020 18:24:08 ---------------
