ARM GAS  C:\Users\austc\AppData\Local\Temp\ccKD6EyX.s 			page 1


   1              		.syntax unified
   2              		.cpu cortex-m0
   3              		.fpu softvfp
   4              		.eabi_attribute 20, 1
   5              		.eabi_attribute 21, 1
   6              		.eabi_attribute 23, 3
   7              		.eabi_attribute 24, 1
   8              		.eabi_attribute 25, 1
   9              		.eabi_attribute 26, 1
  10              		.eabi_attribute 30, 1
  11              		.eabi_attribute 34, 0
  12              		.eabi_attribute 18, 4
  13              		.thumb
  14              		.syntax unified
  15              		.file	"Clock_2.c"
  16              		.text
  17              	.Ltext0:
  18              		.cfi_sections	.debug_frame
  19              		.section	.text.Clock_2_StartEx,"ax",%progbits
  20              		.align	2
  21              		.global	Clock_2_StartEx
  22              		.code	16
  23              		.thumb_func
  24              		.type	Clock_2_StartEx, %function
  25              	Clock_2_StartEx:
  26              	.LFB0:
  27              		.file 1 "Generated_Source\\PSoC4\\Clock_2.c"
   1:Generated_Source\PSoC4/Clock_2.c **** /*******************************************************************************
   2:Generated_Source\PSoC4/Clock_2.c **** * File Name: Clock_2.c
   3:Generated_Source\PSoC4/Clock_2.c **** * Version 2.20
   4:Generated_Source\PSoC4/Clock_2.c **** *
   5:Generated_Source\PSoC4/Clock_2.c **** *  Description:
   6:Generated_Source\PSoC4/Clock_2.c **** *   Provides system API for the clocking, interrupts and watchdog timer.
   7:Generated_Source\PSoC4/Clock_2.c **** *
   8:Generated_Source\PSoC4/Clock_2.c **** *  Note:
   9:Generated_Source\PSoC4/Clock_2.c **** *   Documentation of the API's in this file is located in the
  10:Generated_Source\PSoC4/Clock_2.c **** *   System Reference Guide provided with PSoC Creator.
  11:Generated_Source\PSoC4/Clock_2.c **** *
  12:Generated_Source\PSoC4/Clock_2.c **** ********************************************************************************
  13:Generated_Source\PSoC4/Clock_2.c **** * Copyright 2008-2012, Cypress Semiconductor Corporation.  All rights reserved.
  14:Generated_Source\PSoC4/Clock_2.c **** * You may use this file only in accordance with the license, terms, conditions,
  15:Generated_Source\PSoC4/Clock_2.c **** * disclaimers, and limitations in the end user license agreement accompanying
  16:Generated_Source\PSoC4/Clock_2.c **** * the software package with which this file was provided.
  17:Generated_Source\PSoC4/Clock_2.c **** *******************************************************************************/
  18:Generated_Source\PSoC4/Clock_2.c **** 
  19:Generated_Source\PSoC4/Clock_2.c **** #include <cydevice_trm.h>
  20:Generated_Source\PSoC4/Clock_2.c **** #include "Clock_2.h"
  21:Generated_Source\PSoC4/Clock_2.c **** 
  22:Generated_Source\PSoC4/Clock_2.c **** #if defined CYREG_PERI_DIV_CMD
  23:Generated_Source\PSoC4/Clock_2.c **** 
  24:Generated_Source\PSoC4/Clock_2.c **** /*******************************************************************************
  25:Generated_Source\PSoC4/Clock_2.c **** * Function Name: Clock_2_StartEx
  26:Generated_Source\PSoC4/Clock_2.c **** ********************************************************************************
  27:Generated_Source\PSoC4/Clock_2.c **** *
  28:Generated_Source\PSoC4/Clock_2.c **** * Summary:
  29:Generated_Source\PSoC4/Clock_2.c **** *  Starts the clock, aligned to the specified running clock.
  30:Generated_Source\PSoC4/Clock_2.c **** *
ARM GAS  C:\Users\austc\AppData\Local\Temp\ccKD6EyX.s 			page 2


  31:Generated_Source\PSoC4/Clock_2.c **** * Parameters:
  32:Generated_Source\PSoC4/Clock_2.c **** *  alignClkDiv:  The divider to which phase alignment is performed when the
  33:Generated_Source\PSoC4/Clock_2.c **** *    clock is started.
  34:Generated_Source\PSoC4/Clock_2.c **** *
  35:Generated_Source\PSoC4/Clock_2.c **** * Returns:
  36:Generated_Source\PSoC4/Clock_2.c **** *  None
  37:Generated_Source\PSoC4/Clock_2.c **** *
  38:Generated_Source\PSoC4/Clock_2.c **** *******************************************************************************/
  39:Generated_Source\PSoC4/Clock_2.c **** void Clock_2_StartEx(uint32 alignClkDiv)
  40:Generated_Source\PSoC4/Clock_2.c **** {
  28              		.loc 1 40 0
  29              		.cfi_startproc
  30              		@ args = 0, pretend = 0, frame = 0
  31              		@ frame_needed = 0, uses_anonymous_args = 0
  32              		@ link register save eliminated.
  33              	.LVL0:
  34              	.L2:
  41:Generated_Source\PSoC4/Clock_2.c ****     /* Make sure any previous start command has finished. */
  42:Generated_Source\PSoC4/Clock_2.c ****     while((Clock_2_CMD_REG & Clock_2_CMD_ENABLE_MASK) != 0u)
  35              		.loc 1 42 0 discriminator 1
  36 0000 044B     		ldr	r3, .L3
  37 0002 1B68     		ldr	r3, [r3]
  38 0004 002B     		cmp	r3, #0
  39 0006 FBDB     		blt	.L2
  43:Generated_Source\PSoC4/Clock_2.c ****     {
  44:Generated_Source\PSoC4/Clock_2.c ****     }
  45:Generated_Source\PSoC4/Clock_2.c ****     
  46:Generated_Source\PSoC4/Clock_2.c ****     /* Specify the target divider and it's alignment divider, and enable. */
  47:Generated_Source\PSoC4/Clock_2.c ****     Clock_2_CMD_REG =
  48:Generated_Source\PSoC4/Clock_2.c ****         ((uint32)Clock_2__DIV_ID << Clock_2_CMD_DIV_SHIFT)|
  49:Generated_Source\PSoC4/Clock_2.c ****         (alignClkDiv << Clock_2_CMD_PA_DIV_SHIFT) |
  40              		.loc 1 49 0
  41 0008 0002     		lsls	r0, r0, #8
  42              	.LVL1:
  43 000a 034B     		ldr	r3, .L3+4
  44 000c 1843     		orrs	r0, r3
  47:Generated_Source\PSoC4/Clock_2.c ****         ((uint32)Clock_2__DIV_ID << Clock_2_CMD_DIV_SHIFT)|
  45              		.loc 1 47 0
  46 000e 014B     		ldr	r3, .L3
  47 0010 1860     		str	r0, [r3]
  50:Generated_Source\PSoC4/Clock_2.c ****         (uint32)Clock_2_CMD_ENABLE_MASK;
  51:Generated_Source\PSoC4/Clock_2.c **** }
  48              		.loc 1 51 0
  49              		@ sp needed
  50 0012 7047     		bx	lr
  51              	.L4:
  52              		.align	2
  53              	.L3:
  54 0014 00000140 		.word	1073807360
  55 0018 C0000080 		.word	-2147483456
  56              		.cfi_endproc
  57              	.LFE0:
  58              		.size	Clock_2_StartEx, .-Clock_2_StartEx
  59              		.section	.text.Clock_2_Stop,"ax",%progbits
  60              		.align	2
  61              		.global	Clock_2_Stop
  62              		.code	16
ARM GAS  C:\Users\austc\AppData\Local\Temp\ccKD6EyX.s 			page 3


  63              		.thumb_func
  64              		.type	Clock_2_Stop, %function
  65              	Clock_2_Stop:
  66              	.LFB1:
  52:Generated_Source\PSoC4/Clock_2.c **** 
  53:Generated_Source\PSoC4/Clock_2.c **** #else
  54:Generated_Source\PSoC4/Clock_2.c **** 
  55:Generated_Source\PSoC4/Clock_2.c **** /*******************************************************************************
  56:Generated_Source\PSoC4/Clock_2.c **** * Function Name: Clock_2_Start
  57:Generated_Source\PSoC4/Clock_2.c **** ********************************************************************************
  58:Generated_Source\PSoC4/Clock_2.c **** *
  59:Generated_Source\PSoC4/Clock_2.c **** * Summary:
  60:Generated_Source\PSoC4/Clock_2.c **** *  Starts the clock.
  61:Generated_Source\PSoC4/Clock_2.c **** *
  62:Generated_Source\PSoC4/Clock_2.c **** * Parameters:
  63:Generated_Source\PSoC4/Clock_2.c **** *  None
  64:Generated_Source\PSoC4/Clock_2.c **** *
  65:Generated_Source\PSoC4/Clock_2.c **** * Returns:
  66:Generated_Source\PSoC4/Clock_2.c **** *  None
  67:Generated_Source\PSoC4/Clock_2.c **** *
  68:Generated_Source\PSoC4/Clock_2.c **** *******************************************************************************/
  69:Generated_Source\PSoC4/Clock_2.c **** 
  70:Generated_Source\PSoC4/Clock_2.c **** void Clock_2_Start(void)
  71:Generated_Source\PSoC4/Clock_2.c **** {
  72:Generated_Source\PSoC4/Clock_2.c ****     /* Set the bit to enable the clock. */
  73:Generated_Source\PSoC4/Clock_2.c ****     Clock_2_ENABLE_REG |= Clock_2__ENABLE_MASK;
  74:Generated_Source\PSoC4/Clock_2.c **** }
  75:Generated_Source\PSoC4/Clock_2.c **** 
  76:Generated_Source\PSoC4/Clock_2.c **** #endif /* CYREG_PERI_DIV_CMD */
  77:Generated_Source\PSoC4/Clock_2.c **** 
  78:Generated_Source\PSoC4/Clock_2.c **** 
  79:Generated_Source\PSoC4/Clock_2.c **** /*******************************************************************************
  80:Generated_Source\PSoC4/Clock_2.c **** * Function Name: Clock_2_Stop
  81:Generated_Source\PSoC4/Clock_2.c **** ********************************************************************************
  82:Generated_Source\PSoC4/Clock_2.c **** *
  83:Generated_Source\PSoC4/Clock_2.c **** * Summary:
  84:Generated_Source\PSoC4/Clock_2.c **** *  Stops the clock and returns immediately. This API does not require the
  85:Generated_Source\PSoC4/Clock_2.c **** *  source clock to be running but may return before the hardware is actually
  86:Generated_Source\PSoC4/Clock_2.c **** *  disabled.
  87:Generated_Source\PSoC4/Clock_2.c **** *
  88:Generated_Source\PSoC4/Clock_2.c **** * Parameters:
  89:Generated_Source\PSoC4/Clock_2.c **** *  None
  90:Generated_Source\PSoC4/Clock_2.c **** *
  91:Generated_Source\PSoC4/Clock_2.c **** * Returns:
  92:Generated_Source\PSoC4/Clock_2.c **** *  None
  93:Generated_Source\PSoC4/Clock_2.c **** *
  94:Generated_Source\PSoC4/Clock_2.c **** *******************************************************************************/
  95:Generated_Source\PSoC4/Clock_2.c **** void Clock_2_Stop(void)
  96:Generated_Source\PSoC4/Clock_2.c **** {
  67              		.loc 1 96 0
  68              		.cfi_startproc
  69              		@ args = 0, pretend = 0, frame = 0
  70              		@ frame_needed = 0, uses_anonymous_args = 0
  71              		@ link register save eliminated.
  72              	.L6:
  97:Generated_Source\PSoC4/Clock_2.c **** #if defined CYREG_PERI_DIV_CMD
  98:Generated_Source\PSoC4/Clock_2.c **** 
ARM GAS  C:\Users\austc\AppData\Local\Temp\ccKD6EyX.s 			page 4


  99:Generated_Source\PSoC4/Clock_2.c ****     /* Make sure any previous start command has finished. */
 100:Generated_Source\PSoC4/Clock_2.c ****     while((Clock_2_CMD_REG & Clock_2_CMD_ENABLE_MASK) != 0u)
  73              		.loc 1 100 0 discriminator 1
  74 0000 034B     		ldr	r3, .L7
  75 0002 1B68     		ldr	r3, [r3]
  76 0004 002B     		cmp	r3, #0
  77 0006 FBDB     		blt	.L6
 101:Generated_Source\PSoC4/Clock_2.c ****     {
 102:Generated_Source\PSoC4/Clock_2.c ****     }
 103:Generated_Source\PSoC4/Clock_2.c ****     
 104:Generated_Source\PSoC4/Clock_2.c ****     /* Specify the target divider and it's alignment divider, and disable. */
 105:Generated_Source\PSoC4/Clock_2.c ****     Clock_2_CMD_REG =
  78              		.loc 1 105 0
  79 0008 024A     		ldr	r2, .L7+4
  80 000a 014B     		ldr	r3, .L7
  81 000c 1A60     		str	r2, [r3]
 106:Generated_Source\PSoC4/Clock_2.c ****         ((uint32)Clock_2__DIV_ID << Clock_2_CMD_DIV_SHIFT)|
 107:Generated_Source\PSoC4/Clock_2.c ****         ((uint32)Clock_2_CMD_DISABLE_MASK);
 108:Generated_Source\PSoC4/Clock_2.c **** 
 109:Generated_Source\PSoC4/Clock_2.c **** #else
 110:Generated_Source\PSoC4/Clock_2.c **** 
 111:Generated_Source\PSoC4/Clock_2.c ****     /* Clear the bit to disable the clock. */
 112:Generated_Source\PSoC4/Clock_2.c ****     Clock_2_ENABLE_REG &= (uint32)(~Clock_2__ENABLE_MASK);
 113:Generated_Source\PSoC4/Clock_2.c ****     
 114:Generated_Source\PSoC4/Clock_2.c **** #endif /* CYREG_PERI_DIV_CMD */
 115:Generated_Source\PSoC4/Clock_2.c **** }
  82              		.loc 1 115 0
  83              		@ sp needed
  84 000e 7047     		bx	lr
  85              	.L8:
  86              		.align	2
  87              	.L7:
  88 0010 00000140 		.word	1073807360
  89 0014 C0000040 		.word	1073742016
  90              		.cfi_endproc
  91              	.LFE1:
  92              		.size	Clock_2_Stop, .-Clock_2_Stop
  93              		.section	.text.Clock_2_SetFractionalDividerRegister,"ax",%progbits
  94              		.align	2
  95              		.global	Clock_2_SetFractionalDividerRegister
  96              		.code	16
  97              		.thumb_func
  98              		.type	Clock_2_SetFractionalDividerRegister, %function
  99              	Clock_2_SetFractionalDividerRegister:
 100              	.LFB2:
 116:Generated_Source\PSoC4/Clock_2.c **** 
 117:Generated_Source\PSoC4/Clock_2.c **** 
 118:Generated_Source\PSoC4/Clock_2.c **** /*******************************************************************************
 119:Generated_Source\PSoC4/Clock_2.c **** * Function Name: Clock_2_SetFractionalDividerRegister
 120:Generated_Source\PSoC4/Clock_2.c **** ********************************************************************************
 121:Generated_Source\PSoC4/Clock_2.c **** *
 122:Generated_Source\PSoC4/Clock_2.c **** * Summary:
 123:Generated_Source\PSoC4/Clock_2.c **** *  Modifies the clock divider and the fractional divider.
 124:Generated_Source\PSoC4/Clock_2.c **** *
 125:Generated_Source\PSoC4/Clock_2.c **** * Parameters:
 126:Generated_Source\PSoC4/Clock_2.c **** *  clkDivider:  Divider register value (0-65535). This value is NOT the
 127:Generated_Source\PSoC4/Clock_2.c **** *    divider; the clock hardware divides by clkDivider plus one. For example,
ARM GAS  C:\Users\austc\AppData\Local\Temp\ccKD6EyX.s 			page 5


 128:Generated_Source\PSoC4/Clock_2.c **** *    to divide the clock by 2, this parameter should be set to 1.
 129:Generated_Source\PSoC4/Clock_2.c **** *  fracDivider:  Fractional Divider register value (0-31).
 130:Generated_Source\PSoC4/Clock_2.c **** * Returns:
 131:Generated_Source\PSoC4/Clock_2.c **** *  None
 132:Generated_Source\PSoC4/Clock_2.c **** *
 133:Generated_Source\PSoC4/Clock_2.c **** *******************************************************************************/
 134:Generated_Source\PSoC4/Clock_2.c **** void Clock_2_SetFractionalDividerRegister(uint16 clkDivider, uint8 clkFractional)
 135:Generated_Source\PSoC4/Clock_2.c **** {
 101              		.loc 1 135 0
 102              		.cfi_startproc
 103              		@ args = 0, pretend = 0, frame = 0
 104              		@ frame_needed = 0, uses_anonymous_args = 0
 105              	.LVL2:
 106 0000 10B5     		push	{r4, lr}
 107              		.cfi_def_cfa_offset 8
 108              		.cfi_offset 4, -8
 109              		.cfi_offset 14, -4
 136:Generated_Source\PSoC4/Clock_2.c ****     uint32 maskVal;
 137:Generated_Source\PSoC4/Clock_2.c ****     uint32 regVal;
 138:Generated_Source\PSoC4/Clock_2.c ****     
 139:Generated_Source\PSoC4/Clock_2.c **** #if defined (Clock_2__FRAC_MASK) || defined (CYREG_PERI_DIV_CMD)
 140:Generated_Source\PSoC4/Clock_2.c ****     
 141:Generated_Source\PSoC4/Clock_2.c **** 	/* get all but divider bits */
 142:Generated_Source\PSoC4/Clock_2.c ****     maskVal = Clock_2_DIV_REG & 
 110              		.loc 1 142 0
 111 0002 064A     		ldr	r2, .L10
 112 0004 1368     		ldr	r3, [r2]
 113 0006 0724     		movs	r4, #7
 114 0008 2340     		ands	r3, r4
 115              	.LVL3:
 143:Generated_Source\PSoC4/Clock_2.c ****                     (uint32)(~(uint32)(Clock_2_DIV_INT_MASK | Clock_2_DIV_FRAC_MASK)); 
 144:Generated_Source\PSoC4/Clock_2.c **** 	/* combine mask and new divider vals into 32-bit value */
 145:Generated_Source\PSoC4/Clock_2.c ****     regVal = maskVal |
 146:Generated_Source\PSoC4/Clock_2.c ****         ((uint32)((uint32)clkDivider <<  Clock_2_DIV_INT_SHIFT) & Clock_2_DIV_INT_MASK) |
 116              		.loc 1 146 0
 117 000a 0002     		lsls	r0, r0, #8
 118              	.LVL4:
 145:Generated_Source\PSoC4/Clock_2.c ****         ((uint32)((uint32)clkDivider <<  Clock_2_DIV_INT_SHIFT) & Clock_2_DIV_INT_MASK) |
 119              		.loc 1 145 0
 120 000c 1843     		orrs	r0, r3
 147:Generated_Source\PSoC4/Clock_2.c ****         ((uint32)((uint32)clkFractional << Clock_2_DIV_FRAC_SHIFT) & Clock_2_DIV_FRAC_MASK);
 121              		.loc 1 147 0
 122 000e CB00     		lsls	r3, r1, #3
 123              	.LVL5:
 124 0010 FF21     		movs	r1, #255
 125              	.LVL6:
 126 0012 1940     		ands	r1, r3
 145:Generated_Source\PSoC4/Clock_2.c ****         ((uint32)((uint32)clkDivider <<  Clock_2_DIV_INT_SHIFT) & Clock_2_DIV_INT_MASK) |
 127              		.loc 1 145 0
 128 0014 0143     		orrs	r1, r0
 129              	.LVL7:
 148:Generated_Source\PSoC4/Clock_2.c ****     
 149:Generated_Source\PSoC4/Clock_2.c **** #else
 150:Generated_Source\PSoC4/Clock_2.c ****     /* get all but integer divider bits */
 151:Generated_Source\PSoC4/Clock_2.c ****     maskVal = Clock_2_DIV_REG & (uint32)(~(uint32)Clock_2__DIVIDER_MASK);
 152:Generated_Source\PSoC4/Clock_2.c ****     /* combine mask and new divider val into 32-bit value */
 153:Generated_Source\PSoC4/Clock_2.c ****     regVal = clkDivider | maskVal;
ARM GAS  C:\Users\austc\AppData\Local\Temp\ccKD6EyX.s 			page 6


 154:Generated_Source\PSoC4/Clock_2.c ****     
 155:Generated_Source\PSoC4/Clock_2.c **** #endif /* Clock_2__FRAC_MASK || CYREG_PERI_DIV_CMD */
 156:Generated_Source\PSoC4/Clock_2.c **** 
 157:Generated_Source\PSoC4/Clock_2.c ****     Clock_2_DIV_REG = regVal;
 130              		.loc 1 157 0
 131 0016 1160     		str	r1, [r2]
 158:Generated_Source\PSoC4/Clock_2.c **** }
 132              		.loc 1 158 0
 133              		@ sp needed
 134 0018 10BD     		pop	{r4, pc}
 135              	.L11:
 136 001a C046     		.align	2
 137              	.L10:
 138 001c 00050140 		.word	1073808640
 139              		.cfi_endproc
 140              	.LFE2:
 141              		.size	Clock_2_SetFractionalDividerRegister, .-Clock_2_SetFractionalDividerRegister
 142              		.section	.text.Clock_2_GetDividerRegister,"ax",%progbits
 143              		.align	2
 144              		.global	Clock_2_GetDividerRegister
 145              		.code	16
 146              		.thumb_func
 147              		.type	Clock_2_GetDividerRegister, %function
 148              	Clock_2_GetDividerRegister:
 149              	.LFB3:
 159:Generated_Source\PSoC4/Clock_2.c **** 
 160:Generated_Source\PSoC4/Clock_2.c **** 
 161:Generated_Source\PSoC4/Clock_2.c **** /*******************************************************************************
 162:Generated_Source\PSoC4/Clock_2.c **** * Function Name: Clock_2_GetDividerRegister
 163:Generated_Source\PSoC4/Clock_2.c **** ********************************************************************************
 164:Generated_Source\PSoC4/Clock_2.c **** *
 165:Generated_Source\PSoC4/Clock_2.c **** * Summary:
 166:Generated_Source\PSoC4/Clock_2.c **** *  Gets the clock divider register value.
 167:Generated_Source\PSoC4/Clock_2.c **** *
 168:Generated_Source\PSoC4/Clock_2.c **** * Parameters:
 169:Generated_Source\PSoC4/Clock_2.c **** *  None
 170:Generated_Source\PSoC4/Clock_2.c **** *
 171:Generated_Source\PSoC4/Clock_2.c **** * Returns:
 172:Generated_Source\PSoC4/Clock_2.c **** *  Divide value of the clock minus 1. For example, if the clock is set to
 173:Generated_Source\PSoC4/Clock_2.c **** *  divide by 2, the return value will be 1.
 174:Generated_Source\PSoC4/Clock_2.c **** *
 175:Generated_Source\PSoC4/Clock_2.c **** *******************************************************************************/
 176:Generated_Source\PSoC4/Clock_2.c **** uint16 Clock_2_GetDividerRegister(void)
 177:Generated_Source\PSoC4/Clock_2.c **** {
 150              		.loc 1 177 0
 151              		.cfi_startproc
 152              		@ args = 0, pretend = 0, frame = 0
 153              		@ frame_needed = 0, uses_anonymous_args = 0
 154              		@ link register save eliminated.
 178:Generated_Source\PSoC4/Clock_2.c ****     return (uint16)((Clock_2_DIV_REG & Clock_2_DIV_INT_MASK)
 155              		.loc 1 178 0
 156 0000 024B     		ldr	r3, .L13
 157 0002 1868     		ldr	r0, [r3]
 158 0004 000A     		lsrs	r0, r0, #8
 159 0006 80B2     		uxth	r0, r0
 179:Generated_Source\PSoC4/Clock_2.c ****         >> Clock_2_DIV_INT_SHIFT);
 180:Generated_Source\PSoC4/Clock_2.c **** }
ARM GAS  C:\Users\austc\AppData\Local\Temp\ccKD6EyX.s 			page 7


 160              		.loc 1 180 0
 161              		@ sp needed
 162 0008 7047     		bx	lr
 163              	.L14:
 164 000a C046     		.align	2
 165              	.L13:
 166 000c 00050140 		.word	1073808640
 167              		.cfi_endproc
 168              	.LFE3:
 169              		.size	Clock_2_GetDividerRegister, .-Clock_2_GetDividerRegister
 170              		.section	.text.Clock_2_GetFractionalDividerRegister,"ax",%progbits
 171              		.align	2
 172              		.global	Clock_2_GetFractionalDividerRegister
 173              		.code	16
 174              		.thumb_func
 175              		.type	Clock_2_GetFractionalDividerRegister, %function
 176              	Clock_2_GetFractionalDividerRegister:
 177              	.LFB4:
 181:Generated_Source\PSoC4/Clock_2.c **** 
 182:Generated_Source\PSoC4/Clock_2.c **** 
 183:Generated_Source\PSoC4/Clock_2.c **** /*******************************************************************************
 184:Generated_Source\PSoC4/Clock_2.c **** * Function Name: Clock_2_GetFractionalDividerRegister
 185:Generated_Source\PSoC4/Clock_2.c **** ********************************************************************************
 186:Generated_Source\PSoC4/Clock_2.c **** *
 187:Generated_Source\PSoC4/Clock_2.c **** * Summary:
 188:Generated_Source\PSoC4/Clock_2.c **** *  Gets the clock fractional divider register value.
 189:Generated_Source\PSoC4/Clock_2.c **** *
 190:Generated_Source\PSoC4/Clock_2.c **** * Parameters:
 191:Generated_Source\PSoC4/Clock_2.c **** *  None
 192:Generated_Source\PSoC4/Clock_2.c **** *
 193:Generated_Source\PSoC4/Clock_2.c **** * Returns:
 194:Generated_Source\PSoC4/Clock_2.c **** *  Fractional Divide value of the clock
 195:Generated_Source\PSoC4/Clock_2.c **** *  0 if the fractional divider is not in use.
 196:Generated_Source\PSoC4/Clock_2.c **** *
 197:Generated_Source\PSoC4/Clock_2.c **** *******************************************************************************/
 198:Generated_Source\PSoC4/Clock_2.c **** uint8 Clock_2_GetFractionalDividerRegister(void)
 199:Generated_Source\PSoC4/Clock_2.c **** {
 178              		.loc 1 199 0
 179              		.cfi_startproc
 180              		@ args = 0, pretend = 0, frame = 0
 181              		@ frame_needed = 0, uses_anonymous_args = 0
 182              		@ link register save eliminated.
 200:Generated_Source\PSoC4/Clock_2.c **** #if defined (Clock_2__FRAC_MASK)
 201:Generated_Source\PSoC4/Clock_2.c ****     /* return fractional divider bits */
 202:Generated_Source\PSoC4/Clock_2.c ****     return (uint8)((Clock_2_DIV_REG & Clock_2_DIV_FRAC_MASK)
 183              		.loc 1 202 0
 184 0000 024B     		ldr	r3, .L16
 185 0002 1868     		ldr	r0, [r3]
 203:Generated_Source\PSoC4/Clock_2.c ****         >> Clock_2_DIV_FRAC_SHIFT);
 186              		.loc 1 203 0
 187 0004 C008     		lsrs	r0, r0, #3
 202:Generated_Source\PSoC4/Clock_2.c ****         >> Clock_2_DIV_FRAC_SHIFT);
 188              		.loc 1 202 0
 189 0006 1F23     		movs	r3, #31
 190 0008 1840     		ands	r0, r3
 204:Generated_Source\PSoC4/Clock_2.c **** #else
 205:Generated_Source\PSoC4/Clock_2.c ****     return 0u;
ARM GAS  C:\Users\austc\AppData\Local\Temp\ccKD6EyX.s 			page 8


 206:Generated_Source\PSoC4/Clock_2.c **** #endif /* Clock_2__FRAC_MASK */
 207:Generated_Source\PSoC4/Clock_2.c **** }
 191              		.loc 1 207 0
 192              		@ sp needed
 193 000a 7047     		bx	lr
 194              	.L17:
 195              		.align	2
 196              	.L16:
 197 000c 00050140 		.word	1073808640
 198              		.cfi_endproc
 199              	.LFE4:
 200              		.size	Clock_2_GetFractionalDividerRegister, .-Clock_2_GetFractionalDividerRegister
 201              		.text
 202              	.Letext0:
 203              		.file 2 "Generated_Source\\PSoC4/cytypes.h"
 204              		.section	.debug_info,"",%progbits
 205              	.Ldebug_info0:
 206 0000 62010000 		.4byte	0x162
 207 0004 0400     		.2byte	0x4
 208 0006 00000000 		.4byte	.Ldebug_abbrev0
 209 000a 04       		.byte	0x4
 210 000b 01       		.uleb128 0x1
 211 000c 90010000 		.4byte	.LASF25
 212 0010 0C       		.byte	0xc
 213 0011 77000000 		.4byte	.LASF26
 214 0015 13000000 		.4byte	.LASF27
 215 0019 00000000 		.4byte	.Ldebug_ranges0+0
 216 001d 00000000 		.4byte	0
 217 0021 00000000 		.4byte	.Ldebug_line0
 218 0025 02       		.uleb128 0x2
 219 0026 01       		.byte	0x1
 220 0027 06       		.byte	0x6
 221 0028 4A020000 		.4byte	.LASF0
 222 002c 02       		.uleb128 0x2
 223 002d 01       		.byte	0x1
 224 002e 08       		.byte	0x8
 225 002f C3000000 		.4byte	.LASF1
 226 0033 02       		.uleb128 0x2
 227 0034 02       		.byte	0x2
 228 0035 05       		.byte	0x5
 229 0036 31020000 		.4byte	.LASF2
 230 003a 02       		.uleb128 0x2
 231 003b 02       		.byte	0x2
 232 003c 07       		.byte	0x7
 233 003d E3000000 		.4byte	.LASF3
 234 0041 02       		.uleb128 0x2
 235 0042 04       		.byte	0x4
 236 0043 05       		.byte	0x5
 237 0044 41020000 		.4byte	.LASF4
 238 0048 02       		.uleb128 0x2
 239 0049 04       		.byte	0x4
 240 004a 07       		.byte	0x7
 241 004b D1000000 		.4byte	.LASF5
 242 004f 02       		.uleb128 0x2
 243 0050 08       		.byte	0x8
 244 0051 05       		.byte	0x5
 245 0052 1E020000 		.4byte	.LASF6
ARM GAS  C:\Users\austc\AppData\Local\Temp\ccKD6EyX.s 			page 9


 246 0056 02       		.uleb128 0x2
 247 0057 08       		.byte	0x8
 248 0058 07       		.byte	0x7
 249 0059 69010000 		.4byte	.LASF7
 250 005d 03       		.uleb128 0x3
 251 005e 04       		.byte	0x4
 252 005f 05       		.byte	0x5
 253 0060 696E7400 		.ascii	"int\000"
 254 0064 02       		.uleb128 0x2
 255 0065 04       		.byte	0x4
 256 0066 07       		.byte	0x7
 257 0067 37010000 		.4byte	.LASF8
 258 006b 04       		.uleb128 0x4
 259 006c 3B020000 		.4byte	.LASF9
 260 0070 02       		.byte	0x2
 261 0071 E401     		.2byte	0x1e4
 262 0073 2C000000 		.4byte	0x2c
 263 0077 04       		.uleb128 0x4
 264 0078 29010000 		.4byte	.LASF10
 265 007c 02       		.byte	0x2
 266 007d E501     		.2byte	0x1e5
 267 007f 3A000000 		.4byte	0x3a
 268 0083 04       		.uleb128 0x4
 269 0084 30010000 		.4byte	.LASF11
 270 0088 02       		.byte	0x2
 271 0089 E601     		.2byte	0x1e6
 272 008b 48000000 		.4byte	0x48
 273 008f 02       		.uleb128 0x2
 274 0090 04       		.byte	0x4
 275 0091 04       		.byte	0x4
 276 0092 98000000 		.4byte	.LASF12
 277 0096 02       		.uleb128 0x2
 278 0097 08       		.byte	0x8
 279 0098 04       		.byte	0x4
 280 0099 01010000 		.4byte	.LASF13
 281 009d 02       		.uleb128 0x2
 282 009e 01       		.byte	0x1
 283 009f 08       		.byte	0x8
 284 00a0 2C020000 		.4byte	.LASF14
 285 00a4 04       		.uleb128 0x4
 286 00a5 0D000000 		.4byte	.LASF15
 287 00a9 02       		.byte	0x2
 288 00aa 9002     		.2byte	0x290
 289 00ac B0000000 		.4byte	0xb0
 290 00b0 05       		.uleb128 0x5
 291 00b1 83000000 		.4byte	0x83
 292 00b5 06       		.uleb128 0x6
 293 00b6 80010000 		.4byte	.LASF16
 294 00ba 01       		.byte	0x1
 295 00bb 27       		.byte	0x27
 296 00bc 00000000 		.4byte	.LFB0
 297 00c0 1C000000 		.4byte	.LFE0-.LFB0
 298 00c4 01       		.uleb128 0x1
 299 00c5 9C       		.byte	0x9c
 300 00c6 DA000000 		.4byte	0xda
 301 00ca 07       		.uleb128 0x7
 302 00cb 0F010000 		.4byte	.LASF18
ARM GAS  C:\Users\austc\AppData\Local\Temp\ccKD6EyX.s 			page 10


 303 00cf 01       		.byte	0x1
 304 00d0 27       		.byte	0x27
 305 00d1 83000000 		.4byte	0x83
 306 00d5 00000000 		.4byte	.LLST0
 307 00d9 00       		.byte	0
 308 00da 08       		.uleb128 0x8
 309 00db 00000000 		.4byte	.LASF28
 310 00df 01       		.byte	0x1
 311 00e0 5F       		.byte	0x5f
 312 00e1 00000000 		.4byte	.LFB1
 313 00e5 18000000 		.4byte	.LFE1-.LFB1
 314 00e9 01       		.uleb128 0x1
 315 00ea 9C       		.byte	0x9c
 316 00eb 06       		.uleb128 0x6
 317 00ec 44010000 		.4byte	.LASF17
 318 00f0 01       		.byte	0x1
 319 00f1 86       		.byte	0x86
 320 00f2 00000000 		.4byte	.LFB2
 321 00f6 20000000 		.4byte	.LFE2-.LFB2
 322 00fa 01       		.uleb128 0x1
 323 00fb 9C       		.byte	0x9c
 324 00fc 3B010000 		.4byte	0x13b
 325 0100 07       		.uleb128 0x7
 326 0101 F6000000 		.4byte	.LASF19
 327 0105 01       		.byte	0x1
 328 0106 86       		.byte	0x86
 329 0107 77000000 		.4byte	0x77
 330 010b 21000000 		.4byte	.LLST1
 331 010f 07       		.uleb128 0x7
 332 0110 1B010000 		.4byte	.LASF20
 333 0114 01       		.byte	0x1
 334 0115 86       		.byte	0x86
 335 0116 6B000000 		.4byte	0x6b
 336 011a 42000000 		.4byte	.LLST2
 337 011e 09       		.uleb128 0x9
 338 011f 6F000000 		.4byte	.LASF21
 339 0123 01       		.byte	0x1
 340 0124 88       		.byte	0x88
 341 0125 83000000 		.4byte	0x83
 342 0129 63000000 		.4byte	.LLST3
 343 012d 0A       		.uleb128 0xa
 344 012e 08010000 		.4byte	.LASF22
 345 0132 01       		.byte	0x1
 346 0133 89       		.byte	0x89
 347 0134 83000000 		.4byte	0x83
 348 0138 01       		.uleb128 0x1
 349 0139 51       		.byte	0x51
 350 013a 00       		.byte	0
 351 013b 0B       		.uleb128 0xb
 352 013c 56020000 		.4byte	.LASF23
 353 0140 01       		.byte	0x1
 354 0141 B0       		.byte	0xb0
 355 0142 77000000 		.4byte	0x77
 356 0146 00000000 		.4byte	.LFB3
 357 014a 10000000 		.4byte	.LFE3-.LFB3
 358 014e 01       		.uleb128 0x1
 359 014f 9C       		.byte	0x9c
ARM GAS  C:\Users\austc\AppData\Local\Temp\ccKD6EyX.s 			page 11


 360 0150 0B       		.uleb128 0xb
 361 0151 9E000000 		.4byte	.LASF24
 362 0155 01       		.byte	0x1
 363 0156 C6       		.byte	0xc6
 364 0157 6B000000 		.4byte	0x6b
 365 015b 00000000 		.4byte	.LFB4
 366 015f 10000000 		.4byte	.LFE4-.LFB4
 367 0163 01       		.uleb128 0x1
 368 0164 9C       		.byte	0x9c
 369 0165 00       		.byte	0
 370              		.section	.debug_abbrev,"",%progbits
 371              	.Ldebug_abbrev0:
 372 0000 01       		.uleb128 0x1
 373 0001 11       		.uleb128 0x11
 374 0002 01       		.byte	0x1
 375 0003 25       		.uleb128 0x25
 376 0004 0E       		.uleb128 0xe
 377 0005 13       		.uleb128 0x13
 378 0006 0B       		.uleb128 0xb
 379 0007 03       		.uleb128 0x3
 380 0008 0E       		.uleb128 0xe
 381 0009 1B       		.uleb128 0x1b
 382 000a 0E       		.uleb128 0xe
 383 000b 55       		.uleb128 0x55
 384 000c 17       		.uleb128 0x17
 385 000d 11       		.uleb128 0x11
 386 000e 01       		.uleb128 0x1
 387 000f 10       		.uleb128 0x10
 388 0010 17       		.uleb128 0x17
 389 0011 00       		.byte	0
 390 0012 00       		.byte	0
 391 0013 02       		.uleb128 0x2
 392 0014 24       		.uleb128 0x24
 393 0015 00       		.byte	0
 394 0016 0B       		.uleb128 0xb
 395 0017 0B       		.uleb128 0xb
 396 0018 3E       		.uleb128 0x3e
 397 0019 0B       		.uleb128 0xb
 398 001a 03       		.uleb128 0x3
 399 001b 0E       		.uleb128 0xe
 400 001c 00       		.byte	0
 401 001d 00       		.byte	0
 402 001e 03       		.uleb128 0x3
 403 001f 24       		.uleb128 0x24
 404 0020 00       		.byte	0
 405 0021 0B       		.uleb128 0xb
 406 0022 0B       		.uleb128 0xb
 407 0023 3E       		.uleb128 0x3e
 408 0024 0B       		.uleb128 0xb
 409 0025 03       		.uleb128 0x3
 410 0026 08       		.uleb128 0x8
 411 0027 00       		.byte	0
 412 0028 00       		.byte	0
 413 0029 04       		.uleb128 0x4
 414 002a 16       		.uleb128 0x16
 415 002b 00       		.byte	0
 416 002c 03       		.uleb128 0x3
ARM GAS  C:\Users\austc\AppData\Local\Temp\ccKD6EyX.s 			page 12


 417 002d 0E       		.uleb128 0xe
 418 002e 3A       		.uleb128 0x3a
 419 002f 0B       		.uleb128 0xb
 420 0030 3B       		.uleb128 0x3b
 421 0031 05       		.uleb128 0x5
 422 0032 49       		.uleb128 0x49
 423 0033 13       		.uleb128 0x13
 424 0034 00       		.byte	0
 425 0035 00       		.byte	0
 426 0036 05       		.uleb128 0x5
 427 0037 35       		.uleb128 0x35
 428 0038 00       		.byte	0
 429 0039 49       		.uleb128 0x49
 430 003a 13       		.uleb128 0x13
 431 003b 00       		.byte	0
 432 003c 00       		.byte	0
 433 003d 06       		.uleb128 0x6
 434 003e 2E       		.uleb128 0x2e
 435 003f 01       		.byte	0x1
 436 0040 3F       		.uleb128 0x3f
 437 0041 19       		.uleb128 0x19
 438 0042 03       		.uleb128 0x3
 439 0043 0E       		.uleb128 0xe
 440 0044 3A       		.uleb128 0x3a
 441 0045 0B       		.uleb128 0xb
 442 0046 3B       		.uleb128 0x3b
 443 0047 0B       		.uleb128 0xb
 444 0048 27       		.uleb128 0x27
 445 0049 19       		.uleb128 0x19
 446 004a 11       		.uleb128 0x11
 447 004b 01       		.uleb128 0x1
 448 004c 12       		.uleb128 0x12
 449 004d 06       		.uleb128 0x6
 450 004e 40       		.uleb128 0x40
 451 004f 18       		.uleb128 0x18
 452 0050 9742     		.uleb128 0x2117
 453 0052 19       		.uleb128 0x19
 454 0053 01       		.uleb128 0x1
 455 0054 13       		.uleb128 0x13
 456 0055 00       		.byte	0
 457 0056 00       		.byte	0
 458 0057 07       		.uleb128 0x7
 459 0058 05       		.uleb128 0x5
 460 0059 00       		.byte	0
 461 005a 03       		.uleb128 0x3
 462 005b 0E       		.uleb128 0xe
 463 005c 3A       		.uleb128 0x3a
 464 005d 0B       		.uleb128 0xb
 465 005e 3B       		.uleb128 0x3b
 466 005f 0B       		.uleb128 0xb
 467 0060 49       		.uleb128 0x49
 468 0061 13       		.uleb128 0x13
 469 0062 02       		.uleb128 0x2
 470 0063 17       		.uleb128 0x17
 471 0064 00       		.byte	0
 472 0065 00       		.byte	0
 473 0066 08       		.uleb128 0x8
ARM GAS  C:\Users\austc\AppData\Local\Temp\ccKD6EyX.s 			page 13


 474 0067 2E       		.uleb128 0x2e
 475 0068 00       		.byte	0
 476 0069 3F       		.uleb128 0x3f
 477 006a 19       		.uleb128 0x19
 478 006b 03       		.uleb128 0x3
 479 006c 0E       		.uleb128 0xe
 480 006d 3A       		.uleb128 0x3a
 481 006e 0B       		.uleb128 0xb
 482 006f 3B       		.uleb128 0x3b
 483 0070 0B       		.uleb128 0xb
 484 0071 27       		.uleb128 0x27
 485 0072 19       		.uleb128 0x19
 486 0073 11       		.uleb128 0x11
 487 0074 01       		.uleb128 0x1
 488 0075 12       		.uleb128 0x12
 489 0076 06       		.uleb128 0x6
 490 0077 40       		.uleb128 0x40
 491 0078 18       		.uleb128 0x18
 492 0079 9742     		.uleb128 0x2117
 493 007b 19       		.uleb128 0x19
 494 007c 00       		.byte	0
 495 007d 00       		.byte	0
 496 007e 09       		.uleb128 0x9
 497 007f 34       		.uleb128 0x34
 498 0080 00       		.byte	0
 499 0081 03       		.uleb128 0x3
 500 0082 0E       		.uleb128 0xe
 501 0083 3A       		.uleb128 0x3a
 502 0084 0B       		.uleb128 0xb
 503 0085 3B       		.uleb128 0x3b
 504 0086 0B       		.uleb128 0xb
 505 0087 49       		.uleb128 0x49
 506 0088 13       		.uleb128 0x13
 507 0089 02       		.uleb128 0x2
 508 008a 17       		.uleb128 0x17
 509 008b 00       		.byte	0
 510 008c 00       		.byte	0
 511 008d 0A       		.uleb128 0xa
 512 008e 34       		.uleb128 0x34
 513 008f 00       		.byte	0
 514 0090 03       		.uleb128 0x3
 515 0091 0E       		.uleb128 0xe
 516 0092 3A       		.uleb128 0x3a
 517 0093 0B       		.uleb128 0xb
 518 0094 3B       		.uleb128 0x3b
 519 0095 0B       		.uleb128 0xb
 520 0096 49       		.uleb128 0x49
 521 0097 13       		.uleb128 0x13
 522 0098 02       		.uleb128 0x2
 523 0099 18       		.uleb128 0x18
 524 009a 00       		.byte	0
 525 009b 00       		.byte	0
 526 009c 0B       		.uleb128 0xb
 527 009d 2E       		.uleb128 0x2e
 528 009e 00       		.byte	0
 529 009f 3F       		.uleb128 0x3f
 530 00a0 19       		.uleb128 0x19
ARM GAS  C:\Users\austc\AppData\Local\Temp\ccKD6EyX.s 			page 14


 531 00a1 03       		.uleb128 0x3
 532 00a2 0E       		.uleb128 0xe
 533 00a3 3A       		.uleb128 0x3a
 534 00a4 0B       		.uleb128 0xb
 535 00a5 3B       		.uleb128 0x3b
 536 00a6 0B       		.uleb128 0xb
 537 00a7 27       		.uleb128 0x27
 538 00a8 19       		.uleb128 0x19
 539 00a9 49       		.uleb128 0x49
 540 00aa 13       		.uleb128 0x13
 541 00ab 11       		.uleb128 0x11
 542 00ac 01       		.uleb128 0x1
 543 00ad 12       		.uleb128 0x12
 544 00ae 06       		.uleb128 0x6
 545 00af 40       		.uleb128 0x40
 546 00b0 18       		.uleb128 0x18
 547 00b1 9742     		.uleb128 0x2117
 548 00b3 19       		.uleb128 0x19
 549 00b4 00       		.byte	0
 550 00b5 00       		.byte	0
 551 00b6 00       		.byte	0
 552              		.section	.debug_loc,"",%progbits
 553              	.Ldebug_loc0:
 554              	.LLST0:
 555 0000 00000000 		.4byte	.LVL0
 556 0004 0A000000 		.4byte	.LVL1
 557 0008 0100     		.2byte	0x1
 558 000a 50       		.byte	0x50
 559 000b 0A000000 		.4byte	.LVL1
 560 000f 1C000000 		.4byte	.LFE0
 561 0013 0400     		.2byte	0x4
 562 0015 F3       		.byte	0xf3
 563 0016 01       		.uleb128 0x1
 564 0017 50       		.byte	0x50
 565 0018 9F       		.byte	0x9f
 566 0019 00000000 		.4byte	0
 567 001d 00000000 		.4byte	0
 568              	.LLST1:
 569 0021 00000000 		.4byte	.LVL2
 570 0025 0C000000 		.4byte	.LVL4
 571 0029 0100     		.2byte	0x1
 572 002b 50       		.byte	0x50
 573 002c 0C000000 		.4byte	.LVL4
 574 0030 20000000 		.4byte	.LFE2
 575 0034 0400     		.2byte	0x4
 576 0036 F3       		.byte	0xf3
 577 0037 01       		.uleb128 0x1
 578 0038 50       		.byte	0x50
 579 0039 9F       		.byte	0x9f
 580 003a 00000000 		.4byte	0
 581 003e 00000000 		.4byte	0
 582              	.LLST2:
 583 0042 00000000 		.4byte	.LVL2
 584 0046 12000000 		.4byte	.LVL6
 585 004a 0100     		.2byte	0x1
 586 004c 51       		.byte	0x51
 587 004d 12000000 		.4byte	.LVL6
ARM GAS  C:\Users\austc\AppData\Local\Temp\ccKD6EyX.s 			page 15


 588 0051 20000000 		.4byte	.LFE2
 589 0055 0400     		.2byte	0x4
 590 0057 F3       		.byte	0xf3
 591 0058 01       		.uleb128 0x1
 592 0059 51       		.byte	0x51
 593 005a 9F       		.byte	0x9f
 594 005b 00000000 		.4byte	0
 595 005f 00000000 		.4byte	0
 596              	.LLST3:
 597 0063 0A000000 		.4byte	.LVL3
 598 0067 10000000 		.4byte	.LVL5
 599 006b 0100     		.2byte	0x1
 600 006d 53       		.byte	0x53
 601 006e 00000000 		.4byte	0
 602 0072 00000000 		.4byte	0
 603              		.section	.debug_aranges,"",%progbits
 604 0000 3C000000 		.4byte	0x3c
 605 0004 0200     		.2byte	0x2
 606 0006 00000000 		.4byte	.Ldebug_info0
 607 000a 04       		.byte	0x4
 608 000b 00       		.byte	0
 609 000c 0000     		.2byte	0
 610 000e 0000     		.2byte	0
 611 0010 00000000 		.4byte	.LFB0
 612 0014 1C000000 		.4byte	.LFE0-.LFB0
 613 0018 00000000 		.4byte	.LFB1
 614 001c 18000000 		.4byte	.LFE1-.LFB1
 615 0020 00000000 		.4byte	.LFB2
 616 0024 20000000 		.4byte	.LFE2-.LFB2
 617 0028 00000000 		.4byte	.LFB3
 618 002c 10000000 		.4byte	.LFE3-.LFB3
 619 0030 00000000 		.4byte	.LFB4
 620 0034 10000000 		.4byte	.LFE4-.LFB4
 621 0038 00000000 		.4byte	0
 622 003c 00000000 		.4byte	0
 623              		.section	.debug_ranges,"",%progbits
 624              	.Ldebug_ranges0:
 625 0000 00000000 		.4byte	.LFB0
 626 0004 1C000000 		.4byte	.LFE0
 627 0008 00000000 		.4byte	.LFB1
 628 000c 18000000 		.4byte	.LFE1
 629 0010 00000000 		.4byte	.LFB2
 630 0014 20000000 		.4byte	.LFE2
 631 0018 00000000 		.4byte	.LFB3
 632 001c 10000000 		.4byte	.LFE3
 633 0020 00000000 		.4byte	.LFB4
 634 0024 10000000 		.4byte	.LFE4
 635 0028 00000000 		.4byte	0
 636 002c 00000000 		.4byte	0
 637              		.section	.debug_line,"",%progbits
 638              	.Ldebug_line0:
 639 0000 B9000000 		.section	.debug_str,"MS",%progbits,1
 639      02004400 
 639      00000201 
 639      FB0E0D00 
 639      01010101 
 640              	.LASF28:
ARM GAS  C:\Users\austc\AppData\Local\Temp\ccKD6EyX.s 			page 16


 641 0000 436C6F63 		.ascii	"Clock_2_Stop\000"
 641      6B5F325F 
 641      53746F70 
 641      00
 642              	.LASF15:
 643 000d 72656733 		.ascii	"reg32\000"
 643      3200
 644              	.LASF27:
 645 0013 433A5C55 		.ascii	"C:\\Users\\austc\\OneDrive\\Documents\\GitHub\\Elec"
 645      73657273 
 645      5C617573 
 645      74635C4F 
 645      6E654472 
 646 0040 74726F6E 		.ascii	"tronics2018-19\\Psoc Arm\\Motor Board Rev1.cydsn\000"
 646      69637332 
 646      3031382D 
 646      31395C50 
 646      736F6320 
 647              	.LASF21:
 648 006f 6D61736B 		.ascii	"maskVal\000"
 648      56616C00 
 649              	.LASF26:
 650 0077 47656E65 		.ascii	"Generated_Source\\PSoC4\\Clock_2.c\000"
 650      72617465 
 650      645F536F 
 650      75726365 
 650      5C50536F 
 651              	.LASF12:
 652 0098 666C6F61 		.ascii	"float\000"
 652      7400
 653              	.LASF24:
 654 009e 436C6F63 		.ascii	"Clock_2_GetFractionalDividerRegister\000"
 654      6B5F325F 
 654      47657446 
 654      72616374 
 654      696F6E61 
 655              	.LASF1:
 656 00c3 756E7369 		.ascii	"unsigned char\000"
 656      676E6564 
 656      20636861 
 656      7200
 657              	.LASF5:
 658 00d1 6C6F6E67 		.ascii	"long unsigned int\000"
 658      20756E73 
 658      69676E65 
 658      6420696E 
 658      7400
 659              	.LASF3:
 660 00e3 73686F72 		.ascii	"short unsigned int\000"
 660      7420756E 
 660      7369676E 
 660      65642069 
 660      6E7400
 661              	.LASF19:
 662 00f6 636C6B44 		.ascii	"clkDivider\000"
 662      69766964 
 662      657200
ARM GAS  C:\Users\austc\AppData\Local\Temp\ccKD6EyX.s 			page 17


 663              	.LASF13:
 664 0101 646F7562 		.ascii	"double\000"
 664      6C6500
 665              	.LASF22:
 666 0108 72656756 		.ascii	"regVal\000"
 666      616C00
 667              	.LASF18:
 668 010f 616C6967 		.ascii	"alignClkDiv\000"
 668      6E436C6B 
 668      44697600 
 669              	.LASF20:
 670 011b 636C6B46 		.ascii	"clkFractional\000"
 670      72616374 
 670      696F6E61 
 670      6C00
 671              	.LASF10:
 672 0129 75696E74 		.ascii	"uint16\000"
 672      313600
 673              	.LASF11:
 674 0130 75696E74 		.ascii	"uint32\000"
 674      333200
 675              	.LASF8:
 676 0137 756E7369 		.ascii	"unsigned int\000"
 676      676E6564 
 676      20696E74 
 676      00
 677              	.LASF17:
 678 0144 436C6F63 		.ascii	"Clock_2_SetFractionalDividerRegister\000"
 678      6B5F325F 
 678      53657446 
 678      72616374 
 678      696F6E61 
 679              	.LASF7:
 680 0169 6C6F6E67 		.ascii	"long long unsigned int\000"
 680      206C6F6E 
 680      6720756E 
 680      7369676E 
 680      65642069 
 681              	.LASF16:
 682 0180 436C6F63 		.ascii	"Clock_2_StartEx\000"
 682      6B5F325F 
 682      53746172 
 682      74457800 
 683              	.LASF25:
 684 0190 474E5520 		.ascii	"GNU C11 5.4.1 20160609 (release) [ARM/embedded-5-br"
 684      43313120 
 684      352E342E 
 684      31203230 
 684      31363036 
 685 01c3 616E6368 		.ascii	"anch revision 237715] -mcpu=cortex-m0 -mthumb -g -O"
 685      20726576 
 685      6973696F 
 685      6E203233 
 685      37373135 
 686 01f6 67202D66 		.ascii	"g -ffunction-sections -ffat-lto-objects\000"
 686      66756E63 
 686      74696F6E 
ARM GAS  C:\Users\austc\AppData\Local\Temp\ccKD6EyX.s 			page 18


 686      2D736563 
 686      74696F6E 
 687              	.LASF6:
 688 021e 6C6F6E67 		.ascii	"long long int\000"
 688      206C6F6E 
 688      6720696E 
 688      7400
 689              	.LASF14:
 690 022c 63686172 		.ascii	"char\000"
 690      00
 691              	.LASF2:
 692 0231 73686F72 		.ascii	"short int\000"
 692      7420696E 
 692      7400
 693              	.LASF9:
 694 023b 75696E74 		.ascii	"uint8\000"
 694      3800
 695              	.LASF4:
 696 0241 6C6F6E67 		.ascii	"long int\000"
 696      20696E74 
 696      00
 697              	.LASF0:
 698 024a 7369676E 		.ascii	"signed char\000"
 698      65642063 
 698      68617200 
 699              	.LASF23:
 700 0256 436C6F63 		.ascii	"Clock_2_GetDividerRegister\000"
 700      6B5F325F 
 700      47657444 
 700      69766964 
 700      65725265 
 701              		.ident	"GCC: (GNU Tools for ARM Embedded Processors) 5.4.1 20160609 (release) [ARM/embedded-5-bran
