ARM GAS  C:\Users\austc\AppData\Local\Temp\cc6VqEWM.s 			page 1


   1              		.syntax unified
   2              		.cpu cortex-m0
   3              		.fpu softvfp
   4              		.eabi_attribute 20, 1
   5              		.eabi_attribute 21, 1
   6              		.eabi_attribute 23, 3
   7              		.eabi_attribute 24, 1
   8              		.eabi_attribute 25, 1
   9              		.eabi_attribute 26, 1
  10              		.eabi_attribute 30, 1
  11              		.eabi_attribute 34, 0
  12              		.eabi_attribute 18, 4
  13              		.thumb
  14              		.syntax unified
  15              		.file	"I2C_1_I2C.c"
  16              		.text
  17              	.Ltext0:
  18              		.cfi_sections	.debug_frame
  19              		.section	.text.I2C_1_I2CInit,"ax",%progbits
  20              		.align	2
  21              		.global	I2C_1_I2CInit
  22              		.code	16
  23              		.thumb_func
  24              		.type	I2C_1_I2CInit, %function
  25              	I2C_1_I2CInit:
  26              	.LFB1:
  27              		.file 1 "Generated_Source\\PSoC4\\I2C_1_I2C.c"
   1:Generated_Source\PSoC4/I2C_1_I2C.c **** /***************************************************************************//**
   2:Generated_Source\PSoC4/I2C_1_I2C.c **** * \file I2C_1_I2C.c
   3:Generated_Source\PSoC4/I2C_1_I2C.c **** * \version 4.0
   4:Generated_Source\PSoC4/I2C_1_I2C.c **** *
   5:Generated_Source\PSoC4/I2C_1_I2C.c **** * \brief
   6:Generated_Source\PSoC4/I2C_1_I2C.c **** *  This file provides the source code to the API for the SCB Component in
   7:Generated_Source\PSoC4/I2C_1_I2C.c **** *  I2C mode.
   8:Generated_Source\PSoC4/I2C_1_I2C.c **** *
   9:Generated_Source\PSoC4/I2C_1_I2C.c **** * Note:
  10:Generated_Source\PSoC4/I2C_1_I2C.c **** *
  11:Generated_Source\PSoC4/I2C_1_I2C.c **** *******************************************************************************
  12:Generated_Source\PSoC4/I2C_1_I2C.c **** * \copyright
  13:Generated_Source\PSoC4/I2C_1_I2C.c **** * Copyright 2013-2017, Cypress Semiconductor Corporation.  All rights reserved.
  14:Generated_Source\PSoC4/I2C_1_I2C.c **** * You may use this file only in accordance with the license, terms, conditions,
  15:Generated_Source\PSoC4/I2C_1_I2C.c **** * disclaimers, and limitations in the end user license agreement accompanying
  16:Generated_Source\PSoC4/I2C_1_I2C.c **** * the software package with which this file was provided.
  17:Generated_Source\PSoC4/I2C_1_I2C.c **** *******************************************************************************/
  18:Generated_Source\PSoC4/I2C_1_I2C.c **** 
  19:Generated_Source\PSoC4/I2C_1_I2C.c **** #include "I2C_1_PVT.h"
  20:Generated_Source\PSoC4/I2C_1_I2C.c **** #include "I2C_1_I2C_PVT.h"
  21:Generated_Source\PSoC4/I2C_1_I2C.c **** 
  22:Generated_Source\PSoC4/I2C_1_I2C.c **** 
  23:Generated_Source\PSoC4/I2C_1_I2C.c **** /***************************************
  24:Generated_Source\PSoC4/I2C_1_I2C.c **** *      I2C Private Vars
  25:Generated_Source\PSoC4/I2C_1_I2C.c **** ***************************************/
  26:Generated_Source\PSoC4/I2C_1_I2C.c **** 
  27:Generated_Source\PSoC4/I2C_1_I2C.c **** volatile uint8 I2C_1_state;  /* Current state of I2C FSM */
  28:Generated_Source\PSoC4/I2C_1_I2C.c **** 
  29:Generated_Source\PSoC4/I2C_1_I2C.c **** #if(I2C_1_SCB_MODE_UNCONFIG_CONST_CFG)
  30:Generated_Source\PSoC4/I2C_1_I2C.c **** 
ARM GAS  C:\Users\austc\AppData\Local\Temp\cc6VqEWM.s 			page 2


  31:Generated_Source\PSoC4/I2C_1_I2C.c ****     /***************************************
  32:Generated_Source\PSoC4/I2C_1_I2C.c ****     *  Configuration Structure Initialization
  33:Generated_Source\PSoC4/I2C_1_I2C.c ****     ***************************************/
  34:Generated_Source\PSoC4/I2C_1_I2C.c **** 
  35:Generated_Source\PSoC4/I2C_1_I2C.c ****     /* Constant configuration of I2C */
  36:Generated_Source\PSoC4/I2C_1_I2C.c ****     const I2C_1_I2C_INIT_STRUCT I2C_1_configI2C =
  37:Generated_Source\PSoC4/I2C_1_I2C.c ****     {
  38:Generated_Source\PSoC4/I2C_1_I2C.c ****         I2C_1_I2C_MODE,
  39:Generated_Source\PSoC4/I2C_1_I2C.c ****         I2C_1_I2C_OVS_FACTOR_LOW,
  40:Generated_Source\PSoC4/I2C_1_I2C.c ****         I2C_1_I2C_OVS_FACTOR_HIGH,
  41:Generated_Source\PSoC4/I2C_1_I2C.c ****         I2C_1_I2C_MEDIAN_FILTER_ENABLE,
  42:Generated_Source\PSoC4/I2C_1_I2C.c ****         I2C_1_I2C_SLAVE_ADDRESS,
  43:Generated_Source\PSoC4/I2C_1_I2C.c ****         I2C_1_I2C_SLAVE_ADDRESS_MASK,
  44:Generated_Source\PSoC4/I2C_1_I2C.c ****         I2C_1_I2C_ACCEPT_ADDRESS,
  45:Generated_Source\PSoC4/I2C_1_I2C.c ****         I2C_1_I2C_WAKE_ENABLE,
  46:Generated_Source\PSoC4/I2C_1_I2C.c ****         I2C_1_I2C_BYTE_MODE_ENABLE,
  47:Generated_Source\PSoC4/I2C_1_I2C.c ****         I2C_1_I2C_DATA_RATE,
  48:Generated_Source\PSoC4/I2C_1_I2C.c ****         I2C_1_I2C_ACCEPT_GENERAL_CALL,
  49:Generated_Source\PSoC4/I2C_1_I2C.c ****     };
  50:Generated_Source\PSoC4/I2C_1_I2C.c **** 
  51:Generated_Source\PSoC4/I2C_1_I2C.c ****     /*******************************************************************************
  52:Generated_Source\PSoC4/I2C_1_I2C.c ****     * Function Name: I2C_1_I2CInit
  53:Generated_Source\PSoC4/I2C_1_I2C.c ****     ****************************************************************************//**
  54:Generated_Source\PSoC4/I2C_1_I2C.c ****     *
  55:Generated_Source\PSoC4/I2C_1_I2C.c ****     *
  56:Generated_Source\PSoC4/I2C_1_I2C.c ****     *  Configures the I2C_1 for I2C operation.
  57:Generated_Source\PSoC4/I2C_1_I2C.c ****     *
  58:Generated_Source\PSoC4/I2C_1_I2C.c ****     *  This function is intended specifically to be used when the I2C_1 
  59:Generated_Source\PSoC4/I2C_1_I2C.c ****     *  configuration is set to “Unconfigured I2C_1” in the customizer. 
  60:Generated_Source\PSoC4/I2C_1_I2C.c ****     *  After initializing the I2C_1 in I2C mode using this function, 
  61:Generated_Source\PSoC4/I2C_1_I2C.c ****     *  the component can be enabled using the I2C_1_Start() or 
  62:Generated_Source\PSoC4/I2C_1_I2C.c ****     * I2C_1_Enable() function.
  63:Generated_Source\PSoC4/I2C_1_I2C.c ****     *  This function uses a pointer to a structure that provides the configuration 
  64:Generated_Source\PSoC4/I2C_1_I2C.c ****     *  settings. This structure contains the same information that would otherwise 
  65:Generated_Source\PSoC4/I2C_1_I2C.c ****     *  be provided by the customizer settings.
  66:Generated_Source\PSoC4/I2C_1_I2C.c ****     *
  67:Generated_Source\PSoC4/I2C_1_I2C.c ****     *  \param config: pointer to a structure that contains the following list of 
  68:Generated_Source\PSoC4/I2C_1_I2C.c ****     *   fields. These fields match the selections available in the customizer. 
  69:Generated_Source\PSoC4/I2C_1_I2C.c ****     *   Refer to the customizer for further description of the settings.
  70:Generated_Source\PSoC4/I2C_1_I2C.c ****     *
  71:Generated_Source\PSoC4/I2C_1_I2C.c ****     *******************************************************************************/
  72:Generated_Source\PSoC4/I2C_1_I2C.c ****     void I2C_1_I2CInit(const I2C_1_I2C_INIT_STRUCT *config)
  73:Generated_Source\PSoC4/I2C_1_I2C.c ****     {
  74:Generated_Source\PSoC4/I2C_1_I2C.c ****         uint32 medianFilter;
  75:Generated_Source\PSoC4/I2C_1_I2C.c ****         uint32 locEnableWake;
  76:Generated_Source\PSoC4/I2C_1_I2C.c **** 
  77:Generated_Source\PSoC4/I2C_1_I2C.c ****         if(NULL == config)
  78:Generated_Source\PSoC4/I2C_1_I2C.c ****         {
  79:Generated_Source\PSoC4/I2C_1_I2C.c ****             CYASSERT(0u != 0u); /* Halt execution due to bad function parameter */
  80:Generated_Source\PSoC4/I2C_1_I2C.c ****         }
  81:Generated_Source\PSoC4/I2C_1_I2C.c ****         else
  82:Generated_Source\PSoC4/I2C_1_I2C.c ****         {
  83:Generated_Source\PSoC4/I2C_1_I2C.c ****             /* Configure pins */
  84:Generated_Source\PSoC4/I2C_1_I2C.c ****             I2C_1_SetPins(I2C_1_SCB_MODE_I2C, I2C_1_DUMMY_PARAM,
  85:Generated_Source\PSoC4/I2C_1_I2C.c ****                                      I2C_1_DUMMY_PARAM);
  86:Generated_Source\PSoC4/I2C_1_I2C.c **** 
  87:Generated_Source\PSoC4/I2C_1_I2C.c ****             /* Store internal configuration */
ARM GAS  C:\Users\austc\AppData\Local\Temp\cc6VqEWM.s 			page 3


  88:Generated_Source\PSoC4/I2C_1_I2C.c ****             I2C_1_scbMode       = (uint8) I2C_1_SCB_MODE_I2C;
  89:Generated_Source\PSoC4/I2C_1_I2C.c ****             I2C_1_scbEnableWake = (uint8) config->enableWake;
  90:Generated_Source\PSoC4/I2C_1_I2C.c ****             I2C_1_scbEnableIntr = (uint8) I2C_1_SCB_IRQ_INTERNAL;
  91:Generated_Source\PSoC4/I2C_1_I2C.c **** 
  92:Generated_Source\PSoC4/I2C_1_I2C.c ****             I2C_1_mode          = (uint8) config->mode;
  93:Generated_Source\PSoC4/I2C_1_I2C.c ****             I2C_1_acceptAddr    = (uint8) config->acceptAddr;
  94:Generated_Source\PSoC4/I2C_1_I2C.c **** 
  95:Generated_Source\PSoC4/I2C_1_I2C.c ****         #if (I2C_1_CY_SCBIP_V0)
  96:Generated_Source\PSoC4/I2C_1_I2C.c ****             /* Adjust SDA filter settings. Ticket ID#150521 */
  97:Generated_Source\PSoC4/I2C_1_I2C.c ****             I2C_1_SET_I2C_CFG_SDA_FILT_TRIM(I2C_1_EC_AM_I2C_CFG_SDA_FILT_TRIM);
  98:Generated_Source\PSoC4/I2C_1_I2C.c ****         #endif /* (I2C_1_CY_SCBIP_V0) */
  99:Generated_Source\PSoC4/I2C_1_I2C.c **** 
 100:Generated_Source\PSoC4/I2C_1_I2C.c ****             /* Adjust AF and DF filter settings. Ticket ID#176179 */
 101:Generated_Source\PSoC4/I2C_1_I2C.c ****             if (((I2C_1_I2C_MODE_SLAVE != config->mode) &&
 102:Generated_Source\PSoC4/I2C_1_I2C.c ****                  (config->dataRate <= I2C_1_I2C_DATA_RATE_FS_MODE_MAX)) ||
 103:Generated_Source\PSoC4/I2C_1_I2C.c ****                  (I2C_1_I2C_MODE_SLAVE == config->mode))
 104:Generated_Source\PSoC4/I2C_1_I2C.c ****             {
 105:Generated_Source\PSoC4/I2C_1_I2C.c ****                 /* AF = 1, DF = 0 */
 106:Generated_Source\PSoC4/I2C_1_I2C.c ****                 I2C_1_I2C_CFG_ANALOG_FITER_ENABLE;
 107:Generated_Source\PSoC4/I2C_1_I2C.c ****                 medianFilter = I2C_1_DIGITAL_FILTER_DISABLE;
 108:Generated_Source\PSoC4/I2C_1_I2C.c ****             }
 109:Generated_Source\PSoC4/I2C_1_I2C.c ****             else
 110:Generated_Source\PSoC4/I2C_1_I2C.c ****             {
 111:Generated_Source\PSoC4/I2C_1_I2C.c ****                 /* AF = 0, DF = 1 */
 112:Generated_Source\PSoC4/I2C_1_I2C.c ****                 I2C_1_I2C_CFG_ANALOG_FITER_DISABLE;
 113:Generated_Source\PSoC4/I2C_1_I2C.c ****                 medianFilter = I2C_1_DIGITAL_FILTER_ENABLE;
 114:Generated_Source\PSoC4/I2C_1_I2C.c ****             }
 115:Generated_Source\PSoC4/I2C_1_I2C.c **** 
 116:Generated_Source\PSoC4/I2C_1_I2C.c ****         #if (!I2C_1_CY_SCBIP_V0)
 117:Generated_Source\PSoC4/I2C_1_I2C.c ****             locEnableWake = (I2C_1_I2C_MULTI_MASTER_SLAVE) ? (0u) : (config->enableWake);
 118:Generated_Source\PSoC4/I2C_1_I2C.c ****         #else
 119:Generated_Source\PSoC4/I2C_1_I2C.c ****             locEnableWake = config->enableWake;
 120:Generated_Source\PSoC4/I2C_1_I2C.c ****         #endif /* (!I2C_1_CY_SCBIP_V0) */
 121:Generated_Source\PSoC4/I2C_1_I2C.c **** 
 122:Generated_Source\PSoC4/I2C_1_I2C.c ****             /* Configure I2C interface */
 123:Generated_Source\PSoC4/I2C_1_I2C.c ****             I2C_1_CTRL_REG     = I2C_1_GET_CTRL_BYTE_MODE  (config->enableByteMode) |
 124:Generated_Source\PSoC4/I2C_1_I2C.c ****                                             I2C_1_GET_CTRL_ADDR_ACCEPT(config->acceptAddr)     |
 125:Generated_Source\PSoC4/I2C_1_I2C.c ****                                             I2C_1_GET_CTRL_EC_AM_MODE (locEnableWake);
 126:Generated_Source\PSoC4/I2C_1_I2C.c **** 
 127:Generated_Source\PSoC4/I2C_1_I2C.c ****             I2C_1_I2C_CTRL_REG = I2C_1_GET_I2C_CTRL_HIGH_PHASE_OVS(config->oversampleHigh) |
 128:Generated_Source\PSoC4/I2C_1_I2C.c ****                     I2C_1_GET_I2C_CTRL_LOW_PHASE_OVS (config->oversampleLow)                       
 129:Generated_Source\PSoC4/I2C_1_I2C.c ****                     I2C_1_GET_I2C_CTRL_S_GENERAL_IGNORE((uint32)(0u == config->acceptGeneralAddr)) 
 130:Generated_Source\PSoC4/I2C_1_I2C.c ****                     I2C_1_GET_I2C_CTRL_SL_MSTR_MODE  (config->mode);
 131:Generated_Source\PSoC4/I2C_1_I2C.c **** 
 132:Generated_Source\PSoC4/I2C_1_I2C.c ****             /* Configure RX direction */
 133:Generated_Source\PSoC4/I2C_1_I2C.c ****             I2C_1_RX_CTRL_REG      = I2C_1_GET_RX_CTRL_MEDIAN(medianFilter) |
 134:Generated_Source\PSoC4/I2C_1_I2C.c ****                                                 I2C_1_I2C_RX_CTRL;
 135:Generated_Source\PSoC4/I2C_1_I2C.c ****             I2C_1_RX_FIFO_CTRL_REG = I2C_1_CLEAR_REG;
 136:Generated_Source\PSoC4/I2C_1_I2C.c **** 
 137:Generated_Source\PSoC4/I2C_1_I2C.c ****             /* Set default address and mask */
 138:Generated_Source\PSoC4/I2C_1_I2C.c ****             I2C_1_RX_MATCH_REG    = ((I2C_1_I2C_SLAVE) ?
 139:Generated_Source\PSoC4/I2C_1_I2C.c ****                                                 (I2C_1_GET_I2C_8BIT_ADDRESS(config->slaveAddr) |
 140:Generated_Source\PSoC4/I2C_1_I2C.c ****                                                  I2C_1_GET_RX_MATCH_MASK(config->slaveAddrMask)) :
 141:Generated_Source\PSoC4/I2C_1_I2C.c ****                                                 (I2C_1_CLEAR_REG));
 142:Generated_Source\PSoC4/I2C_1_I2C.c **** 
 143:Generated_Source\PSoC4/I2C_1_I2C.c **** 
 144:Generated_Source\PSoC4/I2C_1_I2C.c ****             /* Configure TX direction */
ARM GAS  C:\Users\austc\AppData\Local\Temp\cc6VqEWM.s 			page 4


 145:Generated_Source\PSoC4/I2C_1_I2C.c ****             I2C_1_TX_CTRL_REG      = I2C_1_I2C_TX_CTRL;
 146:Generated_Source\PSoC4/I2C_1_I2C.c ****             I2C_1_TX_FIFO_CTRL_REG = I2C_1_CLEAR_REG;
 147:Generated_Source\PSoC4/I2C_1_I2C.c **** 
 148:Generated_Source\PSoC4/I2C_1_I2C.c ****             /* Configure interrupt with I2C handler but do not enable it */
 149:Generated_Source\PSoC4/I2C_1_I2C.c ****             CyIntDisable    (I2C_1_ISR_NUMBER);
 150:Generated_Source\PSoC4/I2C_1_I2C.c ****             CyIntSetPriority(I2C_1_ISR_NUMBER, I2C_1_ISR_PRIORITY);
 151:Generated_Source\PSoC4/I2C_1_I2C.c ****             (void) CyIntSetVector(I2C_1_ISR_NUMBER, &I2C_1_I2C_ISR);
 152:Generated_Source\PSoC4/I2C_1_I2C.c **** 
 153:Generated_Source\PSoC4/I2C_1_I2C.c ****             /* Configure interrupt sources */
 154:Generated_Source\PSoC4/I2C_1_I2C.c ****         #if(!I2C_1_CY_SCBIP_V1)
 155:Generated_Source\PSoC4/I2C_1_I2C.c ****             I2C_1_INTR_SPI_EC_MASK_REG = I2C_1_NO_INTR_SOURCES;
 156:Generated_Source\PSoC4/I2C_1_I2C.c ****         #endif /* (!I2C_1_CY_SCBIP_V1) */
 157:Generated_Source\PSoC4/I2C_1_I2C.c **** 
 158:Generated_Source\PSoC4/I2C_1_I2C.c ****             I2C_1_INTR_I2C_EC_MASK_REG = I2C_1_NO_INTR_SOURCES;
 159:Generated_Source\PSoC4/I2C_1_I2C.c ****             I2C_1_INTR_RX_MASK_REG     = I2C_1_NO_INTR_SOURCES;
 160:Generated_Source\PSoC4/I2C_1_I2C.c ****             I2C_1_INTR_TX_MASK_REG     = I2C_1_NO_INTR_SOURCES;
 161:Generated_Source\PSoC4/I2C_1_I2C.c **** 
 162:Generated_Source\PSoC4/I2C_1_I2C.c ****             I2C_1_INTR_SLAVE_MASK_REG  = ((I2C_1_I2C_SLAVE) ?
 163:Generated_Source\PSoC4/I2C_1_I2C.c ****                             (I2C_1_GET_INTR_SLAVE_I2C_GENERAL(config->acceptGeneralAddr) |
 164:Generated_Source\PSoC4/I2C_1_I2C.c ****                              I2C_1_I2C_INTR_SLAVE_MASK) : (I2C_1_CLEAR_REG));
 165:Generated_Source\PSoC4/I2C_1_I2C.c **** 
 166:Generated_Source\PSoC4/I2C_1_I2C.c ****             I2C_1_INTR_MASTER_MASK_REG = I2C_1_NO_INTR_SOURCES;
 167:Generated_Source\PSoC4/I2C_1_I2C.c **** 
 168:Generated_Source\PSoC4/I2C_1_I2C.c ****             /* Configure global variables */
 169:Generated_Source\PSoC4/I2C_1_I2C.c ****             I2C_1_state = I2C_1_I2C_FSM_IDLE;
 170:Generated_Source\PSoC4/I2C_1_I2C.c **** 
 171:Generated_Source\PSoC4/I2C_1_I2C.c ****             /* Internal slave variables */
 172:Generated_Source\PSoC4/I2C_1_I2C.c ****             I2C_1_slStatus        = 0u;
 173:Generated_Source\PSoC4/I2C_1_I2C.c ****             I2C_1_slRdBufIndex    = 0u;
 174:Generated_Source\PSoC4/I2C_1_I2C.c ****             I2C_1_slWrBufIndex    = 0u;
 175:Generated_Source\PSoC4/I2C_1_I2C.c ****             I2C_1_slOverFlowCount = 0u;
 176:Generated_Source\PSoC4/I2C_1_I2C.c **** 
 177:Generated_Source\PSoC4/I2C_1_I2C.c ****             /* Internal master variables */
 178:Generated_Source\PSoC4/I2C_1_I2C.c ****             I2C_1_mstrStatus     = 0u;
 179:Generated_Source\PSoC4/I2C_1_I2C.c ****             I2C_1_mstrRdBufIndex = 0u;
 180:Generated_Source\PSoC4/I2C_1_I2C.c ****             I2C_1_mstrWrBufIndex = 0u;
 181:Generated_Source\PSoC4/I2C_1_I2C.c ****         }
 182:Generated_Source\PSoC4/I2C_1_I2C.c ****     }
 183:Generated_Source\PSoC4/I2C_1_I2C.c **** 
 184:Generated_Source\PSoC4/I2C_1_I2C.c **** #else
 185:Generated_Source\PSoC4/I2C_1_I2C.c **** 
 186:Generated_Source\PSoC4/I2C_1_I2C.c ****     /*******************************************************************************
 187:Generated_Source\PSoC4/I2C_1_I2C.c ****     * Function Name: I2C_1_I2CInit
 188:Generated_Source\PSoC4/I2C_1_I2C.c ****     ****************************************************************************//**
 189:Generated_Source\PSoC4/I2C_1_I2C.c ****     *
 190:Generated_Source\PSoC4/I2C_1_I2C.c ****     *  Configures the SCB for the I2C operation.
 191:Generated_Source\PSoC4/I2C_1_I2C.c ****     *
 192:Generated_Source\PSoC4/I2C_1_I2C.c ****     *******************************************************************************/
 193:Generated_Source\PSoC4/I2C_1_I2C.c ****     void I2C_1_I2CInit(void)
 194:Generated_Source\PSoC4/I2C_1_I2C.c ****     {
  28              		.loc 1 194 0
  29              		.cfi_startproc
  30              		@ args = 0, pretend = 0, frame = 0
  31              		@ frame_needed = 0, uses_anonymous_args = 0
  32 0000 10B5     		push	{r4, lr}
  33              		.cfi_def_cfa_offset 8
  34              		.cfi_offset 4, -8
ARM GAS  C:\Users\austc\AppData\Local\Temp\cc6VqEWM.s 			page 5


  35              		.cfi_offset 14, -4
 195:Generated_Source\PSoC4/I2C_1_I2C.c ****     #if(I2C_1_CY_SCBIP_V0)
 196:Generated_Source\PSoC4/I2C_1_I2C.c ****         /* Adjust SDA filter settings. Ticket ID#150521 */
 197:Generated_Source\PSoC4/I2C_1_I2C.c ****         I2C_1_SET_I2C_CFG_SDA_FILT_TRIM(I2C_1_EC_AM_I2C_CFG_SDA_FILT_TRIM);
 198:Generated_Source\PSoC4/I2C_1_I2C.c ****     #endif /* (I2C_1_CY_SCBIP_V0) */
 199:Generated_Source\PSoC4/I2C_1_I2C.c **** 
 200:Generated_Source\PSoC4/I2C_1_I2C.c ****         /* Adjust AF and DF filter settings. Ticket ID#176179 */
 201:Generated_Source\PSoC4/I2C_1_I2C.c ****         I2C_1_I2C_CFG_ANALOG_FITER_ENABLE_ADJ;
 202:Generated_Source\PSoC4/I2C_1_I2C.c **** 
 203:Generated_Source\PSoC4/I2C_1_I2C.c ****         /* Configure I2C interface */
 204:Generated_Source\PSoC4/I2C_1_I2C.c ****         I2C_1_CTRL_REG     = I2C_1_I2C_DEFAULT_CTRL;
  36              		.loc 1 204 0
  37 0002 0024     		movs	r4, #0
  38 0004 184B     		ldr	r3, .L2
  39 0006 1C60     		str	r4, [r3]
 205:Generated_Source\PSoC4/I2C_1_I2C.c ****         I2C_1_I2C_CTRL_REG = I2C_1_I2C_DEFAULT_I2C_CTRL;
  40              		.loc 1 205 0
  41 0008 184A     		ldr	r2, .L2+4
  42 000a 194B     		ldr	r3, .L2+8
  43 000c 1A60     		str	r2, [r3]
 206:Generated_Source\PSoC4/I2C_1_I2C.c **** 
 207:Generated_Source\PSoC4/I2C_1_I2C.c ****         /* Configure RX direction */
 208:Generated_Source\PSoC4/I2C_1_I2C.c ****         I2C_1_RX_CTRL_REG      = I2C_1_I2C_DEFAULT_RX_CTRL;
  44              		.loc 1 208 0
  45 000e 194B     		ldr	r3, .L2+12
  46 0010 194A     		ldr	r2, .L2+16
  47 0012 1360     		str	r3, [r2]
 209:Generated_Source\PSoC4/I2C_1_I2C.c ****         I2C_1_RX_FIFO_CTRL_REG = I2C_1_I2C_DEFAULT_RX_FIFO_CTRL;
  48              		.loc 1 209 0
  49 0014 194A     		ldr	r2, .L2+20
  50 0016 1460     		str	r4, [r2]
 210:Generated_Source\PSoC4/I2C_1_I2C.c **** 
 211:Generated_Source\PSoC4/I2C_1_I2C.c ****         /* Set default address and mask */
 212:Generated_Source\PSoC4/I2C_1_I2C.c ****         I2C_1_RX_MATCH_REG     = I2C_1_I2C_DEFAULT_RX_MATCH;
  51              		.loc 1 212 0
  52 0018 194A     		ldr	r2, .L2+24
  53 001a 1460     		str	r4, [r2]
 213:Generated_Source\PSoC4/I2C_1_I2C.c **** 
 214:Generated_Source\PSoC4/I2C_1_I2C.c ****         /* Configure TX direction */
 215:Generated_Source\PSoC4/I2C_1_I2C.c ****         I2C_1_TX_CTRL_REG      = I2C_1_I2C_DEFAULT_TX_CTRL;
  54              		.loc 1 215 0
  55 001c 194A     		ldr	r2, .L2+28
  56 001e 1360     		str	r3, [r2]
 216:Generated_Source\PSoC4/I2C_1_I2C.c ****         I2C_1_TX_FIFO_CTRL_REG = I2C_1_I2C_DEFAULT_TX_FIFO_CTRL;
  57              		.loc 1 216 0
  58 0020 194B     		ldr	r3, .L2+32
  59 0022 1C60     		str	r4, [r3]
 217:Generated_Source\PSoC4/I2C_1_I2C.c **** 
 218:Generated_Source\PSoC4/I2C_1_I2C.c ****         /* Configure interrupt with I2C handler but do not enable it */
 219:Generated_Source\PSoC4/I2C_1_I2C.c ****         CyIntDisable    (I2C_1_ISR_NUMBER);
  60              		.loc 1 219 0
  61 0024 0920     		movs	r0, #9
  62 0026 FFF7FEFF 		bl	CyIntDisable
  63              	.LVL0:
 220:Generated_Source\PSoC4/I2C_1_I2C.c ****         CyIntSetPriority(I2C_1_ISR_NUMBER, I2C_1_ISR_PRIORITY);
  64              		.loc 1 220 0
  65 002a 0321     		movs	r1, #3
ARM GAS  C:\Users\austc\AppData\Local\Temp\cc6VqEWM.s 			page 6


  66 002c 0920     		movs	r0, #9
  67 002e FFF7FEFF 		bl	CyIntSetPriority
  68              	.LVL1:
 221:Generated_Source\PSoC4/I2C_1_I2C.c ****     #if(!I2C_1_I2C_EXTERN_INTR_HANDLER)
 222:Generated_Source\PSoC4/I2C_1_I2C.c ****         (void) CyIntSetVector(I2C_1_ISR_NUMBER, &I2C_1_I2C_ISR);
  69              		.loc 1 222 0
  70 0032 1649     		ldr	r1, .L2+36
  71 0034 0920     		movs	r0, #9
  72 0036 FFF7FEFF 		bl	CyIntSetVector
  73              	.LVL2:
 223:Generated_Source\PSoC4/I2C_1_I2C.c ****     #endif /* (I2C_1_I2C_EXTERN_INTR_HANDLER) */
 224:Generated_Source\PSoC4/I2C_1_I2C.c **** 
 225:Generated_Source\PSoC4/I2C_1_I2C.c ****         /* Configure interrupt sources */
 226:Generated_Source\PSoC4/I2C_1_I2C.c ****     #if(!I2C_1_CY_SCBIP_V1)
 227:Generated_Source\PSoC4/I2C_1_I2C.c ****         I2C_1_INTR_SPI_EC_MASK_REG = I2C_1_I2C_DEFAULT_INTR_SPI_EC_MASK;
  74              		.loc 1 227 0
  75 003a 154B     		ldr	r3, .L2+40
  76 003c 1C60     		str	r4, [r3]
 228:Generated_Source\PSoC4/I2C_1_I2C.c ****     #endif /* (!I2C_1_CY_SCBIP_V1) */
 229:Generated_Source\PSoC4/I2C_1_I2C.c **** 
 230:Generated_Source\PSoC4/I2C_1_I2C.c ****         I2C_1_INTR_I2C_EC_MASK_REG = I2C_1_I2C_DEFAULT_INTR_I2C_EC_MASK;
  77              		.loc 1 230 0
  78 003e 154B     		ldr	r3, .L2+44
  79 0040 1C60     		str	r4, [r3]
 231:Generated_Source\PSoC4/I2C_1_I2C.c ****         I2C_1_INTR_SLAVE_MASK_REG  = I2C_1_I2C_DEFAULT_INTR_SLAVE_MASK;
  80              		.loc 1 231 0
  81 0042 154B     		ldr	r3, .L2+48
  82 0044 1C60     		str	r4, [r3]
 232:Generated_Source\PSoC4/I2C_1_I2C.c ****         I2C_1_INTR_MASTER_MASK_REG = I2C_1_I2C_DEFAULT_INTR_MASTER_MASK;
  83              		.loc 1 232 0
  84 0046 154B     		ldr	r3, .L2+52
  85 0048 1C60     		str	r4, [r3]
 233:Generated_Source\PSoC4/I2C_1_I2C.c ****         I2C_1_INTR_RX_MASK_REG     = I2C_1_I2C_DEFAULT_INTR_RX_MASK;
  86              		.loc 1 233 0
  87 004a 154B     		ldr	r3, .L2+56
  88 004c 1C60     		str	r4, [r3]
 234:Generated_Source\PSoC4/I2C_1_I2C.c ****         I2C_1_INTR_TX_MASK_REG     = I2C_1_I2C_DEFAULT_INTR_TX_MASK;
  89              		.loc 1 234 0
  90 004e 154B     		ldr	r3, .L2+60
  91 0050 1C60     		str	r4, [r3]
 235:Generated_Source\PSoC4/I2C_1_I2C.c **** 
 236:Generated_Source\PSoC4/I2C_1_I2C.c ****         /* Configure global variables */
 237:Generated_Source\PSoC4/I2C_1_I2C.c ****         I2C_1_state = I2C_1_I2C_FSM_IDLE;
  92              		.loc 1 237 0
  93 0052 1022     		movs	r2, #16
  94 0054 144B     		ldr	r3, .L2+64
  95 0056 1A70     		strb	r2, [r3]
 238:Generated_Source\PSoC4/I2C_1_I2C.c **** 
 239:Generated_Source\PSoC4/I2C_1_I2C.c ****     #if(I2C_1_I2C_SLAVE)
 240:Generated_Source\PSoC4/I2C_1_I2C.c ****         /* Internal slave variable */
 241:Generated_Source\PSoC4/I2C_1_I2C.c ****         I2C_1_slStatus        = 0u;
 242:Generated_Source\PSoC4/I2C_1_I2C.c ****         I2C_1_slRdBufIndex    = 0u;
 243:Generated_Source\PSoC4/I2C_1_I2C.c ****         I2C_1_slWrBufIndex    = 0u;
 244:Generated_Source\PSoC4/I2C_1_I2C.c ****         I2C_1_slOverFlowCount = 0u;
 245:Generated_Source\PSoC4/I2C_1_I2C.c ****     #endif /* (I2C_1_I2C_SLAVE) */
 246:Generated_Source\PSoC4/I2C_1_I2C.c **** 
 247:Generated_Source\PSoC4/I2C_1_I2C.c ****     #if(I2C_1_I2C_MASTER)
ARM GAS  C:\Users\austc\AppData\Local\Temp\cc6VqEWM.s 			page 7


 248:Generated_Source\PSoC4/I2C_1_I2C.c ****     /* Internal master variable */
 249:Generated_Source\PSoC4/I2C_1_I2C.c ****         I2C_1_mstrStatus     = 0u;
  96              		.loc 1 249 0
  97 0058 144B     		ldr	r3, .L2+68
  98 005a 1C80     		strh	r4, [r3]
 250:Generated_Source\PSoC4/I2C_1_I2C.c ****         I2C_1_mstrRdBufIndex = 0u;
  99              		.loc 1 250 0
 100 005c 144B     		ldr	r3, .L2+72
 101 005e 1C60     		str	r4, [r3]
 251:Generated_Source\PSoC4/I2C_1_I2C.c ****         I2C_1_mstrWrBufIndex = 0u;
 102              		.loc 1 251 0
 103 0060 144B     		ldr	r3, .L2+76
 104 0062 1C60     		str	r4, [r3]
 252:Generated_Source\PSoC4/I2C_1_I2C.c ****     #endif /* (I2C_1_I2C_MASTER) */
 253:Generated_Source\PSoC4/I2C_1_I2C.c ****     }
 105              		.loc 1 253 0
 106              		@ sp needed
 107 0064 10BD     		pop	{r4, pc}
 108              	.L3:
 109 0066 C046     		.align	2
 110              	.L2:
 111 0068 00002440 		.word	1076101120
 112 006c 77080080 		.word	-2147481481
 113 0070 60002440 		.word	1076101216
 114 0074 07010080 		.word	-2147483385
 115 0078 00032440 		.word	1076101888
 116 007c 04032440 		.word	1076101892
 117 0080 10032440 		.word	1076101904
 118 0084 00022440 		.word	1076101632
 119 0088 04022440 		.word	1076101636
 120 008c 00000000 		.word	I2C_1_I2C_ISR
 121 0090 C80E2440 		.word	1076104904
 122 0094 880E2440 		.word	1076104840
 123 0098 480F2440 		.word	1076105032
 124 009c 080F2440 		.word	1076104968
 125 00a0 C80F2440 		.word	1076105160
 126 00a4 880F2440 		.word	1076105096
 127 00a8 00000000 		.word	I2C_1_state
 128 00ac 00000000 		.word	I2C_1_mstrStatus
 129 00b0 00000000 		.word	I2C_1_mstrRdBufIndex
 130 00b4 00000000 		.word	I2C_1_mstrWrBufIndex
 131              		.cfi_endproc
 132              	.LFE1:
 133              		.size	I2C_1_I2CInit, .-I2C_1_I2CInit
 134              		.section	.text.I2C_1_I2CStop,"ax",%progbits
 135              		.align	2
 136              		.global	I2C_1_I2CStop
 137              		.code	16
 138              		.thumb_func
 139              		.type	I2C_1_I2CStop, %function
 140              	I2C_1_I2CStop:
 141              	.LFB2:
 254:Generated_Source\PSoC4/I2C_1_I2C.c **** #endif /* (I2C_1_SCB_MODE_UNCONFIG_CONST_CFG) */
 255:Generated_Source\PSoC4/I2C_1_I2C.c **** 
 256:Generated_Source\PSoC4/I2C_1_I2C.c **** 
 257:Generated_Source\PSoC4/I2C_1_I2C.c **** /*******************************************************************************
 258:Generated_Source\PSoC4/I2C_1_I2C.c **** * Function Name: I2C_1_I2CStop
ARM GAS  C:\Users\austc\AppData\Local\Temp\cc6VqEWM.s 			page 8


 259:Generated_Source\PSoC4/I2C_1_I2C.c **** ****************************************************************************//**
 260:Generated_Source\PSoC4/I2C_1_I2C.c **** *
 261:Generated_Source\PSoC4/I2C_1_I2C.c **** *  Resets the I2C FSM into the default state.
 262:Generated_Source\PSoC4/I2C_1_I2C.c **** *
 263:Generated_Source\PSoC4/I2C_1_I2C.c **** *******************************************************************************/
 264:Generated_Source\PSoC4/I2C_1_I2C.c **** void I2C_1_I2CStop(void)
 265:Generated_Source\PSoC4/I2C_1_I2C.c **** {
 142              		.loc 1 265 0
 143              		.cfi_startproc
 144              		@ args = 0, pretend = 0, frame = 0
 145              		@ frame_needed = 0, uses_anonymous_args = 0
 146              		@ link register save eliminated.
 266:Generated_Source\PSoC4/I2C_1_I2C.c ****     /* Clear command registers because they keep assigned value after IP block was disabled */
 267:Generated_Source\PSoC4/I2C_1_I2C.c ****     I2C_1_I2C_MASTER_CMD_REG = 0u;
 147              		.loc 1 267 0
 148 0000 0023     		movs	r3, #0
 149 0002 044A     		ldr	r2, .L5
 150 0004 1360     		str	r3, [r2]
 268:Generated_Source\PSoC4/I2C_1_I2C.c ****     I2C_1_I2C_SLAVE_CMD_REG  = 0u;
 151              		.loc 1 268 0
 152 0006 044A     		ldr	r2, .L5+4
 153 0008 1360     		str	r3, [r2]
 269:Generated_Source\PSoC4/I2C_1_I2C.c ****     
 270:Generated_Source\PSoC4/I2C_1_I2C.c ****     I2C_1_state = I2C_1_I2C_FSM_IDLE;
 154              		.loc 1 270 0
 155 000a 1022     		movs	r2, #16
 156 000c 034B     		ldr	r3, .L5+8
 157 000e 1A70     		strb	r2, [r3]
 271:Generated_Source\PSoC4/I2C_1_I2C.c **** }
 158              		.loc 1 271 0
 159              		@ sp needed
 160 0010 7047     		bx	lr
 161              	.L6:
 162 0012 C046     		.align	2
 163              	.L5:
 164 0014 68002440 		.word	1076101224
 165 0018 6C002440 		.word	1076101228
 166 001c 00000000 		.word	I2C_1_state
 167              		.cfi_endproc
 168              	.LFE2:
 169              		.size	I2C_1_I2CStop, .-I2C_1_I2CStop
 170              		.section	.text.I2C_1_I2CFwBlockReset,"ax",%progbits
 171              		.align	2
 172              		.global	I2C_1_I2CFwBlockReset
 173              		.code	16
 174              		.thumb_func
 175              		.type	I2C_1_I2CFwBlockReset, %function
 176              	I2C_1_I2CFwBlockReset:
 177              	.LFB3:
 272:Generated_Source\PSoC4/I2C_1_I2C.c **** 
 273:Generated_Source\PSoC4/I2C_1_I2C.c **** 
 274:Generated_Source\PSoC4/I2C_1_I2C.c **** /*******************************************************************************
 275:Generated_Source\PSoC4/I2C_1_I2C.c **** * Function Name: I2C_1_I2CFwBlockReset
 276:Generated_Source\PSoC4/I2C_1_I2C.c **** ****************************************************************************//**
 277:Generated_Source\PSoC4/I2C_1_I2C.c **** *
 278:Generated_Source\PSoC4/I2C_1_I2C.c **** * Resets the scb IP block and I2C into the known state.
 279:Generated_Source\PSoC4/I2C_1_I2C.c **** *
ARM GAS  C:\Users\austc\AppData\Local\Temp\cc6VqEWM.s 			page 9


 280:Generated_Source\PSoC4/I2C_1_I2C.c **** *******************************************************************************/
 281:Generated_Source\PSoC4/I2C_1_I2C.c **** void I2C_1_I2CFwBlockReset(void)
 282:Generated_Source\PSoC4/I2C_1_I2C.c **** {
 178              		.loc 1 282 0
 179              		.cfi_startproc
 180              		@ args = 0, pretend = 0, frame = 0
 181              		@ frame_needed = 0, uses_anonymous_args = 0
 182 0000 10B5     		push	{r4, lr}
 183              		.cfi_def_cfa_offset 8
 184              		.cfi_offset 4, -8
 185              		.cfi_offset 14, -4
 283:Generated_Source\PSoC4/I2C_1_I2C.c ****     /* Disable scb IP: stop respond to I2C traffic */
 284:Generated_Source\PSoC4/I2C_1_I2C.c ****     I2C_1_CTRL_REG &= (uint32) ~I2C_1_CTRL_ENABLED;
 186              		.loc 1 284 0
 187 0002 0E4A     		ldr	r2, .L8
 188 0004 1368     		ldr	r3, [r2]
 189 0006 5B00     		lsls	r3, r3, #1
 190 0008 5B08     		lsrs	r3, r3, #1
 191 000a 1360     		str	r3, [r2]
 285:Generated_Source\PSoC4/I2C_1_I2C.c **** 
 286:Generated_Source\PSoC4/I2C_1_I2C.c ****     /* Clear command registers they are not cleared after scb IP is disabled */
 287:Generated_Source\PSoC4/I2C_1_I2C.c ****     I2C_1_I2C_MASTER_CMD_REG = 0u;
 192              		.loc 1 287 0
 193 000c 0023     		movs	r3, #0
 194 000e 0C49     		ldr	r1, .L8+4
 195 0010 0B60     		str	r3, [r1]
 288:Generated_Source\PSoC4/I2C_1_I2C.c ****     I2C_1_I2C_SLAVE_CMD_REG  = 0u;
 196              		.loc 1 288 0
 197 0012 0C49     		ldr	r1, .L8+8
 198 0014 0B60     		str	r3, [r1]
 289:Generated_Source\PSoC4/I2C_1_I2C.c **** 
 290:Generated_Source\PSoC4/I2C_1_I2C.c ****     I2C_1_DISABLE_AUTO_DATA;
 199              		.loc 1 290 0
 200 0016 0C48     		ldr	r0, .L8+12
 201 0018 0468     		ldr	r4, [r0]
 202 001a 0C49     		ldr	r1, .L8+16
 203 001c 2140     		ands	r1, r4
 204 001e 0160     		str	r1, [r0]
 291:Generated_Source\PSoC4/I2C_1_I2C.c **** 
 292:Generated_Source\PSoC4/I2C_1_I2C.c ****     I2C_1_SetTxInterruptMode(I2C_1_NO_INTR_SOURCES);
 205              		.loc 1 292 0
 206 0020 0B49     		ldr	r1, .L8+20
 207 0022 0B60     		str	r3, [r1]
 293:Generated_Source\PSoC4/I2C_1_I2C.c ****     I2C_1_SetRxInterruptMode(I2C_1_NO_INTR_SOURCES);
 208              		.loc 1 293 0
 209 0024 0B49     		ldr	r1, .L8+24
 210 0026 0B60     		str	r3, [r1]
 294:Generated_Source\PSoC4/I2C_1_I2C.c ****     
 295:Generated_Source\PSoC4/I2C_1_I2C.c **** #if(I2C_1_CY_SCBIP_V0)
 296:Generated_Source\PSoC4/I2C_1_I2C.c ****     /* Clear interrupt sources as they are not cleared after scb IP is disabled */
 297:Generated_Source\PSoC4/I2C_1_I2C.c ****     I2C_1_ClearTxInterruptSource    (I2C_1_INTR_TX_ALL);
 298:Generated_Source\PSoC4/I2C_1_I2C.c ****     I2C_1_ClearRxInterruptSource    (I2C_1_INTR_RX_ALL);
 299:Generated_Source\PSoC4/I2C_1_I2C.c ****     I2C_1_ClearSlaveInterruptSource (I2C_1_INTR_SLAVE_ALL);
 300:Generated_Source\PSoC4/I2C_1_I2C.c ****     I2C_1_ClearMasterInterruptSource(I2C_1_INTR_MASTER_ALL);
 301:Generated_Source\PSoC4/I2C_1_I2C.c **** #endif /* (I2C_1_CY_SCBIP_V0) */
 302:Generated_Source\PSoC4/I2C_1_I2C.c **** 
 303:Generated_Source\PSoC4/I2C_1_I2C.c ****     I2C_1_state = I2C_1_I2C_FSM_IDLE;
ARM GAS  C:\Users\austc\AppData\Local\Temp\cc6VqEWM.s 			page 10


 211              		.loc 1 303 0
 212 0028 1021     		movs	r1, #16
 213 002a 0B4B     		ldr	r3, .L8+28
 214 002c 1970     		strb	r1, [r3]
 304:Generated_Source\PSoC4/I2C_1_I2C.c **** 
 305:Generated_Source\PSoC4/I2C_1_I2C.c ****     /* Enable scb IP: start respond to I2C traffic */
 306:Generated_Source\PSoC4/I2C_1_I2C.c ****     I2C_1_CTRL_REG |= (uint32) I2C_1_CTRL_ENABLED;
 215              		.loc 1 306 0
 216 002e 1368     		ldr	r3, [r2]
 217 0030 8021     		movs	r1, #128
 218 0032 0906     		lsls	r1, r1, #24
 219 0034 0B43     		orrs	r3, r1
 220 0036 1360     		str	r3, [r2]
 307:Generated_Source\PSoC4/I2C_1_I2C.c **** }
 221              		.loc 1 307 0
 222              		@ sp needed
 223 0038 10BD     		pop	{r4, pc}
 224              	.L9:
 225 003a C046     		.align	2
 226              	.L8:
 227 003c 00002440 		.word	1076101120
 228 0040 68002440 		.word	1076101224
 229 0044 6C002440 		.word	1076101228
 230 0048 60002440 		.word	1076101216
 231 004c FF5CFFFF 		.word	-41729
 232 0050 880F2440 		.word	1076105096
 233 0054 C80F2440 		.word	1076105160
 234 0058 00000000 		.word	I2C_1_state
 235              		.cfi_endproc
 236              	.LFE3:
 237              		.size	I2C_1_I2CFwBlockReset, .-I2C_1_I2CFwBlockReset
 238              		.comm	I2C_1_state,1,1
 239              		.text
 240              	.Letext0:
 241              		.file 2 "Generated_Source\\PSoC4/cytypes.h"
 242              		.file 3 "Generated_Source\\PSoC4\\I2C_1_I2C_PVT.h"
 243              		.file 4 "Generated_Source\\PSoC4/CyLib.h"
 244              		.section	.debug_info,"",%progbits
 245              	.Ldebug_info0:
 246 0000 91010000 		.4byte	0x191
 247 0004 0400     		.2byte	0x4
 248 0006 00000000 		.4byte	.Ldebug_abbrev0
 249 000a 04       		.byte	0x4
 250 000b 01       		.uleb128 0x1
 251 000c 81010000 		.4byte	.LASF27
 252 0010 0C       		.byte	0xc
 253 0011 BD000000 		.4byte	.LASF28
 254 0015 29000000 		.4byte	.LASF29
 255 0019 00000000 		.4byte	.Ldebug_ranges0+0
 256 001d 00000000 		.4byte	0
 257 0021 00000000 		.4byte	.Ldebug_line0
 258 0025 02       		.uleb128 0x2
 259 0026 01       		.byte	0x1
 260 0027 06       		.byte	0x6
 261 0028 6C020000 		.4byte	.LASF0
 262 002c 02       		.uleb128 0x2
 263 002d 01       		.byte	0x1
ARM GAS  C:\Users\austc\AppData\Local\Temp\cc6VqEWM.s 			page 11


 264 002e 08       		.byte	0x8
 265 002f E6000000 		.4byte	.LASF1
 266 0033 02       		.uleb128 0x2
 267 0034 02       		.byte	0x2
 268 0035 05       		.byte	0x5
 269 0036 38020000 		.4byte	.LASF2
 270 003a 02       		.uleb128 0x2
 271 003b 02       		.byte	0x2
 272 003c 07       		.byte	0x7
 273 003d AA000000 		.4byte	.LASF3
 274 0041 02       		.uleb128 0x2
 275 0042 04       		.byte	0x4
 276 0043 05       		.byte	0x5
 277 0044 57020000 		.4byte	.LASF4
 278 0048 02       		.uleb128 0x2
 279 0049 04       		.byte	0x4
 280 004a 07       		.byte	0x7
 281 004b 02010000 		.4byte	.LASF5
 282 004f 02       		.uleb128 0x2
 283 0050 08       		.byte	0x8
 284 0051 05       		.byte	0x5
 285 0052 18020000 		.4byte	.LASF6
 286 0056 02       		.uleb128 0x2
 287 0057 08       		.byte	0x8
 288 0058 07       		.byte	0x7
 289 0059 48010000 		.4byte	.LASF7
 290 005d 03       		.uleb128 0x3
 291 005e 04       		.byte	0x4
 292 005f 05       		.byte	0x5
 293 0060 696E7400 		.ascii	"int\000"
 294 0064 02       		.uleb128 0x2
 295 0065 04       		.byte	0x4
 296 0066 07       		.byte	0x7
 297 0067 3B010000 		.4byte	.LASF8
 298 006b 04       		.uleb128 0x4
 299 006c 14010000 		.4byte	.LASF9
 300 0070 02       		.byte	0x2
 301 0071 E401     		.2byte	0x1e4
 302 0073 2C000000 		.4byte	0x2c
 303 0077 04       		.uleb128 0x4
 304 0078 21010000 		.4byte	.LASF10
 305 007c 02       		.byte	0x2
 306 007d E501     		.2byte	0x1e5
 307 007f 3A000000 		.4byte	0x3a
 308 0083 04       		.uleb128 0x4
 309 0084 28010000 		.4byte	.LASF11
 310 0088 02       		.byte	0x2
 311 0089 E601     		.2byte	0x1e6
 312 008b 48000000 		.4byte	0x48
 313 008f 02       		.uleb128 0x2
 314 0090 04       		.byte	0x4
 315 0091 04       		.byte	0x4
 316 0092 E0000000 		.4byte	.LASF12
 317 0096 02       		.uleb128 0x2
 318 0097 08       		.byte	0x8
 319 0098 04       		.byte	0x4
 320 0099 1A010000 		.4byte	.LASF13
ARM GAS  C:\Users\austc\AppData\Local\Temp\cc6VqEWM.s 			page 12


 321 009d 02       		.uleb128 0x2
 322 009e 01       		.byte	0x1
 323 009f 08       		.byte	0x8
 324 00a0 26020000 		.4byte	.LASF14
 325 00a4 05       		.uleb128 0x5
 326 00a5 6B000000 		.4byte	0x6b
 327 00a9 05       		.uleb128 0x5
 328 00aa 77000000 		.4byte	0x77
 329 00ae 04       		.uleb128 0x4
 330 00af 0E000000 		.4byte	.LASF15
 331 00b3 02       		.byte	0x2
 332 00b4 9002     		.2byte	0x290
 333 00b6 BA000000 		.4byte	0xba
 334 00ba 05       		.uleb128 0x5
 335 00bb 83000000 		.4byte	0x83
 336 00bf 02       		.uleb128 0x2
 337 00c0 08       		.byte	0x8
 338 00c1 04       		.byte	0x4
 339 00c2 60020000 		.4byte	.LASF16
 340 00c6 02       		.uleb128 0x2
 341 00c7 04       		.byte	0x4
 342 00c8 07       		.byte	0x7
 343 00c9 0F020000 		.4byte	.LASF17
 344 00cd 06       		.uleb128 0x6
 345 00ce 00000000 		.4byte	.LASF30
 346 00d2 01       		.byte	0x1
 347 00d3 C1       		.byte	0xc1
 348 00d4 00000000 		.4byte	.LFB1
 349 00d8 B8000000 		.4byte	.LFE1-.LFB1
 350 00dc 01       		.uleb128 0x1
 351 00dd 9C       		.byte	0x9c
 352 00de 1D010000 		.4byte	0x11d
 353 00e2 07       		.uleb128 0x7
 354 00e3 2A000000 		.4byte	.LVL0
 355 00e7 73010000 		.4byte	0x173
 356 00eb F5000000 		.4byte	0xf5
 357 00ef 08       		.uleb128 0x8
 358 00f0 01       		.uleb128 0x1
 359 00f1 50       		.byte	0x50
 360 00f2 01       		.uleb128 0x1
 361 00f3 39       		.byte	0x39
 362 00f4 00       		.byte	0
 363 00f5 07       		.uleb128 0x7
 364 00f6 32000000 		.4byte	.LVL1
 365 00fa 7E010000 		.4byte	0x17e
 366 00fe 0D010000 		.4byte	0x10d
 367 0102 08       		.uleb128 0x8
 368 0103 01       		.uleb128 0x1
 369 0104 50       		.byte	0x50
 370 0105 01       		.uleb128 0x1
 371 0106 39       		.byte	0x39
 372 0107 08       		.uleb128 0x8
 373 0108 01       		.uleb128 0x1
 374 0109 51       		.byte	0x51
 375 010a 01       		.uleb128 0x1
 376 010b 33       		.byte	0x33
 377 010c 00       		.byte	0
ARM GAS  C:\Users\austc\AppData\Local\Temp\cc6VqEWM.s 			page 13


 378 010d 09       		.uleb128 0x9
 379 010e 3A000000 		.4byte	.LVL2
 380 0112 89010000 		.4byte	0x189
 381 0116 08       		.uleb128 0x8
 382 0117 01       		.uleb128 0x1
 383 0118 50       		.byte	0x50
 384 0119 01       		.uleb128 0x1
 385 011a 39       		.byte	0x39
 386 011b 00       		.byte	0
 387 011c 00       		.byte	0
 388 011d 0A       		.uleb128 0xa
 389 011e F4000000 		.4byte	.LASF18
 390 0122 01       		.byte	0x1
 391 0123 0801     		.2byte	0x108
 392 0125 00000000 		.4byte	.LFB2
 393 0129 20000000 		.4byte	.LFE2-.LFB2
 394 012d 01       		.uleb128 0x1
 395 012e 9C       		.byte	0x9c
 396 012f 0A       		.uleb128 0xa
 397 0130 94000000 		.4byte	.LASF19
 398 0134 01       		.byte	0x1
 399 0135 1901     		.2byte	0x119
 400 0137 00000000 		.4byte	.LFB3
 401 013b 5C000000 		.4byte	.LFE3-.LFB3
 402 013f 01       		.uleb128 0x1
 403 0140 9C       		.byte	0x9c
 404 0141 0B       		.uleb128 0xb
 405 0142 2F010000 		.4byte	.LASF20
 406 0146 01       		.byte	0x1
 407 0147 1B       		.byte	0x1b
 408 0148 A4000000 		.4byte	0xa4
 409 014c 05       		.uleb128 0x5
 410 014d 03       		.byte	0x3
 411 014e 00000000 		.4byte	I2C_1_state
 412 0152 0C       		.uleb128 0xc
 413 0153 70010000 		.4byte	.LASF21
 414 0157 03       		.byte	0x3
 415 0158 31       		.byte	0x31
 416 0159 A9000000 		.4byte	0xa9
 417 015d 0C       		.uleb128 0xc
 418 015e 14000000 		.4byte	.LASF22
 419 0162 03       		.byte	0x3
 420 0163 37       		.byte	0x37
 421 0164 BA000000 		.4byte	0xba
 422 0168 0C       		.uleb128 0xc
 423 0169 42020000 		.4byte	.LASF23
 424 016d 03       		.byte	0x3
 425 016e 3C       		.byte	0x3c
 426 016f BA000000 		.4byte	0xba
 427 0173 0D       		.uleb128 0xd
 428 0174 2B020000 		.4byte	.LASF24
 429 0178 2B020000 		.4byte	.LASF24
 430 017c 04       		.byte	0x4
 431 017d C5       		.byte	0xc5
 432 017e 0D       		.uleb128 0xd
 433 017f 5F010000 		.4byte	.LASF25
 434 0183 5F010000 		.4byte	.LASF25
ARM GAS  C:\Users\austc\AppData\Local\Temp\cc6VqEWM.s 			page 14


 435 0187 04       		.byte	0x4
 436 0188 C0       		.byte	0xc0
 437 0189 0D       		.uleb128 0xd
 438 018a 85000000 		.4byte	.LASF26
 439 018e 85000000 		.4byte	.LASF26
 440 0192 04       		.byte	0x4
 441 0193 BD       		.byte	0xbd
 442 0194 00       		.byte	0
 443              		.section	.debug_abbrev,"",%progbits
 444              	.Ldebug_abbrev0:
 445 0000 01       		.uleb128 0x1
 446 0001 11       		.uleb128 0x11
 447 0002 01       		.byte	0x1
 448 0003 25       		.uleb128 0x25
 449 0004 0E       		.uleb128 0xe
 450 0005 13       		.uleb128 0x13
 451 0006 0B       		.uleb128 0xb
 452 0007 03       		.uleb128 0x3
 453 0008 0E       		.uleb128 0xe
 454 0009 1B       		.uleb128 0x1b
 455 000a 0E       		.uleb128 0xe
 456 000b 55       		.uleb128 0x55
 457 000c 17       		.uleb128 0x17
 458 000d 11       		.uleb128 0x11
 459 000e 01       		.uleb128 0x1
 460 000f 10       		.uleb128 0x10
 461 0010 17       		.uleb128 0x17
 462 0011 00       		.byte	0
 463 0012 00       		.byte	0
 464 0013 02       		.uleb128 0x2
 465 0014 24       		.uleb128 0x24
 466 0015 00       		.byte	0
 467 0016 0B       		.uleb128 0xb
 468 0017 0B       		.uleb128 0xb
 469 0018 3E       		.uleb128 0x3e
 470 0019 0B       		.uleb128 0xb
 471 001a 03       		.uleb128 0x3
 472 001b 0E       		.uleb128 0xe
 473 001c 00       		.byte	0
 474 001d 00       		.byte	0
 475 001e 03       		.uleb128 0x3
 476 001f 24       		.uleb128 0x24
 477 0020 00       		.byte	0
 478 0021 0B       		.uleb128 0xb
 479 0022 0B       		.uleb128 0xb
 480 0023 3E       		.uleb128 0x3e
 481 0024 0B       		.uleb128 0xb
 482 0025 03       		.uleb128 0x3
 483 0026 08       		.uleb128 0x8
 484 0027 00       		.byte	0
 485 0028 00       		.byte	0
 486 0029 04       		.uleb128 0x4
 487 002a 16       		.uleb128 0x16
 488 002b 00       		.byte	0
 489 002c 03       		.uleb128 0x3
 490 002d 0E       		.uleb128 0xe
 491 002e 3A       		.uleb128 0x3a
ARM GAS  C:\Users\austc\AppData\Local\Temp\cc6VqEWM.s 			page 15


 492 002f 0B       		.uleb128 0xb
 493 0030 3B       		.uleb128 0x3b
 494 0031 05       		.uleb128 0x5
 495 0032 49       		.uleb128 0x49
 496 0033 13       		.uleb128 0x13
 497 0034 00       		.byte	0
 498 0035 00       		.byte	0
 499 0036 05       		.uleb128 0x5
 500 0037 35       		.uleb128 0x35
 501 0038 00       		.byte	0
 502 0039 49       		.uleb128 0x49
 503 003a 13       		.uleb128 0x13
 504 003b 00       		.byte	0
 505 003c 00       		.byte	0
 506 003d 06       		.uleb128 0x6
 507 003e 2E       		.uleb128 0x2e
 508 003f 01       		.byte	0x1
 509 0040 3F       		.uleb128 0x3f
 510 0041 19       		.uleb128 0x19
 511 0042 03       		.uleb128 0x3
 512 0043 0E       		.uleb128 0xe
 513 0044 3A       		.uleb128 0x3a
 514 0045 0B       		.uleb128 0xb
 515 0046 3B       		.uleb128 0x3b
 516 0047 0B       		.uleb128 0xb
 517 0048 27       		.uleb128 0x27
 518 0049 19       		.uleb128 0x19
 519 004a 11       		.uleb128 0x11
 520 004b 01       		.uleb128 0x1
 521 004c 12       		.uleb128 0x12
 522 004d 06       		.uleb128 0x6
 523 004e 40       		.uleb128 0x40
 524 004f 18       		.uleb128 0x18
 525 0050 9742     		.uleb128 0x2117
 526 0052 19       		.uleb128 0x19
 527 0053 01       		.uleb128 0x1
 528 0054 13       		.uleb128 0x13
 529 0055 00       		.byte	0
 530 0056 00       		.byte	0
 531 0057 07       		.uleb128 0x7
 532 0058 898201   		.uleb128 0x4109
 533 005b 01       		.byte	0x1
 534 005c 11       		.uleb128 0x11
 535 005d 01       		.uleb128 0x1
 536 005e 31       		.uleb128 0x31
 537 005f 13       		.uleb128 0x13
 538 0060 01       		.uleb128 0x1
 539 0061 13       		.uleb128 0x13
 540 0062 00       		.byte	0
 541 0063 00       		.byte	0
 542 0064 08       		.uleb128 0x8
 543 0065 8A8201   		.uleb128 0x410a
 544 0068 00       		.byte	0
 545 0069 02       		.uleb128 0x2
 546 006a 18       		.uleb128 0x18
 547 006b 9142     		.uleb128 0x2111
 548 006d 18       		.uleb128 0x18
ARM GAS  C:\Users\austc\AppData\Local\Temp\cc6VqEWM.s 			page 16


 549 006e 00       		.byte	0
 550 006f 00       		.byte	0
 551 0070 09       		.uleb128 0x9
 552 0071 898201   		.uleb128 0x4109
 553 0074 01       		.byte	0x1
 554 0075 11       		.uleb128 0x11
 555 0076 01       		.uleb128 0x1
 556 0077 31       		.uleb128 0x31
 557 0078 13       		.uleb128 0x13
 558 0079 00       		.byte	0
 559 007a 00       		.byte	0
 560 007b 0A       		.uleb128 0xa
 561 007c 2E       		.uleb128 0x2e
 562 007d 00       		.byte	0
 563 007e 3F       		.uleb128 0x3f
 564 007f 19       		.uleb128 0x19
 565 0080 03       		.uleb128 0x3
 566 0081 0E       		.uleb128 0xe
 567 0082 3A       		.uleb128 0x3a
 568 0083 0B       		.uleb128 0xb
 569 0084 3B       		.uleb128 0x3b
 570 0085 05       		.uleb128 0x5
 571 0086 27       		.uleb128 0x27
 572 0087 19       		.uleb128 0x19
 573 0088 11       		.uleb128 0x11
 574 0089 01       		.uleb128 0x1
 575 008a 12       		.uleb128 0x12
 576 008b 06       		.uleb128 0x6
 577 008c 40       		.uleb128 0x40
 578 008d 18       		.uleb128 0x18
 579 008e 9742     		.uleb128 0x2117
 580 0090 19       		.uleb128 0x19
 581 0091 00       		.byte	0
 582 0092 00       		.byte	0
 583 0093 0B       		.uleb128 0xb
 584 0094 34       		.uleb128 0x34
 585 0095 00       		.byte	0
 586 0096 03       		.uleb128 0x3
 587 0097 0E       		.uleb128 0xe
 588 0098 3A       		.uleb128 0x3a
 589 0099 0B       		.uleb128 0xb
 590 009a 3B       		.uleb128 0x3b
 591 009b 0B       		.uleb128 0xb
 592 009c 49       		.uleb128 0x49
 593 009d 13       		.uleb128 0x13
 594 009e 3F       		.uleb128 0x3f
 595 009f 19       		.uleb128 0x19
 596 00a0 02       		.uleb128 0x2
 597 00a1 18       		.uleb128 0x18
 598 00a2 00       		.byte	0
 599 00a3 00       		.byte	0
 600 00a4 0C       		.uleb128 0xc
 601 00a5 34       		.uleb128 0x34
 602 00a6 00       		.byte	0
 603 00a7 03       		.uleb128 0x3
 604 00a8 0E       		.uleb128 0xe
 605 00a9 3A       		.uleb128 0x3a
ARM GAS  C:\Users\austc\AppData\Local\Temp\cc6VqEWM.s 			page 17


 606 00aa 0B       		.uleb128 0xb
 607 00ab 3B       		.uleb128 0x3b
 608 00ac 0B       		.uleb128 0xb
 609 00ad 49       		.uleb128 0x49
 610 00ae 13       		.uleb128 0x13
 611 00af 3F       		.uleb128 0x3f
 612 00b0 19       		.uleb128 0x19
 613 00b1 3C       		.uleb128 0x3c
 614 00b2 19       		.uleb128 0x19
 615 00b3 00       		.byte	0
 616 00b4 00       		.byte	0
 617 00b5 0D       		.uleb128 0xd
 618 00b6 2E       		.uleb128 0x2e
 619 00b7 00       		.byte	0
 620 00b8 3F       		.uleb128 0x3f
 621 00b9 19       		.uleb128 0x19
 622 00ba 3C       		.uleb128 0x3c
 623 00bb 19       		.uleb128 0x19
 624 00bc 6E       		.uleb128 0x6e
 625 00bd 0E       		.uleb128 0xe
 626 00be 03       		.uleb128 0x3
 627 00bf 0E       		.uleb128 0xe
 628 00c0 3A       		.uleb128 0x3a
 629 00c1 0B       		.uleb128 0xb
 630 00c2 3B       		.uleb128 0x3b
 631 00c3 0B       		.uleb128 0xb
 632 00c4 00       		.byte	0
 633 00c5 00       		.byte	0
 634 00c6 00       		.byte	0
 635              		.section	.debug_aranges,"",%progbits
 636 0000 2C000000 		.4byte	0x2c
 637 0004 0200     		.2byte	0x2
 638 0006 00000000 		.4byte	.Ldebug_info0
 639 000a 04       		.byte	0x4
 640 000b 00       		.byte	0
 641 000c 0000     		.2byte	0
 642 000e 0000     		.2byte	0
 643 0010 00000000 		.4byte	.LFB1
 644 0014 B8000000 		.4byte	.LFE1-.LFB1
 645 0018 00000000 		.4byte	.LFB2
 646 001c 20000000 		.4byte	.LFE2-.LFB2
 647 0020 00000000 		.4byte	.LFB3
 648 0024 5C000000 		.4byte	.LFE3-.LFB3
 649 0028 00000000 		.4byte	0
 650 002c 00000000 		.4byte	0
 651              		.section	.debug_ranges,"",%progbits
 652              	.Ldebug_ranges0:
 653 0000 00000000 		.4byte	.LFB1
 654 0004 B8000000 		.4byte	.LFE1
 655 0008 00000000 		.4byte	.LFB2
 656 000c 20000000 		.4byte	.LFE2
 657 0010 00000000 		.4byte	.LFB3
 658 0014 5C000000 		.4byte	.LFE3
 659 0018 00000000 		.4byte	0
 660 001c 00000000 		.4byte	0
 661              		.section	.debug_line,"",%progbits
 662              	.Ldebug_line0:
ARM GAS  C:\Users\austc\AppData\Local\Temp\cc6VqEWM.s 			page 18


 663 0000 C2000000 		.section	.debug_str,"MS",%progbits,1
 663      02006400 
 663      00000201 
 663      FB0E0D00 
 663      01010101 
 664              	.LASF30:
 665 0000 4932435F 		.ascii	"I2C_1_I2CInit\000"
 665      315F4932 
 665      43496E69 
 665      7400
 666              	.LASF15:
 667 000e 72656733 		.ascii	"reg32\000"
 667      3200
 668              	.LASF22:
 669 0014 4932435F 		.ascii	"I2C_1_mstrRdBufIndex\000"
 669      315F6D73 
 669      74725264 
 669      42756649 
 669      6E646578 
 670              	.LASF29:
 671 0029 433A5C55 		.ascii	"C:\\Users\\austc\\OneDrive\\Documents\\GitHub\\Elec"
 671      73657273 
 671      5C617573 
 671      74635C4F 
 671      6E654472 
 672 0056 74726F6E 		.ascii	"tronics2018-19\\Psoc Arm\\Motor Board Rev1.cydsn\000"
 672      69637332 
 672      3031382D 
 672      31395C50 
 672      736F6320 
 673              	.LASF26:
 674 0085 4379496E 		.ascii	"CyIntSetVector\000"
 674      74536574 
 674      56656374 
 674      6F7200
 675              	.LASF19:
 676 0094 4932435F 		.ascii	"I2C_1_I2CFwBlockReset\000"
 676      315F4932 
 676      43467742 
 676      6C6F636B 
 676      52657365 
 677              	.LASF3:
 678 00aa 73686F72 		.ascii	"short unsigned int\000"
 678      7420756E 
 678      7369676E 
 678      65642069 
 678      6E7400
 679              	.LASF28:
 680 00bd 47656E65 		.ascii	"Generated_Source\\PSoC4\\I2C_1_I2C.c\000"
 680      72617465 
 680      645F536F 
 680      75726365 
 680      5C50536F 
 681              	.LASF12:
 682 00e0 666C6F61 		.ascii	"float\000"
 682      7400
 683              	.LASF1:
ARM GAS  C:\Users\austc\AppData\Local\Temp\cc6VqEWM.s 			page 19


 684 00e6 756E7369 		.ascii	"unsigned char\000"
 684      676E6564 
 684      20636861 
 684      7200
 685              	.LASF18:
 686 00f4 4932435F 		.ascii	"I2C_1_I2CStop\000"
 686      315F4932 
 686      4353746F 
 686      7000
 687              	.LASF5:
 688 0102 6C6F6E67 		.ascii	"long unsigned int\000"
 688      20756E73 
 688      69676E65 
 688      6420696E 
 688      7400
 689              	.LASF9:
 690 0114 75696E74 		.ascii	"uint8\000"
 690      3800
 691              	.LASF13:
 692 011a 646F7562 		.ascii	"double\000"
 692      6C6500
 693              	.LASF10:
 694 0121 75696E74 		.ascii	"uint16\000"
 694      313600
 695              	.LASF11:
 696 0128 75696E74 		.ascii	"uint32\000"
 696      333200
 697              	.LASF20:
 698 012f 4932435F 		.ascii	"I2C_1_state\000"
 698      315F7374 
 698      61746500 
 699              	.LASF8:
 700 013b 756E7369 		.ascii	"unsigned int\000"
 700      676E6564 
 700      20696E74 
 700      00
 701              	.LASF7:
 702 0148 6C6F6E67 		.ascii	"long long unsigned int\000"
 702      206C6F6E 
 702      6720756E 
 702      7369676E 
 702      65642069 
 703              	.LASF25:
 704 015f 4379496E 		.ascii	"CyIntSetPriority\000"
 704      74536574 
 704      5072696F 
 704      72697479 
 704      00
 705              	.LASF21:
 706 0170 4932435F 		.ascii	"I2C_1_mstrStatus\000"
 706      315F6D73 
 706      74725374 
 706      61747573 
 706      00
 707              	.LASF27:
 708 0181 474E5520 		.ascii	"GNU C11 5.4.1 20160609 (release) [ARM/embedded-5-br"
 708      43313120 
ARM GAS  C:\Users\austc\AppData\Local\Temp\cc6VqEWM.s 			page 20


 708      352E342E 
 708      31203230 
 708      31363036 
 709 01b4 616E6368 		.ascii	"anch revision 237715] -mcpu=cortex-m0 -mthumb -g -O"
 709      20726576 
 709      6973696F 
 709      6E203233 
 709      37373135 
 710 01e7 67202D66 		.ascii	"g -ffunction-sections -ffat-lto-objects\000"
 710      66756E63 
 710      74696F6E 
 710      2D736563 
 710      74696F6E 
 711              	.LASF17:
 712 020f 73697A65 		.ascii	"sizetype\000"
 712      74797065 
 712      00
 713              	.LASF6:
 714 0218 6C6F6E67 		.ascii	"long long int\000"
 714      206C6F6E 
 714      6720696E 
 714      7400
 715              	.LASF14:
 716 0226 63686172 		.ascii	"char\000"
 716      00
 717              	.LASF24:
 718 022b 4379496E 		.ascii	"CyIntDisable\000"
 718      74446973 
 718      61626C65 
 718      00
 719              	.LASF2:
 720 0238 73686F72 		.ascii	"short int\000"
 720      7420696E 
 720      7400
 721              	.LASF23:
 722 0242 4932435F 		.ascii	"I2C_1_mstrWrBufIndex\000"
 722      315F6D73 
 722      74725772 
 722      42756649 
 722      6E646578 
 723              	.LASF4:
 724 0257 6C6F6E67 		.ascii	"long int\000"
 724      20696E74 
 724      00
 725              	.LASF16:
 726 0260 6C6F6E67 		.ascii	"long double\000"
 726      20646F75 
 726      626C6500 
 727              	.LASF0:
 728 026c 7369676E 		.ascii	"signed char\000"
 728      65642063 
 728      68617200 
 729              		.ident	"GCC: (GNU Tools for ARM Embedded Processors) 5.4.1 20160609 (release) [ARM/embedded-5-bran
