ARM GAS  C:\Users\austc\AppData\Local\Temp\ccqetAFT.s 			page 1


   1              		.syntax unified
   2              		.cpu cortex-m0
   3              		.fpu softvfp
   4              		.eabi_attribute 20, 1
   5              		.eabi_attribute 21, 1
   6              		.eabi_attribute 23, 3
   7              		.eabi_attribute 24, 1
   8              		.eabi_attribute 25, 1
   9              		.eabi_attribute 26, 1
  10              		.eabi_attribute 30, 1
  11              		.eabi_attribute 34, 0
  12              		.eabi_attribute 18, 4
  13              		.thumb
  14              		.syntax unified
  15              		.file	"QuadDec.c"
  16              		.text
  17              	.Ltext0:
  18              		.cfi_sections	.debug_frame
  19              		.section	.text.QuadDec_Init,"ax",%progbits
  20              		.align	2
  21              		.global	QuadDec_Init
  22              		.code	16
  23              		.thumb_func
  24              		.type	QuadDec_Init, %function
  25              	QuadDec_Init:
  26              	.LFB1:
  27              		.file 1 "Generated_Source\\PSoC4\\QuadDec.c"
   1:Generated_Source\PSoC4/QuadDec.c **** /*******************************************************************************
   2:Generated_Source\PSoC4/QuadDec.c **** * File Name: QuadDec.c  
   3:Generated_Source\PSoC4/QuadDec.c **** * Version 3.0
   4:Generated_Source\PSoC4/QuadDec.c **** *
   5:Generated_Source\PSoC4/QuadDec.c **** * Description:
   6:Generated_Source\PSoC4/QuadDec.c **** *  This file provides the source code to the API for the Quadrature Decoder
   7:Generated_Source\PSoC4/QuadDec.c **** *  component.
   8:Generated_Source\PSoC4/QuadDec.c **** *
   9:Generated_Source\PSoC4/QuadDec.c **** * Note:
  10:Generated_Source\PSoC4/QuadDec.c **** *  None.
  11:Generated_Source\PSoC4/QuadDec.c **** *   
  12:Generated_Source\PSoC4/QuadDec.c **** ********************************************************************************
  13:Generated_Source\PSoC4/QuadDec.c **** * Copyright 2008-2014, Cypress Semiconductor Corporation.  All rights reserved.
  14:Generated_Source\PSoC4/QuadDec.c **** * You may use this file only in accordance with the license, terms, conditions, 
  15:Generated_Source\PSoC4/QuadDec.c **** * disclaimers, and limitations in the end user license agreement accompanying 
  16:Generated_Source\PSoC4/QuadDec.c **** * the software package with which this file was provided.
  17:Generated_Source\PSoC4/QuadDec.c **** *******************************************************************************/
  18:Generated_Source\PSoC4/QuadDec.c **** 
  19:Generated_Source\PSoC4/QuadDec.c **** #include "QuadDec.h"
  20:Generated_Source\PSoC4/QuadDec.c **** 
  21:Generated_Source\PSoC4/QuadDec.c **** #if (QuadDec_COUNTER_SIZE == QuadDec_COUNTER_SIZE_32_BIT)
  22:Generated_Source\PSoC4/QuadDec.c ****     #include "QuadDec_PVT.h"
  23:Generated_Source\PSoC4/QuadDec.c **** #endif /* QuadDec_COUNTER_SIZE == QuadDec_COUNTER_SIZE_32_BIT */
  24:Generated_Source\PSoC4/QuadDec.c **** 
  25:Generated_Source\PSoC4/QuadDec.c **** uint8 QuadDec_initVar = 0u;
  26:Generated_Source\PSoC4/QuadDec.c **** 
  27:Generated_Source\PSoC4/QuadDec.c **** 
  28:Generated_Source\PSoC4/QuadDec.c **** /*******************************************************************************
  29:Generated_Source\PSoC4/QuadDec.c **** * Function Name: QuadDec_Init
  30:Generated_Source\PSoC4/QuadDec.c **** ********************************************************************************
ARM GAS  C:\Users\austc\AppData\Local\Temp\ccqetAFT.s 			page 2


  31:Generated_Source\PSoC4/QuadDec.c **** *
  32:Generated_Source\PSoC4/QuadDec.c **** * Summary:
  33:Generated_Source\PSoC4/QuadDec.c **** *  Inits/Restores default QuadDec configuration provided with customizer.
  34:Generated_Source\PSoC4/QuadDec.c **** *
  35:Generated_Source\PSoC4/QuadDec.c **** * Parameters:
  36:Generated_Source\PSoC4/QuadDec.c **** *  None.
  37:Generated_Source\PSoC4/QuadDec.c **** *
  38:Generated_Source\PSoC4/QuadDec.c **** * Return:
  39:Generated_Source\PSoC4/QuadDec.c **** *  None.
  40:Generated_Source\PSoC4/QuadDec.c **** *
  41:Generated_Source\PSoC4/QuadDec.c **** *******************************************************************************/
  42:Generated_Source\PSoC4/QuadDec.c **** void QuadDec_Init(void) 
  43:Generated_Source\PSoC4/QuadDec.c **** {
  28              		.loc 1 43 0
  29              		.cfi_startproc
  30              		@ args = 0, pretend = 0, frame = 0
  31              		@ frame_needed = 0, uses_anonymous_args = 0
  32              		@ link register save eliminated.
  44:Generated_Source\PSoC4/QuadDec.c ****     #if (QuadDec_COUNTER_SIZE == QuadDec_COUNTER_SIZE_32_BIT)
  45:Generated_Source\PSoC4/QuadDec.c ****         /* Disable Interrupt. */
  46:Generated_Source\PSoC4/QuadDec.c ****         CyIntDisable(QuadDec_ISR_NUMBER);
  47:Generated_Source\PSoC4/QuadDec.c ****         /* Set the ISR to point to the QuadDec_isr Interrupt. */
  48:Generated_Source\PSoC4/QuadDec.c ****         (void) CyIntSetVector(QuadDec_ISR_NUMBER, & QuadDec_ISR);
  49:Generated_Source\PSoC4/QuadDec.c ****         /* Set the priority. */
  50:Generated_Source\PSoC4/QuadDec.c ****         CyIntSetPriority(QuadDec_ISR_NUMBER, QuadDec_ISR_PRIORITY);
  51:Generated_Source\PSoC4/QuadDec.c ****     #endif /* QuadDec_COUNTER_SIZE == QuadDec_COUNTER_SIZE_32_BIT */
  52:Generated_Source\PSoC4/QuadDec.c **** }
  33              		.loc 1 52 0
  34              		@ sp needed
  35 0000 7047     		bx	lr
  36              		.cfi_endproc
  37              	.LFE1:
  38              		.size	QuadDec_Init, .-QuadDec_Init
  39 0002 C046     		.section	.text.QuadDec_Stop,"ax",%progbits
  40              		.align	2
  41              		.global	QuadDec_Stop
  42              		.code	16
  43              		.thumb_func
  44              		.type	QuadDec_Stop, %function
  45              	QuadDec_Stop:
  46              	.LFB4:
  53:Generated_Source\PSoC4/QuadDec.c **** 
  54:Generated_Source\PSoC4/QuadDec.c **** 
  55:Generated_Source\PSoC4/QuadDec.c **** /*******************************************************************************
  56:Generated_Source\PSoC4/QuadDec.c **** * Function Name: QuadDec_Enable
  57:Generated_Source\PSoC4/QuadDec.c **** ********************************************************************************
  58:Generated_Source\PSoC4/QuadDec.c **** *
  59:Generated_Source\PSoC4/QuadDec.c **** * Summary:
  60:Generated_Source\PSoC4/QuadDec.c **** *  This function enable interrupts from Component and also enable Component's
  61:Generated_Source\PSoC4/QuadDec.c **** *  ISR in case of 32-bit counter.
  62:Generated_Source\PSoC4/QuadDec.c **** *
  63:Generated_Source\PSoC4/QuadDec.c **** * Parameters:
  64:Generated_Source\PSoC4/QuadDec.c **** *  None.
  65:Generated_Source\PSoC4/QuadDec.c **** *
  66:Generated_Source\PSoC4/QuadDec.c **** * Return:
  67:Generated_Source\PSoC4/QuadDec.c **** *  None.
  68:Generated_Source\PSoC4/QuadDec.c **** *
ARM GAS  C:\Users\austc\AppData\Local\Temp\ccqetAFT.s 			page 3


  69:Generated_Source\PSoC4/QuadDec.c **** *******************************************************************************/
  70:Generated_Source\PSoC4/QuadDec.c **** void QuadDec_Enable(void) 
  71:Generated_Source\PSoC4/QuadDec.c **** {
  72:Generated_Source\PSoC4/QuadDec.c ****     uint8 enableInterrupts;
  73:Generated_Source\PSoC4/QuadDec.c **** 
  74:Generated_Source\PSoC4/QuadDec.c ****     QuadDec_SetInterruptMask(QuadDec_INIT_INT_MASK);
  75:Generated_Source\PSoC4/QuadDec.c **** 
  76:Generated_Source\PSoC4/QuadDec.c ****     /* Clear pending interrupts. */
  77:Generated_Source\PSoC4/QuadDec.c ****     (void) QuadDec_GetEvents();
  78:Generated_Source\PSoC4/QuadDec.c ****     
  79:Generated_Source\PSoC4/QuadDec.c ****     enableInterrupts = CyEnterCriticalSection();
  80:Generated_Source\PSoC4/QuadDec.c **** 
  81:Generated_Source\PSoC4/QuadDec.c ****     /* Enable interrupts from Statusi register */
  82:Generated_Source\PSoC4/QuadDec.c ****     QuadDec_SR_AUX_CONTROL |= QuadDec_INTERRUPTS_ENABLE;
  83:Generated_Source\PSoC4/QuadDec.c **** 
  84:Generated_Source\PSoC4/QuadDec.c ****     CyExitCriticalSection(enableInterrupts);        
  85:Generated_Source\PSoC4/QuadDec.c **** 
  86:Generated_Source\PSoC4/QuadDec.c ****     #if (QuadDec_COUNTER_SIZE == QuadDec_COUNTER_SIZE_32_BIT)
  87:Generated_Source\PSoC4/QuadDec.c ****         /* Enable Component interrupts */
  88:Generated_Source\PSoC4/QuadDec.c ****         CyIntEnable(QuadDec_ISR_NUMBER);
  89:Generated_Source\PSoC4/QuadDec.c ****     #endif /* QuadDec_COUNTER_SIZE == QuadDec_COUNTER_SIZE_32_BIT */
  90:Generated_Source\PSoC4/QuadDec.c **** }
  91:Generated_Source\PSoC4/QuadDec.c **** 
  92:Generated_Source\PSoC4/QuadDec.c **** 
  93:Generated_Source\PSoC4/QuadDec.c **** /*******************************************************************************
  94:Generated_Source\PSoC4/QuadDec.c **** * Function Name: QuadDec_Start
  95:Generated_Source\PSoC4/QuadDec.c **** ********************************************************************************
  96:Generated_Source\PSoC4/QuadDec.c **** *
  97:Generated_Source\PSoC4/QuadDec.c **** * Summary:
  98:Generated_Source\PSoC4/QuadDec.c **** *  Initializes UDBs and other relevant hardware.
  99:Generated_Source\PSoC4/QuadDec.c **** *  Resets counter, enables or disables all relevant interrupts.
 100:Generated_Source\PSoC4/QuadDec.c **** *  Starts monitoring the inputs and counting.
 101:Generated_Source\PSoC4/QuadDec.c **** *
 102:Generated_Source\PSoC4/QuadDec.c **** * Parameters:
 103:Generated_Source\PSoC4/QuadDec.c **** *  None.
 104:Generated_Source\PSoC4/QuadDec.c **** *
 105:Generated_Source\PSoC4/QuadDec.c **** * Return:
 106:Generated_Source\PSoC4/QuadDec.c **** *  None.
 107:Generated_Source\PSoC4/QuadDec.c **** *
 108:Generated_Source\PSoC4/QuadDec.c **** * Global variables:
 109:Generated_Source\PSoC4/QuadDec.c **** *  QuadDec_initVar - used to check initial configuration, modified on
 110:Generated_Source\PSoC4/QuadDec.c **** *  first function call.
 111:Generated_Source\PSoC4/QuadDec.c **** *
 112:Generated_Source\PSoC4/QuadDec.c **** * Reentrant:
 113:Generated_Source\PSoC4/QuadDec.c **** *  No.
 114:Generated_Source\PSoC4/QuadDec.c **** *
 115:Generated_Source\PSoC4/QuadDec.c **** *******************************************************************************/
 116:Generated_Source\PSoC4/QuadDec.c **** void QuadDec_Start(void) 
 117:Generated_Source\PSoC4/QuadDec.c **** {
 118:Generated_Source\PSoC4/QuadDec.c ****     #if (QuadDec_COUNTER_SIZE == QuadDec_COUNTER_SIZE_8_BIT)
 119:Generated_Source\PSoC4/QuadDec.c ****         QuadDec_Cnt8_Start();
 120:Generated_Source\PSoC4/QuadDec.c ****         QuadDec_Cnt8_WriteCounter(QuadDec_COUNTER_INIT_VALUE);
 121:Generated_Source\PSoC4/QuadDec.c ****     #else
 122:Generated_Source\PSoC4/QuadDec.c ****         /* (QuadDec_COUNTER_SIZE == QuadDec_COUNTER_SIZE_16_BIT) || 
 123:Generated_Source\PSoC4/QuadDec.c ****         *  (QuadDec_COUNTER_SIZE == QuadDec_COUNTER_SIZE_32_BIT) 
 124:Generated_Source\PSoC4/QuadDec.c ****         */
 125:Generated_Source\PSoC4/QuadDec.c ****         QuadDec_Cnt16_Start();
ARM GAS  C:\Users\austc\AppData\Local\Temp\ccqetAFT.s 			page 4


 126:Generated_Source\PSoC4/QuadDec.c ****         QuadDec_Cnt16_WriteCounter(QuadDec_COUNTER_INIT_VALUE);
 127:Generated_Source\PSoC4/QuadDec.c ****     #endif /* QuadDec_COUNTER_SIZE == QuadDec_COUNTER_SIZE_8_BIT */
 128:Generated_Source\PSoC4/QuadDec.c ****     
 129:Generated_Source\PSoC4/QuadDec.c ****     #if (QuadDec_COUNTER_SIZE == QuadDec_COUNTER_SIZE_32_BIT)        
 130:Generated_Source\PSoC4/QuadDec.c ****        QuadDec_count32SoftPart = 0;
 131:Generated_Source\PSoC4/QuadDec.c ****     #endif /* QuadDec_COUNTER_SIZE == QuadDec_COUNTER_SIZE_32_BIT */
 132:Generated_Source\PSoC4/QuadDec.c **** 
 133:Generated_Source\PSoC4/QuadDec.c ****     if (QuadDec_initVar == 0u)
 134:Generated_Source\PSoC4/QuadDec.c ****     {
 135:Generated_Source\PSoC4/QuadDec.c ****         QuadDec_Init();
 136:Generated_Source\PSoC4/QuadDec.c ****         QuadDec_initVar = 1u;
 137:Generated_Source\PSoC4/QuadDec.c ****     }
 138:Generated_Source\PSoC4/QuadDec.c **** 
 139:Generated_Source\PSoC4/QuadDec.c ****     QuadDec_Enable();
 140:Generated_Source\PSoC4/QuadDec.c **** }
 141:Generated_Source\PSoC4/QuadDec.c **** 
 142:Generated_Source\PSoC4/QuadDec.c **** 
 143:Generated_Source\PSoC4/QuadDec.c **** /*******************************************************************************
 144:Generated_Source\PSoC4/QuadDec.c **** * Function Name: QuadDec_Stop
 145:Generated_Source\PSoC4/QuadDec.c **** ********************************************************************************
 146:Generated_Source\PSoC4/QuadDec.c **** *
 147:Generated_Source\PSoC4/QuadDec.c **** * Summary:
 148:Generated_Source\PSoC4/QuadDec.c **** *  Turns off UDBs and other relevant hardware.
 149:Generated_Source\PSoC4/QuadDec.c **** *
 150:Generated_Source\PSoC4/QuadDec.c **** * Parameters:
 151:Generated_Source\PSoC4/QuadDec.c **** *  None.
 152:Generated_Source\PSoC4/QuadDec.c **** *
 153:Generated_Source\PSoC4/QuadDec.c **** * Return:
 154:Generated_Source\PSoC4/QuadDec.c **** *  None.
 155:Generated_Source\PSoC4/QuadDec.c **** *
 156:Generated_Source\PSoC4/QuadDec.c **** *******************************************************************************/
 157:Generated_Source\PSoC4/QuadDec.c **** void QuadDec_Stop(void) 
 158:Generated_Source\PSoC4/QuadDec.c **** {
  47              		.loc 1 158 0
  48              		.cfi_startproc
  49              		@ args = 0, pretend = 0, frame = 0
  50              		@ frame_needed = 0, uses_anonymous_args = 0
  51 0000 10B5     		push	{r4, lr}
  52              		.cfi_def_cfa_offset 8
  53              		.cfi_offset 4, -8
  54              		.cfi_offset 14, -4
 159:Generated_Source\PSoC4/QuadDec.c ****     uint8 enableInterrupts;
 160:Generated_Source\PSoC4/QuadDec.c **** 
 161:Generated_Source\PSoC4/QuadDec.c ****     #if (QuadDec_COUNTER_SIZE == QuadDec_COUNTER_SIZE_8_BIT)
 162:Generated_Source\PSoC4/QuadDec.c ****         QuadDec_Cnt8_Stop();
 163:Generated_Source\PSoC4/QuadDec.c ****     #else 
 164:Generated_Source\PSoC4/QuadDec.c ****         /* (QuadDec_COUNTER_SIZE == QuadDec_COUNTER_SIZE_16_BIT) ||
 165:Generated_Source\PSoC4/QuadDec.c ****         *  (QuadDec_COUNTER_SIZE == QuadDec_COUNTER_SIZE_32_BIT)
 166:Generated_Source\PSoC4/QuadDec.c ****         */
 167:Generated_Source\PSoC4/QuadDec.c ****         QuadDec_Cnt16_Stop();    /* counter disable */
  55              		.loc 1 167 0
  56 0002 FFF7FEFF 		bl	QuadDec_Cnt16_Stop
  57              	.LVL0:
 168:Generated_Source\PSoC4/QuadDec.c ****     #endif /* (QuadDec_COUNTER_SIZE == QuadDec_COUNTER_SIZE_8_BIT) */
 169:Generated_Source\PSoC4/QuadDec.c ****  
 170:Generated_Source\PSoC4/QuadDec.c ****     enableInterrupts = CyEnterCriticalSection();
  58              		.loc 1 170 0
ARM GAS  C:\Users\austc\AppData\Local\Temp\ccqetAFT.s 			page 5


  59 0006 FFF7FEFF 		bl	CyEnterCriticalSection
  60              	.LVL1:
 171:Generated_Source\PSoC4/QuadDec.c **** 
 172:Generated_Source\PSoC4/QuadDec.c ****     /* Disable interrupts interrupts from Statusi register */
 173:Generated_Source\PSoC4/QuadDec.c ****     QuadDec_SR_AUX_CONTROL &= (uint8) (~QuadDec_INTERRUPTS_ENABLE);
  61              		.loc 1 173 0
  62 000a 044A     		ldr	r2, .L3
  63 000c 1378     		ldrb	r3, [r2]
  64 000e 1021     		movs	r1, #16
  65 0010 8B43     		bics	r3, r1
  66 0012 1370     		strb	r3, [r2]
 174:Generated_Source\PSoC4/QuadDec.c **** 
 175:Generated_Source\PSoC4/QuadDec.c ****     CyExitCriticalSection(enableInterrupts);
  67              		.loc 1 175 0
  68 0014 FFF7FEFF 		bl	CyExitCriticalSection
  69              	.LVL2:
 176:Generated_Source\PSoC4/QuadDec.c **** 
 177:Generated_Source\PSoC4/QuadDec.c ****     #if (QuadDec_COUNTER_SIZE == QuadDec_COUNTER_SIZE_32_BIT)
 178:Generated_Source\PSoC4/QuadDec.c ****         CyIntDisable(QuadDec_ISR_NUMBER);    /* interrupt disable */
 179:Generated_Source\PSoC4/QuadDec.c ****     #endif /* QuadDec_COUNTER_SIZE == QuadDec_COUNTER_SIZE_32_BIT */
 180:Generated_Source\PSoC4/QuadDec.c **** }
  70              		.loc 1 180 0
  71              		@ sp needed
  72 0018 10BD     		pop	{r4, pc}
  73              	.L4:
  74 001a C046     		.align	2
  75              	.L3:
  76 001c 90000F40 		.word	1074725008
  77              		.cfi_endproc
  78              	.LFE4:
  79              		.size	QuadDec_Stop, .-QuadDec_Stop
  80              		.section	.text.QuadDec_GetCounter,"ax",%progbits
  81              		.align	2
  82              		.global	QuadDec_GetCounter
  83              		.code	16
  84              		.thumb_func
  85              		.type	QuadDec_GetCounter, %function
  86              	QuadDec_GetCounter:
  87              	.LFB5:
 181:Generated_Source\PSoC4/QuadDec.c **** 
 182:Generated_Source\PSoC4/QuadDec.c **** 
 183:Generated_Source\PSoC4/QuadDec.c **** /*******************************************************************************
 184:Generated_Source\PSoC4/QuadDec.c **** * Function Name: QuadDec_GetCounter
 185:Generated_Source\PSoC4/QuadDec.c **** ********************************************************************************
 186:Generated_Source\PSoC4/QuadDec.c **** *
 187:Generated_Source\PSoC4/QuadDec.c **** * Summary:
 188:Generated_Source\PSoC4/QuadDec.c **** *  Reports the current value of the counter.
 189:Generated_Source\PSoC4/QuadDec.c **** *
 190:Generated_Source\PSoC4/QuadDec.c **** * Parameters:
 191:Generated_Source\PSoC4/QuadDec.c **** *  None.
 192:Generated_Source\PSoC4/QuadDec.c **** *
 193:Generated_Source\PSoC4/QuadDec.c **** * Return:
 194:Generated_Source\PSoC4/QuadDec.c **** *  The counter value. Return type is signed and per the counter size setting.
 195:Generated_Source\PSoC4/QuadDec.c **** *  A positive value indicates clockwise movement (B before A).
 196:Generated_Source\PSoC4/QuadDec.c **** *
 197:Generated_Source\PSoC4/QuadDec.c **** * Global variables:
 198:Generated_Source\PSoC4/QuadDec.c **** *  QuadDec_count32SoftPart - used to get hi 16 bit for current value
ARM GAS  C:\Users\austc\AppData\Local\Temp\ccqetAFT.s 			page 6


 199:Generated_Source\PSoC4/QuadDec.c **** *  of the 32-bit counter, when Counter size equal 32-bit.
 200:Generated_Source\PSoC4/QuadDec.c **** *
 201:Generated_Source\PSoC4/QuadDec.c **** *******************************************************************************/
 202:Generated_Source\PSoC4/QuadDec.c **** int16 QuadDec_GetCounter(void) 
 203:Generated_Source\PSoC4/QuadDec.c **** {
  88              		.loc 1 203 0
  89              		.cfi_startproc
  90              		@ args = 0, pretend = 0, frame = 0
  91              		@ frame_needed = 0, uses_anonymous_args = 0
  92 0000 10B5     		push	{r4, lr}
  93              		.cfi_def_cfa_offset 8
  94              		.cfi_offset 4, -8
  95              		.cfi_offset 14, -4
 204:Generated_Source\PSoC4/QuadDec.c ****     int16 count;
 205:Generated_Source\PSoC4/QuadDec.c ****     uint16 tmpCnt;
 206:Generated_Source\PSoC4/QuadDec.c **** 
 207:Generated_Source\PSoC4/QuadDec.c ****     #if (QuadDec_COUNTER_SIZE == QuadDec_COUNTER_SIZE_32_BIT)
 208:Generated_Source\PSoC4/QuadDec.c ****         int16 hwCount;
 209:Generated_Source\PSoC4/QuadDec.c **** 
 210:Generated_Source\PSoC4/QuadDec.c ****         CyIntDisable(QuadDec_ISR_NUMBER);
 211:Generated_Source\PSoC4/QuadDec.c **** 
 212:Generated_Source\PSoC4/QuadDec.c ****         tmpCnt = QuadDec_Cnt16_ReadCounter();
 213:Generated_Source\PSoC4/QuadDec.c ****         hwCount = (int16) ((int32) tmpCnt - (int32) QuadDec_COUNTER_INIT_VALUE);
 214:Generated_Source\PSoC4/QuadDec.c ****         count = QuadDec_count32SoftPart + hwCount;
 215:Generated_Source\PSoC4/QuadDec.c **** 
 216:Generated_Source\PSoC4/QuadDec.c ****         CyIntEnable(QuadDec_ISR_NUMBER);
 217:Generated_Source\PSoC4/QuadDec.c ****     #else 
 218:Generated_Source\PSoC4/QuadDec.c ****         /* (QuadDec_COUNTER_SIZE == QuadDec_COUNTER_SIZE_8_BIT) || 
 219:Generated_Source\PSoC4/QuadDec.c ****         *  (QuadDec_COUNTER_SIZE == QuadDec_COUNTER_SIZE_16_BIT)
 220:Generated_Source\PSoC4/QuadDec.c ****         */
 221:Generated_Source\PSoC4/QuadDec.c ****         #if (QuadDec_COUNTER_SIZE == QuadDec_COUNTER_SIZE_8_BIT)
 222:Generated_Source\PSoC4/QuadDec.c ****             tmpCnt = QuadDec_Cnt8_ReadCounter();
 223:Generated_Source\PSoC4/QuadDec.c ****         #else /* (QuadDec_COUNTER_SIZE == QuadDec_COUNTER_SIZE_16_BIT) */
 224:Generated_Source\PSoC4/QuadDec.c ****             tmpCnt = QuadDec_Cnt16_ReadCounter();
  96              		.loc 1 224 0
  97 0002 FFF7FEFF 		bl	QuadDec_Cnt16_ReadCounter
  98              	.LVL3:
 225:Generated_Source\PSoC4/QuadDec.c ****         #endif  /* QuadDec_COUNTER_SIZE == QuadDec_COUNTER_SIZE_8_BIT */
 226:Generated_Source\PSoC4/QuadDec.c **** 
 227:Generated_Source\PSoC4/QuadDec.c ****         count = (int16) ((int32) tmpCnt -
  99              		.loc 1 227 0
 100 0006 024B     		ldr	r3, .L6
 101 0008 9C46     		mov	ip, r3
 102 000a 6044     		add	r0, r0, ip
 103              	.LVL4:
 104 000c 00B2     		sxth	r0, r0
 105              	.LVL5:
 228:Generated_Source\PSoC4/QuadDec.c ****                 (int32) QuadDec_COUNTER_INIT_VALUE);
 229:Generated_Source\PSoC4/QuadDec.c **** 
 230:Generated_Source\PSoC4/QuadDec.c ****     #endif /* QuadDec_COUNTER_SIZE == QuadDec_COUNTER_SIZE_32_BIT */ 
 231:Generated_Source\PSoC4/QuadDec.c **** 
 232:Generated_Source\PSoC4/QuadDec.c ****     return (count);
 233:Generated_Source\PSoC4/QuadDec.c **** }
 106              		.loc 1 233 0
 107              		@ sp needed
 108 000e 10BD     		pop	{r4, pc}
 109              	.L7:
ARM GAS  C:\Users\austc\AppData\Local\Temp\ccqetAFT.s 			page 7


 110              		.align	2
 111              	.L6:
 112 0010 0080FFFF 		.word	-32768
 113              		.cfi_endproc
 114              	.LFE5:
 115              		.size	QuadDec_GetCounter, .-QuadDec_GetCounter
 116              		.section	.text.QuadDec_SetCounter,"ax",%progbits
 117              		.align	2
 118              		.global	QuadDec_SetCounter
 119              		.code	16
 120              		.thumb_func
 121              		.type	QuadDec_SetCounter, %function
 122              	QuadDec_SetCounter:
 123              	.LFB6:
 234:Generated_Source\PSoC4/QuadDec.c **** 
 235:Generated_Source\PSoC4/QuadDec.c **** 
 236:Generated_Source\PSoC4/QuadDec.c **** /*******************************************************************************
 237:Generated_Source\PSoC4/QuadDec.c **** * Function Name: QuadDec_SetCounter
 238:Generated_Source\PSoC4/QuadDec.c **** ********************************************************************************
 239:Generated_Source\PSoC4/QuadDec.c **** *
 240:Generated_Source\PSoC4/QuadDec.c **** * Summary:
 241:Generated_Source\PSoC4/QuadDec.c **** *  Sets the current value of the counter.
 242:Generated_Source\PSoC4/QuadDec.c **** *
 243:Generated_Source\PSoC4/QuadDec.c **** * Parameters:
 244:Generated_Source\PSoC4/QuadDec.c **** *  value:  The new value. Parameter type is signed and per the counter size
 245:Generated_Source\PSoC4/QuadDec.c **** *  setting.
 246:Generated_Source\PSoC4/QuadDec.c **** *
 247:Generated_Source\PSoC4/QuadDec.c **** * Return:
 248:Generated_Source\PSoC4/QuadDec.c **** *  None.
 249:Generated_Source\PSoC4/QuadDec.c **** *
 250:Generated_Source\PSoC4/QuadDec.c **** * Global variables:
 251:Generated_Source\PSoC4/QuadDec.c **** *  QuadDec_count32SoftPart - modified to set hi 16 bit for current
 252:Generated_Source\PSoC4/QuadDec.c **** *  value of the 32-bit counter, when Counter size equal 32-bit.
 253:Generated_Source\PSoC4/QuadDec.c **** *
 254:Generated_Source\PSoC4/QuadDec.c **** * Reentrant:
 255:Generated_Source\PSoC4/QuadDec.c **** *  No.
 256:Generated_Source\PSoC4/QuadDec.c **** *
 257:Generated_Source\PSoC4/QuadDec.c **** *******************************************************************************/
 258:Generated_Source\PSoC4/QuadDec.c **** void QuadDec_SetCounter(int16 value) 
 259:Generated_Source\PSoC4/QuadDec.c **** {
 124              		.loc 1 259 0
 125              		.cfi_startproc
 126              		@ args = 0, pretend = 0, frame = 0
 127              		@ frame_needed = 0, uses_anonymous_args = 0
 128              	.LVL6:
 129 0000 10B5     		push	{r4, lr}
 130              		.cfi_def_cfa_offset 8
 131              		.cfi_offset 4, -8
 132              		.cfi_offset 14, -4
 260:Generated_Source\PSoC4/QuadDec.c ****     #if ((QuadDec_COUNTER_SIZE == QuadDec_COUNTER_SIZE_8_BIT) || \
 261:Generated_Source\PSoC4/QuadDec.c ****          (QuadDec_COUNTER_SIZE == QuadDec_COUNTER_SIZE_16_BIT))
 262:Generated_Source\PSoC4/QuadDec.c ****         uint16 count;
 263:Generated_Source\PSoC4/QuadDec.c ****         
 264:Generated_Source\PSoC4/QuadDec.c ****         if (value >= 0)
 133              		.loc 1 264 0
 134 0002 0028     		cmp	r0, #0
 135 0004 05DB     		blt	.L9
ARM GAS  C:\Users\austc\AppData\Local\Temp\ccqetAFT.s 			page 8


 265:Generated_Source\PSoC4/QuadDec.c ****         {
 266:Generated_Source\PSoC4/QuadDec.c ****             count = (uint16) value + QuadDec_COUNTER_INIT_VALUE;
 136              		.loc 1 266 0
 137 0006 80B2     		uxth	r0, r0
 138 0008 054B     		ldr	r3, .L11
 139 000a 9C46     		mov	ip, r3
 140 000c 6044     		add	r0, r0, ip
 141              	.LVL7:
 142 000e 80B2     		uxth	r0, r0
 143              	.LVL8:
 144 0010 03E0     		b	.L10
 145              	.LVL9:
 146              	.L9:
 267:Generated_Source\PSoC4/QuadDec.c ****         }
 268:Generated_Source\PSoC4/QuadDec.c ****         else
 269:Generated_Source\PSoC4/QuadDec.c ****         {
 270:Generated_Source\PSoC4/QuadDec.c ****             count = QuadDec_COUNTER_INIT_VALUE - (uint16)(-value);
 147              		.loc 1 270 0
 148 0012 034B     		ldr	r3, .L11
 149 0014 9C46     		mov	ip, r3
 150 0016 6044     		add	r0, r0, ip
 151              	.LVL10:
 152 0018 80B2     		uxth	r0, r0
 153              	.LVL11:
 154              	.L10:
 271:Generated_Source\PSoC4/QuadDec.c ****         }
 272:Generated_Source\PSoC4/QuadDec.c ****         #if (QuadDec_COUNTER_SIZE == QuadDec_COUNTER_SIZE_8_BIT)
 273:Generated_Source\PSoC4/QuadDec.c ****             QuadDec_Cnt8_WriteCounter(count);
 274:Generated_Source\PSoC4/QuadDec.c ****         #else /* (QuadDec_COUNTER_SIZE == QuadDec_COUNTER_SIZE_16_BIT) */
 275:Generated_Source\PSoC4/QuadDec.c ****             QuadDec_Cnt16_WriteCounter(count);
 155              		.loc 1 275 0
 156 001a FFF7FEFF 		bl	QuadDec_Cnt16_WriteCounter
 157              	.LVL12:
 276:Generated_Source\PSoC4/QuadDec.c ****         #endif  /* QuadDec_COUNTER_SIZE == QuadDec_COUNTER_SIZE_8_BIT */
 277:Generated_Source\PSoC4/QuadDec.c ****     #else /* (QuadDec_COUNTER_SIZE == QuadDec_COUNTER_SIZE_32_BIT) */
 278:Generated_Source\PSoC4/QuadDec.c ****         CyIntDisable(QuadDec_ISR_NUMBER);
 279:Generated_Source\PSoC4/QuadDec.c **** 
 280:Generated_Source\PSoC4/QuadDec.c ****         QuadDec_Cnt16_WriteCounter(QuadDec_COUNTER_INIT_VALUE);
 281:Generated_Source\PSoC4/QuadDec.c ****         QuadDec_count32SoftPart = value;
 282:Generated_Source\PSoC4/QuadDec.c **** 
 283:Generated_Source\PSoC4/QuadDec.c ****         CyIntEnable(QuadDec_ISR_NUMBER);
 284:Generated_Source\PSoC4/QuadDec.c ****     #endif  /* (QuadDec_COUNTER_SIZE == QuadDec_COUNTER_SIZE_8_BIT) ||
 285:Generated_Source\PSoC4/QuadDec.c ****              * (QuadDec_COUNTER_SIZE == QuadDec_COUNTER_SIZE_16_BIT)
 286:Generated_Source\PSoC4/QuadDec.c ****              */
 287:Generated_Source\PSoC4/QuadDec.c **** }
 158              		.loc 1 287 0
 159              		@ sp needed
 160 001e 10BD     		pop	{r4, pc}
 161              	.L12:
 162              		.align	2
 163              	.L11:
 164 0020 0080FFFF 		.word	-32768
 165              		.cfi_endproc
 166              	.LFE6:
 167              		.size	QuadDec_SetCounter, .-QuadDec_SetCounter
 168              		.section	.text.QuadDec_GetEvents,"ax",%progbits
 169              		.align	2
ARM GAS  C:\Users\austc\AppData\Local\Temp\ccqetAFT.s 			page 9


 170              		.global	QuadDec_GetEvents
 171              		.code	16
 172              		.thumb_func
 173              		.type	QuadDec_GetEvents, %function
 174              	QuadDec_GetEvents:
 175              	.LFB7:
 288:Generated_Source\PSoC4/QuadDec.c **** 
 289:Generated_Source\PSoC4/QuadDec.c **** 
 290:Generated_Source\PSoC4/QuadDec.c **** /*******************************************************************************
 291:Generated_Source\PSoC4/QuadDec.c **** * Function Name: QuadDec_GetEvents
 292:Generated_Source\PSoC4/QuadDec.c **** ********************************************************************************
 293:Generated_Source\PSoC4/QuadDec.c **** * 
 294:Generated_Source\PSoC4/QuadDec.c **** * Summary:
 295:Generated_Source\PSoC4/QuadDec.c **** *   Reports the current status of events. This function clears the bits of the 
 296:Generated_Source\PSoC4/QuadDec.c **** *   status register.
 297:Generated_Source\PSoC4/QuadDec.c **** *
 298:Generated_Source\PSoC4/QuadDec.c **** * Parameters:
 299:Generated_Source\PSoC4/QuadDec.c **** *  None.
 300:Generated_Source\PSoC4/QuadDec.c **** *
 301:Generated_Source\PSoC4/QuadDec.c **** * Return:
 302:Generated_Source\PSoC4/QuadDec.c **** *  The events, as bits in an unsigned 8-bit value:
 303:Generated_Source\PSoC4/QuadDec.c **** *    Bit      Description
 304:Generated_Source\PSoC4/QuadDec.c **** *     0        Counter overflow.
 305:Generated_Source\PSoC4/QuadDec.c **** *     1        Counter underflow.
 306:Generated_Source\PSoC4/QuadDec.c **** *     2        Counter reset due to index, if index input is used.
 307:Generated_Source\PSoC4/QuadDec.c **** *     3        Invalid A, B inputs state transition.
 308:Generated_Source\PSoC4/QuadDec.c **** *
 309:Generated_Source\PSoC4/QuadDec.c **** *******************************************************************************/
 310:Generated_Source\PSoC4/QuadDec.c **** uint8 QuadDec_GetEvents(void) 
 311:Generated_Source\PSoC4/QuadDec.c **** {
 176              		.loc 1 311 0
 177              		.cfi_startproc
 178              		@ args = 0, pretend = 0, frame = 0
 179              		@ frame_needed = 0, uses_anonymous_args = 0
 180              		@ link register save eliminated.
 312:Generated_Source\PSoC4/QuadDec.c ****     return (QuadDec_STATUS_REG & QuadDec_INIT_INT_MASK);
 181              		.loc 1 312 0
 182 0000 024B     		ldr	r3, .L14
 183 0002 1878     		ldrb	r0, [r3]
 184 0004 0F23     		movs	r3, #15
 185 0006 1840     		ands	r0, r3
 313:Generated_Source\PSoC4/QuadDec.c **** }
 186              		.loc 1 313 0
 187              		@ sp needed
 188 0008 7047     		bx	lr
 189              	.L15:
 190 000a C046     		.align	2
 191              	.L14:
 192 000c 60000F40 		.word	1074724960
 193              		.cfi_endproc
 194              	.LFE7:
 195              		.size	QuadDec_GetEvents, .-QuadDec_GetEvents
 196              		.section	.text.QuadDec_SetInterruptMask,"ax",%progbits
 197              		.align	2
 198              		.global	QuadDec_SetInterruptMask
 199              		.code	16
 200              		.thumb_func
ARM GAS  C:\Users\austc\AppData\Local\Temp\ccqetAFT.s 			page 10


 201              		.type	QuadDec_SetInterruptMask, %function
 202              	QuadDec_SetInterruptMask:
 203              	.LFB8:
 314:Generated_Source\PSoC4/QuadDec.c **** 
 315:Generated_Source\PSoC4/QuadDec.c **** 
 316:Generated_Source\PSoC4/QuadDec.c **** /*******************************************************************************
 317:Generated_Source\PSoC4/QuadDec.c **** * Function Name: QuadDec_SetInterruptMask
 318:Generated_Source\PSoC4/QuadDec.c **** ********************************************************************************
 319:Generated_Source\PSoC4/QuadDec.c **** *
 320:Generated_Source\PSoC4/QuadDec.c **** * Summary:
 321:Generated_Source\PSoC4/QuadDec.c **** *  Enables / disables interrupts due to the events.
 322:Generated_Source\PSoC4/QuadDec.c **** *  For the 32-bit counter, the overflow, underflow and reset interrupts cannot
 323:Generated_Source\PSoC4/QuadDec.c **** *  be disabled, these bits are ignored.
 324:Generated_Source\PSoC4/QuadDec.c **** *
 325:Generated_Source\PSoC4/QuadDec.c **** * Parameters:
 326:Generated_Source\PSoC4/QuadDec.c **** *  mask: Enable / disable bits in an 8-bit value, where 1 enables the interrupt.
 327:Generated_Source\PSoC4/QuadDec.c **** *
 328:Generated_Source\PSoC4/QuadDec.c **** * Return:
 329:Generated_Source\PSoC4/QuadDec.c **** *  None.
 330:Generated_Source\PSoC4/QuadDec.c **** *
 331:Generated_Source\PSoC4/QuadDec.c **** *******************************************************************************/
 332:Generated_Source\PSoC4/QuadDec.c **** void QuadDec_SetInterruptMask(uint8 mask) 
 333:Generated_Source\PSoC4/QuadDec.c **** {
 204              		.loc 1 333 0
 205              		.cfi_startproc
 206              		@ args = 0, pretend = 0, frame = 0
 207              		@ frame_needed = 0, uses_anonymous_args = 0
 208              		@ link register save eliminated.
 209              	.LVL13:
 334:Generated_Source\PSoC4/QuadDec.c ****     #if (QuadDec_COUNTER_SIZE == QuadDec_COUNTER_SIZE_32_BIT)
 335:Generated_Source\PSoC4/QuadDec.c ****         /* Underflow, Overflow and Reset interrupts for 32-bit Counter are always enable */
 336:Generated_Source\PSoC4/QuadDec.c ****         mask |= (QuadDec_COUNTER_OVERFLOW | QuadDec_COUNTER_UNDERFLOW |
 337:Generated_Source\PSoC4/QuadDec.c ****                  QuadDec_COUNTER_RESET);
 338:Generated_Source\PSoC4/QuadDec.c ****     #endif /* QuadDec_COUNTER_SIZE == QuadDec_COUNTER_SIZE_32_BIT */
 339:Generated_Source\PSoC4/QuadDec.c **** 
 340:Generated_Source\PSoC4/QuadDec.c ****     QuadDec_STATUS_MASK = mask;
 210              		.loc 1 340 0
 211 0000 014B     		ldr	r3, .L17
 212 0002 1870     		strb	r0, [r3]
 341:Generated_Source\PSoC4/QuadDec.c **** }
 213              		.loc 1 341 0
 214              		@ sp needed
 215 0004 7047     		bx	lr
 216              	.L18:
 217 0006 C046     		.align	2
 218              	.L17:
 219 0008 80000F40 		.word	1074724992
 220              		.cfi_endproc
 221              	.LFE8:
 222              		.size	QuadDec_SetInterruptMask, .-QuadDec_SetInterruptMask
 223              		.section	.text.QuadDec_Enable,"ax",%progbits
 224              		.align	2
 225              		.global	QuadDec_Enable
 226              		.code	16
 227              		.thumb_func
 228              		.type	QuadDec_Enable, %function
 229              	QuadDec_Enable:
ARM GAS  C:\Users\austc\AppData\Local\Temp\ccqetAFT.s 			page 11


 230              	.LFB2:
  71:Generated_Source\PSoC4/QuadDec.c ****     uint8 enableInterrupts;
 231              		.loc 1 71 0
 232              		.cfi_startproc
 233              		@ args = 0, pretend = 0, frame = 0
 234              		@ frame_needed = 0, uses_anonymous_args = 0
 235 0000 10B5     		push	{r4, lr}
 236              		.cfi_def_cfa_offset 8
 237              		.cfi_offset 4, -8
 238              		.cfi_offset 14, -4
  74:Generated_Source\PSoC4/QuadDec.c **** 
 239              		.loc 1 74 0
 240 0002 0F20     		movs	r0, #15
 241 0004 FFF7FEFF 		bl	QuadDec_SetInterruptMask
 242              	.LVL14:
  77:Generated_Source\PSoC4/QuadDec.c ****     
 243              		.loc 1 77 0
 244 0008 FFF7FEFF 		bl	QuadDec_GetEvents
 245              	.LVL15:
  79:Generated_Source\PSoC4/QuadDec.c **** 
 246              		.loc 1 79 0
 247 000c FFF7FEFF 		bl	CyEnterCriticalSection
 248              	.LVL16:
  82:Generated_Source\PSoC4/QuadDec.c **** 
 249              		.loc 1 82 0
 250 0010 044A     		ldr	r2, .L20
 251 0012 1178     		ldrb	r1, [r2]
 252 0014 1023     		movs	r3, #16
 253 0016 0B43     		orrs	r3, r1
 254 0018 DBB2     		uxtb	r3, r3
 255 001a 1370     		strb	r3, [r2]
  84:Generated_Source\PSoC4/QuadDec.c **** 
 256              		.loc 1 84 0
 257 001c FFF7FEFF 		bl	CyExitCriticalSection
 258              	.LVL17:
  90:Generated_Source\PSoC4/QuadDec.c **** 
 259              		.loc 1 90 0
 260              		@ sp needed
 261 0020 10BD     		pop	{r4, pc}
 262              	.L21:
 263 0022 C046     		.align	2
 264              	.L20:
 265 0024 90000F40 		.word	1074725008
 266              		.cfi_endproc
 267              	.LFE2:
 268              		.size	QuadDec_Enable, .-QuadDec_Enable
 269              		.section	.text.QuadDec_Start,"ax",%progbits
 270              		.align	2
 271              		.global	QuadDec_Start
 272              		.code	16
 273              		.thumb_func
 274              		.type	QuadDec_Start, %function
 275              	QuadDec_Start:
 276              	.LFB3:
 117:Generated_Source\PSoC4/QuadDec.c ****     #if (QuadDec_COUNTER_SIZE == QuadDec_COUNTER_SIZE_8_BIT)
 277              		.loc 1 117 0
 278              		.cfi_startproc
ARM GAS  C:\Users\austc\AppData\Local\Temp\ccqetAFT.s 			page 12


 279              		@ args = 0, pretend = 0, frame = 0
 280              		@ frame_needed = 0, uses_anonymous_args = 0
 281 0000 10B5     		push	{r4, lr}
 282              		.cfi_def_cfa_offset 8
 283              		.cfi_offset 4, -8
 284              		.cfi_offset 14, -4
 125:Generated_Source\PSoC4/QuadDec.c ****         QuadDec_Cnt16_WriteCounter(QuadDec_COUNTER_INIT_VALUE);
 285              		.loc 1 125 0
 286 0002 FFF7FEFF 		bl	QuadDec_Cnt16_Start
 287              	.LVL18:
 126:Generated_Source\PSoC4/QuadDec.c ****     #endif /* QuadDec_COUNTER_SIZE == QuadDec_COUNTER_SIZE_8_BIT */
 288              		.loc 1 126 0
 289 0006 8020     		movs	r0, #128
 290 0008 0002     		lsls	r0, r0, #8
 291 000a FFF7FEFF 		bl	QuadDec_Cnt16_WriteCounter
 292              	.LVL19:
 133:Generated_Source\PSoC4/QuadDec.c ****     {
 293              		.loc 1 133 0
 294 000e 054B     		ldr	r3, .L24
 295 0010 1B78     		ldrb	r3, [r3]
 296 0012 002B     		cmp	r3, #0
 297 0014 02D1     		bne	.L23
 136:Generated_Source\PSoC4/QuadDec.c ****     }
 298              		.loc 1 136 0
 299 0016 0122     		movs	r2, #1
 300 0018 024B     		ldr	r3, .L24
 301 001a 1A70     		strb	r2, [r3]
 302              	.L23:
 139:Generated_Source\PSoC4/QuadDec.c **** }
 303              		.loc 1 139 0
 304 001c FFF7FEFF 		bl	QuadDec_Enable
 305              	.LVL20:
 140:Generated_Source\PSoC4/QuadDec.c **** 
 306              		.loc 1 140 0
 307              		@ sp needed
 308 0020 10BD     		pop	{r4, pc}
 309              	.L25:
 310 0022 C046     		.align	2
 311              	.L24:
 312 0024 00000000 		.word	.LANCHOR0
 313              		.cfi_endproc
 314              	.LFE3:
 315              		.size	QuadDec_Start, .-QuadDec_Start
 316              		.section	.text.QuadDec_GetInterruptMask,"ax",%progbits
 317              		.align	2
 318              		.global	QuadDec_GetInterruptMask
 319              		.code	16
 320              		.thumb_func
 321              		.type	QuadDec_GetInterruptMask, %function
 322              	QuadDec_GetInterruptMask:
 323              	.LFB9:
 342:Generated_Source\PSoC4/QuadDec.c **** 
 343:Generated_Source\PSoC4/QuadDec.c **** 
 344:Generated_Source\PSoC4/QuadDec.c **** /*******************************************************************************
 345:Generated_Source\PSoC4/QuadDec.c **** * Function Name: QuadDec_GetInterruptMask
 346:Generated_Source\PSoC4/QuadDec.c **** ********************************************************************************
 347:Generated_Source\PSoC4/QuadDec.c **** *
ARM GAS  C:\Users\austc\AppData\Local\Temp\ccqetAFT.s 			page 13


 348:Generated_Source\PSoC4/QuadDec.c **** * Summary:
 349:Generated_Source\PSoC4/QuadDec.c **** *  Reports the current interrupt mask settings.
 350:Generated_Source\PSoC4/QuadDec.c **** *
 351:Generated_Source\PSoC4/QuadDec.c **** * Parameters:
 352:Generated_Source\PSoC4/QuadDec.c **** *  None.
 353:Generated_Source\PSoC4/QuadDec.c **** *
 354:Generated_Source\PSoC4/QuadDec.c **** * Return:
 355:Generated_Source\PSoC4/QuadDec.c **** *  Enable / disable bits in an 8-bit value, where 1 enables the interrupt.
 356:Generated_Source\PSoC4/QuadDec.c **** *  For the 32-bit counter, the overflow, underflow and reset enable bits are
 357:Generated_Source\PSoC4/QuadDec.c **** *  always set.
 358:Generated_Source\PSoC4/QuadDec.c **** *
 359:Generated_Source\PSoC4/QuadDec.c **** *******************************************************************************/
 360:Generated_Source\PSoC4/QuadDec.c **** uint8 QuadDec_GetInterruptMask(void) 
 361:Generated_Source\PSoC4/QuadDec.c **** {
 324              		.loc 1 361 0
 325              		.cfi_startproc
 326              		@ args = 0, pretend = 0, frame = 0
 327              		@ frame_needed = 0, uses_anonymous_args = 0
 328              		@ link register save eliminated.
 362:Generated_Source\PSoC4/QuadDec.c ****     return (QuadDec_STATUS_MASK & QuadDec_INIT_INT_MASK);
 329              		.loc 1 362 0
 330 0000 024B     		ldr	r3, .L27
 331 0002 1878     		ldrb	r0, [r3]
 332 0004 0F23     		movs	r3, #15
 333 0006 1840     		ands	r0, r3
 363:Generated_Source\PSoC4/QuadDec.c **** }
 334              		.loc 1 363 0
 335              		@ sp needed
 336 0008 7047     		bx	lr
 337              	.L28:
 338 000a C046     		.align	2
 339              	.L27:
 340 000c 80000F40 		.word	1074724992
 341              		.cfi_endproc
 342              	.LFE9:
 343              		.size	QuadDec_GetInterruptMask, .-QuadDec_GetInterruptMask
 344              		.global	QuadDec_initVar
 345              		.bss
 346              		.set	.LANCHOR0,. + 0
 347              		.type	QuadDec_initVar, %object
 348              		.size	QuadDec_initVar, 1
 349              	QuadDec_initVar:
 350 0000 00       		.space	1
 351              		.text
 352              	.Letext0:
 353              		.file 2 "Generated_Source\\PSoC4\\cytypes.h"
 354              		.file 3 "Generated_Source\\PSoC4\\QuadDec_Cnt16.h"
 355              		.file 4 "Generated_Source\\PSoC4\\CyLib.h"
 356              		.section	.debug_info,"",%progbits
 357              	.Ldebug_info0:
 358 0000 D0020000 		.4byte	0x2d0
 359 0004 0400     		.2byte	0x4
 360 0006 00000000 		.4byte	.Ldebug_abbrev0
 361 000a 04       		.byte	0x4
 362 000b 01       		.uleb128 0x1
 363 000c F3010000 		.4byte	.LASF37
 364 0010 0C       		.byte	0xc
ARM GAS  C:\Users\austc\AppData\Local\Temp\ccqetAFT.s 			page 14


 365 0011 AD000000 		.4byte	.LASF38
 366 0015 00000000 		.4byte	.LASF39
 367 0019 00000000 		.4byte	.Ldebug_ranges0+0
 368 001d 00000000 		.4byte	0
 369 0021 00000000 		.4byte	.Ldebug_line0
 370 0025 02       		.uleb128 0x2
 371 0026 01       		.byte	0x1
 372 0027 06       		.byte	0x6
 373 0028 05030000 		.4byte	.LASF0
 374 002c 02       		.uleb128 0x2
 375 002d 01       		.byte	0x1
 376 002e 08       		.byte	0x8
 377 002f 0D010000 		.4byte	.LASF1
 378 0033 02       		.uleb128 0x2
 379 0034 02       		.byte	0x2
 380 0035 05       		.byte	0x5
 381 0036 C8020000 		.4byte	.LASF2
 382 003a 02       		.uleb128 0x2
 383 003b 02       		.byte	0x2
 384 003c 07       		.byte	0x7
 385 003d 68000000 		.4byte	.LASF3
 386 0041 02       		.uleb128 0x2
 387 0042 04       		.byte	0x4
 388 0043 05       		.byte	0x5
 389 0044 EB020000 		.4byte	.LASF4
 390 0048 02       		.uleb128 0x2
 391 0049 04       		.byte	0x4
 392 004a 07       		.byte	0x7
 393 004b 56010000 		.4byte	.LASF5
 394 004f 02       		.uleb128 0x2
 395 0050 08       		.byte	0x8
 396 0051 05       		.byte	0x5
 397 0052 8F020000 		.4byte	.LASF6
 398 0056 02       		.uleb128 0x2
 399 0057 08       		.byte	0x8
 400 0058 07       		.byte	0x7
 401 0059 E3000000 		.4byte	.LASF7
 402 005d 03       		.uleb128 0x3
 403 005e 04       		.byte	0x4
 404 005f 05       		.byte	0x5
 405 0060 696E7400 		.ascii	"int\000"
 406 0064 02       		.uleb128 0x2
 407 0065 04       		.byte	0x4
 408 0066 07       		.byte	0x7
 409 0067 D0010000 		.4byte	.LASF8
 410 006b 04       		.uleb128 0x4
 411 006c D2020000 		.4byte	.LASF9
 412 0070 02       		.byte	0x2
 413 0071 E401     		.2byte	0x1e4
 414 0073 2C000000 		.4byte	0x2c
 415 0077 04       		.uleb128 0x4
 416 0078 B2010000 		.4byte	.LASF10
 417 007c 02       		.byte	0x2
 418 007d E501     		.2byte	0x1e5
 419 007f 3A000000 		.4byte	0x3a
 420 0083 04       		.uleb128 0x4
 421 0084 50010000 		.4byte	.LASF11
ARM GAS  C:\Users\austc\AppData\Local\Temp\ccqetAFT.s 			page 15


 422 0088 02       		.byte	0x2
 423 0089 E801     		.2byte	0x1e8
 424 008b 33000000 		.4byte	0x33
 425 008f 04       		.uleb128 0x4
 426 0090 68010000 		.4byte	.LASF12
 427 0094 02       		.byte	0x2
 428 0095 E901     		.2byte	0x1e9
 429 0097 41000000 		.4byte	0x41
 430 009b 02       		.uleb128 0x2
 431 009c 04       		.byte	0x4
 432 009d 04       		.byte	0x4
 433 009e DD000000 		.4byte	.LASF13
 434 00a2 02       		.uleb128 0x2
 435 00a3 08       		.byte	0x8
 436 00a4 04       		.byte	0x4
 437 00a5 98010000 		.4byte	.LASF14
 438 00a9 02       		.uleb128 0x2
 439 00aa 01       		.byte	0x1
 440 00ab 08       		.byte	0x8
 441 00ac F4020000 		.4byte	.LASF15
 442 00b0 04       		.uleb128 0x4
 443 00b1 81020000 		.4byte	.LASF16
 444 00b5 02       		.byte	0x2
 445 00b6 8E02     		.2byte	0x28e
 446 00b8 BC000000 		.4byte	0xbc
 447 00bc 05       		.uleb128 0x5
 448 00bd 6B000000 		.4byte	0x6b
 449 00c1 02       		.uleb128 0x2
 450 00c2 08       		.byte	0x8
 451 00c3 04       		.byte	0x4
 452 00c4 F9020000 		.4byte	.LASF17
 453 00c8 02       		.uleb128 0x2
 454 00c9 04       		.byte	0x4
 455 00ca 07       		.byte	0x7
 456 00cb 86020000 		.4byte	.LASF18
 457 00cf 06       		.uleb128 0x6
 458 00d0 BB020000 		.4byte	.LASF40
 459 00d4 01       		.byte	0x1
 460 00d5 2A       		.byte	0x2a
 461 00d6 00000000 		.4byte	.LFB1
 462 00da 02000000 		.4byte	.LFE1-.LFB1
 463 00de 01       		.uleb128 0x1
 464 00df 9C       		.byte	0x9c
 465 00e0 07       		.uleb128 0x7
 466 00e1 11030000 		.4byte	.LASF22
 467 00e5 01       		.byte	0x1
 468 00e6 9D       		.byte	0x9d
 469 00e7 00000000 		.4byte	.LFB4
 470 00eb 20000000 		.4byte	.LFE4-.LFB4
 471 00ef 01       		.uleb128 0x1
 472 00f0 9C       		.byte	0x9c
 473 00f1 20010000 		.4byte	0x120
 474 00f5 08       		.uleb128 0x8
 475 00f6 80010000 		.4byte	.LASF19
 476 00fa 01       		.byte	0x1
 477 00fb 9F       		.byte	0x9f
 478 00fc 6B000000 		.4byte	0x6b
ARM GAS  C:\Users\austc\AppData\Local\Temp\ccqetAFT.s 			page 16


 479 0100 00000000 		.4byte	.LLST0
 480 0104 09       		.uleb128 0x9
 481 0105 06000000 		.4byte	.LVL0
 482 0109 91020000 		.4byte	0x291
 483 010d 09       		.uleb128 0x9
 484 010e 0A000000 		.4byte	.LVL1
 485 0112 9C020000 		.4byte	0x29c
 486 0116 09       		.uleb128 0x9
 487 0117 18000000 		.4byte	.LVL2
 488 011b A7020000 		.4byte	0x2a7
 489 011f 00       		.byte	0
 490 0120 0A       		.uleb128 0xa
 491 0121 9F010000 		.4byte	.LASF41
 492 0125 01       		.byte	0x1
 493 0126 CA       		.byte	0xca
 494 0127 83000000 		.4byte	0x83
 495 012b 00000000 		.4byte	.LFB5
 496 012f 14000000 		.4byte	.LFE5-.LFB5
 497 0133 01       		.uleb128 0x1
 498 0134 9C       		.byte	0x9c
 499 0135 5F010000 		.4byte	0x15f
 500 0139 0B       		.uleb128 0xb
 501 013a 62000000 		.4byte	.LASF20
 502 013e 01       		.byte	0x1
 503 013f CC       		.byte	0xcc
 504 0140 83000000 		.4byte	0x83
 505 0144 01       		.uleb128 0x1
 506 0145 50       		.byte	0x50
 507 0146 08       		.uleb128 0x8
 508 0147 91010000 		.4byte	.LASF21
 509 014b 01       		.byte	0x1
 510 014c CD       		.byte	0xcd
 511 014d 77000000 		.4byte	0x77
 512 0151 13000000 		.4byte	.LLST1
 513 0155 09       		.uleb128 0x9
 514 0156 06000000 		.4byte	.LVL3
 515 015a B2020000 		.4byte	0x2b2
 516 015e 00       		.byte	0
 517 015f 0C       		.uleb128 0xc
 518 0160 D8020000 		.4byte	.LASF23
 519 0164 01       		.byte	0x1
 520 0165 0201     		.2byte	0x102
 521 0167 00000000 		.4byte	.LFB6
 522 016b 24000000 		.4byte	.LFE6-.LFB6
 523 016f 01       		.uleb128 0x1
 524 0170 9C       		.byte	0x9c
 525 0171 9F010000 		.4byte	0x19f
 526 0175 0D       		.uleb128 0xd
 527 0176 5C000000 		.4byte	.LASF25
 528 017a 01       		.byte	0x1
 529 017b 0201     		.2byte	0x102
 530 017d 83000000 		.4byte	0x83
 531 0181 26000000 		.4byte	.LLST2
 532 0185 0E       		.uleb128 0xe
 533 0186 62000000 		.4byte	.LASF20
 534 018a 01       		.byte	0x1
 535 018b 0601     		.2byte	0x106
ARM GAS  C:\Users\austc\AppData\Local\Temp\ccqetAFT.s 			page 17


 536 018d 77000000 		.4byte	0x77
 537 0191 6F000000 		.4byte	.LLST3
 538 0195 09       		.uleb128 0x9
 539 0196 1E000000 		.4byte	.LVL12
 540 019a BD020000 		.4byte	0x2bd
 541 019e 00       		.byte	0
 542 019f 0F       		.uleb128 0xf
 543 01a0 6E010000 		.4byte	.LASF29
 544 01a4 01       		.byte	0x1
 545 01a5 3601     		.2byte	0x136
 546 01a7 6B000000 		.4byte	0x6b
 547 01ab 00000000 		.4byte	.LFB7
 548 01af 10000000 		.4byte	.LFE7-.LFB7
 549 01b3 01       		.uleb128 0x1
 550 01b4 9C       		.byte	0x9c
 551 01b5 0C       		.uleb128 0xc
 552 01b6 9D020000 		.4byte	.LASF24
 553 01ba 01       		.byte	0x1
 554 01bb 4C01     		.2byte	0x14c
 555 01bd 00000000 		.4byte	.LFB8
 556 01c1 0C000000 		.4byte	.LFE8-.LFB8
 557 01c5 01       		.uleb128 0x1
 558 01c6 9C       		.byte	0x9c
 559 01c7 DA010000 		.4byte	0x1da
 560 01cb 10       		.uleb128 0x10
 561 01cc B6020000 		.4byte	.LASF26
 562 01d0 01       		.byte	0x1
 563 01d1 4C01     		.2byte	0x14c
 564 01d3 6B000000 		.4byte	0x6b
 565 01d7 01       		.uleb128 0x1
 566 01d8 50       		.byte	0x50
 567 01d9 00       		.byte	0
 568 01da 07       		.uleb128 0x7
 569 01db CE000000 		.4byte	.LASF27
 570 01df 01       		.byte	0x1
 571 01e0 46       		.byte	0x46
 572 01e1 00000000 		.4byte	.LFB2
 573 01e5 28000000 		.4byte	.LFE2-.LFB2
 574 01e9 01       		.uleb128 0x1
 575 01ea 9C       		.byte	0x9c
 576 01eb 2D020000 		.4byte	0x22d
 577 01ef 08       		.uleb128 0x8
 578 01f0 80010000 		.4byte	.LASF19
 579 01f4 01       		.byte	0x1
 580 01f5 48       		.byte	0x48
 581 01f6 6B000000 		.4byte	0x6b
 582 01fa 8D000000 		.4byte	.LLST4
 583 01fe 11       		.uleb128 0x11
 584 01ff 08000000 		.4byte	.LVL14
 585 0203 B5010000 		.4byte	0x1b5
 586 0207 11020000 		.4byte	0x211
 587 020b 12       		.uleb128 0x12
 588 020c 01       		.uleb128 0x1
 589 020d 50       		.byte	0x50
 590 020e 01       		.uleb128 0x1
 591 020f 3F       		.byte	0x3f
 592 0210 00       		.byte	0
ARM GAS  C:\Users\austc\AppData\Local\Temp\ccqetAFT.s 			page 18


 593 0211 09       		.uleb128 0x9
 594 0212 0C000000 		.4byte	.LVL15
 595 0216 9F010000 		.4byte	0x19f
 596 021a 09       		.uleb128 0x9
 597 021b 10000000 		.4byte	.LVL16
 598 021f 9C020000 		.4byte	0x29c
 599 0223 09       		.uleb128 0x9
 600 0224 20000000 		.4byte	.LVL17
 601 0228 A7020000 		.4byte	0x2a7
 602 022c 00       		.byte	0
 603 022d 07       		.uleb128 0x7
 604 022e 8B000000 		.4byte	.LASF28
 605 0232 01       		.byte	0x1
 606 0233 74       		.byte	0x74
 607 0234 00000000 		.4byte	.LFB3
 608 0238 28000000 		.4byte	.LFE3-.LFB3
 609 023c 01       		.uleb128 0x1
 610 023d 9C       		.byte	0x9c
 611 023e 6A020000 		.4byte	0x26a
 612 0242 09       		.uleb128 0x9
 613 0243 06000000 		.4byte	.LVL18
 614 0247 C8020000 		.4byte	0x2c8
 615 024b 11       		.uleb128 0x11
 616 024c 0E000000 		.4byte	.LVL19
 617 0250 BD020000 		.4byte	0x2bd
 618 0254 60020000 		.4byte	0x260
 619 0258 12       		.uleb128 0x12
 620 0259 01       		.uleb128 0x1
 621 025a 50       		.byte	0x50
 622 025b 03       		.uleb128 0x3
 623 025c 0B       		.byte	0xb
 624 025d 0080     		.2byte	0x8000
 625 025f 00       		.byte	0
 626 0260 09       		.uleb128 0x9
 627 0261 20000000 		.4byte	.LVL20
 628 0265 DA010000 		.4byte	0x1da
 629 0269 00       		.byte	0
 630 026a 0F       		.uleb128 0xf
 631 026b 1E030000 		.4byte	.LASF30
 632 026f 01       		.byte	0x1
 633 0270 6801     		.2byte	0x168
 634 0272 6B000000 		.4byte	0x6b
 635 0276 00000000 		.4byte	.LFB9
 636 027a 10000000 		.4byte	.LFE9-.LFB9
 637 027e 01       		.uleb128 0x1
 638 027f 9C       		.byte	0x9c
 639 0280 13       		.uleb128 0x13
 640 0281 7B000000 		.4byte	.LASF42
 641 0285 01       		.byte	0x1
 642 0286 19       		.byte	0x19
 643 0287 6B000000 		.4byte	0x6b
 644 028b 05       		.uleb128 0x5
 645 028c 03       		.byte	0x3
 646 028d 00000000 		.4byte	QuadDec_initVar
 647 0291 14       		.uleb128 0x14
 648 0292 FA000000 		.4byte	.LASF31
 649 0296 FA000000 		.4byte	.LASF31
ARM GAS  C:\Users\austc\AppData\Local\Temp\ccqetAFT.s 			page 19


 650 029a 03       		.byte	0x3
 651 029b 50       		.byte	0x50
 652 029c 14       		.uleb128 0x14
 653 029d B9010000 		.4byte	.LASF32
 654 02a1 B9010000 		.4byte	.LASF32
 655 02a5 04       		.byte	0x4
 656 02a6 E5       		.byte	0xe5
 657 02a7 14       		.uleb128 0x14
 658 02a8 DD010000 		.4byte	.LASF33
 659 02ac DD010000 		.4byte	.LASF33
 660 02b0 04       		.byte	0x4
 661 02b1 E6       		.byte	0xe6
 662 02b2 14       		.uleb128 0x14
 663 02b3 36010000 		.4byte	.LASF34
 664 02b7 36010000 		.4byte	.LASF34
 665 02bb 03       		.byte	0x3
 666 02bc 5D       		.byte	0x5d
 667 02bd 14       		.uleb128 0x14
 668 02be 1B010000 		.4byte	.LASF35
 669 02c2 1B010000 		.4byte	.LASF35
 670 02c6 03       		.byte	0x3
 671 02c7 5A       		.byte	0x5a
 672 02c8 14       		.uleb128 0x14
 673 02c9 99000000 		.4byte	.LASF36
 674 02cd 99000000 		.4byte	.LASF36
 675 02d1 03       		.byte	0x3
 676 02d2 4F       		.byte	0x4f
 677 02d3 00       		.byte	0
 678              		.section	.debug_abbrev,"",%progbits
 679              	.Ldebug_abbrev0:
 680 0000 01       		.uleb128 0x1
 681 0001 11       		.uleb128 0x11
 682 0002 01       		.byte	0x1
 683 0003 25       		.uleb128 0x25
 684 0004 0E       		.uleb128 0xe
 685 0005 13       		.uleb128 0x13
 686 0006 0B       		.uleb128 0xb
 687 0007 03       		.uleb128 0x3
 688 0008 0E       		.uleb128 0xe
 689 0009 1B       		.uleb128 0x1b
 690 000a 0E       		.uleb128 0xe
 691 000b 55       		.uleb128 0x55
 692 000c 17       		.uleb128 0x17
 693 000d 11       		.uleb128 0x11
 694 000e 01       		.uleb128 0x1
 695 000f 10       		.uleb128 0x10
 696 0010 17       		.uleb128 0x17
 697 0011 00       		.byte	0
 698 0012 00       		.byte	0
 699 0013 02       		.uleb128 0x2
 700 0014 24       		.uleb128 0x24
 701 0015 00       		.byte	0
 702 0016 0B       		.uleb128 0xb
 703 0017 0B       		.uleb128 0xb
 704 0018 3E       		.uleb128 0x3e
 705 0019 0B       		.uleb128 0xb
 706 001a 03       		.uleb128 0x3
ARM GAS  C:\Users\austc\AppData\Local\Temp\ccqetAFT.s 			page 20


 707 001b 0E       		.uleb128 0xe
 708 001c 00       		.byte	0
 709 001d 00       		.byte	0
 710 001e 03       		.uleb128 0x3
 711 001f 24       		.uleb128 0x24
 712 0020 00       		.byte	0
 713 0021 0B       		.uleb128 0xb
 714 0022 0B       		.uleb128 0xb
 715 0023 3E       		.uleb128 0x3e
 716 0024 0B       		.uleb128 0xb
 717 0025 03       		.uleb128 0x3
 718 0026 08       		.uleb128 0x8
 719 0027 00       		.byte	0
 720 0028 00       		.byte	0
 721 0029 04       		.uleb128 0x4
 722 002a 16       		.uleb128 0x16
 723 002b 00       		.byte	0
 724 002c 03       		.uleb128 0x3
 725 002d 0E       		.uleb128 0xe
 726 002e 3A       		.uleb128 0x3a
 727 002f 0B       		.uleb128 0xb
 728 0030 3B       		.uleb128 0x3b
 729 0031 05       		.uleb128 0x5
 730 0032 49       		.uleb128 0x49
 731 0033 13       		.uleb128 0x13
 732 0034 00       		.byte	0
 733 0035 00       		.byte	0
 734 0036 05       		.uleb128 0x5
 735 0037 35       		.uleb128 0x35
 736 0038 00       		.byte	0
 737 0039 49       		.uleb128 0x49
 738 003a 13       		.uleb128 0x13
 739 003b 00       		.byte	0
 740 003c 00       		.byte	0
 741 003d 06       		.uleb128 0x6
 742 003e 2E       		.uleb128 0x2e
 743 003f 00       		.byte	0
 744 0040 3F       		.uleb128 0x3f
 745 0041 19       		.uleb128 0x19
 746 0042 03       		.uleb128 0x3
 747 0043 0E       		.uleb128 0xe
 748 0044 3A       		.uleb128 0x3a
 749 0045 0B       		.uleb128 0xb
 750 0046 3B       		.uleb128 0x3b
 751 0047 0B       		.uleb128 0xb
 752 0048 27       		.uleb128 0x27
 753 0049 19       		.uleb128 0x19
 754 004a 11       		.uleb128 0x11
 755 004b 01       		.uleb128 0x1
 756 004c 12       		.uleb128 0x12
 757 004d 06       		.uleb128 0x6
 758 004e 40       		.uleb128 0x40
 759 004f 18       		.uleb128 0x18
 760 0050 9742     		.uleb128 0x2117
 761 0052 19       		.uleb128 0x19
 762 0053 00       		.byte	0
 763 0054 00       		.byte	0
ARM GAS  C:\Users\austc\AppData\Local\Temp\ccqetAFT.s 			page 21


 764 0055 07       		.uleb128 0x7
 765 0056 2E       		.uleb128 0x2e
 766 0057 01       		.byte	0x1
 767 0058 3F       		.uleb128 0x3f
 768 0059 19       		.uleb128 0x19
 769 005a 03       		.uleb128 0x3
 770 005b 0E       		.uleb128 0xe
 771 005c 3A       		.uleb128 0x3a
 772 005d 0B       		.uleb128 0xb
 773 005e 3B       		.uleb128 0x3b
 774 005f 0B       		.uleb128 0xb
 775 0060 27       		.uleb128 0x27
 776 0061 19       		.uleb128 0x19
 777 0062 11       		.uleb128 0x11
 778 0063 01       		.uleb128 0x1
 779 0064 12       		.uleb128 0x12
 780 0065 06       		.uleb128 0x6
 781 0066 40       		.uleb128 0x40
 782 0067 18       		.uleb128 0x18
 783 0068 9742     		.uleb128 0x2117
 784 006a 19       		.uleb128 0x19
 785 006b 01       		.uleb128 0x1
 786 006c 13       		.uleb128 0x13
 787 006d 00       		.byte	0
 788 006e 00       		.byte	0
 789 006f 08       		.uleb128 0x8
 790 0070 34       		.uleb128 0x34
 791 0071 00       		.byte	0
 792 0072 03       		.uleb128 0x3
 793 0073 0E       		.uleb128 0xe
 794 0074 3A       		.uleb128 0x3a
 795 0075 0B       		.uleb128 0xb
 796 0076 3B       		.uleb128 0x3b
 797 0077 0B       		.uleb128 0xb
 798 0078 49       		.uleb128 0x49
 799 0079 13       		.uleb128 0x13
 800 007a 02       		.uleb128 0x2
 801 007b 17       		.uleb128 0x17
 802 007c 00       		.byte	0
 803 007d 00       		.byte	0
 804 007e 09       		.uleb128 0x9
 805 007f 898201   		.uleb128 0x4109
 806 0082 00       		.byte	0
 807 0083 11       		.uleb128 0x11
 808 0084 01       		.uleb128 0x1
 809 0085 31       		.uleb128 0x31
 810 0086 13       		.uleb128 0x13
 811 0087 00       		.byte	0
 812 0088 00       		.byte	0
 813 0089 0A       		.uleb128 0xa
 814 008a 2E       		.uleb128 0x2e
 815 008b 01       		.byte	0x1
 816 008c 3F       		.uleb128 0x3f
 817 008d 19       		.uleb128 0x19
 818 008e 03       		.uleb128 0x3
 819 008f 0E       		.uleb128 0xe
 820 0090 3A       		.uleb128 0x3a
ARM GAS  C:\Users\austc\AppData\Local\Temp\ccqetAFT.s 			page 22


 821 0091 0B       		.uleb128 0xb
 822 0092 3B       		.uleb128 0x3b
 823 0093 0B       		.uleb128 0xb
 824 0094 27       		.uleb128 0x27
 825 0095 19       		.uleb128 0x19
 826 0096 49       		.uleb128 0x49
 827 0097 13       		.uleb128 0x13
 828 0098 11       		.uleb128 0x11
 829 0099 01       		.uleb128 0x1
 830 009a 12       		.uleb128 0x12
 831 009b 06       		.uleb128 0x6
 832 009c 40       		.uleb128 0x40
 833 009d 18       		.uleb128 0x18
 834 009e 9742     		.uleb128 0x2117
 835 00a0 19       		.uleb128 0x19
 836 00a1 01       		.uleb128 0x1
 837 00a2 13       		.uleb128 0x13
 838 00a3 00       		.byte	0
 839 00a4 00       		.byte	0
 840 00a5 0B       		.uleb128 0xb
 841 00a6 34       		.uleb128 0x34
 842 00a7 00       		.byte	0
 843 00a8 03       		.uleb128 0x3
 844 00a9 0E       		.uleb128 0xe
 845 00aa 3A       		.uleb128 0x3a
 846 00ab 0B       		.uleb128 0xb
 847 00ac 3B       		.uleb128 0x3b
 848 00ad 0B       		.uleb128 0xb
 849 00ae 49       		.uleb128 0x49
 850 00af 13       		.uleb128 0x13
 851 00b0 02       		.uleb128 0x2
 852 00b1 18       		.uleb128 0x18
 853 00b2 00       		.byte	0
 854 00b3 00       		.byte	0
 855 00b4 0C       		.uleb128 0xc
 856 00b5 2E       		.uleb128 0x2e
 857 00b6 01       		.byte	0x1
 858 00b7 3F       		.uleb128 0x3f
 859 00b8 19       		.uleb128 0x19
 860 00b9 03       		.uleb128 0x3
 861 00ba 0E       		.uleb128 0xe
 862 00bb 3A       		.uleb128 0x3a
 863 00bc 0B       		.uleb128 0xb
 864 00bd 3B       		.uleb128 0x3b
 865 00be 05       		.uleb128 0x5
 866 00bf 27       		.uleb128 0x27
 867 00c0 19       		.uleb128 0x19
 868 00c1 11       		.uleb128 0x11
 869 00c2 01       		.uleb128 0x1
 870 00c3 12       		.uleb128 0x12
 871 00c4 06       		.uleb128 0x6
 872 00c5 40       		.uleb128 0x40
 873 00c6 18       		.uleb128 0x18
 874 00c7 9742     		.uleb128 0x2117
 875 00c9 19       		.uleb128 0x19
 876 00ca 01       		.uleb128 0x1
 877 00cb 13       		.uleb128 0x13
ARM GAS  C:\Users\austc\AppData\Local\Temp\ccqetAFT.s 			page 23


 878 00cc 00       		.byte	0
 879 00cd 00       		.byte	0
 880 00ce 0D       		.uleb128 0xd
 881 00cf 05       		.uleb128 0x5
 882 00d0 00       		.byte	0
 883 00d1 03       		.uleb128 0x3
 884 00d2 0E       		.uleb128 0xe
 885 00d3 3A       		.uleb128 0x3a
 886 00d4 0B       		.uleb128 0xb
 887 00d5 3B       		.uleb128 0x3b
 888 00d6 05       		.uleb128 0x5
 889 00d7 49       		.uleb128 0x49
 890 00d8 13       		.uleb128 0x13
 891 00d9 02       		.uleb128 0x2
 892 00da 17       		.uleb128 0x17
 893 00db 00       		.byte	0
 894 00dc 00       		.byte	0
 895 00dd 0E       		.uleb128 0xe
 896 00de 34       		.uleb128 0x34
 897 00df 00       		.byte	0
 898 00e0 03       		.uleb128 0x3
 899 00e1 0E       		.uleb128 0xe
 900 00e2 3A       		.uleb128 0x3a
 901 00e3 0B       		.uleb128 0xb
 902 00e4 3B       		.uleb128 0x3b
 903 00e5 05       		.uleb128 0x5
 904 00e6 49       		.uleb128 0x49
 905 00e7 13       		.uleb128 0x13
 906 00e8 02       		.uleb128 0x2
 907 00e9 17       		.uleb128 0x17
 908 00ea 00       		.byte	0
 909 00eb 00       		.byte	0
 910 00ec 0F       		.uleb128 0xf
 911 00ed 2E       		.uleb128 0x2e
 912 00ee 00       		.byte	0
 913 00ef 3F       		.uleb128 0x3f
 914 00f0 19       		.uleb128 0x19
 915 00f1 03       		.uleb128 0x3
 916 00f2 0E       		.uleb128 0xe
 917 00f3 3A       		.uleb128 0x3a
 918 00f4 0B       		.uleb128 0xb
 919 00f5 3B       		.uleb128 0x3b
 920 00f6 05       		.uleb128 0x5
 921 00f7 27       		.uleb128 0x27
 922 00f8 19       		.uleb128 0x19
 923 00f9 49       		.uleb128 0x49
 924 00fa 13       		.uleb128 0x13
 925 00fb 11       		.uleb128 0x11
 926 00fc 01       		.uleb128 0x1
 927 00fd 12       		.uleb128 0x12
 928 00fe 06       		.uleb128 0x6
 929 00ff 40       		.uleb128 0x40
 930 0100 18       		.uleb128 0x18
 931 0101 9742     		.uleb128 0x2117
 932 0103 19       		.uleb128 0x19
 933 0104 00       		.byte	0
 934 0105 00       		.byte	0
ARM GAS  C:\Users\austc\AppData\Local\Temp\ccqetAFT.s 			page 24


 935 0106 10       		.uleb128 0x10
 936 0107 05       		.uleb128 0x5
 937 0108 00       		.byte	0
 938 0109 03       		.uleb128 0x3
 939 010a 0E       		.uleb128 0xe
 940 010b 3A       		.uleb128 0x3a
 941 010c 0B       		.uleb128 0xb
 942 010d 3B       		.uleb128 0x3b
 943 010e 05       		.uleb128 0x5
 944 010f 49       		.uleb128 0x49
 945 0110 13       		.uleb128 0x13
 946 0111 02       		.uleb128 0x2
 947 0112 18       		.uleb128 0x18
 948 0113 00       		.byte	0
 949 0114 00       		.byte	0
 950 0115 11       		.uleb128 0x11
 951 0116 898201   		.uleb128 0x4109
 952 0119 01       		.byte	0x1
 953 011a 11       		.uleb128 0x11
 954 011b 01       		.uleb128 0x1
 955 011c 31       		.uleb128 0x31
 956 011d 13       		.uleb128 0x13
 957 011e 01       		.uleb128 0x1
 958 011f 13       		.uleb128 0x13
 959 0120 00       		.byte	0
 960 0121 00       		.byte	0
 961 0122 12       		.uleb128 0x12
 962 0123 8A8201   		.uleb128 0x410a
 963 0126 00       		.byte	0
 964 0127 02       		.uleb128 0x2
 965 0128 18       		.uleb128 0x18
 966 0129 9142     		.uleb128 0x2111
 967 012b 18       		.uleb128 0x18
 968 012c 00       		.byte	0
 969 012d 00       		.byte	0
 970 012e 13       		.uleb128 0x13
 971 012f 34       		.uleb128 0x34
 972 0130 00       		.byte	0
 973 0131 03       		.uleb128 0x3
 974 0132 0E       		.uleb128 0xe
 975 0133 3A       		.uleb128 0x3a
 976 0134 0B       		.uleb128 0xb
 977 0135 3B       		.uleb128 0x3b
 978 0136 0B       		.uleb128 0xb
 979 0137 49       		.uleb128 0x49
 980 0138 13       		.uleb128 0x13
 981 0139 3F       		.uleb128 0x3f
 982 013a 19       		.uleb128 0x19
 983 013b 02       		.uleb128 0x2
 984 013c 18       		.uleb128 0x18
 985 013d 00       		.byte	0
 986 013e 00       		.byte	0
 987 013f 14       		.uleb128 0x14
 988 0140 2E       		.uleb128 0x2e
 989 0141 00       		.byte	0
 990 0142 3F       		.uleb128 0x3f
 991 0143 19       		.uleb128 0x19
ARM GAS  C:\Users\austc\AppData\Local\Temp\ccqetAFT.s 			page 25


 992 0144 3C       		.uleb128 0x3c
 993 0145 19       		.uleb128 0x19
 994 0146 6E       		.uleb128 0x6e
 995 0147 0E       		.uleb128 0xe
 996 0148 03       		.uleb128 0x3
 997 0149 0E       		.uleb128 0xe
 998 014a 3A       		.uleb128 0x3a
 999 014b 0B       		.uleb128 0xb
 1000 014c 3B       		.uleb128 0x3b
 1001 014d 0B       		.uleb128 0xb
 1002 014e 00       		.byte	0
 1003 014f 00       		.byte	0
 1004 0150 00       		.byte	0
 1005              		.section	.debug_loc,"",%progbits
 1006              	.Ldebug_loc0:
 1007              	.LLST0:
 1008 0000 0A000000 		.4byte	.LVL1
 1009 0004 17000000 		.4byte	.LVL2-1
 1010 0008 0100     		.2byte	0x1
 1011 000a 50       		.byte	0x50
 1012 000b 00000000 		.4byte	0
 1013 000f 00000000 		.4byte	0
 1014              	.LLST1:
 1015 0013 06000000 		.4byte	.LVL3
 1016 0017 0C000000 		.4byte	.LVL4
 1017 001b 0100     		.2byte	0x1
 1018 001d 50       		.byte	0x50
 1019 001e 00000000 		.4byte	0
 1020 0022 00000000 		.4byte	0
 1021              	.LLST2:
 1022 0026 00000000 		.4byte	.LVL6
 1023 002a 0E000000 		.4byte	.LVL7
 1024 002e 0100     		.2byte	0x1
 1025 0030 50       		.byte	0x50
 1026 0031 0E000000 		.4byte	.LVL7
 1027 0035 10000000 		.4byte	.LVL8
 1028 0039 0500     		.2byte	0x5
 1029 003b 70       		.byte	0x70
 1030 003c 808002   		.sleb128 32768
 1031 003f 9F       		.byte	0x9f
 1032 0040 10000000 		.4byte	.LVL8
 1033 0044 12000000 		.4byte	.LVL9
 1034 0048 0400     		.2byte	0x4
 1035 004a F3       		.byte	0xf3
 1036 004b 01       		.uleb128 0x1
 1037 004c 50       		.byte	0x50
 1038 004d 9F       		.byte	0x9f
 1039 004e 12000000 		.4byte	.LVL9
 1040 0052 18000000 		.4byte	.LVL10
 1041 0056 0100     		.2byte	0x1
 1042 0058 50       		.byte	0x50
 1043 0059 18000000 		.4byte	.LVL10
 1044 005d 24000000 		.4byte	.LFE6
 1045 0061 0400     		.2byte	0x4
 1046 0063 F3       		.byte	0xf3
 1047 0064 01       		.uleb128 0x1
 1048 0065 50       		.byte	0x50
ARM GAS  C:\Users\austc\AppData\Local\Temp\ccqetAFT.s 			page 26


 1049 0066 9F       		.byte	0x9f
 1050 0067 00000000 		.4byte	0
 1051 006b 00000000 		.4byte	0
 1052              	.LLST3:
 1053 006f 10000000 		.4byte	.LVL8
 1054 0073 12000000 		.4byte	.LVL9
 1055 0077 0100     		.2byte	0x1
 1056 0079 50       		.byte	0x50
 1057 007a 1A000000 		.4byte	.LVL11
 1058 007e 1D000000 		.4byte	.LVL12-1
 1059 0082 0100     		.2byte	0x1
 1060 0084 50       		.byte	0x50
 1061 0085 00000000 		.4byte	0
 1062 0089 00000000 		.4byte	0
 1063              	.LLST4:
 1064 008d 10000000 		.4byte	.LVL16
 1065 0091 1F000000 		.4byte	.LVL17-1
 1066 0095 0100     		.2byte	0x1
 1067 0097 50       		.byte	0x50
 1068 0098 00000000 		.4byte	0
 1069 009c 00000000 		.4byte	0
 1070              		.section	.debug_aranges,"",%progbits
 1071 0000 5C000000 		.4byte	0x5c
 1072 0004 0200     		.2byte	0x2
 1073 0006 00000000 		.4byte	.Ldebug_info0
 1074 000a 04       		.byte	0x4
 1075 000b 00       		.byte	0
 1076 000c 0000     		.2byte	0
 1077 000e 0000     		.2byte	0
 1078 0010 00000000 		.4byte	.LFB1
 1079 0014 02000000 		.4byte	.LFE1-.LFB1
 1080 0018 00000000 		.4byte	.LFB4
 1081 001c 20000000 		.4byte	.LFE4-.LFB4
 1082 0020 00000000 		.4byte	.LFB5
 1083 0024 14000000 		.4byte	.LFE5-.LFB5
 1084 0028 00000000 		.4byte	.LFB6
 1085 002c 24000000 		.4byte	.LFE6-.LFB6
 1086 0030 00000000 		.4byte	.LFB7
 1087 0034 10000000 		.4byte	.LFE7-.LFB7
 1088 0038 00000000 		.4byte	.LFB8
 1089 003c 0C000000 		.4byte	.LFE8-.LFB8
 1090 0040 00000000 		.4byte	.LFB2
 1091 0044 28000000 		.4byte	.LFE2-.LFB2
 1092 0048 00000000 		.4byte	.LFB3
 1093 004c 28000000 		.4byte	.LFE3-.LFB3
 1094 0050 00000000 		.4byte	.LFB9
 1095 0054 10000000 		.4byte	.LFE9-.LFB9
 1096 0058 00000000 		.4byte	0
 1097 005c 00000000 		.4byte	0
 1098              		.section	.debug_ranges,"",%progbits
 1099              	.Ldebug_ranges0:
 1100 0000 00000000 		.4byte	.LFB1
 1101 0004 02000000 		.4byte	.LFE1
 1102 0008 00000000 		.4byte	.LFB4
 1103 000c 20000000 		.4byte	.LFE4
 1104 0010 00000000 		.4byte	.LFB5
 1105 0014 14000000 		.4byte	.LFE5
ARM GAS  C:\Users\austc\AppData\Local\Temp\ccqetAFT.s 			page 27


 1106 0018 00000000 		.4byte	.LFB6
 1107 001c 24000000 		.4byte	.LFE6
 1108 0020 00000000 		.4byte	.LFB7
 1109 0024 10000000 		.4byte	.LFE7
 1110 0028 00000000 		.4byte	.LFB8
 1111 002c 0C000000 		.4byte	.LFE8
 1112 0030 00000000 		.4byte	.LFB2
 1113 0034 28000000 		.4byte	.LFE2
 1114 0038 00000000 		.4byte	.LFB3
 1115 003c 28000000 		.4byte	.LFE3
 1116 0040 00000000 		.4byte	.LFB9
 1117 0044 10000000 		.4byte	.LFE9
 1118 0048 00000000 		.4byte	0
 1119 004c 00000000 		.4byte	0
 1120              		.section	.debug_line,"",%progbits
 1121              	.Ldebug_line0:
 1122 0000 1F010000 		.section	.debug_str,"MS",%progbits,1
 1122      02006200 
 1122      00000201 
 1122      FB0E0D00 
 1122      01010101 
 1123              	.LASF39:
 1124 0000 433A5C55 		.ascii	"C:\\Users\\austc\\OneDrive\\Documents\\GitHub\\Elec"
 1124      73657273 
 1124      5C617573 
 1124      74635C4F 
 1124      6E654472 
 1125 002d 74726F6E 		.ascii	"tronics2018-19\\Psoc Arm\\Motor Board Rev1.cydsn\000"
 1125      69637332 
 1125      3031382D 
 1125      31395C50 
 1125      736F6320 
 1126              	.LASF25:
 1127 005c 76616C75 		.ascii	"value\000"
 1127      6500
 1128              	.LASF20:
 1129 0062 636F756E 		.ascii	"count\000"
 1129      7400
 1130              	.LASF3:
 1131 0068 73686F72 		.ascii	"short unsigned int\000"
 1131      7420756E 
 1131      7369676E 
 1131      65642069 
 1131      6E7400
 1132              	.LASF42:
 1133 007b 51756164 		.ascii	"QuadDec_initVar\000"
 1133      4465635F 
 1133      696E6974 
 1133      56617200 
 1134              	.LASF28:
 1135 008b 51756164 		.ascii	"QuadDec_Start\000"
 1135      4465635F 
 1135      53746172 
 1135      7400
 1136              	.LASF36:
 1137 0099 51756164 		.ascii	"QuadDec_Cnt16_Start\000"
 1137      4465635F 
ARM GAS  C:\Users\austc\AppData\Local\Temp\ccqetAFT.s 			page 28


 1137      436E7431 
 1137      365F5374 
 1137      61727400 
 1138              	.LASF38:
 1139 00ad 47656E65 		.ascii	"Generated_Source\\PSoC4\\QuadDec.c\000"
 1139      72617465 
 1139      645F536F 
 1139      75726365 
 1139      5C50536F 
 1140              	.LASF27:
 1141 00ce 51756164 		.ascii	"QuadDec_Enable\000"
 1141      4465635F 
 1141      456E6162 
 1141      6C6500
 1142              	.LASF13:
 1143 00dd 666C6F61 		.ascii	"float\000"
 1143      7400
 1144              	.LASF7:
 1145 00e3 6C6F6E67 		.ascii	"long long unsigned int\000"
 1145      206C6F6E 
 1145      6720756E 
 1145      7369676E 
 1145      65642069 
 1146              	.LASF31:
 1147 00fa 51756164 		.ascii	"QuadDec_Cnt16_Stop\000"
 1147      4465635F 
 1147      436E7431 
 1147      365F5374 
 1147      6F7000
 1148              	.LASF1:
 1149 010d 756E7369 		.ascii	"unsigned char\000"
 1149      676E6564 
 1149      20636861 
 1149      7200
 1150              	.LASF35:
 1151 011b 51756164 		.ascii	"QuadDec_Cnt16_WriteCounter\000"
 1151      4465635F 
 1151      436E7431 
 1151      365F5772 
 1151      69746543 
 1152              	.LASF34:
 1153 0136 51756164 		.ascii	"QuadDec_Cnt16_ReadCounter\000"
 1153      4465635F 
 1153      436E7431 
 1153      365F5265 
 1153      6164436F 
 1154              	.LASF11:
 1155 0150 696E7431 		.ascii	"int16\000"
 1155      3600
 1156              	.LASF5:
 1157 0156 6C6F6E67 		.ascii	"long unsigned int\000"
 1157      20756E73 
 1157      69676E65 
 1157      6420696E 
 1157      7400
 1158              	.LASF12:
 1159 0168 696E7433 		.ascii	"int32\000"
ARM GAS  C:\Users\austc\AppData\Local\Temp\ccqetAFT.s 			page 29


 1159      3200
 1160              	.LASF29:
 1161 016e 51756164 		.ascii	"QuadDec_GetEvents\000"
 1161      4465635F 
 1161      47657445 
 1161      76656E74 
 1161      7300
 1162              	.LASF19:
 1163 0180 656E6162 		.ascii	"enableInterrupts\000"
 1163      6C65496E 
 1163      74657272 
 1163      75707473 
 1163      00
 1164              	.LASF21:
 1165 0191 746D7043 		.ascii	"tmpCnt\000"
 1165      6E7400
 1166              	.LASF14:
 1167 0198 646F7562 		.ascii	"double\000"
 1167      6C6500
 1168              	.LASF41:
 1169 019f 51756164 		.ascii	"QuadDec_GetCounter\000"
 1169      4465635F 
 1169      47657443 
 1169      6F756E74 
 1169      657200
 1170              	.LASF10:
 1171 01b2 75696E74 		.ascii	"uint16\000"
 1171      313600
 1172              	.LASF32:
 1173 01b9 4379456E 		.ascii	"CyEnterCriticalSection\000"
 1173      74657243 
 1173      72697469 
 1173      63616C53 
 1173      65637469 
 1174              	.LASF8:
 1175 01d0 756E7369 		.ascii	"unsigned int\000"
 1175      676E6564 
 1175      20696E74 
 1175      00
 1176              	.LASF33:
 1177 01dd 43794578 		.ascii	"CyExitCriticalSection\000"
 1177      69744372 
 1177      69746963 
 1177      616C5365 
 1177      6374696F 
 1178              	.LASF37:
 1179 01f3 474E5520 		.ascii	"GNU C11 5.4.1 20160609 (release) [ARM/embedded-5-br"
 1179      43313120 
 1179      352E342E 
 1179      31203230 
 1179      31363036 
 1180 0226 616E6368 		.ascii	"anch revision 237715] -mcpu=cortex-m0 -mthumb -g -O"
 1180      20726576 
 1180      6973696F 
 1180      6E203233 
 1180      37373135 
 1181 0259 67202D66 		.ascii	"g -ffunction-sections -ffat-lto-objects\000"
ARM GAS  C:\Users\austc\AppData\Local\Temp\ccqetAFT.s 			page 30


 1181      66756E63 
 1181      74696F6E 
 1181      2D736563 
 1181      74696F6E 
 1182              	.LASF16:
 1183 0281 72656738 		.ascii	"reg8\000"
 1183      00
 1184              	.LASF18:
 1185 0286 73697A65 		.ascii	"sizetype\000"
 1185      74797065 
 1185      00
 1186              	.LASF6:
 1187 028f 6C6F6E67 		.ascii	"long long int\000"
 1187      206C6F6E 
 1187      6720696E 
 1187      7400
 1188              	.LASF24:
 1189 029d 51756164 		.ascii	"QuadDec_SetInterruptMask\000"
 1189      4465635F 
 1189      53657449 
 1189      6E746572 
 1189      72757074 
 1190              	.LASF26:
 1191 02b6 6D61736B 		.ascii	"mask\000"
 1191      00
 1192              	.LASF40:
 1193 02bb 51756164 		.ascii	"QuadDec_Init\000"
 1193      4465635F 
 1193      496E6974 
 1193      00
 1194              	.LASF2:
 1195 02c8 73686F72 		.ascii	"short int\000"
 1195      7420696E 
 1195      7400
 1196              	.LASF9:
 1197 02d2 75696E74 		.ascii	"uint8\000"
 1197      3800
 1198              	.LASF23:
 1199 02d8 51756164 		.ascii	"QuadDec_SetCounter\000"
 1199      4465635F 
 1199      53657443 
 1199      6F756E74 
 1199      657200
 1200              	.LASF4:
 1201 02eb 6C6F6E67 		.ascii	"long int\000"
 1201      20696E74 
 1201      00
 1202              	.LASF15:
 1203 02f4 63686172 		.ascii	"char\000"
 1203      00
 1204              	.LASF17:
 1205 02f9 6C6F6E67 		.ascii	"long double\000"
 1205      20646F75 
 1205      626C6500 
 1206              	.LASF0:
 1207 0305 7369676E 		.ascii	"signed char\000"
 1207      65642063 
ARM GAS  C:\Users\austc\AppData\Local\Temp\ccqetAFT.s 			page 31


 1207      68617200 
 1208              	.LASF22:
 1209 0311 51756164 		.ascii	"QuadDec_Stop\000"
 1209      4465635F 
 1209      53746F70 
 1209      00
 1210              	.LASF30:
 1211 031e 51756164 		.ascii	"QuadDec_GetInterruptMask\000"
 1211      4465635F 
 1211      47657449 
 1211      6E746572 
 1211      72757074 
 1212              		.ident	"GCC: (GNU Tools for ARM Embedded Processors) 5.4.1 20160609 (release) [ARM/embedded-5-bran
