#***************************************************************************

#sjplacer

#Version:            1.1

#Build Date:         Dec  5 2017 15:35:27

#File Generated:     May 22 2019 19:09:28

#Purpose:            

#Copyright (C) 2010-2011 by Softjin Technologies Pvt Ltd. All rights reserved.

#***************************************************************************

Executing : C:\Program Files (x86)\Cypress\PSoC Creator\4.2\PSoC Creator\bin/sjplacer.exe --proj-name Motor Board Rev1 --netlist-vh2 Motor Board Rev1_p.vh2 --arch p4_udb2x4 --arch-file C:\Program Files (x86)\Cypress\PSoC Creator\4.2\PSoC Creator\dev\arch/udbdsi_2x4_08.cydata --ip-file C:\Program Files (x86)\Cypress\PSoC Creator\4.2\PSoC Creator\dev\psoc4/2/ip_blocks.cydata --rrg-file C:\Program Files (x86)\Cypress\PSoC Creator\4.2\PSoC Creator\dev\psoc4/2/route_arch-rrg.cydata --irq-file C:\Program Files (x86)\Cypress\PSoC Creator\4.2\PSoC Creator\dev\psoc4/2/irqconn.cydata --drq-file C:\Program Files (x86)\Cypress\PSoC Creator\4.2\PSoC Creator\dev\psoc4/2/triggerconn.cydata --dsi-conn-file C:\Program Files (x86)\Cypress\PSoC Creator\4.2\PSoC Creator\dev\psoc4/2/dsiconn.cydata --pins-file pins_64-TQFP.xml --lib-file Motor Board Rev1_p.lib --sdc-file Motor Board Rev1.sdc --io-pcf Motor Board Rev1.pci --outdir .

		Softjin Techologies Placer, Version 1.1

Build Date : Dec  5 2017	15:33:41

D2004: Option and Settings Summary
=============================================================
Netlist vh2 file          - Motor Board Rev1_p.vh2
Architecture file         - C:\Program Files (x86)\Cypress\PSoC Creator\4.2\PSoC Creator\dev\arch/udbdsi_2x4_08.cydata
Package                   - 
Defparam file             - 
SDC file                  - Motor Board Rev1.sdc
Output directory          - .
Timing library            - Motor Board Rev1_p.lib
IO Placement file         - Motor Board Rev1.pci

D2050: Starting reading inputs for placer
=============================================================
D2065: Reading netlist file : "Motor Board Rev1_p.vh2"
D2065: Reading arch file : "C:\Program Files (x86)\Cypress\PSoC Creator\4.2\PSoC Creator\dev\arch/udbdsi_2x4_08.cydata"
D2051: Reading of inputs for placer completed successfully

D2053: Starting placement of the design
=============================================================

Phase 2
Phase 3

Design Statistics after Packing
    Number of Combinational MCs 	:	10
    Number of Sequential MCs    	:	15
    Number of DPs               	:	5
    Number of Controls          	:	2
    Number of Status            	:	5
    Number of SyncCells         	:	0
    Number of count7cells       	:	0

Device Utilization Summary after Packing
    Macrocells                  :	25/64
    UDBS                        :	8/8
    IOs                         :	19/76


D2088: Phase 3, elapsed time : 0.0 (sec)

Phase 4
D2088: Phase 4, elapsed time : 0.0 (sec)

Phase 6

######################################################################
Placement Timing Summary

The timing summary is based on estimated routing delays after
placement. For final timing report, please carry out the timing
analysis after routing.
======================================================================

######################################################################
                     Clock Summary 
======================================================================
Number of clocks: 14
Clock: Clock_1              | Frequency:  32.6 MHz | Target:  20.0 MHz
Clock: Clock_2              | Frequency: N/A       | Target:   0.0 MHz
Clock: Clock_PWM            | Frequency: N/A       | Target:  10.0 MHz
Clock: Clock_PWM(FFB)       | Frequency: N/A       | Target:  10.0 MHz
Clock: CyExtClk             | Frequency: N/A       | Target:  40.0 MHz
Clock: CyHFClk              | Frequency: N/A       | Target:  40.0 MHz
Clock: CyIMO                | Frequency: N/A       | Target:  48.0 MHz
Clock: CyRouted1            | Frequency: N/A       | Target:  40.0 MHz
Clock: CySysClk             | Frequency: N/A       | Target:  40.0 MHz
Clock: I2C_1_SCBCLK         | Frequency: N/A       | Target:   1.6 MHz
Clock: I2C_1_SCBCLK(FFB)    | Frequency: N/A       | Target:   1.6 MHz
Clock: UART_SCBCLK          | Frequency: N/A       | Target:   1.4 MHz
Clock: UART_SCBCLK(FFB)     | Frequency: N/A       | Target:   1.4 MHz
Clock: timer_clock          | Frequency:  32.9 MHz | Target:  20.0 MHz

======================================================================
                     End of Clock Summary
######################################################################

D2088: Phase 6, elapsed time : 0.0 (sec)

Phase 7
######################################################################
                     Clock Summary 
======================================================================
Number of clocks: 14
Clock: Clock_1              | Frequency:  32.6 MHz | Target:  20.0 MHz
Clock: Clock_2              | Frequency: N/A       | Target:   0.0 MHz
Clock: Clock_PWM            | Frequency: N/A       | Target:  10.0 MHz
Clock: Clock_PWM(FFB)       | Frequency: N/A       | Target:  10.0 MHz
Clock: CyExtClk             | Frequency: N/A       | Target:  40.0 MHz
Clock: CyHFClk              | Frequency: N/A       | Target:  40.0 MHz
Clock: CyIMO                | Frequency: N/A       | Target:  48.0 MHz
Clock: CyRouted1            | Frequency: N/A       | Target:  40.0 MHz
Clock: CySysClk             | Frequency: N/A       | Target:  40.0 MHz
Clock: I2C_1_SCBCLK         | Frequency: N/A       | Target:   1.6 MHz
Clock: I2C_1_SCBCLK(FFB)    | Frequency: N/A       | Target:   1.6 MHz
Clock: UART_SCBCLK          | Frequency: N/A       | Target:   1.4 MHz
Clock: UART_SCBCLK(FFB)     | Frequency: N/A       | Target:   1.4 MHz
Clock: timer_clock          | Frequency:  32.9 MHz | Target:  20.0 MHz

======================================================================
                     End of Clock Summary
######################################################################
D2088: Phase 7, elapsed time : 0.4 (sec)

Final Design Statistics
    Number of Combinational MCs 	:	10
    Number of Sequential MCs    	:	15
    Number of DPs               	:	5
    Number of Controls          	:	2
    Number of Status            	:	5
    Number of SyncCells         	:	0
    Number of count7cells       	:	0
    Number of IOs       	:	19

Device Utilization Summary
    Macrocells                  :	25/64
    IOs                         :	19/76



######################################################################
Placement Timing Summary

The timing summary is based on estimated routing delays after
placement. For final timing report, please carry out the timing
analysis after routing.
======================================================================


######################################################################
                     Clock Summary 
======================================================================
Number of clocks: 14
Clock: Clock_1              | Frequency:  32.6 MHz | Target:  21.7 MHz
Clock: Clock_2              | Frequency: N/A       | Target:   0.0 MHz
Clock: Clock_PWM            | Frequency: N/A       | Target:  10.0 MHz
Clock: Clock_PWM(FFB)       | Frequency: N/A       | Target:  10.0 MHz
Clock: CyExtClk             | Frequency: N/A       | Target:  40.0 MHz
Clock: CyHFClk              | Frequency: N/A       | Target:  40.0 MHz
Clock: CyIMO                | Frequency: N/A       | Target:  48.0 MHz
Clock: CyRouted1            | Frequency: N/A       | Target:  40.0 MHz
Clock: CySysClk             | Frequency: N/A       | Target:  40.0 MHz
Clock: I2C_1_SCBCLK         | Frequency: N/A       | Target:   1.6 MHz
Clock: I2C_1_SCBCLK(FFB)    | Frequency: N/A       | Target:   1.6 MHz
Clock: UART_SCBCLK          | Frequency: N/A       | Target:   1.4 MHz
Clock: UART_SCBCLK(FFB)     | Frequency: N/A       | Target:   1.4 MHz
Clock: timer_clock          | Frequency:  32.9 MHz | Target:  21.7 MHz

======================================================================
                     End of Clock Summary
######################################################################

Phase 8
D2088: Phase 8, elapsed time : 0.0 (sec)

D2054: Placement of the design completed successfully

I2076: Total run-time: 1.2 sec.

