--------------- Build Started: 02/12/2021 18:00:19 Project: Motor_Board_Rev3_CAN_Send, Configuration: ARM GCC 5.4-2016-q2-update Debug ---------------
The code generation step is up to date.
arm-none-eabi-gcc.exe -mcpu=cortex-m0 -mthumb -I. -IGenerated_Source\PSoC4 -Wa,-alh=.\CortexM0\ARM_GCC_541\Debug/main.lst -g -D DEBUG -D CY_CORE_ID=0 -D CHIP_TYPE=CHIP_TYPE_PSOC_CY8C4248AZI_L485 -Wall -ffunction-sections -ffat-lto-objects -Og -c main.c -o .\CortexM0\ARM_GCC_541\Debug\main.o
main.c: In function 'Period_Reset_Handler':
main.c:48:18: warning: unused variable 'timer' [-Wunused-variable]
     volatile int timer = Timer_1_ReadStatusRegister();
                  ^
main.c: In function 'main':
main.c:72:18: warning: unused variable 'error' [-Wunused-variable]
     volatile int error = 0;
                  ^
main.c:70:15: warning: unused variable 'can_recieve' [-Wunused-variable]
     CANPacket can_recieve;
               ^
arm-none-eabi-gcc.exe -mcpu=cortex-m0 -mthumb -I. -IGenerated_Source\PSoC4 -Wa,-alh=.\CortexM0\ARM_GCC_541\Debug/Initialize_CAN_addr.lst -g -D DEBUG -D CY_CORE_ID=0 -D CHIP_TYPE=CHIP_TYPE_PSOC_CY8C4248AZI_L485 -Wall -ffunction-sections -ffat-lto-objects -Og -c Initialize_CAN_addr.c -o .\CortexM0\ARM_GCC_541\Debug\Initialize_CAN_addr.o
arm-none-eabi-gcc.exe -mcpu=cortex-m0 -mthumb -I. -IGenerated_Source\PSoC4 -Wa,-alh=.\CortexM0\ARM_GCC_541\Debug/MotorDrive.lst -g -D DEBUG -D CY_CORE_ID=0 -D CHIP_TYPE=CHIP_TYPE_PSOC_CY8C4248AZI_L485 -Wall -ffunction-sections -ffat-lto-objects -Og -c MotorDrive.c -o .\CortexM0\ARM_GCC_541\Debug\MotorDrive.o
arm-none-eabi-gcc.exe -mcpu=cortex-m0 -mthumb -I. -IGenerated_Source\PSoC4 -Wa,-alh=.\CortexM0\ARM_GCC_541\Debug/PositionPID.lst -g -D DEBUG -D CY_CORE_ID=0 -D CHIP_TYPE=CHIP_TYPE_PSOC_CY8C4248AZI_L485 -Wall -ffunction-sections -ffat-lto-objects -Og -c PositionPID.c -o .\CortexM0\ARM_GCC_541\Debug\PositionPID.o
arm-none-eabi-gcc.exe -mcpu=cortex-m0 -mthumb -I. -IGenerated_Source\PSoC4 -Wa,-alh=.\CortexM0\ARM_GCC_541\Debug/LED_Array.lst -g -D DEBUG -D CY_CORE_ID=0 -D CHIP_TYPE=CHIP_TYPE_PSOC_CY8C4248AZI_L485 -Wall -ffunction-sections -ffat-lto-objects -Og -c LED_Array.c -o .\CortexM0\ARM_GCC_541\Debug\LED_Array.o
arm-none-eabi-gcc.exe -mcpu=cortex-m0 -mthumb -I. -IGenerated_Source\PSoC4 -Wa,-alh=.\CortexM0\ARM_GCC_541\Debug/DebugMessages.lst -g -D DEBUG -D CY_CORE_ID=0 -D CHIP_TYPE=CHIP_TYPE_PSOC_CY8C4248AZI_L485 -Wall -ffunction-sections -ffat-lto-objects -Og -c DebugMessages.c -o .\CortexM0\ARM_GCC_541\Debug\DebugMessages.o
DebugMessages.c: In function 'SetMotorPWM':
DebugMessages.c:81:21: warning: format '%d' expects argument of type 'int', but argument 3 has type 'int32_t {aka long int}' [-Wformat=]
     sprintf(txData, "PWM Value: %d\r\n", result);
                     ^
DebugMessages.c:81:21: warning: format '%d' expects argument of type 'int', but argument 3 has type 'int32_t {aka long int}' [-Wformat=]
arm-none-eabi-gcc.exe -mcpu=cortex-m0 -mthumb -I. -IGenerated_Source\PSoC4 -Wa,-alh=.\CortexM0\ARM_GCC_541\Debug/PortPSOC_CY8C4248AZI_L485.lst -g -D DEBUG -D CY_CORE_ID=0 -D CHIP_TYPE=CHIP_TYPE_PSOC_CY8C4248AZI_L485 -Wall -ffunction-sections -ffat-lto-objects -Og -c ..\CANLib\PortFiles\PortPSOC_CY8C4248AZI_L485.c -o .\CortexM0\ARM_GCC_541\Debug\PortPSOC_CY8C4248AZI_L485.o
In file included from Generated_Source\PSoC4/project.h:55:0,
                 from ..\CANLib\PortFiles\PortPSOC_CY8C4248AZI_L485.c:12:
..\CANLib\PortFiles\PortPSOC_CY8C4248AZI_L485.c: In function 'CAN_FLAG_ISR':
Generated_Source\PSoC4/CAN.h:566:58: warning: 'mailbox' may be used uninitialized in this function [-Wmaybe-uninitialized]
 #define CAN_RX_CMD_REG(i)            (*(reg32 *) (&CAN_RX[i].rxcmd))
                                                          ^
..\CANLib\PortFiles\PortPSOC_CY8C4248AZI_L485.c:172:13: note: 'mailbox' was declared here
     uint8_t mailbox;
             ^
arm-none-eabi-gcc.exe -mcpu=cortex-m0 -mthumb -I. -IGenerated_Source\PSoC4 -Wa,-alh=.\CortexM0\ARM_GCC_541\Debug/cyfitter_cfg.lst -g -D DEBUG -D CY_CORE_ID=0 -D CHIP_TYPE=CHIP_TYPE_PSOC_CY8C4248AZI_L485 -Wall -ffunction-sections -ffat-lto-objects -Og -c Generated_Source\PSoC4\cyfitter_cfg.c -o .\CortexM0\ARM_GCC_541\Debug\cyfitter_cfg.o
arm-none-eabi-gcc.exe -mcpu=cortex-m0 -mthumb -I. -IGenerated_Source\PSoC4 -Wa,-alh=.\CortexM0\ARM_GCC_541\Debug/isr_Limit_1.lst -g -D DEBUG -D CY_CORE_ID=0 -D CHIP_TYPE=CHIP_TYPE_PSOC_CY8C4248AZI_L485 -Wall -ffunction-sections -ffat-lto-objects -Og -c Generated_Source\PSoC4\isr_Limit_1.c -o .\CortexM0\ARM_GCC_541\Debug\isr_Limit_1.o
arm-none-eabi-gcc.exe -mcpu=cortex-m0 -mthumb -I. -IGenerated_Source\PSoC4 -Wa,-alh=.\CortexM0\ARM_GCC_541\Debug/StripLights.lst -g -D DEBUG -D CY_CORE_ID=0 -D CHIP_TYPE=CHIP_TYPE_PSOC_CY8C4248AZI_L485 -Wall -ffunction-sections -ffat-lto-objects -Og -c Generated_Source\PSoC4\StripLights.c -o .\CortexM0\ARM_GCC_541\Debug\StripLights.o
Generated_Source\PSoC4\StripLights.c: In function 'StripLights_GetPixel':
Generated_Source\PSoC4\StripLights.c:602:11: warning: 'color' may be used uninitialized in this function [-Wmaybe-uninitialized]
     return(color);
           ^
arm-none-eabi-gcc.exe -mcpu=cortex-m0 -mthumb -I. -IGenerated_Source\PSoC4 -Wa,-alh=.\CortexM0\ARM_GCC_541\Debug/StripLights_fonts.lst -g -D DEBUG -D CY_CORE_ID=0 -D CHIP_TYPE=CHIP_TYPE_PSOC_CY8C4248AZI_L485 -Wall -ffunction-sections -ffat-lto-objects -Og -c Generated_Source\PSoC4\StripLights_fonts.c -o .\CortexM0\ARM_GCC_541\Debug\StripLights_fonts.o
arm-none-eabi-gcc.exe -mcpu=cortex-m0 -mthumb -I. -IGenerated_Source\PSoC4 -Wa,-alh=.\CortexM0\ARM_GCC_541\Debug/ADC_SAR_Seq_1_INT.lst -g -D DEBUG -D CY_CORE_ID=0 -D CHIP_TYPE=CHIP_TYPE_PSOC_CY8C4248AZI_L485 -Wall -ffunction-sections -ffat-lto-objects -Og -c Generated_Source\PSoC4\ADC_SAR_Seq_1_INT.c -o .\CortexM0\ARM_GCC_541\Debug\ADC_SAR_Seq_1_INT.o
arm-none-eabi-gcc.exe -mcpu=cortex-m0 -mthumb -I. -IGenerated_Source\PSoC4 -Wa,-alh=.\CortexM0\ARM_GCC_541\Debug/CAN.lst -g -D DEBUG -D CY_CORE_ID=0 -D CHIP_TYPE=CHIP_TYPE_PSOC_CY8C4248AZI_L485 -Wall -ffunction-sections -ffat-lto-objects -Og -c Generated_Source\PSoC4\CAN.c -o .\CortexM0\ARM_GCC_541\Debug\CAN.o
arm-none-eabi-gcc.exe -mcpu=cortex-m0 -mthumb -I. -IGenerated_Source\PSoC4 -Wa,-alh=.\CortexM0\ARM_GCC_541\Debug/CAN_INT.lst -g -D DEBUG -D CY_CORE_ID=0 -D CHIP_TYPE=CHIP_TYPE_PSOC_CY8C4248AZI_L485 -Wall -ffunction-sections -ffat-lto-objects -Og -c Generated_Source\PSoC4\CAN_INT.c -o .\CortexM0\ARM_GCC_541\Debug\CAN_INT.o
arm-none-eabi-gcc.exe -mcpu=cortex-m0 -mthumb -I. -IGenerated_Source\PSoC4 -Wa,-alh=.\CortexM0\ARM_GCC_541\Debug/CAN_PM.lst -g -D DEBUG -D CY_CORE_ID=0 -D CHIP_TYPE=CHIP_TYPE_PSOC_CY8C4248AZI_L485 -Wall -ffunction-sections -ffat-lto-objects -Og -c Generated_Source\PSoC4\CAN_PM.c -o .\CortexM0\ARM_GCC_541\Debug\CAN_PM.o
arm-none-eabi-gcc.exe -mcpu=cortex-m0 -mthumb -I. -IGenerated_Source\PSoC4 -Wa,-alh=.\CortexM0\ARM_GCC_541\Debug/CAN_TX_RX_func.lst -g -D DEBUG -D CY_CORE_ID=0 -D CHIP_TYPE=CHIP_TYPE_PSOC_CY8C4248AZI_L485 -Wall -ffunction-sections -ffat-lto-objects -Og -c Generated_Source\PSoC4\CAN_TX_RX_func.c -o .\CortexM0\ARM_GCC_541\Debug\CAN_TX_RX_func.o
arm-none-eabi-gcc.exe -mcpu=cortex-m0 -mthumb -I. -IGenerated_Source\PSoC4 -Wa,-alh=.\CortexM0\ARM_GCC_541\Debug/UART_SPI_UART_INT.lst -g -D DEBUG -D CY_CORE_ID=0 -D CHIP_TYPE=CHIP_TYPE_PSOC_CY8C4248AZI_L485 -Wall -ffunction-sections -ffat-lto-objects -Og -c Generated_Source\PSoC4\UART_SPI_UART_INT.c -o .\CortexM0\ARM_GCC_541\Debug\UART_SPI_UART_INT.o
arm-none-eabi-gcc.exe -mcpu=cortex-m0 -mthumb -I. -IGenerated_Source\PSoC4 -Wa,-alh=.\CortexM0\ARM_GCC_541\Debug/UART_UART.lst -g -D DEBUG -D CY_CORE_ID=0 -D CHIP_TYPE=CHIP_TYPE_PSOC_CY8C4248AZI_L485 -Wall -ffunction-sections -ffat-lto-objects -Og -c Generated_Source\PSoC4\UART_UART.c -o .\CortexM0\ARM_GCC_541\Debug\UART_UART.o
arm-none-eabi-gcc.exe -mcpu=cortex-m0 -mthumb -I. -IGenerated_Source\PSoC4 -Wa,-alh=.\CortexM0\ARM_GCC_541\Debug/isr_period.lst -g -D DEBUG -D CY_CORE_ID=0 -D CHIP_TYPE=CHIP_TYPE_PSOC_CY8C4248AZI_L485 -Wall -ffunction-sections -ffat-lto-objects -Og -c Generated_Source\PSoC4\isr_period.c -o .\CortexM0\ARM_GCC_541\Debug\isr_period.o
arm-none-eabi-gcc.exe -mcpu=cortex-m0 -mthumb -I. -IGenerated_Source\PSoC4 -Wa,-alh=.\CortexM0\ARM_GCC_541\Debug/StripLights_cisr.lst -g -D DEBUG -D CY_CORE_ID=0 -D CHIP_TYPE=CHIP_TYPE_PSOC_CY8C4248AZI_L485 -Wall -ffunction-sections -ffat-lto-objects -Og -c Generated_Source\PSoC4\StripLights_cisr.c -o .\CortexM0\ARM_GCC_541\Debug\StripLights_cisr.o
arm-none-eabi-gcc.exe -mcpu=cortex-m0 -mthumb -I. -IGenerated_Source\PSoC4 -Wa,-alh=.\CortexM0\ARM_GCC_541\Debug/StripLights_fisr.lst -g -D DEBUG -D CY_CORE_ID=0 -D CHIP_TYPE=CHIP_TYPE_PSOC_CY8C4248AZI_L485 -Wall -ffunction-sections -ffat-lto-objects -Og -c Generated_Source\PSoC4\StripLights_fisr.c -o .\CortexM0\ARM_GCC_541\Debug\StripLights_fisr.o
arm-none-eabi-gcc.exe -mcpu=cortex-m0 -mthumb -I. -IGenerated_Source\PSoC4 -Wa,-alh=.\CortexM0\ARM_GCC_541\Debug/ADC_SAR_Seq_1_IRQ.lst -g -D DEBUG -D CY_CORE_ID=0 -D CHIP_TYPE=CHIP_TYPE_PSOC_CY8C4248AZI_L485 -Wall -ffunction-sections -ffat-lto-objects -Og -c Generated_Source\PSoC4\ADC_SAR_Seq_1_IRQ.c -o .\CortexM0\ARM_GCC_541\Debug\ADC_SAR_Seq_1_IRQ.o
arm-none-eabi-gcc.exe -mcpu=cortex-m0 -mthumb -I. -IGenerated_Source\PSoC4 -Wa,-alh=.\CortexM0\ARM_GCC_541\Debug/CAN_isr.lst -g -D DEBUG -D CY_CORE_ID=0 -D CHIP_TYPE=CHIP_TYPE_PSOC_CY8C4248AZI_L485 -Wall -ffunction-sections -ffat-lto-objects -Og -c Generated_Source\PSoC4\CAN_isr.c -o .\CortexM0\ARM_GCC_541\Debug\CAN_isr.o
arm-none-eabi-gcc.exe -mcpu=cortex-m0 -mthumb -I. -IGenerated_Source\PSoC4 -Wa,-alh=.\CortexM0\ARM_GCC_541\Debug/UART_SCB_IRQ.lst -g -D DEBUG -D CY_CORE_ID=0 -D CHIP_TYPE=CHIP_TYPE_PSOC_CY8C4248AZI_L485 -Wall -ffunction-sections -ffat-lto-objects -Og -c Generated_Source\PSoC4\UART_SCB_IRQ.c -o .\CortexM0\ARM_GCC_541\Debug\UART_SCB_IRQ.o
arm-none-eabi-gcc.exe -mcpu=cortex-m0 -mthumb -I. -IGenerated_Source\PSoC4 -Wa,-alh=.\CortexM0\ARM_GCC_541\Debug/Cm0Start.lst -g -D DEBUG -D CY_CORE_ID=0 -D CHIP_TYPE=CHIP_TYPE_PSOC_CY8C4248AZI_L485 -Wall -ffunction-sections -ffat-lto-objects -Og -c Generated_Source\PSoC4\Cm0Start.c -o .\CortexM0\ARM_GCC_541\Debug\Cm0Start.o
arm-none-eabi-ar.exe -rs .\CortexM0\ARM_GCC_541\Debug\Motor_Board_Rev3_CAN_Send.a .\CortexM0\ARM_GCC_541\Debug\Pin_Limit_1.o .\CortexM0\ARM_GCC_541\Debug\Pin_Limit_1_PM.o .\CortexM0\ARM_GCC_541\Debug\Pin_Limit_2.o .\CortexM0\ARM_GCC_541\Debug\Pin_Limit_2_PM.o .\CortexM0\ARM_GCC_541\Debug\PWM_Motor.o .\CortexM0\ARM_GCC_541\Debug\PWM_Motor_PM.o .\CortexM0\ARM_GCC_541\Debug\isr_Limit_1.o .\CortexM0\ARM_GCC_541\Debug\Pin_Motor.o .\CortexM0\ARM_GCC_541\Debug\Pin_Motor_PM.o .\CortexM0\ARM_GCC_541\Debug\Clock_PWM.o .\CortexM0\ARM_GCC_541\Debug\Pin_Pot.o .\CortexM0\ARM_GCC_541\Debug\Pin_Pot_PM.o .\CortexM0\ARM_GCC_541\Debug\Pin_Direction.o .\CortexM0\ARM_GCC_541\Debug\Pin_Direction_PM.o .\CortexM0\ARM_GCC_541\Debug\QuadDec.o .\CortexM0\ARM_GCC_541\Debug\QuadDec_PM.o .\CortexM0\ARM_GCC_541\Debug\Pin_Encoder_A.o .\CortexM0\ARM_GCC_541\Debug\Pin_Encoder_A_PM.o .\CortexM0\ARM_GCC_541\Debug\Pin_Encoder_B.o .\CortexM0\ARM_GCC_541\Debug\Pin_Encoder_B_PM.o .\CortexM0\ARM_GCC_541\Debug\Clock_1.o .\CortexM0\ARM_GCC_541\Debug\Debug_1.o .\CortexM0\ARM_GCC_541\Debug\Debug_1_PM.o .\CortexM0\ARM_GCC_541\Debug\Debug_2.o .\CortexM0\ARM_GCC_541\Debug\Debug_2_PM.o .\CortexM0\ARM_GCC_541\Debug\Status_Reg_Switches.o .\CortexM0\ARM_GCC_541\Debug\Clock_2.o .\CortexM0\ARM_GCC_541\Debug\StripLights.o .\CortexM0\ARM_GCC_541\Debug\StripLights_fonts.o .\CortexM0\ARM_GCC_541\Debug\Array_LED.o .\CortexM0\ARM_GCC_541\Debug\Array_LED_PM.o .\CortexM0\ARM_GCC_541\Debug\ADC_SAR_Seq_1.o .\CortexM0\ARM_GCC_541\Debug\ADC_SAR_Seq_1_PM.o .\CortexM0\ARM_GCC_541\Debug\ADC_SAR_Seq_1_INT.o .\CortexM0\ARM_GCC_541\Debug\RX_1.o .\CortexM0\ARM_GCC_541\Debug\RX_1_PM.o .\CortexM0\ARM_GCC_541\Debug\TX_1.o .\CortexM0\ARM_GCC_541\Debug\TX_1_PM.o .\CortexM0\ARM_GCC_541\Debug\CAN.o .\CortexM0\ARM_GCC_541\Debug\CAN_INT.o .\CortexM0\ARM_GCC_541\Debug\CAN_PM.o .\CortexM0\ARM_GCC_541\Debug\CAN_TX_RX_func.o .\CortexM0\ARM_GCC_541\Debug\UART.o .\CortexM0\ARM_GCC_541\Debug\UART_SPI_UART.o .\CortexM0\ARM_GCC_541\Debug\UART_SPI_UART_INT.o .\CortexM0\ARM_GCC_541\Debug\UART_PM.o .\CortexM0\ARM_GCC_541\Debug\UART_UART.o .\CortexM0\ARM_GCC_541\Debug\UART_BOOT.o .\CortexM0\ARM_GCC_541\Debug\UART_UART_BOOT.o .\CortexM0\ARM_GCC_541\Debug\Dip_1.o .\CortexM0\ARM_GCC_541\Debug\Dip_1_PM.o .\CortexM0\ARM_GCC_541\Debug\Dip_3.o .\CortexM0\ARM_GCC_541\Debug\Dip_3_PM.o .\CortexM0\ARM_GCC_541\Debug\Dip_2.o .\CortexM0\ARM_GCC_541\Debug\Dip_2_PM.o .\CortexM0\ARM_GCC_541\Debug\Dip_4.o .\CortexM0\ARM_GCC_541\Debug\Dip_4_PM.o .\CortexM0\ARM_GCC_541\Debug\Can_addr.o .\CortexM0\ARM_GCC_541\Debug\timer_clock.o .\CortexM0\ARM_GCC_541\Debug\Timer_1.o .\CortexM0\ARM_GCC_541\Debug\Timer_1_PM.o .\CortexM0\ARM_GCC_541\Debug\isr_period.o .\CortexM0\ARM_GCC_541\Debug\CAN_LED.o .\CortexM0\ARM_GCC_541\Debug\CAN_LED_PM.o .\CortexM0\ARM_GCC_541\Debug\ERROR_LED.o .\CortexM0\ARM_GCC_541\Debug\ERROR_LED_PM.o .\CortexM0\ARM_GCC_541\Debug\FAULT_MOTOR.o .\CortexM0\ARM_GCC_541\Debug\FAULT_MOTOR_PM.o .\CortexM0\ARM_GCC_541\Debug\QuadDec_Cnt16.o .\CortexM0\ARM_GCC_541\Debug\QuadDec_Cnt16_PM.o .\CortexM0\ARM_GCC_541\Debug\StripLights_StringSel.o .\CortexM0\ARM_GCC_541\Debug\StripLights_StringSel_PM.o .\CortexM0\ARM_GCC_541\Debug\StripLights_cisr.o .\CortexM0\ARM_GCC_541\Debug\StripLights_fisr.o .\CortexM0\ARM_GCC_541\Debug\ADC_SAR_Seq_1_IRQ.o .\CortexM0\ARM_GCC_541\Debug\ADC_SAR_Seq_1_intClock.o .\CortexM0\ARM_GCC_541\Debug\CAN_isr.o .\CortexM0\ARM_GCC_541\Debug\CAN_HFCLK.o .\CortexM0\ARM_GCC_541\Debug\UART_SCBCLK.o .\CortexM0\ARM_GCC_541\Debug\UART_tx.o .\CortexM0\ARM_GCC_541\Debug\UART_tx_PM.o .\CortexM0\ARM_GCC_541\Debug\UART_SCB_IRQ.o .\CortexM0\ARM_GCC_541\Debug\UART_rx.o .\CortexM0\ARM_GCC_541\Debug\UART_rx_PM.o .\CortexM0\ARM_GCC_541\Debug\CyFlash.o .\CortexM0\ARM_GCC_541\Debug\CyLib.o .\CortexM0\ARM_GCC_541\Debug\cyPm.o .\CortexM0\ARM_GCC_541\Debug\cyutils.o .\CortexM0\ARM_GCC_541\Debug\CyDMA.o .\CortexM0\ARM_GCC_541\Debug\CyLFClk.o .\CortexM0\ARM_GCC_541\Debug\cy_em_eeprom.o .\CortexM0\ARM_GCC_541\Debug\CyBootAsmGnu.o
arm-none-eabi-ar.exe: creating .\CortexM0\ARM_GCC_541\Debug\Motor_Board_Rev3_CAN_Send.a
arm-none-eabi-gcc.exe -Wl,--start-group -o "C:\Users\Christian\Documents\PSoC MotorBoard Firmware\Motor-Unit-Firmware-A-2019-2020\Motor Unit\Motor_Board_Rev3_CAN_Send.cydsn\CortexM0\ARM_GCC_541\Debug\Motor_Board_Rev3_CAN_Send.elf" .\CortexM0\ARM_GCC_541\Debug\main.o .\CortexM0\ARM_GCC_541\Debug\Initialize_CAN_addr.o .\CortexM0\ARM_GCC_541\Debug\MotorDrive.o .\CortexM0\ARM_GCC_541\Debug\PositionPID.o .\CortexM0\ARM_GCC_541\Debug\LED_Array.o .\CortexM0\ARM_GCC_541\Debug\DebugMessages.o .\CortexM0\ARM_GCC_541\Debug\CANCommon.o .\CortexM0\ARM_GCC_541\Debug\CANGPIO.o .\CortexM0\ARM_GCC_541\Debug\CANLocalization.o .\CortexM0\ARM_GCC_541\Debug\CANMotorUnit.o .\CortexM0\ARM_GCC_541\Debug\CANPacket.o .\CortexM0\ARM_GCC_541\Debug\CANPower.o .\CortexM0\ARM_GCC_541\Debug\PortPSOC_CY8C4248AZI_L485.o .\CortexM0\ARM_GCC_541\Debug\cyfitter_cfg.o .\CortexM0\ARM_GCC_541\Debug\cymetadata.o .\CortexM0\ARM_GCC_541\Debug\Cm0Start.o .\CortexM0\ARM_GCC_541\Debug\Motor_Board_Rev3_CAN_Send.a -mcpu=cortex-m0 -mthumb -L Generated_Source\PSoC4 -Wl,-Map,.\CortexM0\ARM_GCC_541\Debug/Motor_Board_Rev3_CAN_Send.map -T Generated_Source\PSoC4\cm0gcc.ld -specs=nano.specs -Wl,--gc-sections -g -ffunction-sections -Og -ffat-lto-objects -Wl,--end-group
cyelftool.exe -C "C:\Users\Christian\Documents\PSoC MotorBoard Firmware\Motor-Unit-Firmware-A-2019-2020\Motor Unit\Motor_Board_Rev3_CAN_Send.cydsn\CortexM0\ARM_GCC_541\Debug\Motor_Board_Rev3_CAN_Send.elf" --flash_row_size 256 --flash_size 262144 --flash_offset 0x00000000
No ELF section .cychecksum found, creating one
Application checksum calculated and stored in ELF section .cychecksum
Checksum calculated and stored in ELF section .cymeta
cyelftool.exe -S "C:\Users\Christian\Documents\PSoC MotorBoard Firmware\Motor-Unit-Firmware-A-2019-2020\Motor Unit\Motor_Board_Rev3_CAN_Send.cydsn\CortexM0\ARM_GCC_541\Debug\Motor_Board_Rev3_CAN_Send.elf"
Flash used: 16238 of 262144 bytes (6.2%).
SRAM used: 3064 of 32768 bytes (9.4%). Stack: 2048 bytes. Heap: 128 bytes.
--------------- Build Succeeded: 02/12/2021 18:00:33 ---------------
