--------------- Build Started: 03/07/2020 13:27:25 Project: Motor Board Rev2, Configuration: ARM GCC 5.4-2016-q2-update Debug ---------------
cydsfit.exe -.appdatapath "C:\Users\austc\AppData\Local\Cypress Semiconductor\PSoC Creator\4.2" -.fdsnotice -.fdswarpdepfile=warp_dependencies.txt -.fdselabdepfile=elab_dependencies.txt -.fdsbldfile=generated_files.txt -.fdsreffile=referenced_files.txt -p "C:\Users\austc\OneDrive\Documents\Altium\Motor-Unit-Firmware-A-2019-2020\Motor Unit\Motor Board Rev2.cydsn\Motor Board Rev2.cyprj" -d CY8C4248AZI-L485 -s "C:\Users\austc\OneDrive\Documents\Altium\Motor-Unit-Firmware-A-2019-2020\Motor Unit\Motor Board Rev2.cydsn\Generated_Source\PSoC4" -- -yv2 -q10 -ygs -o2 -v3 -.fftcfgtype=LE
Elaborating Design...
ADD: sdb.M0061: information: Info from component: ADC_SAR_Seq_1. The actual sample rate (156250 SPS) differs from the desired sample rate (166666 SPS) due to the clock configuration in the DWR.
 * C:\Users\austc\OneDrive\Documents\Altium\Motor-Unit-Firmware-A-2019-2020\Motor Unit\Motor Board Rev2.cydsn\TopDesign\TopDesign.cysch (Instance:ADC_SAR_Seq_1)
HDL Generation...
Synthesis...
Tech Mapping...
Analog Placement...
Info: plm.M0038: The pin named Pin_Encoder_A(0) at location [IOP=(5)][IoId=(2)] prevents usage of special purposes: F(OA,2). (App=cydsfit)
Info: plm.M0038: The pin named Pin_Encoder_B(0) at location [IOP=(5)][IoId=(3)] prevents usage of special purposes: F(OA,3). (App=cydsfit)
Analog Routing...
Analog Code Generation...
Digital Placement...
Digital Routing...
Bitstream Generation...
Bitstream Verification...
Static timing analysis...
API Generation...
Dependency Generation...
Cleanup...
arm-none-eabi-gcc.exe -mcpu=cortex-m0 -mthumb -I. -IGenerated_Source\PSoC4 -Wa,-alh=.\CortexM0\ARM_GCC_541\Debug/main.lst -g -D DEBUG -D CY_CORE_ID=0 -Wall -ffunction-sections -ffat-lto-objects -Og -c main.c -o .\CortexM0\ARM_GCC_541\Debug\main.o
main.c: In function 'main':
main.c:144:9: warning: unused variable 'test' [-Wunused-variable]
     int test = 0;
         ^
main.c:143:9: warning: unused variable 'up' [-Wunused-variable]
     int up = 0;
         ^
main.c:128:11: warning: unused variable 'error' [-Wunused-variable]
     uint8 error;
           ^
arm-none-eabi-gcc.exe -mcpu=cortex-m0 -mthumb -I. -IGenerated_Source\PSoC4 -Wa,-alh=.\CortexM0\ARM_GCC_541\Debug/cyfitter_cfg.lst -g -D DEBUG -D CY_CORE_ID=0 -Wall -ffunction-sections -ffat-lto-objects -Og -c Generated_Source\PSoC4\cyfitter_cfg.c -o .\CortexM0\ARM_GCC_541\Debug\cyfitter_cfg.o
arm-none-eabi-gcc.exe -mcpu=cortex-m0 -mthumb -I. -IGenerated_Source\PSoC4 -Wa,-alh=.\CortexM0\ARM_GCC_541\Debug/Cm0Start.lst -g -D DEBUG -D CY_CORE_ID=0 -Wall -ffunction-sections -ffat-lto-objects -Og -c Generated_Source\PSoC4\Cm0Start.c -o .\CortexM0\ARM_GCC_541\Debug\Cm0Start.o
arm-none-eabi-gcc.exe -mcpu=cortex-m0 -mthumb -I. -IGenerated_Source\PSoC4 -Wa,-alh=.\CortexM0\ARM_GCC_541\Debug/CyFlash.lst -g -D DEBUG -D CY_CORE_ID=0 -Wall -ffunction-sections -ffat-lto-objects -Og -c Generated_Source\PSoC4\CyFlash.c -o .\CortexM0\ARM_GCC_541\Debug\CyFlash.o
arm-none-eabi-gcc.exe -mcpu=cortex-m0 -mthumb -I. -IGenerated_Source\PSoC4 -Wa,-alh=.\CortexM0\ARM_GCC_541\Debug/CyLib.lst -g -D DEBUG -D CY_CORE_ID=0 -Wall -ffunction-sections -ffat-lto-objects -Og -c Generated_Source\PSoC4\CyLib.c -o .\CortexM0\ARM_GCC_541\Debug\CyLib.o
arm-none-eabi-gcc.exe -mcpu=cortex-m0 -mthumb -I. -IGenerated_Source\PSoC4 -Wa,-alh=.\CortexM0\ARM_GCC_541\Debug/cyPm.lst -g -D DEBUG -D CY_CORE_ID=0 -Wall -ffunction-sections -ffat-lto-objects -Og -c Generated_Source\PSoC4\cyPm.c -o .\CortexM0\ARM_GCC_541\Debug\cyPm.o
arm-none-eabi-gcc.exe -mcpu=cortex-m0 -mthumb -I. -IGenerated_Source\PSoC4 -Wa,-alh=.\CortexM0\ARM_GCC_541\Debug/cyutils.lst -g -D DEBUG -D CY_CORE_ID=0 -Wall -ffunction-sections -ffat-lto-objects -Og -c Generated_Source\PSoC4\cyutils.c -o .\CortexM0\ARM_GCC_541\Debug\cyutils.o
arm-none-eabi-gcc.exe -mcpu=cortex-m0 -mthumb -I. -IGenerated_Source\PSoC4 -Wa,-alh=.\CortexM0\ARM_GCC_541\Debug/CyDMA.lst -g -D DEBUG -D CY_CORE_ID=0 -Wall -ffunction-sections -ffat-lto-objects -Og -c Generated_Source\PSoC4\CyDMA.c -o .\CortexM0\ARM_GCC_541\Debug\CyDMA.o
arm-none-eabi-gcc.exe -mcpu=cortex-m0 -mthumb -I. -IGenerated_Source\PSoC4 -Wa,-alh=.\CortexM0\ARM_GCC_541\Debug/CyLFClk.lst -g -D DEBUG -D CY_CORE_ID=0 -Wall -ffunction-sections -ffat-lto-objects -Og -c Generated_Source\PSoC4\CyLFClk.c -o .\CortexM0\ARM_GCC_541\Debug\CyLFClk.o
arm-none-eabi-gcc.exe -mcpu=cortex-m0 -mthumb -I. -IGenerated_Source\PSoC4 -Wa,-alh=.\CortexM0\ARM_GCC_541\Debug/cy_em_eeprom.lst -g -D DEBUG -D CY_CORE_ID=0 -Wall -ffunction-sections -ffat-lto-objects -Og -c Generated_Source\PSoC4\cy_em_eeprom.c -o .\CortexM0\ARM_GCC_541\Debug\cy_em_eeprom.o
arm-none-eabi-gcc.exe -mcpu=cortex-m0 -mthumb -I. -IGenerated_Source\PSoC4 -Wa,-alh=.\CortexM0\ARM_GCC_541\Debug/Pin_Limit_1.lst -g -D DEBUG -D CY_CORE_ID=0 -Wall -ffunction-sections -ffat-lto-objects -Og -c Generated_Source\PSoC4\Pin_Limit_1.c -o .\CortexM0\ARM_GCC_541\Debug\Pin_Limit_1.o
arm-none-eabi-gcc.exe -mcpu=cortex-m0 -mthumb -I. -IGenerated_Source\PSoC4 -Wa,-alh=.\CortexM0\ARM_GCC_541\Debug/Pin_Limit_1_PM.lst -g -D DEBUG -D CY_CORE_ID=0 -Wall -ffunction-sections -ffat-lto-objects -Og -c Generated_Source\PSoC4\Pin_Limit_1_PM.c -o .\CortexM0\ARM_GCC_541\Debug\Pin_Limit_1_PM.o
arm-none-eabi-gcc.exe -mcpu=cortex-m0 -mthumb -I. -IGenerated_Source\PSoC4 -Wa,-alh=.\CortexM0\ARM_GCC_541\Debug/Pin_Limit_2.lst -g -D DEBUG -D CY_CORE_ID=0 -Wall -ffunction-sections -ffat-lto-objects -Og -c Generated_Source\PSoC4\Pin_Limit_2.c -o .\CortexM0\ARM_GCC_541\Debug\Pin_Limit_2.o
arm-none-eabi-gcc.exe -mcpu=cortex-m0 -mthumb -I. -IGenerated_Source\PSoC4 -Wa,-alh=.\CortexM0\ARM_GCC_541\Debug/Pin_Limit_2_PM.lst -g -D DEBUG -D CY_CORE_ID=0 -Wall -ffunction-sections -ffat-lto-objects -Og -c Generated_Source\PSoC4\Pin_Limit_2_PM.c -o .\CortexM0\ARM_GCC_541\Debug\Pin_Limit_2_PM.o
arm-none-eabi-gcc.exe -mcpu=cortex-m0 -mthumb -I. -IGenerated_Source\PSoC4 -Wa,-alh=.\CortexM0\ARM_GCC_541\Debug/PWM_Motor.lst -g -D DEBUG -D CY_CORE_ID=0 -Wall -ffunction-sections -ffat-lto-objects -Og -c Generated_Source\PSoC4\PWM_Motor.c -o .\CortexM0\ARM_GCC_541\Debug\PWM_Motor.o
arm-none-eabi-gcc.exe -mcpu=cortex-m0 -mthumb -I. -IGenerated_Source\PSoC4 -Wa,-alh=.\CortexM0\ARM_GCC_541\Debug/PWM_Motor_PM.lst -g -D DEBUG -D CY_CORE_ID=0 -Wall -ffunction-sections -ffat-lto-objects -Og -c Generated_Source\PSoC4\PWM_Motor_PM.c -o .\CortexM0\ARM_GCC_541\Debug\PWM_Motor_PM.o
arm-none-eabi-gcc.exe -mcpu=cortex-m0 -mthumb -I. -IGenerated_Source\PSoC4 -Wa,-alh=.\CortexM0\ARM_GCC_541\Debug/Pin_Motor.lst -g -D DEBUG -D CY_CORE_ID=0 -Wall -ffunction-sections -ffat-lto-objects -Og -c Generated_Source\PSoC4\Pin_Motor.c -o .\CortexM0\ARM_GCC_541\Debug\Pin_Motor.o
arm-none-eabi-gcc.exe -mcpu=cortex-m0 -mthumb -I. -IGenerated_Source\PSoC4 -Wa,-alh=.\CortexM0\ARM_GCC_541\Debug/Pin_Motor_PM.lst -g -D DEBUG -D CY_CORE_ID=0 -Wall -ffunction-sections -ffat-lto-objects -Og -c Generated_Source\PSoC4\Pin_Motor_PM.c -o .\CortexM0\ARM_GCC_541\Debug\Pin_Motor_PM.o
arm-none-eabi-gcc.exe -mcpu=cortex-m0 -mthumb -I. -IGenerated_Source\PSoC4 -Wa,-alh=.\CortexM0\ARM_GCC_541\Debug/Clock_PWM.lst -g -D DEBUG -D CY_CORE_ID=0 -Wall -ffunction-sections -ffat-lto-objects -Og -c Generated_Source\PSoC4\Clock_PWM.c -o .\CortexM0\ARM_GCC_541\Debug\Clock_PWM.o
arm-none-eabi-gcc.exe -mcpu=cortex-m0 -mthumb -I. -IGenerated_Source\PSoC4 -Wa,-alh=.\CortexM0\ARM_GCC_541\Debug/Pin_Pot.lst -g -D DEBUG -D CY_CORE_ID=0 -Wall -ffunction-sections -ffat-lto-objects -Og -c Generated_Source\PSoC4\Pin_Pot.c -o .\CortexM0\ARM_GCC_541\Debug\Pin_Pot.o
arm-none-eabi-gcc.exe -mcpu=cortex-m0 -mthumb -I. -IGenerated_Source\PSoC4 -Wa,-alh=.\CortexM0\ARM_GCC_541\Debug/Pin_Pot_PM.lst -g -D DEBUG -D CY_CORE_ID=0 -Wall -ffunction-sections -ffat-lto-objects -Og -c Generated_Source\PSoC4\Pin_Pot_PM.c -o .\CortexM0\ARM_GCC_541\Debug\Pin_Pot_PM.o
arm-none-eabi-gcc.exe -mcpu=cortex-m0 -mthumb -I. -IGenerated_Source\PSoC4 -Wa,-alh=.\CortexM0\ARM_GCC_541\Debug/Pin_Direction.lst -g -D DEBUG -D CY_CORE_ID=0 -Wall -ffunction-sections -ffat-lto-objects -Og -c Generated_Source\PSoC4\Pin_Direction.c -o .\CortexM0\ARM_GCC_541\Debug\Pin_Direction.o
arm-none-eabi-gcc.exe -mcpu=cortex-m0 -mthumb -I. -IGenerated_Source\PSoC4 -Wa,-alh=.\CortexM0\ARM_GCC_541\Debug/Pin_Direction_PM.lst -g -D DEBUG -D CY_CORE_ID=0 -Wall -ffunction-sections -ffat-lto-objects -Og -c Generated_Source\PSoC4\Pin_Direction_PM.c -o .\CortexM0\ARM_GCC_541\Debug\Pin_Direction_PM.o
arm-none-eabi-gcc.exe -mcpu=cortex-m0 -mthumb -I. -IGenerated_Source\PSoC4 -Wa,-alh=.\CortexM0\ARM_GCC_541\Debug/isr_Limit_1.lst -g -D DEBUG -D CY_CORE_ID=0 -Wall -ffunction-sections -ffat-lto-objects -Og -c Generated_Source\PSoC4\isr_Limit_1.c -o .\CortexM0\ARM_GCC_541\Debug\isr_Limit_1.o
arm-none-eabi-gcc.exe -mcpu=cortex-m0 -mthumb -I. -IGenerated_Source\PSoC4 -Wa,-alh=.\CortexM0\ARM_GCC_541\Debug/QuadDec.lst -g -D DEBUG -D CY_CORE_ID=0 -Wall -ffunction-sections -ffat-lto-objects -Og -c Generated_Source\PSoC4\QuadDec.c -o .\CortexM0\ARM_GCC_541\Debug\QuadDec.o
arm-none-eabi-gcc.exe -mcpu=cortex-m0 -mthumb -I. -IGenerated_Source\PSoC4 -Wa,-alh=.\CortexM0\ARM_GCC_541\Debug/QuadDec_PM.lst -g -D DEBUG -D CY_CORE_ID=0 -Wall -ffunction-sections -ffat-lto-objects -Og -c Generated_Source\PSoC4\QuadDec_PM.c -o .\CortexM0\ARM_GCC_541\Debug\QuadDec_PM.o
arm-none-eabi-gcc.exe -mcpu=cortex-m0 -mthumb -I. -IGenerated_Source\PSoC4 -Wa,-alh=.\CortexM0\ARM_GCC_541\Debug/Pin_Encoder_A.lst -g -D DEBUG -D CY_CORE_ID=0 -Wall -ffunction-sections -ffat-lto-objects -Og -c Generated_Source\PSoC4\Pin_Encoder_A.c -o .\CortexM0\ARM_GCC_541\Debug\Pin_Encoder_A.o
arm-none-eabi-gcc.exe -mcpu=cortex-m0 -mthumb -I. -IGenerated_Source\PSoC4 -Wa,-alh=.\CortexM0\ARM_GCC_541\Debug/Pin_Encoder_A_PM.lst -g -D DEBUG -D CY_CORE_ID=0 -Wall -ffunction-sections -ffat-lto-objects -Og -c Generated_Source\PSoC4\Pin_Encoder_A_PM.c -o .\CortexM0\ARM_GCC_541\Debug\Pin_Encoder_A_PM.o
arm-none-eabi-gcc.exe -mcpu=cortex-m0 -mthumb -I. -IGenerated_Source\PSoC4 -Wa,-alh=.\CortexM0\ARM_GCC_541\Debug/Pin_Encoder_B.lst -g -D DEBUG -D CY_CORE_ID=0 -Wall -ffunction-sections -ffat-lto-objects -Og -c Generated_Source\PSoC4\Pin_Encoder_B.c -o .\CortexM0\ARM_GCC_541\Debug\Pin_Encoder_B.o
arm-none-eabi-gcc.exe -mcpu=cortex-m0 -mthumb -I. -IGenerated_Source\PSoC4 -Wa,-alh=.\CortexM0\ARM_GCC_541\Debug/Pin_Encoder_B_PM.lst -g -D DEBUG -D CY_CORE_ID=0 -Wall -ffunction-sections -ffat-lto-objects -Og -c Generated_Source\PSoC4\Pin_Encoder_B_PM.c -o .\CortexM0\ARM_GCC_541\Debug\Pin_Encoder_B_PM.o
arm-none-eabi-gcc.exe -mcpu=cortex-m0 -mthumb -I. -IGenerated_Source\PSoC4 -Wa,-alh=.\CortexM0\ARM_GCC_541\Debug/Clock_1.lst -g -D DEBUG -D CY_CORE_ID=0 -Wall -ffunction-sections -ffat-lto-objects -Og -c Generated_Source\PSoC4\Clock_1.c -o .\CortexM0\ARM_GCC_541\Debug\Clock_1.o
arm-none-eabi-gcc.exe -mcpu=cortex-m0 -mthumb -I. -IGenerated_Source\PSoC4 -Wa,-alh=.\CortexM0\ARM_GCC_541\Debug/QuadDec_Cnt16.lst -g -D DEBUG -D CY_CORE_ID=0 -Wall -ffunction-sections -ffat-lto-objects -Og -c Generated_Source\PSoC4\QuadDec_Cnt16.c -o .\CortexM0\ARM_GCC_541\Debug\QuadDec_Cnt16.o
arm-none-eabi-gcc.exe -mcpu=cortex-m0 -mthumb -I. -IGenerated_Source\PSoC4 -Wa,-alh=.\CortexM0\ARM_GCC_541\Debug/QuadDec_Cnt16_PM.lst -g -D DEBUG -D CY_CORE_ID=0 -Wall -ffunction-sections -ffat-lto-objects -Og -c Generated_Source\PSoC4\QuadDec_Cnt16_PM.c -o .\CortexM0\ARM_GCC_541\Debug\QuadDec_Cnt16_PM.o
arm-none-eabi-gcc.exe -mcpu=cortex-m0 -mthumb -I. -IGenerated_Source\PSoC4 -Wa,-alh=.\CortexM0\ARM_GCC_541\Debug/Status_Reg_Switches.lst -g -D DEBUG -D CY_CORE_ID=0 -Wall -ffunction-sections -ffat-lto-objects -Og -c Generated_Source\PSoC4\Status_Reg_Switches.c -o .\CortexM0\ARM_GCC_541\Debug\Status_Reg_Switches.o
arm-none-eabi-gcc.exe -mcpu=cortex-m0 -mthumb -I. -IGenerated_Source\PSoC4 -Wa,-alh=.\CortexM0\ARM_GCC_541\Debug/Clock_2.lst -g -D DEBUG -D CY_CORE_ID=0 -Wall -ffunction-sections -ffat-lto-objects -Og -c Generated_Source\PSoC4\Clock_2.c -o .\CortexM0\ARM_GCC_541\Debug\Clock_2.o
arm-none-eabi-gcc.exe -mcpu=cortex-m0 -mthumb -I. -IGenerated_Source\PSoC4 -Wa,-alh=.\CortexM0\ARM_GCC_541\Debug/ADC_SAR_Seq_1.lst -g -D DEBUG -D CY_CORE_ID=0 -Wall -ffunction-sections -ffat-lto-objects -Og -c Generated_Source\PSoC4\ADC_SAR_Seq_1.c -o .\CortexM0\ARM_GCC_541\Debug\ADC_SAR_Seq_1.o
arm-none-eabi-gcc.exe -mcpu=cortex-m0 -mthumb -I. -IGenerated_Source\PSoC4 -Wa,-alh=.\CortexM0\ARM_GCC_541\Debug/ADC_SAR_Seq_1_PM.lst -g -D DEBUG -D CY_CORE_ID=0 -Wall -ffunction-sections -ffat-lto-objects -Og -c Generated_Source\PSoC4\ADC_SAR_Seq_1_PM.c -o .\CortexM0\ARM_GCC_541\Debug\ADC_SAR_Seq_1_PM.o
arm-none-eabi-gcc.exe -mcpu=cortex-m0 -mthumb -I. -IGenerated_Source\PSoC4 -Wa,-alh=.\CortexM0\ARM_GCC_541\Debug/ADC_SAR_Seq_1_INT.lst -g -D DEBUG -D CY_CORE_ID=0 -Wall -ffunction-sections -ffat-lto-objects -Og -c Generated_Source\PSoC4\ADC_SAR_Seq_1_INT.c -o .\CortexM0\ARM_GCC_541\Debug\ADC_SAR_Seq_1_INT.o
arm-none-eabi-gcc.exe -mcpu=cortex-m0 -mthumb -I. -IGenerated_Source\PSoC4 -Wa,-alh=.\CortexM0\ARM_GCC_541\Debug/ADC_SAR_Seq_1_IRQ.lst -g -D DEBUG -D CY_CORE_ID=0 -Wall -ffunction-sections -ffat-lto-objects -Og -c Generated_Source\PSoC4\ADC_SAR_Seq_1_IRQ.c -o .\CortexM0\ARM_GCC_541\Debug\ADC_SAR_Seq_1_IRQ.o
arm-none-eabi-gcc.exe -mcpu=cortex-m0 -mthumb -I. -IGenerated_Source\PSoC4 -Wa,-alh=.\CortexM0\ARM_GCC_541\Debug/ADC_SAR_Seq_1_intClock.lst -g -D DEBUG -D CY_CORE_ID=0 -Wall -ffunction-sections -ffat-lto-objects -Og -c Generated_Source\PSoC4\ADC_SAR_Seq_1_intClock.c -o .\CortexM0\ARM_GCC_541\Debug\ADC_SAR_Seq_1_intClock.o
arm-none-eabi-gcc.exe -mcpu=cortex-m0 -mthumb -I. -IGenerated_Source\PSoC4 -Wa,-alh=.\CortexM0\ARM_GCC_541\Debug/RX_1.lst -g -D DEBUG -D CY_CORE_ID=0 -Wall -ffunction-sections -ffat-lto-objects -Og -c Generated_Source\PSoC4\RX_1.c -o .\CortexM0\ARM_GCC_541\Debug\RX_1.o
arm-none-eabi-gcc.exe -mcpu=cortex-m0 -mthumb -I. -IGenerated_Source\PSoC4 -Wa,-alh=.\CortexM0\ARM_GCC_541\Debug/RX_1_PM.lst -g -D DEBUG -D CY_CORE_ID=0 -Wall -ffunction-sections -ffat-lto-objects -Og -c Generated_Source\PSoC4\RX_1_PM.c -o .\CortexM0\ARM_GCC_541\Debug\RX_1_PM.o
arm-none-eabi-gcc.exe -mcpu=cortex-m0 -mthumb -I. -IGenerated_Source\PSoC4 -Wa,-alh=.\CortexM0\ARM_GCC_541\Debug/TX_1.lst -g -D DEBUG -D CY_CORE_ID=0 -Wall -ffunction-sections -ffat-lto-objects -Og -c Generated_Source\PSoC4\TX_1.c -o .\CortexM0\ARM_GCC_541\Debug\TX_1.o
arm-none-eabi-gcc.exe -mcpu=cortex-m0 -mthumb -I. -IGenerated_Source\PSoC4 -Wa,-alh=.\CortexM0\ARM_GCC_541\Debug/TX_1_PM.lst -g -D DEBUG -D CY_CORE_ID=0 -Wall -ffunction-sections -ffat-lto-objects -Og -c Generated_Source\PSoC4\TX_1_PM.c -o .\CortexM0\ARM_GCC_541\Debug\TX_1_PM.o
arm-none-eabi-gcc.exe -mcpu=cortex-m0 -mthumb -I. -IGenerated_Source\PSoC4 -Wa,-alh=.\CortexM0\ARM_GCC_541\Debug/CAN.lst -g -D DEBUG -D CY_CORE_ID=0 -Wall -ffunction-sections -ffat-lto-objects -Og -c Generated_Source\PSoC4\CAN.c -o .\CortexM0\ARM_GCC_541\Debug\CAN.o
arm-none-eabi-gcc.exe -mcpu=cortex-m0 -mthumb -I. -IGenerated_Source\PSoC4 -Wa,-alh=.\CortexM0\ARM_GCC_541\Debug/CAN_INT.lst -g -D DEBUG -D CY_CORE_ID=0 -Wall -ffunction-sections -ffat-lto-objects -Og -c Generated_Source\PSoC4\CAN_INT.c -o .\CortexM0\ARM_GCC_541\Debug\CAN_INT.o
arm-none-eabi-gcc.exe -mcpu=cortex-m0 -mthumb -I. -IGenerated_Source\PSoC4 -Wa,-alh=.\CortexM0\ARM_GCC_541\Debug/CAN_PM.lst -g -D DEBUG -D CY_CORE_ID=0 -Wall -ffunction-sections -ffat-lto-objects -Og -c Generated_Source\PSoC4\CAN_PM.c -o .\CortexM0\ARM_GCC_541\Debug\CAN_PM.o
arm-none-eabi-gcc.exe -mcpu=cortex-m0 -mthumb -I. -IGenerated_Source\PSoC4 -Wa,-alh=.\CortexM0\ARM_GCC_541\Debug/CAN_TX_RX_func.lst -g -D DEBUG -D CY_CORE_ID=0 -Wall -ffunction-sections -ffat-lto-objects -Og -c Generated_Source\PSoC4\CAN_TX_RX_func.c -o .\CortexM0\ARM_GCC_541\Debug\CAN_TX_RX_func.o
arm-none-eabi-gcc.exe -mcpu=cortex-m0 -mthumb -I. -IGenerated_Source\PSoC4 -Wa,-alh=.\CortexM0\ARM_GCC_541\Debug/CAN_isr.lst -g -D DEBUG -D CY_CORE_ID=0 -Wall -ffunction-sections -ffat-lto-objects -Og -c Generated_Source\PSoC4\CAN_isr.c -o .\CortexM0\ARM_GCC_541\Debug\CAN_isr.o
arm-none-eabi-gcc.exe -mcpu=cortex-m0 -mthumb -I. -IGenerated_Source\PSoC4 -Wa,-alh=.\CortexM0\ARM_GCC_541\Debug/CAN_HFCLK.lst -g -D DEBUG -D CY_CORE_ID=0 -Wall -ffunction-sections -ffat-lto-objects -Og -c Generated_Source\PSoC4\CAN_HFCLK.c -o .\CortexM0\ARM_GCC_541\Debug\CAN_HFCLK.o
arm-none-eabi-gcc.exe -mcpu=cortex-m0 -mthumb -I. -IGenerated_Source\PSoC4 -Wa,-alh=.\CortexM0\ARM_GCC_541\Debug/UART.lst -g -D DEBUG -D CY_CORE_ID=0 -Wall -ffunction-sections -ffat-lto-objects -Og -c Generated_Source\PSoC4\UART.c -o .\CortexM0\ARM_GCC_541\Debug\UART.o
arm-none-eabi-gcc.exe -mcpu=cortex-m0 -mthumb -I. -IGenerated_Source\PSoC4 -Wa,-alh=.\CortexM0\ARM_GCC_541\Debug/UART_SPI_UART.lst -g -D DEBUG -D CY_CORE_ID=0 -Wall -ffunction-sections -ffat-lto-objects -Og -c Generated_Source\PSoC4\UART_SPI_UART.c -o .\CortexM0\ARM_GCC_541\Debug\UART_SPI_UART.o
arm-none-eabi-gcc.exe -mcpu=cortex-m0 -mthumb -I. -IGenerated_Source\PSoC4 -Wa,-alh=.\CortexM0\ARM_GCC_541\Debug/UART_SPI_UART_INT.lst -g -D DEBUG -D CY_CORE_ID=0 -Wall -ffunction-sections -ffat-lto-objects -Og -c Generated_Source\PSoC4\UART_SPI_UART_INT.c -o .\CortexM0\ARM_GCC_541\Debug\UART_SPI_UART_INT.o
arm-none-eabi-gcc.exe -mcpu=cortex-m0 -mthumb -I. -IGenerated_Source\PSoC4 -Wa,-alh=.\CortexM0\ARM_GCC_541\Debug/UART_PM.lst -g -D DEBUG -D CY_CORE_ID=0 -Wall -ffunction-sections -ffat-lto-objects -Og -c Generated_Source\PSoC4\UART_PM.c -o .\CortexM0\ARM_GCC_541\Debug\UART_PM.o
arm-none-eabi-gcc.exe -mcpu=cortex-m0 -mthumb -I. -IGenerated_Source\PSoC4 -Wa,-alh=.\CortexM0\ARM_GCC_541\Debug/UART_UART.lst -g -D DEBUG -D CY_CORE_ID=0 -Wall -ffunction-sections -ffat-lto-objects -Og -c Generated_Source\PSoC4\UART_UART.c -o .\CortexM0\ARM_GCC_541\Debug\UART_UART.o
arm-none-eabi-gcc.exe -mcpu=cortex-m0 -mthumb -I. -IGenerated_Source\PSoC4 -Wa,-alh=.\CortexM0\ARM_GCC_541\Debug/UART_BOOT.lst -g -D DEBUG -D CY_CORE_ID=0 -Wall -ffunction-sections -ffat-lto-objects -Og -c Generated_Source\PSoC4\UART_BOOT.c -o .\CortexM0\ARM_GCC_541\Debug\UART_BOOT.o
arm-none-eabi-gcc.exe -mcpu=cortex-m0 -mthumb -I. -IGenerated_Source\PSoC4 -Wa,-alh=.\CortexM0\ARM_GCC_541\Debug/UART_UART_BOOT.lst -g -D DEBUG -D CY_CORE_ID=0 -Wall -ffunction-sections -ffat-lto-objects -Og -c Generated_Source\PSoC4\UART_UART_BOOT.c -o .\CortexM0\ARM_GCC_541\Debug\UART_UART_BOOT.o
arm-none-eabi-gcc.exe -mcpu=cortex-m0 -mthumb -I. -IGenerated_Source\PSoC4 -Wa,-alh=.\CortexM0\ARM_GCC_541\Debug/UART_SCBCLK.lst -g -D DEBUG -D CY_CORE_ID=0 -Wall -ffunction-sections -ffat-lto-objects -Og -c Generated_Source\PSoC4\UART_SCBCLK.c -o .\CortexM0\ARM_GCC_541\Debug\UART_SCBCLK.o
arm-none-eabi-gcc.exe -mcpu=cortex-m0 -mthumb -I. -IGenerated_Source\PSoC4 -Wa,-alh=.\CortexM0\ARM_GCC_541\Debug/UART_tx.lst -g -D DEBUG -D CY_CORE_ID=0 -Wall -ffunction-sections -ffat-lto-objects -Og -c Generated_Source\PSoC4\UART_tx.c -o .\CortexM0\ARM_GCC_541\Debug\UART_tx.o
arm-none-eabi-gcc.exe -mcpu=cortex-m0 -mthumb -I. -IGenerated_Source\PSoC4 -Wa,-alh=.\CortexM0\ARM_GCC_541\Debug/UART_tx_PM.lst -g -D DEBUG -D CY_CORE_ID=0 -Wall -ffunction-sections -ffat-lto-objects -Og -c Generated_Source\PSoC4\UART_tx_PM.c -o .\CortexM0\ARM_GCC_541\Debug\UART_tx_PM.o
arm-none-eabi-gcc.exe -mcpu=cortex-m0 -mthumb -I. -IGenerated_Source\PSoC4 -Wa,-alh=.\CortexM0\ARM_GCC_541\Debug/UART_rx.lst -g -D DEBUG -D CY_CORE_ID=0 -Wall -ffunction-sections -ffat-lto-objects -Og -c Generated_Source\PSoC4\UART_rx.c -o .\CortexM0\ARM_GCC_541\Debug\UART_rx.o
arm-none-eabi-gcc.exe -mcpu=cortex-m0 -mthumb -I. -IGenerated_Source\PSoC4 -Wa,-alh=.\CortexM0\ARM_GCC_541\Debug/UART_rx_PM.lst -g -D DEBUG -D CY_CORE_ID=0 -Wall -ffunction-sections -ffat-lto-objects -Og -c Generated_Source\PSoC4\UART_rx_PM.c -o .\CortexM0\ARM_GCC_541\Debug\UART_rx_PM.o
arm-none-eabi-gcc.exe -mcpu=cortex-m0 -mthumb -I. -IGenerated_Source\PSoC4 -Wa,-alh=.\CortexM0\ARM_GCC_541\Debug/Spare1.lst -g -D DEBUG -D CY_CORE_ID=0 -Wall -ffunction-sections -ffat-lto-objects -Og -c Generated_Source\PSoC4\Spare1.c -o .\CortexM0\ARM_GCC_541\Debug\Spare1.o
arm-none-eabi-gcc.exe -mcpu=cortex-m0 -mthumb -I. -IGenerated_Source\PSoC4 -Wa,-alh=.\CortexM0\ARM_GCC_541\Debug/Spare1_PM.lst -g -D DEBUG -D CY_CORE_ID=0 -Wall -ffunction-sections -ffat-lto-objects -Og -c Generated_Source\PSoC4\Spare1_PM.c -o .\CortexM0\ARM_GCC_541\Debug\Spare1_PM.o
arm-none-eabi-gcc.exe -mcpu=cortex-m0 -mthumb -I. -IGenerated_Source\PSoC4 -Wa,-alh=.\CortexM0\ARM_GCC_541\Debug/Dip_1.lst -g -D DEBUG -D CY_CORE_ID=0 -Wall -ffunction-sections -ffat-lto-objects -Og -c Generated_Source\PSoC4\Dip_1.c -o .\CortexM0\ARM_GCC_541\Debug\Dip_1.o
arm-none-eabi-gcc.exe -mcpu=cortex-m0 -mthumb -I. -IGenerated_Source\PSoC4 -Wa,-alh=.\CortexM0\ARM_GCC_541\Debug/Dip_1_PM.lst -g -D DEBUG -D CY_CORE_ID=0 -Wall -ffunction-sections -ffat-lto-objects -Og -c Generated_Source\PSoC4\Dip_1_PM.c -o .\CortexM0\ARM_GCC_541\Debug\Dip_1_PM.o
arm-none-eabi-gcc.exe -mcpu=cortex-m0 -mthumb -I. -IGenerated_Source\PSoC4 -Wa,-alh=.\CortexM0\ARM_GCC_541\Debug/Dip_3.lst -g -D DEBUG -D CY_CORE_ID=0 -Wall -ffunction-sections -ffat-lto-objects -Og -c Generated_Source\PSoC4\Dip_3.c -o .\CortexM0\ARM_GCC_541\Debug\Dip_3.o
arm-none-eabi-gcc.exe -mcpu=cortex-m0 -mthumb -I. -IGenerated_Source\PSoC4 -Wa,-alh=.\CortexM0\ARM_GCC_541\Debug/Dip_3_PM.lst -g -D DEBUG -D CY_CORE_ID=0 -Wall -ffunction-sections -ffat-lto-objects -Og -c Generated_Source\PSoC4\Dip_3_PM.c -o .\CortexM0\ARM_GCC_541\Debug\Dip_3_PM.o
arm-none-eabi-gcc.exe -mcpu=cortex-m0 -mthumb -I. -IGenerated_Source\PSoC4 -Wa,-alh=.\CortexM0\ARM_GCC_541\Debug/Dip_2.lst -g -D DEBUG -D CY_CORE_ID=0 -Wall -ffunction-sections -ffat-lto-objects -Og -c Generated_Source\PSoC4\Dip_2.c -o .\CortexM0\ARM_GCC_541\Debug\Dip_2.o
arm-none-eabi-gcc.exe -mcpu=cortex-m0 -mthumb -I. -IGenerated_Source\PSoC4 -Wa,-alh=.\CortexM0\ARM_GCC_541\Debug/Dip_2_PM.lst -g -D DEBUG -D CY_CORE_ID=0 -Wall -ffunction-sections -ffat-lto-objects -Og -c Generated_Source\PSoC4\Dip_2_PM.c -o .\CortexM0\ARM_GCC_541\Debug\Dip_2_PM.o
arm-none-eabi-gcc.exe -mcpu=cortex-m0 -mthumb -I. -IGenerated_Source\PSoC4 -Wa,-alh=.\CortexM0\ARM_GCC_541\Debug/Dip_4.lst -g -D DEBUG -D CY_CORE_ID=0 -Wall -ffunction-sections -ffat-lto-objects -Og -c Generated_Source\PSoC4\Dip_4.c -o .\CortexM0\ARM_GCC_541\Debug\Dip_4.o
arm-none-eabi-gcc.exe -mcpu=cortex-m0 -mthumb -I. -IGenerated_Source\PSoC4 -Wa,-alh=.\CortexM0\ARM_GCC_541\Debug/Dip_4_PM.lst -g -D DEBUG -D CY_CORE_ID=0 -Wall -ffunction-sections -ffat-lto-objects -Og -c Generated_Source\PSoC4\Dip_4_PM.c -o .\CortexM0\ARM_GCC_541\Debug\Dip_4_PM.o
arm-none-eabi-gcc.exe -mcpu=cortex-m0 -mthumb -I. -IGenerated_Source\PSoC4 -Wa,-alh=.\CortexM0\ARM_GCC_541\Debug/Can_addr.lst -g -D DEBUG -D CY_CORE_ID=0 -Wall -ffunction-sections -ffat-lto-objects -Og -c Generated_Source\PSoC4\Can_addr.c -o .\CortexM0\ARM_GCC_541\Debug\Can_addr.o
arm-none-eabi-gcc.exe -mcpu=cortex-m0 -mthumb -I. -IGenerated_Source\PSoC4 -Wa,-alh=.\CortexM0\ARM_GCC_541\Debug/Current_sense.lst -g -D DEBUG -D CY_CORE_ID=0 -Wall -ffunction-sections -ffat-lto-objects -Og -c Generated_Source\PSoC4\Current_sense.c -o .\CortexM0\ARM_GCC_541\Debug\Current_sense.o
arm-none-eabi-gcc.exe -mcpu=cortex-m0 -mthumb -I. -IGenerated_Source\PSoC4 -Wa,-alh=.\CortexM0\ARM_GCC_541\Debug/Current_sense_PM.lst -g -D DEBUG -D CY_CORE_ID=0 -Wall -ffunction-sections -ffat-lto-objects -Og -c Generated_Source\PSoC4\Current_sense_PM.c -o .\CortexM0\ARM_GCC_541\Debug\Current_sense_PM.o
arm-none-eabi-gcc.exe -mcpu=cortex-m0 -mthumb -I. -IGenerated_Source\PSoC4 -Wa,-alh=.\CortexM0\ARM_GCC_541\Debug/fault.lst -g -D DEBUG -D CY_CORE_ID=0 -Wall -ffunction-sections -ffat-lto-objects -Og -c Generated_Source\PSoC4\fault.c -o .\CortexM0\ARM_GCC_541\Debug\fault.o
arm-none-eabi-gcc.exe -mcpu=cortex-m0 -mthumb -I. -IGenerated_Source\PSoC4 -Wa,-alh=.\CortexM0\ARM_GCC_541\Debug/fault_PM.lst -g -D DEBUG -D CY_CORE_ID=0 -Wall -ffunction-sections -ffat-lto-objects -Og -c Generated_Source\PSoC4\fault_PM.c -o .\CortexM0\ARM_GCC_541\Debug\fault_PM.o
arm-none-eabi-gcc.exe -mcpu=cortex-m0 -mthumb -I. -IGenerated_Source\PSoC4 -Wa,-alh=.\CortexM0\ARM_GCC_541\Debug/Timer_1.lst -g -D DEBUG -D CY_CORE_ID=0 -Wall -ffunction-sections -ffat-lto-objects -Og -c Generated_Source\PSoC4\Timer_1.c -o .\CortexM0\ARM_GCC_541\Debug\Timer_1.o
arm-none-eabi-gcc.exe -mcpu=cortex-m0 -mthumb -I. -IGenerated_Source\PSoC4 -Wa,-alh=.\CortexM0\ARM_GCC_541\Debug/Timer_1_PM.lst -g -D DEBUG -D CY_CORE_ID=0 -Wall -ffunction-sections -ffat-lto-objects -Og -c Generated_Source\PSoC4\Timer_1_PM.c -o .\CortexM0\ARM_GCC_541\Debug\Timer_1_PM.o
arm-none-eabi-gcc.exe -mcpu=cortex-m0 -mthumb -I. -IGenerated_Source\PSoC4 -Wa,-alh=.\CortexM0\ARM_GCC_541\Debug/isr_period.lst -g -D DEBUG -D CY_CORE_ID=0 -Wall -ffunction-sections -ffat-lto-objects -Og -c Generated_Source\PSoC4\isr_period.c -o .\CortexM0\ARM_GCC_541\Debug\isr_period.o
arm-none-eabi-gcc.exe -mcpu=cortex-m0 -mthumb -I. -IGenerated_Source\PSoC4 -Wa,-alh=.\CortexM0\ARM_GCC_541\Debug/timer_clock.lst -g -D DEBUG -D CY_CORE_ID=0 -Wall -ffunction-sections -ffat-lto-objects -Og -c Generated_Source\PSoC4\timer_clock.c -o .\CortexM0\ARM_GCC_541\Debug\timer_clock.o
arm-none-eabi-gcc.exe -mcpu=cortex-m0 -mthumb -I. -IGenerated_Source\PSoC4 -Wa,-alh=.\CortexM0\ARM_GCC_541\Debug/I2C_1.lst -g -D DEBUG -D CY_CORE_ID=0 -Wall -ffunction-sections -ffat-lto-objects -Og -c Generated_Source\PSoC4\I2C_1.c -o .\CortexM0\ARM_GCC_541\Debug\I2C_1.o
arm-none-eabi-gcc.exe -mcpu=cortex-m0 -mthumb -I. -IGenerated_Source\PSoC4 -Wa,-alh=.\CortexM0\ARM_GCC_541\Debug/I2C_1_I2C_INT.lst -g -D DEBUG -D CY_CORE_ID=0 -Wall -ffunction-sections -ffat-lto-objects -Og -c Generated_Source\PSoC4\I2C_1_I2C_INT.c -o .\CortexM0\ARM_GCC_541\Debug\I2C_1_I2C_INT.o
arm-none-eabi-gcc.exe -mcpu=cortex-m0 -mthumb -I. -IGenerated_Source\PSoC4 -Wa,-alh=.\CortexM0\ARM_GCC_541\Debug/I2C_1_I2C.lst -g -D DEBUG -D CY_CORE_ID=0 -Wall -ffunction-sections -ffat-lto-objects -Og -c Generated_Source\PSoC4\I2C_1_I2C.c -o .\CortexM0\ARM_GCC_541\Debug\I2C_1_I2C.o
arm-none-eabi-gcc.exe -mcpu=cortex-m0 -mthumb -I. -IGenerated_Source\PSoC4 -Wa,-alh=.\CortexM0\ARM_GCC_541\Debug/I2C_1_I2C_BOOT.lst -g -D DEBUG -D CY_CORE_ID=0 -Wall -ffunction-sections -ffat-lto-objects -Og -c Generated_Source\PSoC4\I2C_1_I2C_BOOT.c -o .\CortexM0\ARM_GCC_541\Debug\I2C_1_I2C_BOOT.o
arm-none-eabi-gcc.exe -mcpu=cortex-m0 -mthumb -I. -IGenerated_Source\PSoC4 -Wa,-alh=.\CortexM0\ARM_GCC_541\Debug/I2C_1_I2C_MASTER.lst -g -D DEBUG -D CY_CORE_ID=0 -Wall -ffunction-sections -ffat-lto-objects -Og -c Generated_Source\PSoC4\I2C_1_I2C_MASTER.c -o .\CortexM0\ARM_GCC_541\Debug\I2C_1_I2C_MASTER.o
arm-none-eabi-gcc.exe -mcpu=cortex-m0 -mthumb -I. -IGenerated_Source\PSoC4 -Wa,-alh=.\CortexM0\ARM_GCC_541\Debug/I2C_1_PM.lst -g -D DEBUG -D CY_CORE_ID=0 -Wall -ffunction-sections -ffat-lto-objects -Og -c Generated_Source\PSoC4\I2C_1_PM.c -o .\CortexM0\ARM_GCC_541\Debug\I2C_1_PM.o
arm-none-eabi-gcc.exe -mcpu=cortex-m0 -mthumb -I. -IGenerated_Source\PSoC4 -Wa,-alh=.\CortexM0\ARM_GCC_541\Debug/I2C_1_BOOT.lst -g -D DEBUG -D CY_CORE_ID=0 -Wall -ffunction-sections -ffat-lto-objects -Og -c Generated_Source\PSoC4\I2C_1_BOOT.c -o .\CortexM0\ARM_GCC_541\Debug\I2C_1_BOOT.o
arm-none-eabi-gcc.exe -mcpu=cortex-m0 -mthumb -I. -IGenerated_Source\PSoC4 -Wa,-alh=.\CortexM0\ARM_GCC_541\Debug/I2C_1_SCBCLK.lst -g -D DEBUG -D CY_CORE_ID=0 -Wall -ffunction-sections -ffat-lto-objects -Og -c Generated_Source\PSoC4\I2C_1_SCBCLK.c -o .\CortexM0\ARM_GCC_541\Debug\I2C_1_SCBCLK.o
arm-none-eabi-gcc.exe -mcpu=cortex-m0 -mthumb -I. -IGenerated_Source\PSoC4 -Wa,-alh=.\CortexM0\ARM_GCC_541\Debug/I2C_1_sda.lst -g -D DEBUG -D CY_CORE_ID=0 -Wall -ffunction-sections -ffat-lto-objects -Og -c Generated_Source\PSoC4\I2C_1_sda.c -o .\CortexM0\ARM_GCC_541\Debug\I2C_1_sda.o
arm-none-eabi-gcc.exe -mcpu=cortex-m0 -mthumb -I. -IGenerated_Source\PSoC4 -Wa,-alh=.\CortexM0\ARM_GCC_541\Debug/I2C_1_sda_PM.lst -g -D DEBUG -D CY_CORE_ID=0 -Wall -ffunction-sections -ffat-lto-objects -Og -c Generated_Source\PSoC4\I2C_1_sda_PM.c -o .\CortexM0\ARM_GCC_541\Debug\I2C_1_sda_PM.o
arm-none-eabi-gcc.exe -mcpu=cortex-m0 -mthumb -I. -IGenerated_Source\PSoC4 -Wa,-alh=.\CortexM0\ARM_GCC_541\Debug/I2C_1_scl.lst -g -D DEBUG -D CY_CORE_ID=0 -Wall -ffunction-sections -ffat-lto-objects -Og -c Generated_Source\PSoC4\I2C_1_scl.c -o .\CortexM0\ARM_GCC_541\Debug\I2C_1_scl.o
arm-none-eabi-gcc.exe -mcpu=cortex-m0 -mthumb -I. -IGenerated_Source\PSoC4 -Wa,-alh=.\CortexM0\ARM_GCC_541\Debug/I2C_1_scl_PM.lst -g -D DEBUG -D CY_CORE_ID=0 -Wall -ffunction-sections -ffat-lto-objects -Og -c Generated_Source\PSoC4\I2C_1_scl_PM.c -o .\CortexM0\ARM_GCC_541\Debug\I2C_1_scl_PM.o
arm-none-eabi-gcc.exe -mcpu=cortex-m0 -mthumb -I. -IGenerated_Source\PSoC4 -Wa,-alh=.\CortexM0\ARM_GCC_541\Debug/I2C_1_SCB_IRQ.lst -g -D DEBUG -D CY_CORE_ID=0 -Wall -ffunction-sections -ffat-lto-objects -Og -c Generated_Source\PSoC4\I2C_1_SCB_IRQ.c -o .\CortexM0\ARM_GCC_541\Debug\I2C_1_SCB_IRQ.o
arm-none-eabi-gcc.exe -mcpu=cortex-m0 -mthumb -I. -IGenerated_Source\PSoC4 -Wa,-alh=.\CortexM0\ARM_GCC_541\Debug/SLP.lst -g -D DEBUG -D CY_CORE_ID=0 -Wall -ffunction-sections -ffat-lto-objects -Og -c Generated_Source\PSoC4\SLP.c -o .\CortexM0\ARM_GCC_541\Debug\SLP.o
arm-none-eabi-gcc.exe -mcpu=cortex-m0 -mthumb -I. -IGenerated_Source\PSoC4 -Wa,-alh=.\CortexM0\ARM_GCC_541\Debug/SLP_PM.lst -g -D DEBUG -D CY_CORE_ID=0 -Wall -ffunction-sections -ffat-lto-objects -Og -c Generated_Source\PSoC4\SLP_PM.c -o .\CortexM0\ARM_GCC_541\Debug\SLP_PM.o
arm-none-eabi-gcc.exe -mcpu=cortex-m0 -mthumb -I. -IGenerated_Source\PSoC4 -Wa,-alh=.\CortexM0\ARM_GCC_541\Debug/Spare4.lst -g -D DEBUG -D CY_CORE_ID=0 -Wall -ffunction-sections -ffat-lto-objects -Og -c Generated_Source\PSoC4\Spare4.c -o .\CortexM0\ARM_GCC_541\Debug\Spare4.o
arm-none-eabi-gcc.exe -mcpu=cortex-m0 -mthumb -I. -IGenerated_Source\PSoC4 -Wa,-alh=.\CortexM0\ARM_GCC_541\Debug/Spare4_PM.lst -g -D DEBUG -D CY_CORE_ID=0 -Wall -ffunction-sections -ffat-lto-objects -Og -c Generated_Source\PSoC4\Spare4_PM.c -o .\CortexM0\ARM_GCC_541\Debug\Spare4_PM.o
arm-none-eabi-gcc.exe -mcpu=cortex-m0 -mthumb -I. -IGenerated_Source\PSoC4 -Wa,-alh=.\CortexM0\ARM_GCC_541\Debug/Spare5.lst -g -D DEBUG -D CY_CORE_ID=0 -Wall -ffunction-sections -ffat-lto-objects -Og -c Generated_Source\PSoC4\Spare5.c -o .\CortexM0\ARM_GCC_541\Debug\Spare5.o
arm-none-eabi-gcc.exe -mcpu=cortex-m0 -mthumb -I. -IGenerated_Source\PSoC4 -Wa,-alh=.\CortexM0\ARM_GCC_541\Debug/Spare5_PM.lst -g -D DEBUG -D CY_CORE_ID=0 -Wall -ffunction-sections -ffat-lto-objects -Og -c Generated_Source\PSoC4\Spare5_PM.c -o .\CortexM0\ARM_GCC_541\Debug\Spare5_PM.o
arm-none-eabi-gcc.exe -mcpu=cortex-m0 -mthumb -I. -IGenerated_Source\PSoC4 -Wa,-alh=.\CortexM0\ARM_GCC_541\Debug/Spare6.lst -g -D DEBUG -D CY_CORE_ID=0 -Wall -ffunction-sections -ffat-lto-objects -Og -c Generated_Source\PSoC4\Spare6.c -o .\CortexM0\ARM_GCC_541\Debug\Spare6.o
arm-none-eabi-gcc.exe -mcpu=cortex-m0 -mthumb -I. -IGenerated_Source\PSoC4 -Wa,-alh=.\CortexM0\ARM_GCC_541\Debug/Spare6_PM.lst -g -D DEBUG -D CY_CORE_ID=0 -Wall -ffunction-sections -ffat-lto-objects -Og -c Generated_Source\PSoC4\Spare6_PM.c -o .\CortexM0\ARM_GCC_541\Debug\Spare6_PM.o
arm-none-eabi-gcc.exe -mcpu=cortex-m0 -mthumb -I. -IGenerated_Source\PSoC4 -Wa,-alh=.\CortexM0\ARM_GCC_541\Debug/Error.lst -g -D DEBUG -D CY_CORE_ID=0 -Wall -ffunction-sections -ffat-lto-objects -Og -c Generated_Source\PSoC4\Error.c -o .\CortexM0\ARM_GCC_541\Debug\Error.o
arm-none-eabi-gcc.exe -mcpu=cortex-m0 -mthumb -I. -IGenerated_Source\PSoC4 -Wa,-alh=.\CortexM0\ARM_GCC_541\Debug/Error_PM.lst -g -D DEBUG -D CY_CORE_ID=0 -Wall -ffunction-sections -ffat-lto-objects -Og -c Generated_Source\PSoC4\Error_PM.c -o .\CortexM0\ARM_GCC_541\Debug\Error_PM.o
arm-none-eabi-gcc.exe -mcpu=cortex-m0 -mthumb -I. -IGenerated_Source\PSoC4 -Wa,-alh=.\CortexM0\ARM_GCC_541\Debug/Opamp_1.lst -g -D DEBUG -D CY_CORE_ID=0 -Wall -ffunction-sections -ffat-lto-objects -Og -c Generated_Source\PSoC4\Opamp_1.c -o .\CortexM0\ARM_GCC_541\Debug\Opamp_1.o
arm-none-eabi-gcc.exe -mcpu=cortex-m0 -mthumb -I. -IGenerated_Source\PSoC4 -Wa,-alh=.\CortexM0\ARM_GCC_541\Debug/Opamp_1_PM.lst -g -D DEBUG -D CY_CORE_ID=0 -Wall -ffunction-sections -ffat-lto-objects -Og -c Generated_Source\PSoC4\Opamp_1_PM.c -o .\CortexM0\ARM_GCC_541\Debug\Opamp_1_PM.o
arm-none-eabi-gcc.exe -mcpu=cortex-m0 -mthumb -I. -IGenerated_Source\PSoC4 -Wa,-alh=.\CortexM0\ARM_GCC_541\Debug/vin.lst -g -D DEBUG -D CY_CORE_ID=0 -Wall -ffunction-sections -ffat-lto-objects -Og -c Generated_Source\PSoC4\vin.c -o .\CortexM0\ARM_GCC_541\Debug\vin.o
arm-none-eabi-gcc.exe -mcpu=cortex-m0 -mthumb -I. -IGenerated_Source\PSoC4 -Wa,-alh=.\CortexM0\ARM_GCC_541\Debug/vin_PM.lst -g -D DEBUG -D CY_CORE_ID=0 -Wall -ffunction-sections -ffat-lto-objects -Og -c Generated_Source\PSoC4\vin_PM.c -o .\CortexM0\ARM_GCC_541\Debug\vin_PM.o
arm-none-eabi-gcc.exe -mcpu=cortex-m0 -mthumb -I. -IGenerated_Source\PSoC4 -Wa,-alh=.\CortexM0\ARM_GCC_541\Debug/vout.lst -g -D DEBUG -D CY_CORE_ID=0 -Wall -ffunction-sections -ffat-lto-objects -Og -c Generated_Source\PSoC4\vout.c -o .\CortexM0\ARM_GCC_541\Debug\vout.o
arm-none-eabi-gcc.exe -mcpu=cortex-m0 -mthumb -I. -IGenerated_Source\PSoC4 -Wa,-alh=.\CortexM0\ARM_GCC_541\Debug/vout_PM.lst -g -D DEBUG -D CY_CORE_ID=0 -Wall -ffunction-sections -ffat-lto-objects -Og -c Generated_Source\PSoC4\vout_PM.c -o .\CortexM0\ARM_GCC_541\Debug\vout_PM.o
arm-none-eabi-gcc.exe -mcpu=cortex-m0 -mthumb -I. -IGenerated_Source\PSoC4 -Wa,-alh=.\CortexM0\ARM_GCC_541\Debug/Test_LED.lst -g -D DEBUG -D CY_CORE_ID=0 -Wall -ffunction-sections -ffat-lto-objects -Og -c Generated_Source\PSoC4\Test_LED.c -o .\CortexM0\ARM_GCC_541\Debug\Test_LED.o
arm-none-eabi-gcc.exe -mcpu=cortex-m0 -mthumb -I. -IGenerated_Source\PSoC4 -Wa,-alh=.\CortexM0\ARM_GCC_541\Debug/Test_LED_PM.lst -g -D DEBUG -D CY_CORE_ID=0 -Wall -ffunction-sections -ffat-lto-objects -Og -c Generated_Source\PSoC4\Test_LED_PM.c -o .\CortexM0\ARM_GCC_541\Debug\Test_LED_PM.o
arm-none-eabi-gcc.exe -mcpu=cortex-m0 -mthumb -I. -IGenerated_Source\PSoC4 -Wa,-alh=.\CortexM0\ARM_GCC_541\Debug/Laser.lst -g -D DEBUG -D CY_CORE_ID=0 -Wall -ffunction-sections -ffat-lto-objects -Og -c Generated_Source\PSoC4\Laser.c -o .\CortexM0\ARM_GCC_541\Debug\Laser.o
arm-none-eabi-gcc.exe -mcpu=cortex-m0 -mthumb -I. -IGenerated_Source\PSoC4 -Wa,-alh=.\CortexM0\ARM_GCC_541\Debug/Laser_PM.lst -g -D DEBUG -D CY_CORE_ID=0 -Wall -ffunction-sections -ffat-lto-objects -Og -c Generated_Source\PSoC4\Laser_PM.c -o .\CortexM0\ARM_GCC_541\Debug\Laser_PM.o
arm-none-eabi-gcc.exe -mcpu=cortex-m0 -mthumb -I. -IGenerated_Source\PSoC4 -Wa,-alh=.\CortexM0\ARM_GCC_541\Debug/Alert.lst -g -D DEBUG -D CY_CORE_ID=0 -Wall -ffunction-sections -ffat-lto-objects -Og -c Generated_Source\PSoC4\Alert.c -o .\CortexM0\ARM_GCC_541\Debug\Alert.o
arm-none-eabi-gcc.exe -mcpu=cortex-m0 -mthumb -I. -IGenerated_Source\PSoC4 -Wa,-alh=.\CortexM0\ARM_GCC_541\Debug/Alert_PM.lst -g -D DEBUG -D CY_CORE_ID=0 -Wall -ffunction-sections -ffat-lto-objects -Og -c Generated_Source\PSoC4\Alert_PM.c -o .\CortexM0\ARM_GCC_541\Debug\Alert_PM.o
arm-none-eabi-gcc.exe -mcpu=cortex-m0 -mthumb -I. -IGenerated_Source\PSoC4 -Wa,-alh=.\CortexM0\ARM_GCC_541\Debug/Servo.lst -g -D DEBUG -D CY_CORE_ID=0 -Wall -ffunction-sections -ffat-lto-objects -Og -c Generated_Source\PSoC4\Servo.c -o .\CortexM0\ARM_GCC_541\Debug\Servo.o
arm-none-eabi-gcc.exe -mcpu=cortex-m0 -mthumb -I. -IGenerated_Source\PSoC4 -Wa,-alh=.\CortexM0\ARM_GCC_541\Debug/Servo_PM.lst -g -D DEBUG -D CY_CORE_ID=0 -Wall -ffunction-sections -ffat-lto-objects -Og -c Generated_Source\PSoC4\Servo_PM.c -o .\CortexM0\ARM_GCC_541\Debug\Servo_PM.o
arm-none-eabi-gcc.exe -mcpu=cortex-m0 -mthumb -I. -IGenerated_Source\PSoC4 -Wa,-alh=.\CortexM0\ARM_GCC_541\Debug/PWM_Servo.lst -g -D DEBUG -D CY_CORE_ID=0 -Wall -ffunction-sections -ffat-lto-objects -Og -c Generated_Source\PSoC4\PWM_Servo.c -o .\CortexM0\ARM_GCC_541\Debug\PWM_Servo.o
arm-none-eabi-gcc.exe -mcpu=cortex-m0 -mthumb -I. -IGenerated_Source\PSoC4 -Wa,-alh=.\CortexM0\ARM_GCC_541\Debug/PWM_Servo_PM.lst -g -D DEBUG -D CY_CORE_ID=0 -Wall -ffunction-sections -ffat-lto-objects -Og -c Generated_Source\PSoC4\PWM_Servo_PM.c -o .\CortexM0\ARM_GCC_541\Debug\PWM_Servo_PM.o
arm-none-eabi-as.exe -mcpu=cortex-m0 -mthumb -I. -IGenerated_Source\PSoC4 -alh=.\CortexM0\ARM_GCC_541\Debug/CyBootAsmGnu.lst -g -W -o .\CortexM0\ARM_GCC_541\Debug\CyBootAsmGnu.o Generated_Source\PSoC4\CyBootAsmGnu.s
arm-none-eabi-ar.exe -rs ".\CortexM0\ARM_GCC_541\Debug\Motor Board Rev2.a" .\CortexM0\ARM_GCC_541\Debug\CyFlash.o .\CortexM0\ARM_GCC_541\Debug\CyLib.o .\CortexM0\ARM_GCC_541\Debug\cyPm.o .\CortexM0\ARM_GCC_541\Debug\cyutils.o .\CortexM0\ARM_GCC_541\Debug\CyDMA.o .\CortexM0\ARM_GCC_541\Debug\CyLFClk.o .\CortexM0\ARM_GCC_541\Debug\cy_em_eeprom.o .\CortexM0\ARM_GCC_541\Debug\Pin_Limit_1.o .\CortexM0\ARM_GCC_541\Debug\Pin_Limit_1_PM.o .\CortexM0\ARM_GCC_541\Debug\Pin_Limit_2.o .\CortexM0\ARM_GCC_541\Debug\Pin_Limit_2_PM.o .\CortexM0\ARM_GCC_541\Debug\PWM_Motor.o .\CortexM0\ARM_GCC_541\Debug\PWM_Motor_PM.o .\CortexM0\ARM_GCC_541\Debug\Pin_Motor.o .\CortexM0\ARM_GCC_541\Debug\Pin_Motor_PM.o .\CortexM0\ARM_GCC_541\Debug\Clock_PWM.o .\CortexM0\ARM_GCC_541\Debug\Pin_Pot.o .\CortexM0\ARM_GCC_541\Debug\Pin_Pot_PM.o .\CortexM0\ARM_GCC_541\Debug\Pin_Direction.o .\CortexM0\ARM_GCC_541\Debug\Pin_Direction_PM.o .\CortexM0\ARM_GCC_541\Debug\isr_Limit_1.o .\CortexM0\ARM_GCC_541\Debug\QuadDec.o .\CortexM0\ARM_GCC_541\Debug\QuadDec_PM.o .\CortexM0\ARM_GCC_541\Debug\Pin_Encoder_A.o .\CortexM0\ARM_GCC_541\Debug\Pin_Encoder_A_PM.o .\CortexM0\ARM_GCC_541\Debug\Pin_Encoder_B.o .\CortexM0\ARM_GCC_541\Debug\Pin_Encoder_B_PM.o .\CortexM0\ARM_GCC_541\Debug\Clock_1.o .\CortexM0\ARM_GCC_541\Debug\QuadDec_Cnt16.o .\CortexM0\ARM_GCC_541\Debug\QuadDec_Cnt16_PM.o .\CortexM0\ARM_GCC_541\Debug\Status_Reg_Switches.o .\CortexM0\ARM_GCC_541\Debug\Clock_2.o .\CortexM0\ARM_GCC_541\Debug\ADC_SAR_Seq_1.o .\CortexM0\ARM_GCC_541\Debug\ADC_SAR_Seq_1_PM.o .\CortexM0\ARM_GCC_541\Debug\ADC_SAR_Seq_1_INT.o .\CortexM0\ARM_GCC_541\Debug\ADC_SAR_Seq_1_IRQ.o .\CortexM0\ARM_GCC_541\Debug\ADC_SAR_Seq_1_intClock.o .\CortexM0\ARM_GCC_541\Debug\RX_1.o .\CortexM0\ARM_GCC_541\Debug\RX_1_PM.o .\CortexM0\ARM_GCC_541\Debug\TX_1.o .\CortexM0\ARM_GCC_541\Debug\TX_1_PM.o .\CortexM0\ARM_GCC_541\Debug\CAN.o .\CortexM0\ARM_GCC_541\Debug\CAN_INT.o .\CortexM0\ARM_GCC_541\Debug\CAN_PM.o .\CortexM0\ARM_GCC_541\Debug\CAN_TX_RX_func.o .\CortexM0\ARM_GCC_541\Debug\CAN_isr.o .\CortexM0\ARM_GCC_541\Debug\CAN_HFCLK.o .\CortexM0\ARM_GCC_541\Debug\UART.o .\CortexM0\ARM_GCC_541\Debug\UART_SPI_UART.o .\CortexM0\ARM_GCC_541\Debug\UART_SPI_UART_INT.o .\CortexM0\ARM_GCC_541\Debug\UART_PM.o .\CortexM0\ARM_GCC_541\Debug\UART_UART.o .\CortexM0\ARM_GCC_541\Debug\UART_BOOT.o .\CortexM0\ARM_GCC_541\Debug\UART_UART_BOOT.o .\CortexM0\ARM_GCC_541\Debug\UART_SCBCLK.o .\CortexM0\ARM_GCC_541\Debug\UART_tx.o .\CortexM0\ARM_GCC_541\Debug\UART_tx_PM.o .\CortexM0\ARM_GCC_541\Debug\UART_rx.o .\CortexM0\ARM_GCC_541\Debug\UART_rx_PM.o .\CortexM0\ARM_GCC_541\Debug\Spare1.o .\CortexM0\ARM_GCC_541\Debug\Spare1_PM.o .\CortexM0\ARM_GCC_541\Debug\Dip_1.o .\CortexM0\ARM_GCC_541\Debug\Dip_1_PM.o .\CortexM0\ARM_GCC_541\Debug\Dip_3.o .\CortexM0\ARM_GCC_541\Debug\Dip_3_PM.o .\CortexM0\ARM_GCC_541\Debug\Dip_2.o .\CortexM0\ARM_GCC_541\Debug\Dip_2_PM.o .\CortexM0\ARM_GCC_541\Debug\Dip_4.o .\CortexM0\ARM_GCC_541\Debug\Dip_4_PM.o .\CortexM0\ARM_GCC_541\Debug\Can_addr.o .\CortexM0\ARM_GCC_541\Debug\Current_sense.o .\CortexM0\ARM_GCC_541\Debug\Current_sense_PM.o .\CortexM0\ARM_GCC_541\Debug\fault.o .\CortexM0\ARM_GCC_541\Debug\fault_PM.o .\CortexM0\ARM_GCC_541\Debug\Timer_1.o .\CortexM0\ARM_GCC_541\Debug\Timer_1_PM.o .\CortexM0\ARM_GCC_541\Debug\isr_period.o .\CortexM0\ARM_GCC_541\Debug\timer_clock.o .\CortexM0\ARM_GCC_541\Debug\I2C_1.o .\CortexM0\ARM_GCC_541\Debug\I2C_1_I2C_INT.o .\CortexM0\ARM_GCC_541\Debug\I2C_1_I2C.o .\CortexM0\ARM_GCC_541\Debug\I2C_1_I2C_BOOT.o .\CortexM0\ARM_GCC_541\Debug\I2C_1_I2C_MASTER.o .\CortexM0\ARM_GCC_541\Debug\I2C_1_PM.o .\CortexM0\ARM_GCC_541\Debug\I2C_1_BOOT.o .\CortexM0\ARM_GCC_541\Debug\I2C_1_SCBCLK.o .\CortexM0\ARM_GCC_541\Debug\I2C_1_sda.o .\CortexM0\ARM_GCC_541\Debug\I2C_1_sda_PM.o .\CortexM0\ARM_GCC_541\Debug\I2C_1_scl.o .\CortexM0\ARM_GCC_541\Debug\I2C_1_scl_PM.o .\CortexM0\ARM_GCC_541\Debug\I2C_1_SCB_IRQ.o .\CortexM0\ARM_GCC_541\Debug\SLP.o .\CortexM0\ARM_GCC_541\Debug\SLP_PM.o .\CortexM0\ARM_GCC_541\Debug\Spare4.o .\CortexM0\ARM_GCC_541\Debug\Spare4_PM.o .\CortexM0\ARM_GCC_541\Debug\Spare5.o .\CortexM0\ARM_GCC_541\Debug\Spare5_PM.o .\CortexM0\ARM_GCC_541\Debug\Spare6.o .\CortexM0\ARM_GCC_541\Debug\Spare6_PM.o .\CortexM0\ARM_GCC_541\Debug\Error.o .\CortexM0\ARM_GCC_541\Debug\Error_PM.o .\CortexM0\ARM_GCC_541\Debug\Opamp_1.o .\CortexM0\ARM_GCC_541\Debug\Opamp_1_PM.o .\CortexM0\ARM_GCC_541\Debug\vin.o .\CortexM0\ARM_GCC_541\Debug\vin_PM.o .\CortexM0\ARM_GCC_541\Debug\vout.o .\CortexM0\ARM_GCC_541\Debug\vout_PM.o .\CortexM0\ARM_GCC_541\Debug\Test_LED.o .\CortexM0\ARM_GCC_541\Debug\Test_LED_PM.o .\CortexM0\ARM_GCC_541\Debug\Laser.o .\CortexM0\ARM_GCC_541\Debug\Laser_PM.o .\CortexM0\ARM_GCC_541\Debug\Alert.o .\CortexM0\ARM_GCC_541\Debug\Alert_PM.o .\CortexM0\ARM_GCC_541\Debug\Servo.o .\CortexM0\ARM_GCC_541\Debug\Servo_PM.o .\CortexM0\ARM_GCC_541\Debug\PWM_Servo.o .\CortexM0\ARM_GCC_541\Debug\PWM_Servo_PM.o .\CortexM0\ARM_GCC_541\Debug\CyBootAsmGnu.o
arm-none-eabi-ar.exe: creating .\CortexM0\ARM_GCC_541\Debug\Motor Board Rev2.a
arm-none-eabi-gcc.exe -Wl,--start-group -o "C:\Users\austc\OneDrive\Documents\Altium\Motor-Unit-Firmware-A-2019-2020\Motor Unit\Motor Board Rev2.cydsn\CortexM0\ARM_GCC_541\Debug\Motor Board Rev2.elf" .\CortexM0\ARM_GCC_541\Debug\main.o .\CortexM0\ARM_GCC_541\Debug\cyfitter_cfg.o .\CortexM0\ARM_GCC_541\Debug\cymetadata.o .\CortexM0\ARM_GCC_541\Debug\Cm0Start.o ".\CortexM0\ARM_GCC_541\Debug\Motor Board Rev2.a" -mcpu=cortex-m0 -mthumb -L Generated_Source\PSoC4 "-Wl,-Map,.\CortexM0\ARM_GCC_541\Debug/Motor Board Rev2.map" -T Generated_Source\PSoC4\cm0gcc.ld -specs=nano.specs -Wl,--gc-sections -g -ffunction-sections -Og -ffat-lto-objects -Wl,--end-group
cyelftool.exe -C "C:\Users\austc\OneDrive\Documents\Altium\Motor-Unit-Firmware-A-2019-2020\Motor Unit\Motor Board Rev2.cydsn\CortexM0\ARM_GCC_541\Debug\Motor Board Rev2.elf" --flash_row_size 256 --flash_size 262144 --flash_offset 0x00000000
No ELF section .cychecksum found, creating one
Application checksum calculated and stored in ELF section .cychecksum
Checksum calculated and stored in ELF section .cymeta
cyelftool.exe -S "C:\Users\austc\OneDrive\Documents\Altium\Motor-Unit-Firmware-A-2019-2020\Motor Unit\Motor Board Rev2.cydsn\CortexM0\ARM_GCC_541\Debug\Motor Board Rev2.elf"
Flash used: 17622 of 262144 bytes (6.7%).
SRAM used: 2872 of 32768 bytes (8.8%). Stack: 2048 bytes. Heap: 128 bytes.
--------------- Build Succeeded: 03/07/2020 13:28:28 ---------------
