ARM GAS  C:\Users\austc\AppData\Local\Temp\ccdr1zzG.s 			page 1


   1              		.syntax unified
   2              		.cpu cortex-m0
   3              		.fpu softvfp
   4              		.eabi_attribute 20, 1
   5              		.eabi_attribute 21, 1
   6              		.eabi_attribute 23, 3
   7              		.eabi_attribute 24, 1
   8              		.eabi_attribute 25, 1
   9              		.eabi_attribute 26, 1
  10              		.eabi_attribute 30, 1
  11              		.eabi_attribute 34, 0
  12              		.eabi_attribute 18, 4
  13              		.thumb
  14              		.syntax unified
  15              		.file	"Opamp_1.c"
  16              		.text
  17              	.Ltext0:
  18              		.cfi_sections	.debug_frame
  19              		.section	.text.Opamp_1_Init,"ax",%progbits
  20              		.align	2
  21              		.global	Opamp_1_Init
  22              		.code	16
  23              		.thumb_func
  24              		.type	Opamp_1_Init, %function
  25              	Opamp_1_Init:
  26              	.LFB0:
  27              		.file 1 "Generated_Source\\PSoC4\\Opamp_1.c"
   1:Generated_Source\PSoC4/Opamp_1.c **** /*******************************************************************************
   2:Generated_Source\PSoC4/Opamp_1.c **** * File Name: Opamp_1.c
   3:Generated_Source\PSoC4/Opamp_1.c **** * Version 1.20
   4:Generated_Source\PSoC4/Opamp_1.c **** *
   5:Generated_Source\PSoC4/Opamp_1.c **** * Description:
   6:Generated_Source\PSoC4/Opamp_1.c **** *  This file provides the source code to the API for the Opamp (Analog Buffer)
   7:Generated_Source\PSoC4/Opamp_1.c **** *  Component.
   8:Generated_Source\PSoC4/Opamp_1.c **** *
   9:Generated_Source\PSoC4/Opamp_1.c **** *
  10:Generated_Source\PSoC4/Opamp_1.c **** ********************************************************************************
  11:Generated_Source\PSoC4/Opamp_1.c **** * Copyright 2013-2015, Cypress Semiconductor Corporation.  All rights reserved.
  12:Generated_Source\PSoC4/Opamp_1.c **** * You may use this file only in accordance with the license, terms, conditions,
  13:Generated_Source\PSoC4/Opamp_1.c **** * disclaimers, and limitations in the end user license agreement accompanying
  14:Generated_Source\PSoC4/Opamp_1.c **** * the software package with which this file was provided.
  15:Generated_Source\PSoC4/Opamp_1.c **** *******************************************************************************/
  16:Generated_Source\PSoC4/Opamp_1.c **** 
  17:Generated_Source\PSoC4/Opamp_1.c **** #include "Opamp_1.h"
  18:Generated_Source\PSoC4/Opamp_1.c **** 
  19:Generated_Source\PSoC4/Opamp_1.c **** uint8 Opamp_1_initVar = 0u; /* Defines if component was initialized */
  20:Generated_Source\PSoC4/Opamp_1.c **** static uint32 Opamp_1_internalPower = 0u; /* Defines component Power value */
  21:Generated_Source\PSoC4/Opamp_1.c **** 
  22:Generated_Source\PSoC4/Opamp_1.c **** 
  23:Generated_Source\PSoC4/Opamp_1.c **** /*******************************************************************************
  24:Generated_Source\PSoC4/Opamp_1.c **** * Function Name: Opamp_1_Init
  25:Generated_Source\PSoC4/Opamp_1.c **** ********************************************************************************
  26:Generated_Source\PSoC4/Opamp_1.c **** *
  27:Generated_Source\PSoC4/Opamp_1.c **** * Summary:
  28:Generated_Source\PSoC4/Opamp_1.c **** *  Initializes or restores the component according to the customizer Configure 
  29:Generated_Source\PSoC4/Opamp_1.c **** *  dialog settings. It is not necessary to call Init() because the Start() API 
  30:Generated_Source\PSoC4/Opamp_1.c **** *  calls this function and is the preferred method to begin the component operation.
ARM GAS  C:\Users\austc\AppData\Local\Temp\ccdr1zzG.s 			page 2


  31:Generated_Source\PSoC4/Opamp_1.c **** *
  32:Generated_Source\PSoC4/Opamp_1.c **** * Parameters:
  33:Generated_Source\PSoC4/Opamp_1.c **** *  None
  34:Generated_Source\PSoC4/Opamp_1.c **** *
  35:Generated_Source\PSoC4/Opamp_1.c **** * Return:
  36:Generated_Source\PSoC4/Opamp_1.c **** *  None
  37:Generated_Source\PSoC4/Opamp_1.c **** *
  38:Generated_Source\PSoC4/Opamp_1.c **** *******************************************************************************/
  39:Generated_Source\PSoC4/Opamp_1.c **** void Opamp_1_Init(void)
  40:Generated_Source\PSoC4/Opamp_1.c **** {
  28              		.loc 1 40 0
  29              		.cfi_startproc
  30              		@ args = 0, pretend = 0, frame = 0
  31              		@ frame_needed = 0, uses_anonymous_args = 0
  32              		@ link register save eliminated.
  41:Generated_Source\PSoC4/Opamp_1.c ****     Opamp_1_internalPower = Opamp_1_POWER;
  33              		.loc 1 41 0
  34 0000 0222     		movs	r2, #2
  35 0002 064B     		ldr	r3, .L2
  36 0004 1A60     		str	r2, [r3]
  42:Generated_Source\PSoC4/Opamp_1.c ****     Opamp_1_CTB_CTRL_REG = Opamp_1_DEFAULT_CTB_CTRL;
  37              		.loc 1 42 0
  38 0006 8022     		movs	r2, #128
  39 0008 1206     		lsls	r2, r2, #24
  40 000a 054B     		ldr	r3, .L2+4
  41 000c 1A60     		str	r2, [r3]
  43:Generated_Source\PSoC4/Opamp_1.c ****     Opamp_1_OA_RES_CTRL_REG = Opamp_1_DEFAULT_OA_RES_CTRL;
  42              		.loc 1 43 0
  43 000e 0422     		movs	r2, #4
  44 0010 044B     		ldr	r3, .L2+8
  45 0012 1A60     		str	r2, [r3]
  44:Generated_Source\PSoC4/Opamp_1.c ****     Opamp_1_OA_COMP_TRIM_REG = Opamp_1_DEFAULT_OA_COMP_TRIM_REG;
  46              		.loc 1 44 0
  47 0014 013A     		subs	r2, r2, #1
  48 0016 044B     		ldr	r3, .L2+12
  49 0018 1A60     		str	r2, [r3]
  45:Generated_Source\PSoC4/Opamp_1.c **** }
  50              		.loc 1 45 0
  51              		@ sp needed
  52 001a 7047     		bx	lr
  53              	.L3:
  54              		.align	2
  55              	.L2:
  56 001c 00000000 		.word	.LANCHOR0
  57 0020 00003040 		.word	1076887552
  58 0024 04003040 		.word	1076887556
  59 0028 080F3040 		.word	1076891400
  60              		.cfi_endproc
  61              	.LFE0:
  62              		.size	Opamp_1_Init, .-Opamp_1_Init
  63              		.section	.text.Opamp_1_Enable,"ax",%progbits
  64              		.align	2
  65              		.global	Opamp_1_Enable
  66              		.code	16
  67              		.thumb_func
  68              		.type	Opamp_1_Enable, %function
  69              	Opamp_1_Enable:
ARM GAS  C:\Users\austc\AppData\Local\Temp\ccdr1zzG.s 			page 3


  70              	.LFB1:
  46:Generated_Source\PSoC4/Opamp_1.c **** 
  47:Generated_Source\PSoC4/Opamp_1.c **** 
  48:Generated_Source\PSoC4/Opamp_1.c **** /*******************************************************************************
  49:Generated_Source\PSoC4/Opamp_1.c **** * Function Name: Opamp_1_Enable
  50:Generated_Source\PSoC4/Opamp_1.c **** ********************************************************************************
  51:Generated_Source\PSoC4/Opamp_1.c **** *
  52:Generated_Source\PSoC4/Opamp_1.c **** * Summary:
  53:Generated_Source\PSoC4/Opamp_1.c **** *  Activates the hardware and begins the component operation. It is not necessary to 
  54:Generated_Source\PSoC4/Opamp_1.c **** *  call Enable() because the Start() API calls this function, which is the 
  55:Generated_Source\PSoC4/Opamp_1.c **** *  preferred method to begin the component operation.
  56:Generated_Source\PSoC4/Opamp_1.c **** *
  57:Generated_Source\PSoC4/Opamp_1.c **** * Parameters:
  58:Generated_Source\PSoC4/Opamp_1.c **** *  None
  59:Generated_Source\PSoC4/Opamp_1.c **** *
  60:Generated_Source\PSoC4/Opamp_1.c **** * Return:
  61:Generated_Source\PSoC4/Opamp_1.c **** *  None
  62:Generated_Source\PSoC4/Opamp_1.c **** *
  63:Generated_Source\PSoC4/Opamp_1.c **** *******************************************************************************/
  64:Generated_Source\PSoC4/Opamp_1.c **** void Opamp_1_Enable(void)
  65:Generated_Source\PSoC4/Opamp_1.c **** {
  71              		.loc 1 65 0
  72              		.cfi_startproc
  73              		@ args = 0, pretend = 0, frame = 0
  74              		@ frame_needed = 0, uses_anonymous_args = 0
  75              		@ link register save eliminated.
  66:Generated_Source\PSoC4/Opamp_1.c ****     Opamp_1_OA_RES_CTRL_REG |= Opamp_1_internalPower | \
  76              		.loc 1 66 0
  77 0000 044A     		ldr	r2, .L5
  78 0002 1168     		ldr	r1, [r2]
  79 0004 044B     		ldr	r3, .L5+4
  80 0006 1B68     		ldr	r3, [r3]
  81 0008 0B43     		orrs	r3, r1
  82 000a 8021     		movs	r1, #128
  83 000c 0901     		lsls	r1, r1, #4
  84 000e 0B43     		orrs	r3, r1
  85 0010 1360     		str	r3, [r2]
  67:Generated_Source\PSoC4/Opamp_1.c ****                                         Opamp_1_OA_PUMP_EN;
  68:Generated_Source\PSoC4/Opamp_1.c **** }
  86              		.loc 1 68 0
  87              		@ sp needed
  88 0012 7047     		bx	lr
  89              	.L6:
  90              		.align	2
  91              	.L5:
  92 0014 04003040 		.word	1076887556
  93 0018 00000000 		.word	.LANCHOR0
  94              		.cfi_endproc
  95              	.LFE1:
  96              		.size	Opamp_1_Enable, .-Opamp_1_Enable
  97              		.section	.text.Opamp_1_Start,"ax",%progbits
  98              		.align	2
  99              		.global	Opamp_1_Start
 100              		.code	16
 101              		.thumb_func
 102              		.type	Opamp_1_Start, %function
 103              	Opamp_1_Start:
ARM GAS  C:\Users\austc\AppData\Local\Temp\ccdr1zzG.s 			page 4


 104              	.LFB2:
  69:Generated_Source\PSoC4/Opamp_1.c **** 
  70:Generated_Source\PSoC4/Opamp_1.c **** 
  71:Generated_Source\PSoC4/Opamp_1.c **** /*******************************************************************************
  72:Generated_Source\PSoC4/Opamp_1.c **** * Function Name: Opamp_1_Start
  73:Generated_Source\PSoC4/Opamp_1.c **** ********************************************************************************
  74:Generated_Source\PSoC4/Opamp_1.c **** *
  75:Generated_Source\PSoC4/Opamp_1.c **** * Summary:
  76:Generated_Source\PSoC4/Opamp_1.c **** *  Performs all of the required initialization for the component and enables power 
  77:Generated_Source\PSoC4/Opamp_1.c **** *  to the block. The first time the routine is executed, the Power level, Mode, 
  78:Generated_Source\PSoC4/Opamp_1.c **** *  and Output mode are set. When called to restart the Opamp following a Stop() call, 
  79:Generated_Source\PSoC4/Opamp_1.c **** *  the current component parameter settings are retained.
  80:Generated_Source\PSoC4/Opamp_1.c **** *
  81:Generated_Source\PSoC4/Opamp_1.c **** * Parameters:
  82:Generated_Source\PSoC4/Opamp_1.c **** *  None
  83:Generated_Source\PSoC4/Opamp_1.c **** *
  84:Generated_Source\PSoC4/Opamp_1.c **** * Return:
  85:Generated_Source\PSoC4/Opamp_1.c **** *  None
  86:Generated_Source\PSoC4/Opamp_1.c **** *
  87:Generated_Source\PSoC4/Opamp_1.c **** * Global variables:
  88:Generated_Source\PSoC4/Opamp_1.c **** *  Opamp_1_initVar: Used to check the initial configuration, modified
  89:Generated_Source\PSoC4/Opamp_1.c **** *  when this function is called for the first time.
  90:Generated_Source\PSoC4/Opamp_1.c **** *
  91:Generated_Source\PSoC4/Opamp_1.c **** *******************************************************************************/
  92:Generated_Source\PSoC4/Opamp_1.c **** void Opamp_1_Start(void)
  93:Generated_Source\PSoC4/Opamp_1.c **** {
 105              		.loc 1 93 0
 106              		.cfi_startproc
 107              		@ args = 0, pretend = 0, frame = 0
 108              		@ frame_needed = 0, uses_anonymous_args = 0
 109 0000 10B5     		push	{r4, lr}
 110              		.cfi_def_cfa_offset 8
 111              		.cfi_offset 4, -8
 112              		.cfi_offset 14, -4
  94:Generated_Source\PSoC4/Opamp_1.c ****     if( 0u == Opamp_1_initVar)
 113              		.loc 1 94 0
 114 0002 064B     		ldr	r3, .L9
 115 0004 1B79     		ldrb	r3, [r3, #4]
 116 0006 002B     		cmp	r3, #0
 117 0008 04D1     		bne	.L8
  95:Generated_Source\PSoC4/Opamp_1.c ****     {
  96:Generated_Source\PSoC4/Opamp_1.c ****         Opamp_1_Init();
 118              		.loc 1 96 0
 119 000a FFF7FEFF 		bl	Opamp_1_Init
 120              	.LVL0:
  97:Generated_Source\PSoC4/Opamp_1.c ****         Opamp_1_initVar = 1u;
 121              		.loc 1 97 0
 122 000e 0122     		movs	r2, #1
 123 0010 024B     		ldr	r3, .L9
 124 0012 1A71     		strb	r2, [r3, #4]
 125              	.L8:
  98:Generated_Source\PSoC4/Opamp_1.c ****     }
  99:Generated_Source\PSoC4/Opamp_1.c ****     Opamp_1_Enable();
 126              		.loc 1 99 0
 127 0014 FFF7FEFF 		bl	Opamp_1_Enable
 128              	.LVL1:
 100:Generated_Source\PSoC4/Opamp_1.c **** }
ARM GAS  C:\Users\austc\AppData\Local\Temp\ccdr1zzG.s 			page 5


 129              		.loc 1 100 0
 130              		@ sp needed
 131 0018 10BD     		pop	{r4, pc}
 132              	.L10:
 133 001a C046     		.align	2
 134              	.L9:
 135 001c 00000000 		.word	.LANCHOR0
 136              		.cfi_endproc
 137              	.LFE2:
 138              		.size	Opamp_1_Start, .-Opamp_1_Start
 139              		.section	.text.Opamp_1_Stop,"ax",%progbits
 140              		.align	2
 141              		.global	Opamp_1_Stop
 142              		.code	16
 143              		.thumb_func
 144              		.type	Opamp_1_Stop, %function
 145              	Opamp_1_Stop:
 146              	.LFB3:
 101:Generated_Source\PSoC4/Opamp_1.c **** 
 102:Generated_Source\PSoC4/Opamp_1.c **** 
 103:Generated_Source\PSoC4/Opamp_1.c **** /*******************************************************************************
 104:Generated_Source\PSoC4/Opamp_1.c **** * Function Name: Opamp_1_Stop
 105:Generated_Source\PSoC4/Opamp_1.c **** ********************************************************************************
 106:Generated_Source\PSoC4/Opamp_1.c **** *
 107:Generated_Source\PSoC4/Opamp_1.c **** * Summary:
 108:Generated_Source\PSoC4/Opamp_1.c **** *  Turn off the Opamp block.
 109:Generated_Source\PSoC4/Opamp_1.c **** *
 110:Generated_Source\PSoC4/Opamp_1.c **** * Parameters:
 111:Generated_Source\PSoC4/Opamp_1.c **** *  None
 112:Generated_Source\PSoC4/Opamp_1.c **** *
 113:Generated_Source\PSoC4/Opamp_1.c **** * Return:
 114:Generated_Source\PSoC4/Opamp_1.c **** *  None
 115:Generated_Source\PSoC4/Opamp_1.c **** *
 116:Generated_Source\PSoC4/Opamp_1.c **** *******************************************************************************/
 117:Generated_Source\PSoC4/Opamp_1.c **** void Opamp_1_Stop(void)
 118:Generated_Source\PSoC4/Opamp_1.c **** {
 147              		.loc 1 118 0
 148              		.cfi_startproc
 149              		@ args = 0, pretend = 0, frame = 0
 150              		@ frame_needed = 0, uses_anonymous_args = 0
 151              		@ link register save eliminated.
 119:Generated_Source\PSoC4/Opamp_1.c ****     Opamp_1_OA_RES_CTRL_REG &= ((uint32)~(Opamp_1_OA_PWR_MODE_MASK | \
 152              		.loc 1 119 0
 153 0000 024A     		ldr	r2, .L12
 154 0002 1168     		ldr	r1, [r2]
 155 0004 024B     		ldr	r3, .L12+4
 156 0006 0B40     		ands	r3, r1
 157 0008 1360     		str	r3, [r2]
 120:Generated_Source\PSoC4/Opamp_1.c ****                                                    Opamp_1_OA_PUMP_EN));
 121:Generated_Source\PSoC4/Opamp_1.c **** }
 158              		.loc 1 121 0
 159              		@ sp needed
 160 000a 7047     		bx	lr
 161              	.L13:
 162              		.align	2
 163              	.L12:
 164 000c 04003040 		.word	1076887556
ARM GAS  C:\Users\austc\AppData\Local\Temp\ccdr1zzG.s 			page 6


 165 0010 FCF7FFFF 		.word	-2052
 166              		.cfi_endproc
 167              	.LFE3:
 168              		.size	Opamp_1_Stop, .-Opamp_1_Stop
 169              		.section	.text.Opamp_1_SetPower,"ax",%progbits
 170              		.align	2
 171              		.global	Opamp_1_SetPower
 172              		.code	16
 173              		.thumb_func
 174              		.type	Opamp_1_SetPower, %function
 175              	Opamp_1_SetPower:
 176              	.LFB4:
 122:Generated_Source\PSoC4/Opamp_1.c **** 
 123:Generated_Source\PSoC4/Opamp_1.c **** 
 124:Generated_Source\PSoC4/Opamp_1.c **** /*******************************************************************************
 125:Generated_Source\PSoC4/Opamp_1.c **** * Function Name: Opamp_1_SetPower
 126:Generated_Source\PSoC4/Opamp_1.c **** ********************************************************************************
 127:Generated_Source\PSoC4/Opamp_1.c **** *
 128:Generated_Source\PSoC4/Opamp_1.c **** * Summary:
 129:Generated_Source\PSoC4/Opamp_1.c **** *  Sets the Opamp to one of the three power levels.
 130:Generated_Source\PSoC4/Opamp_1.c **** *
 131:Generated_Source\PSoC4/Opamp_1.c **** * Parameters:
 132:Generated_Source\PSoC4/Opamp_1.c **** *  power: power levels.
 133:Generated_Source\PSoC4/Opamp_1.c **** *   Opamp_1_LOW_POWER - Lowest active power
 134:Generated_Source\PSoC4/Opamp_1.c **** *   Opamp_1_MED_POWER - Medium power
 135:Generated_Source\PSoC4/Opamp_1.c **** *   Opamp_1_HIGH_POWER - Highest active power
 136:Generated_Source\PSoC4/Opamp_1.c **** *
 137:Generated_Source\PSoC4/Opamp_1.c **** * Return:
 138:Generated_Source\PSoC4/Opamp_1.c **** *  None
 139:Generated_Source\PSoC4/Opamp_1.c **** *
 140:Generated_Source\PSoC4/Opamp_1.c **** **********************************************************************************/
 141:Generated_Source\PSoC4/Opamp_1.c **** void Opamp_1_SetPower(uint32 power)
 142:Generated_Source\PSoC4/Opamp_1.c **** {
 177              		.loc 1 142 0
 178              		.cfi_startproc
 179              		@ args = 0, pretend = 0, frame = 0
 180              		@ frame_needed = 0, uses_anonymous_args = 0
 181              		@ link register save eliminated.
 182              	.LVL2:
 143:Generated_Source\PSoC4/Opamp_1.c ****     uint32 tmp;
 144:Generated_Source\PSoC4/Opamp_1.c ****     
 145:Generated_Source\PSoC4/Opamp_1.c ****     Opamp_1_internalPower = Opamp_1_GET_OA_PWR_MODE(power);
 183              		.loc 1 145 0
 184 0000 0321     		movs	r1, #3
 185 0002 0840     		ands	r0, r1
 186              	.LVL3:
 187 0004 034B     		ldr	r3, .L15
 188 0006 1860     		str	r0, [r3]
 146:Generated_Source\PSoC4/Opamp_1.c ****     tmp = Opamp_1_OA_RES_CTRL_REG & \
 189              		.loc 1 146 0
 190 0008 034A     		ldr	r2, .L15+4
 191 000a 1368     		ldr	r3, [r2]
 192 000c 8B43     		bics	r3, r1
 193              	.LVL4:
 147:Generated_Source\PSoC4/Opamp_1.c ****            (uint32)~Opamp_1_OA_PWR_MODE_MASK;
 148:Generated_Source\PSoC4/Opamp_1.c ****     Opamp_1_OA_RES_CTRL_REG = tmp | Opamp_1_internalPower;
 194              		.loc 1 148 0
ARM GAS  C:\Users\austc\AppData\Local\Temp\ccdr1zzG.s 			page 7


 195 000e 1843     		orrs	r0, r3
 196 0010 1060     		str	r0, [r2]
 149:Generated_Source\PSoC4/Opamp_1.c **** }
 197              		.loc 1 149 0
 198              		@ sp needed
 199 0012 7047     		bx	lr
 200              	.L16:
 201              		.align	2
 202              	.L15:
 203 0014 00000000 		.word	.LANCHOR0
 204 0018 04003040 		.word	1076887556
 205              		.cfi_endproc
 206              	.LFE4:
 207              		.size	Opamp_1_SetPower, .-Opamp_1_SetPower
 208              		.section	.text.Opamp_1_PumpControl,"ax",%progbits
 209              		.align	2
 210              		.global	Opamp_1_PumpControl
 211              		.code	16
 212              		.thumb_func
 213              		.type	Opamp_1_PumpControl, %function
 214              	Opamp_1_PumpControl:
 215              	.LFB5:
 150:Generated_Source\PSoC4/Opamp_1.c **** 
 151:Generated_Source\PSoC4/Opamp_1.c **** 
 152:Generated_Source\PSoC4/Opamp_1.c **** /*******************************************************************************
 153:Generated_Source\PSoC4/Opamp_1.c **** * Function Name: Opamp_1_PumpControl
 154:Generated_Source\PSoC4/Opamp_1.c **** ********************************************************************************
 155:Generated_Source\PSoC4/Opamp_1.c **** *
 156:Generated_Source\PSoC4/Opamp_1.c **** * Summary:
 157:Generated_Source\PSoC4/Opamp_1.c **** *  Allows the user to turn the Opamp's boost pump on or off. By Default the Start() 
 158:Generated_Source\PSoC4/Opamp_1.c **** *  function turns on the pump. Use this API to turn it off. The boost must be 
 159:Generated_Source\PSoC4/Opamp_1.c **** *  turned on when the supply is less than 2.7 volts and off if the supply is more 
 160:Generated_Source\PSoC4/Opamp_1.c **** *  than 4 volts.
 161:Generated_Source\PSoC4/Opamp_1.c **** *
 162:Generated_Source\PSoC4/Opamp_1.c **** * Parameters:
 163:Generated_Source\PSoC4/Opamp_1.c **** *  onOff: Control the pump.
 164:Generated_Source\PSoC4/Opamp_1.c **** *   Opamp_1_PUMP_OFF - Turn off the pump
 165:Generated_Source\PSoC4/Opamp_1.c **** *   Opamp_1_PUMP_ON - Turn on the pump
 166:Generated_Source\PSoC4/Opamp_1.c **** *
 167:Generated_Source\PSoC4/Opamp_1.c **** * Return:
 168:Generated_Source\PSoC4/Opamp_1.c **** *  None
 169:Generated_Source\PSoC4/Opamp_1.c **** *
 170:Generated_Source\PSoC4/Opamp_1.c **** **********************************************************************************/
 171:Generated_Source\PSoC4/Opamp_1.c **** void Opamp_1_PumpControl(uint32 onOff)
 172:Generated_Source\PSoC4/Opamp_1.c **** {
 216              		.loc 1 172 0
 217              		.cfi_startproc
 218              		@ args = 0, pretend = 0, frame = 0
 219              		@ frame_needed = 0, uses_anonymous_args = 0
 220              		@ link register save eliminated.
 221              	.LVL5:
 173:Generated_Source\PSoC4/Opamp_1.c ****     
 174:Generated_Source\PSoC4/Opamp_1.c ****     if(0u != onOff)
 222              		.loc 1 174 0
 223 0000 0028     		cmp	r0, #0
 224 0002 06D0     		beq	.L18
 175:Generated_Source\PSoC4/Opamp_1.c ****     {
ARM GAS  C:\Users\austc\AppData\Local\Temp\ccdr1zzG.s 			page 8


 176:Generated_Source\PSoC4/Opamp_1.c ****         Opamp_1_OA_RES_CTRL |= Opamp_1_OA_PUMP_EN;    
 225              		.loc 1 176 0
 226 0004 064A     		ldr	r2, .L20
 227 0006 1368     		ldr	r3, [r2]
 228 0008 8021     		movs	r1, #128
 229 000a 0901     		lsls	r1, r1, #4
 230 000c 0B43     		orrs	r3, r1
 231 000e 1360     		str	r3, [r2]
 232 0010 04E0     		b	.L17
 233              	.L18:
 177:Generated_Source\PSoC4/Opamp_1.c ****     }
 178:Generated_Source\PSoC4/Opamp_1.c ****     else
 179:Generated_Source\PSoC4/Opamp_1.c ****     {
 180:Generated_Source\PSoC4/Opamp_1.c ****         Opamp_1_OA_RES_CTRL &= (uint32)~Opamp_1_OA_PUMP_EN;
 234              		.loc 1 180 0
 235 0012 034A     		ldr	r2, .L20
 236 0014 1168     		ldr	r1, [r2]
 237 0016 034B     		ldr	r3, .L20+4
 238 0018 0B40     		ands	r3, r1
 239 001a 1360     		str	r3, [r2]
 240              	.L17:
 181:Generated_Source\PSoC4/Opamp_1.c ****     }
 182:Generated_Source\PSoC4/Opamp_1.c **** }
 241              		.loc 1 182 0
 242              		@ sp needed
 243 001c 7047     		bx	lr
 244              	.L21:
 245 001e C046     		.align	2
 246              	.L20:
 247 0020 04003040 		.word	1076887556
 248 0024 FFF7FFFF 		.word	-2049
 249              		.cfi_endproc
 250              	.LFE5:
 251              		.size	Opamp_1_PumpControl, .-Opamp_1_PumpControl
 252              		.global	Opamp_1_initVar
 253              		.bss
 254              		.align	2
 255              		.set	.LANCHOR0,. + 0
 256              		.type	Opamp_1_internalPower, %object
 257              		.size	Opamp_1_internalPower, 4
 258              	Opamp_1_internalPower:
 259 0000 00000000 		.space	4
 260              		.type	Opamp_1_initVar, %object
 261              		.size	Opamp_1_initVar, 1
 262              	Opamp_1_initVar:
 263 0004 00       		.space	1
 264              		.text
 265              	.Letext0:
 266              		.file 2 "Generated_Source\\PSoC4\\cytypes.h"
 267              		.section	.debug_info,"",%progbits
 268              	.Ldebug_info0:
 269 0000 78010000 		.4byte	0x178
 270 0004 0400     		.2byte	0x4
 271 0006 00000000 		.4byte	.Ldebug_abbrev0
 272 000a 04       		.byte	0x4
 273 000b 01       		.uleb128 0x1
 274 000c 3A010000 		.4byte	.LASF24
ARM GAS  C:\Users\austc\AppData\Local\Temp\ccdr1zzG.s 			page 9


 275 0010 0C       		.byte	0xc
 276 0011 15020000 		.4byte	.LASF25
 277 0015 BE000000 		.4byte	.LASF26
 278 0019 00000000 		.4byte	.Ldebug_ranges0+0
 279 001d 00000000 		.4byte	0
 280 0021 00000000 		.4byte	.Ldebug_line0
 281 0025 02       		.uleb128 0x2
 282 0026 01       		.byte	0x1
 283 0027 06       		.byte	0x6
 284 0028 36020000 		.4byte	.LASF0
 285 002c 02       		.uleb128 0x2
 286 002d 01       		.byte	0x1
 287 002e 08       		.byte	0x8
 288 002f 44000000 		.4byte	.LASF1
 289 0033 02       		.uleb128 0x2
 290 0034 02       		.byte	0x2
 291 0035 05       		.byte	0x5
 292 0036 FC010000 		.4byte	.LASF2
 293 003a 02       		.uleb128 0x2
 294 003b 02       		.byte	0x2
 295 003c 07       		.byte	0x7
 296 003d 6A000000 		.4byte	.LASF3
 297 0041 02       		.uleb128 0x2
 298 0042 04       		.byte	0x4
 299 0043 05       		.byte	0x5
 300 0044 0C020000 		.4byte	.LASF4
 301 0048 02       		.uleb128 0x2
 302 0049 04       		.byte	0x4
 303 004a 07       		.byte	0x7
 304 004b 58000000 		.4byte	.LASF5
 305 004f 02       		.uleb128 0x2
 306 0050 08       		.byte	0x8
 307 0051 05       		.byte	0x5
 308 0052 D5010000 		.4byte	.LASF6
 309 0056 02       		.uleb128 0x2
 310 0057 08       		.byte	0x8
 311 0058 07       		.byte	0x7
 312 0059 2D000000 		.4byte	.LASF7
 313 005d 03       		.uleb128 0x3
 314 005e 04       		.byte	0x4
 315 005f 05       		.byte	0x5
 316 0060 696E7400 		.ascii	"int\000"
 317 0064 02       		.uleb128 0x2
 318 0065 04       		.byte	0x4
 319 0066 07       		.byte	0x7
 320 0067 B1000000 		.4byte	.LASF8
 321 006b 04       		.uleb128 0x4
 322 006c 06020000 		.4byte	.LASF9
 323 0070 02       		.byte	0x2
 324 0071 E401     		.2byte	0x1e4
 325 0073 2C000000 		.4byte	0x2c
 326 0077 04       		.uleb128 0x4
 327 0078 AA000000 		.4byte	.LASF10
 328 007c 02       		.byte	0x2
 329 007d E601     		.2byte	0x1e6
 330 007f 48000000 		.4byte	0x48
 331 0083 02       		.uleb128 0x2
ARM GAS  C:\Users\austc\AppData\Local\Temp\ccdr1zzG.s 			page 10


 332 0084 04       		.byte	0x4
 333 0085 04       		.byte	0x4
 334 0086 27000000 		.4byte	.LASF11
 335 008a 02       		.uleb128 0x2
 336 008b 08       		.byte	0x8
 337 008c 04       		.byte	0x4
 338 008d 93000000 		.4byte	.LASF12
 339 0091 02       		.uleb128 0x2
 340 0092 01       		.byte	0x1
 341 0093 08       		.byte	0x8
 342 0094 E3010000 		.4byte	.LASF13
 343 0098 04       		.uleb128 0x4
 344 0099 00000000 		.4byte	.LASF14
 345 009d 02       		.byte	0x2
 346 009e 9002     		.2byte	0x290
 347 00a0 A4000000 		.4byte	0xa4
 348 00a4 05       		.uleb128 0x5
 349 00a5 77000000 		.4byte	0x77
 350 00a9 06       		.uleb128 0x6
 351 00aa 1A000000 		.4byte	.LASF15
 352 00ae 01       		.byte	0x1
 353 00af 27       		.byte	0x27
 354 00b0 00000000 		.4byte	.LFB0
 355 00b4 2C000000 		.4byte	.LFE0-.LFB0
 356 00b8 01       		.uleb128 0x1
 357 00b9 9C       		.byte	0x9c
 358 00ba 06       		.uleb128 0x6
 359 00bb 42020000 		.4byte	.LASF16
 360 00bf 01       		.byte	0x1
 361 00c0 40       		.byte	0x40
 362 00c1 00000000 		.4byte	.LFB1
 363 00c5 1C000000 		.4byte	.LFE1-.LFB1
 364 00c9 01       		.uleb128 0x1
 365 00ca 9C       		.byte	0x9c
 366 00cb 07       		.uleb128 0x7
 367 00cc 06000000 		.4byte	.LASF18
 368 00d0 01       		.byte	0x1
 369 00d1 5C       		.byte	0x5c
 370 00d2 00000000 		.4byte	.LFB2
 371 00d6 20000000 		.4byte	.LFE2-.LFB2
 372 00da 01       		.uleb128 0x1
 373 00db 9C       		.byte	0x9c
 374 00dc F3000000 		.4byte	0xf3
 375 00e0 08       		.uleb128 0x8
 376 00e1 0E000000 		.4byte	.LVL0
 377 00e5 A9000000 		.4byte	0xa9
 378 00e9 08       		.uleb128 0x8
 379 00ea 18000000 		.4byte	.LVL1
 380 00ee BA000000 		.4byte	0xba
 381 00f2 00       		.byte	0
 382 00f3 06       		.uleb128 0x6
 383 00f4 C8010000 		.4byte	.LASF17
 384 00f8 01       		.byte	0x1
 385 00f9 75       		.byte	0x75
 386 00fa 00000000 		.4byte	.LFB3
 387 00fe 14000000 		.4byte	.LFE3-.LFB3
 388 0102 01       		.uleb128 0x1
ARM GAS  C:\Users\austc\AppData\Local\Temp\ccdr1zzG.s 			page 11


 389 0103 9C       		.byte	0x9c
 390 0104 07       		.uleb128 0x7
 391 0105 29010000 		.4byte	.LASF19
 392 0109 01       		.byte	0x1
 393 010a 8D       		.byte	0x8d
 394 010b 00000000 		.4byte	.LFB4
 395 010f 1C000000 		.4byte	.LFE4-.LFB4
 396 0113 01       		.uleb128 0x1
 397 0114 9C       		.byte	0x9c
 398 0115 36010000 		.4byte	0x136
 399 0119 09       		.uleb128 0x9
 400 011a 14000000 		.4byte	.LASF21
 401 011e 01       		.byte	0x1
 402 011f 8D       		.byte	0x8d
 403 0120 77000000 		.4byte	0x77
 404 0124 00000000 		.4byte	.LLST0
 405 0128 0A       		.uleb128 0xa
 406 0129 746D7000 		.ascii	"tmp\000"
 407 012d 01       		.byte	0x1
 408 012e 8F       		.byte	0x8f
 409 012f 77000000 		.4byte	0x77
 410 0133 01       		.uleb128 0x1
 411 0134 53       		.byte	0x53
 412 0135 00       		.byte	0
 413 0136 07       		.uleb128 0x7
 414 0137 E8010000 		.4byte	.LASF20
 415 013b 01       		.byte	0x1
 416 013c AB       		.byte	0xab
 417 013d 00000000 		.4byte	.LFB5
 418 0141 28000000 		.4byte	.LFE5-.LFB5
 419 0145 01       		.uleb128 0x1
 420 0146 9C       		.byte	0x9c
 421 0147 59010000 		.4byte	0x159
 422 014b 0B       		.uleb128 0xb
 423 014c 52000000 		.4byte	.LASF22
 424 0150 01       		.byte	0x1
 425 0151 AB       		.byte	0xab
 426 0152 77000000 		.4byte	0x77
 427 0156 01       		.uleb128 0x1
 428 0157 50       		.byte	0x50
 429 0158 00       		.byte	0
 430 0159 0C       		.uleb128 0xc
 431 015a 7D000000 		.4byte	.LASF23
 432 015e 01       		.byte	0x1
 433 015f 14       		.byte	0x14
 434 0160 77000000 		.4byte	0x77
 435 0164 05       		.uleb128 0x5
 436 0165 03       		.byte	0x3
 437 0166 00000000 		.4byte	Opamp_1_internalPower
 438 016a 0D       		.uleb128 0xd
 439 016b 9A000000 		.4byte	.LASF27
 440 016f 01       		.byte	0x1
 441 0170 13       		.byte	0x13
 442 0171 6B000000 		.4byte	0x6b
 443 0175 05       		.uleb128 0x5
 444 0176 03       		.byte	0x3
 445 0177 00000000 		.4byte	Opamp_1_initVar
ARM GAS  C:\Users\austc\AppData\Local\Temp\ccdr1zzG.s 			page 12


 446 017b 00       		.byte	0
 447              		.section	.debug_abbrev,"",%progbits
 448              	.Ldebug_abbrev0:
 449 0000 01       		.uleb128 0x1
 450 0001 11       		.uleb128 0x11
 451 0002 01       		.byte	0x1
 452 0003 25       		.uleb128 0x25
 453 0004 0E       		.uleb128 0xe
 454 0005 13       		.uleb128 0x13
 455 0006 0B       		.uleb128 0xb
 456 0007 03       		.uleb128 0x3
 457 0008 0E       		.uleb128 0xe
 458 0009 1B       		.uleb128 0x1b
 459 000a 0E       		.uleb128 0xe
 460 000b 55       		.uleb128 0x55
 461 000c 17       		.uleb128 0x17
 462 000d 11       		.uleb128 0x11
 463 000e 01       		.uleb128 0x1
 464 000f 10       		.uleb128 0x10
 465 0010 17       		.uleb128 0x17
 466 0011 00       		.byte	0
 467 0012 00       		.byte	0
 468 0013 02       		.uleb128 0x2
 469 0014 24       		.uleb128 0x24
 470 0015 00       		.byte	0
 471 0016 0B       		.uleb128 0xb
 472 0017 0B       		.uleb128 0xb
 473 0018 3E       		.uleb128 0x3e
 474 0019 0B       		.uleb128 0xb
 475 001a 03       		.uleb128 0x3
 476 001b 0E       		.uleb128 0xe
 477 001c 00       		.byte	0
 478 001d 00       		.byte	0
 479 001e 03       		.uleb128 0x3
 480 001f 24       		.uleb128 0x24
 481 0020 00       		.byte	0
 482 0021 0B       		.uleb128 0xb
 483 0022 0B       		.uleb128 0xb
 484 0023 3E       		.uleb128 0x3e
 485 0024 0B       		.uleb128 0xb
 486 0025 03       		.uleb128 0x3
 487 0026 08       		.uleb128 0x8
 488 0027 00       		.byte	0
 489 0028 00       		.byte	0
 490 0029 04       		.uleb128 0x4
 491 002a 16       		.uleb128 0x16
 492 002b 00       		.byte	0
 493 002c 03       		.uleb128 0x3
 494 002d 0E       		.uleb128 0xe
 495 002e 3A       		.uleb128 0x3a
 496 002f 0B       		.uleb128 0xb
 497 0030 3B       		.uleb128 0x3b
 498 0031 05       		.uleb128 0x5
 499 0032 49       		.uleb128 0x49
 500 0033 13       		.uleb128 0x13
 501 0034 00       		.byte	0
 502 0035 00       		.byte	0
ARM GAS  C:\Users\austc\AppData\Local\Temp\ccdr1zzG.s 			page 13


 503 0036 05       		.uleb128 0x5
 504 0037 35       		.uleb128 0x35
 505 0038 00       		.byte	0
 506 0039 49       		.uleb128 0x49
 507 003a 13       		.uleb128 0x13
 508 003b 00       		.byte	0
 509 003c 00       		.byte	0
 510 003d 06       		.uleb128 0x6
 511 003e 2E       		.uleb128 0x2e
 512 003f 00       		.byte	0
 513 0040 3F       		.uleb128 0x3f
 514 0041 19       		.uleb128 0x19
 515 0042 03       		.uleb128 0x3
 516 0043 0E       		.uleb128 0xe
 517 0044 3A       		.uleb128 0x3a
 518 0045 0B       		.uleb128 0xb
 519 0046 3B       		.uleb128 0x3b
 520 0047 0B       		.uleb128 0xb
 521 0048 27       		.uleb128 0x27
 522 0049 19       		.uleb128 0x19
 523 004a 11       		.uleb128 0x11
 524 004b 01       		.uleb128 0x1
 525 004c 12       		.uleb128 0x12
 526 004d 06       		.uleb128 0x6
 527 004e 40       		.uleb128 0x40
 528 004f 18       		.uleb128 0x18
 529 0050 9742     		.uleb128 0x2117
 530 0052 19       		.uleb128 0x19
 531 0053 00       		.byte	0
 532 0054 00       		.byte	0
 533 0055 07       		.uleb128 0x7
 534 0056 2E       		.uleb128 0x2e
 535 0057 01       		.byte	0x1
 536 0058 3F       		.uleb128 0x3f
 537 0059 19       		.uleb128 0x19
 538 005a 03       		.uleb128 0x3
 539 005b 0E       		.uleb128 0xe
 540 005c 3A       		.uleb128 0x3a
 541 005d 0B       		.uleb128 0xb
 542 005e 3B       		.uleb128 0x3b
 543 005f 0B       		.uleb128 0xb
 544 0060 27       		.uleb128 0x27
 545 0061 19       		.uleb128 0x19
 546 0062 11       		.uleb128 0x11
 547 0063 01       		.uleb128 0x1
 548 0064 12       		.uleb128 0x12
 549 0065 06       		.uleb128 0x6
 550 0066 40       		.uleb128 0x40
 551 0067 18       		.uleb128 0x18
 552 0068 9742     		.uleb128 0x2117
 553 006a 19       		.uleb128 0x19
 554 006b 01       		.uleb128 0x1
 555 006c 13       		.uleb128 0x13
 556 006d 00       		.byte	0
 557 006e 00       		.byte	0
 558 006f 08       		.uleb128 0x8
 559 0070 898201   		.uleb128 0x4109
ARM GAS  C:\Users\austc\AppData\Local\Temp\ccdr1zzG.s 			page 14


 560 0073 00       		.byte	0
 561 0074 11       		.uleb128 0x11
 562 0075 01       		.uleb128 0x1
 563 0076 31       		.uleb128 0x31
 564 0077 13       		.uleb128 0x13
 565 0078 00       		.byte	0
 566 0079 00       		.byte	0
 567 007a 09       		.uleb128 0x9
 568 007b 05       		.uleb128 0x5
 569 007c 00       		.byte	0
 570 007d 03       		.uleb128 0x3
 571 007e 0E       		.uleb128 0xe
 572 007f 3A       		.uleb128 0x3a
 573 0080 0B       		.uleb128 0xb
 574 0081 3B       		.uleb128 0x3b
 575 0082 0B       		.uleb128 0xb
 576 0083 49       		.uleb128 0x49
 577 0084 13       		.uleb128 0x13
 578 0085 02       		.uleb128 0x2
 579 0086 17       		.uleb128 0x17
 580 0087 00       		.byte	0
 581 0088 00       		.byte	0
 582 0089 0A       		.uleb128 0xa
 583 008a 34       		.uleb128 0x34
 584 008b 00       		.byte	0
 585 008c 03       		.uleb128 0x3
 586 008d 08       		.uleb128 0x8
 587 008e 3A       		.uleb128 0x3a
 588 008f 0B       		.uleb128 0xb
 589 0090 3B       		.uleb128 0x3b
 590 0091 0B       		.uleb128 0xb
 591 0092 49       		.uleb128 0x49
 592 0093 13       		.uleb128 0x13
 593 0094 02       		.uleb128 0x2
 594 0095 18       		.uleb128 0x18
 595 0096 00       		.byte	0
 596 0097 00       		.byte	0
 597 0098 0B       		.uleb128 0xb
 598 0099 05       		.uleb128 0x5
 599 009a 00       		.byte	0
 600 009b 03       		.uleb128 0x3
 601 009c 0E       		.uleb128 0xe
 602 009d 3A       		.uleb128 0x3a
 603 009e 0B       		.uleb128 0xb
 604 009f 3B       		.uleb128 0x3b
 605 00a0 0B       		.uleb128 0xb
 606 00a1 49       		.uleb128 0x49
 607 00a2 13       		.uleb128 0x13
 608 00a3 02       		.uleb128 0x2
 609 00a4 18       		.uleb128 0x18
 610 00a5 00       		.byte	0
 611 00a6 00       		.byte	0
 612 00a7 0C       		.uleb128 0xc
 613 00a8 34       		.uleb128 0x34
 614 00a9 00       		.byte	0
 615 00aa 03       		.uleb128 0x3
 616 00ab 0E       		.uleb128 0xe
ARM GAS  C:\Users\austc\AppData\Local\Temp\ccdr1zzG.s 			page 15


 617 00ac 3A       		.uleb128 0x3a
 618 00ad 0B       		.uleb128 0xb
 619 00ae 3B       		.uleb128 0x3b
 620 00af 0B       		.uleb128 0xb
 621 00b0 49       		.uleb128 0x49
 622 00b1 13       		.uleb128 0x13
 623 00b2 02       		.uleb128 0x2
 624 00b3 18       		.uleb128 0x18
 625 00b4 00       		.byte	0
 626 00b5 00       		.byte	0
 627 00b6 0D       		.uleb128 0xd
 628 00b7 34       		.uleb128 0x34
 629 00b8 00       		.byte	0
 630 00b9 03       		.uleb128 0x3
 631 00ba 0E       		.uleb128 0xe
 632 00bb 3A       		.uleb128 0x3a
 633 00bc 0B       		.uleb128 0xb
 634 00bd 3B       		.uleb128 0x3b
 635 00be 0B       		.uleb128 0xb
 636 00bf 49       		.uleb128 0x49
 637 00c0 13       		.uleb128 0x13
 638 00c1 3F       		.uleb128 0x3f
 639 00c2 19       		.uleb128 0x19
 640 00c3 02       		.uleb128 0x2
 641 00c4 18       		.uleb128 0x18
 642 00c5 00       		.byte	0
 643 00c6 00       		.byte	0
 644 00c7 00       		.byte	0
 645              		.section	.debug_loc,"",%progbits
 646              	.Ldebug_loc0:
 647              	.LLST0:
 648 0000 00000000 		.4byte	.LVL2
 649 0004 04000000 		.4byte	.LVL3
 650 0008 0100     		.2byte	0x1
 651 000a 50       		.byte	0x50
 652 000b 04000000 		.4byte	.LVL3
 653 000f 1C000000 		.4byte	.LFE4
 654 0013 0400     		.2byte	0x4
 655 0015 F3       		.byte	0xf3
 656 0016 01       		.uleb128 0x1
 657 0017 50       		.byte	0x50
 658 0018 9F       		.byte	0x9f
 659 0019 00000000 		.4byte	0
 660 001d 00000000 		.4byte	0
 661              		.section	.debug_aranges,"",%progbits
 662 0000 44000000 		.4byte	0x44
 663 0004 0200     		.2byte	0x2
 664 0006 00000000 		.4byte	.Ldebug_info0
 665 000a 04       		.byte	0x4
 666 000b 00       		.byte	0
 667 000c 0000     		.2byte	0
 668 000e 0000     		.2byte	0
 669 0010 00000000 		.4byte	.LFB0
 670 0014 2C000000 		.4byte	.LFE0-.LFB0
 671 0018 00000000 		.4byte	.LFB1
 672 001c 1C000000 		.4byte	.LFE1-.LFB1
 673 0020 00000000 		.4byte	.LFB2
ARM GAS  C:\Users\austc\AppData\Local\Temp\ccdr1zzG.s 			page 16


 674 0024 20000000 		.4byte	.LFE2-.LFB2
 675 0028 00000000 		.4byte	.LFB3
 676 002c 14000000 		.4byte	.LFE3-.LFB3
 677 0030 00000000 		.4byte	.LFB4
 678 0034 1C000000 		.4byte	.LFE4-.LFB4
 679 0038 00000000 		.4byte	.LFB5
 680 003c 28000000 		.4byte	.LFE5-.LFB5
 681 0040 00000000 		.4byte	0
 682 0044 00000000 		.4byte	0
 683              		.section	.debug_ranges,"",%progbits
 684              	.Ldebug_ranges0:
 685 0000 00000000 		.4byte	.LFB0
 686 0004 2C000000 		.4byte	.LFE0
 687 0008 00000000 		.4byte	.LFB1
 688 000c 1C000000 		.4byte	.LFE1
 689 0010 00000000 		.4byte	.LFB2
 690 0014 20000000 		.4byte	.LFE2
 691 0018 00000000 		.4byte	.LFB3
 692 001c 14000000 		.4byte	.LFE3
 693 0020 00000000 		.4byte	.LFB4
 694 0024 1C000000 		.4byte	.LFE4
 695 0028 00000000 		.4byte	.LFB5
 696 002c 28000000 		.4byte	.LFE5
 697 0030 00000000 		.4byte	0
 698 0034 00000000 		.4byte	0
 699              		.section	.debug_line,"",%progbits
 700              	.Ldebug_line0:
 701 0000 BF000000 		.section	.debug_str,"MS",%progbits,1
 701      02004400 
 701      00000201 
 701      FB0E0D00 
 701      01010101 
 702              	.LASF14:
 703 0000 72656733 		.ascii	"reg32\000"
 703      3200
 704              	.LASF18:
 705 0006 4F70616D 		.ascii	"Opamp_1_Start\000"
 705      705F315F 
 705      53746172 
 705      7400
 706              	.LASF21:
 707 0014 706F7765 		.ascii	"power\000"
 707      7200
 708              	.LASF15:
 709 001a 4F70616D 		.ascii	"Opamp_1_Init\000"
 709      705F315F 
 709      496E6974 
 709      00
 710              	.LASF11:
 711 0027 666C6F61 		.ascii	"float\000"
 711      7400
 712              	.LASF7:
 713 002d 6C6F6E67 		.ascii	"long long unsigned int\000"
 713      206C6F6E 
 713      6720756E 
 713      7369676E 
 713      65642069 
ARM GAS  C:\Users\austc\AppData\Local\Temp\ccdr1zzG.s 			page 17


 714              	.LASF1:
 715 0044 756E7369 		.ascii	"unsigned char\000"
 715      676E6564 
 715      20636861 
 715      7200
 716              	.LASF22:
 717 0052 6F6E4F66 		.ascii	"onOff\000"
 717      6600
 718              	.LASF5:
 719 0058 6C6F6E67 		.ascii	"long unsigned int\000"
 719      20756E73 
 719      69676E65 
 719      6420696E 
 719      7400
 720              	.LASF3:
 721 006a 73686F72 		.ascii	"short unsigned int\000"
 721      7420756E 
 721      7369676E 
 721      65642069 
 721      6E7400
 722              	.LASF23:
 723 007d 4F70616D 		.ascii	"Opamp_1_internalPower\000"
 723      705F315F 
 723      696E7465 
 723      726E616C 
 723      506F7765 
 724              	.LASF12:
 725 0093 646F7562 		.ascii	"double\000"
 725      6C6500
 726              	.LASF27:
 727 009a 4F70616D 		.ascii	"Opamp_1_initVar\000"
 727      705F315F 
 727      696E6974 
 727      56617200 
 728              	.LASF10:
 729 00aa 75696E74 		.ascii	"uint32\000"
 729      333200
 730              	.LASF8:
 731 00b1 756E7369 		.ascii	"unsigned int\000"
 731      676E6564 
 731      20696E74 
 731      00
 732              	.LASF26:
 733 00be 433A5C55 		.ascii	"C:\\Users\\austc\\OneDrive\\Documents\\Altium\\Moto"
 733      73657273 
 733      5C617573 
 733      74635C4F 
 733      6E654472 
 734 00eb 722D556E 		.ascii	"r-Unit-Firmware-A-2019-2020\\Motor Unit\\Motor Boar"
 734      69742D46 
 734      69726D77 
 734      6172652D 
 734      412D3230 
 735 011c 64205265 		.ascii	"d Rev2.cydsn\000"
 735      76322E63 
 735      7964736E 
 735      00
ARM GAS  C:\Users\austc\AppData\Local\Temp\ccdr1zzG.s 			page 18


 736              	.LASF19:
 737 0129 4F70616D 		.ascii	"Opamp_1_SetPower\000"
 737      705F315F 
 737      53657450 
 737      6F776572 
 737      00
 738              	.LASF24:
 739 013a 474E5520 		.ascii	"GNU C11 5.4.1 20160609 (release) [ARM/embedded-5-br"
 739      43313120 
 739      352E342E 
 739      31203230 
 739      31363036 
 740 016d 616E6368 		.ascii	"anch revision 237715] -mcpu=cortex-m0 -mthumb -g -O"
 740      20726576 
 740      6973696F 
 740      6E203233 
 740      37373135 
 741 01a0 67202D66 		.ascii	"g -ffunction-sections -ffat-lto-objects\000"
 741      66756E63 
 741      74696F6E 
 741      2D736563 
 741      74696F6E 
 742              	.LASF17:
 743 01c8 4F70616D 		.ascii	"Opamp_1_Stop\000"
 743      705F315F 
 743      53746F70 
 743      00
 744              	.LASF6:
 745 01d5 6C6F6E67 		.ascii	"long long int\000"
 745      206C6F6E 
 745      6720696E 
 745      7400
 746              	.LASF13:
 747 01e3 63686172 		.ascii	"char\000"
 747      00
 748              	.LASF20:
 749 01e8 4F70616D 		.ascii	"Opamp_1_PumpControl\000"
 749      705F315F 
 749      50756D70 
 749      436F6E74 
 749      726F6C00 
 750              	.LASF2:
 751 01fc 73686F72 		.ascii	"short int\000"
 751      7420696E 
 751      7400
 752              	.LASF9:
 753 0206 75696E74 		.ascii	"uint8\000"
 753      3800
 754              	.LASF4:
 755 020c 6C6F6E67 		.ascii	"long int\000"
 755      20696E74 
 755      00
 756              	.LASF25:
 757 0215 47656E65 		.ascii	"Generated_Source\\PSoC4\\Opamp_1.c\000"
 757      72617465 
 757      645F536F 
 757      75726365 
ARM GAS  C:\Users\austc\AppData\Local\Temp\ccdr1zzG.s 			page 19


 757      5C50536F 
 758              	.LASF0:
 759 0236 7369676E 		.ascii	"signed char\000"
 759      65642063 
 759      68617200 
 760              	.LASF16:
 761 0242 4F70616D 		.ascii	"Opamp_1_Enable\000"
 761      705F315F 
 761      456E6162 
 761      6C6500
 762              		.ident	"GCC: (GNU Tools for ARM Embedded Processors) 5.4.1 20160609 (release) [ARM/embedded-5-bran
