ARM GAS  C:\Users\austc\AppData\Local\Temp\ccGZgLeD.s 			page 1


   1              		.syntax unified
   2              		.cpu cortex-m0
   3              		.fpu softvfp
   4              		.eabi_attribute 20, 1
   5              		.eabi_attribute 21, 1
   6              		.eabi_attribute 23, 3
   7              		.eabi_attribute 24, 1
   8              		.eabi_attribute 25, 1
   9              		.eabi_attribute 26, 1
  10              		.eabi_attribute 30, 1
  11              		.eabi_attribute 34, 0
  12              		.eabi_attribute 18, 4
  13              		.thumb
  14              		.syntax unified
  15              		.file	"QuadDec_Cnt16_PM.c"
  16              		.text
  17              	.Ltext0:
  18              		.cfi_sections	.debug_frame
  19              		.section	.text.QuadDec_Cnt16_SaveConfig,"ax",%progbits
  20              		.align	2
  21              		.global	QuadDec_Cnt16_SaveConfig
  22              		.code	16
  23              		.thumb_func
  24              		.type	QuadDec_Cnt16_SaveConfig, %function
  25              	QuadDec_Cnt16_SaveConfig:
  26              	.LFB1:
  27              		.file 1 "Generated_Source\\PSoC4\\QuadDec_Cnt16_PM.c"
   1:Generated_Source\PSoC4/QuadDec_Cnt16_PM.c **** /*******************************************************************************
   2:Generated_Source\PSoC4/QuadDec_Cnt16_PM.c **** * File Name: QuadDec_Cnt16_PM.c  
   3:Generated_Source\PSoC4/QuadDec_Cnt16_PM.c **** * Version 3.0
   4:Generated_Source\PSoC4/QuadDec_Cnt16_PM.c **** *
   5:Generated_Source\PSoC4/QuadDec_Cnt16_PM.c **** *  Description:
   6:Generated_Source\PSoC4/QuadDec_Cnt16_PM.c **** *    This file provides the power management source code to API for the
   7:Generated_Source\PSoC4/QuadDec_Cnt16_PM.c **** *    Counter.  
   8:Generated_Source\PSoC4/QuadDec_Cnt16_PM.c **** *
   9:Generated_Source\PSoC4/QuadDec_Cnt16_PM.c **** *   Note:
  10:Generated_Source\PSoC4/QuadDec_Cnt16_PM.c **** *     None
  11:Generated_Source\PSoC4/QuadDec_Cnt16_PM.c **** *
  12:Generated_Source\PSoC4/QuadDec_Cnt16_PM.c **** ********************************************************************************
  13:Generated_Source\PSoC4/QuadDec_Cnt16_PM.c **** * Copyright 2008-2012, Cypress Semiconductor Corporation.  All rights reserved.
  14:Generated_Source\PSoC4/QuadDec_Cnt16_PM.c **** * You may use this file only in accordance with the license, terms, conditions, 
  15:Generated_Source\PSoC4/QuadDec_Cnt16_PM.c **** * disclaimers, and limitations in the end user license agreement accompanying 
  16:Generated_Source\PSoC4/QuadDec_Cnt16_PM.c **** * the software package with which this file was provided.
  17:Generated_Source\PSoC4/QuadDec_Cnt16_PM.c **** *******************************************************************************/
  18:Generated_Source\PSoC4/QuadDec_Cnt16_PM.c **** 
  19:Generated_Source\PSoC4/QuadDec_Cnt16_PM.c **** #include "QuadDec_Cnt16.h"
  20:Generated_Source\PSoC4/QuadDec_Cnt16_PM.c **** 
  21:Generated_Source\PSoC4/QuadDec_Cnt16_PM.c **** static QuadDec_Cnt16_backupStruct QuadDec_Cnt16_backup;
  22:Generated_Source\PSoC4/QuadDec_Cnt16_PM.c **** 
  23:Generated_Source\PSoC4/QuadDec_Cnt16_PM.c **** 
  24:Generated_Source\PSoC4/QuadDec_Cnt16_PM.c **** /*******************************************************************************
  25:Generated_Source\PSoC4/QuadDec_Cnt16_PM.c **** * Function Name: QuadDec_Cnt16_SaveConfig
  26:Generated_Source\PSoC4/QuadDec_Cnt16_PM.c **** ********************************************************************************
  27:Generated_Source\PSoC4/QuadDec_Cnt16_PM.c **** * Summary:
  28:Generated_Source\PSoC4/QuadDec_Cnt16_PM.c **** *     Save the current user configuration
  29:Generated_Source\PSoC4/QuadDec_Cnt16_PM.c **** *
  30:Generated_Source\PSoC4/QuadDec_Cnt16_PM.c **** * Parameters:  
ARM GAS  C:\Users\austc\AppData\Local\Temp\ccGZgLeD.s 			page 2


  31:Generated_Source\PSoC4/QuadDec_Cnt16_PM.c **** *  void
  32:Generated_Source\PSoC4/QuadDec_Cnt16_PM.c **** *
  33:Generated_Source\PSoC4/QuadDec_Cnt16_PM.c **** * Return: 
  34:Generated_Source\PSoC4/QuadDec_Cnt16_PM.c **** *  void
  35:Generated_Source\PSoC4/QuadDec_Cnt16_PM.c **** *
  36:Generated_Source\PSoC4/QuadDec_Cnt16_PM.c **** * Global variables:
  37:Generated_Source\PSoC4/QuadDec_Cnt16_PM.c **** *  QuadDec_Cnt16_backup:  Variables of this global structure are modified to 
  38:Generated_Source\PSoC4/QuadDec_Cnt16_PM.c **** *  store the values of non retention configuration registers when Sleep() API is 
  39:Generated_Source\PSoC4/QuadDec_Cnt16_PM.c **** *  called.
  40:Generated_Source\PSoC4/QuadDec_Cnt16_PM.c **** *
  41:Generated_Source\PSoC4/QuadDec_Cnt16_PM.c **** *******************************************************************************/
  42:Generated_Source\PSoC4/QuadDec_Cnt16_PM.c **** void QuadDec_Cnt16_SaveConfig(void) 
  43:Generated_Source\PSoC4/QuadDec_Cnt16_PM.c **** {
  28              		.loc 1 43 0
  29              		.cfi_startproc
  30              		@ args = 0, pretend = 0, frame = 0
  31              		@ frame_needed = 0, uses_anonymous_args = 0
  32 0000 10B5     		push	{r4, lr}
  33              		.cfi_def_cfa_offset 8
  34              		.cfi_offset 4, -8
  35              		.cfi_offset 14, -4
  44:Generated_Source\PSoC4/QuadDec_Cnt16_PM.c ****     #if (!QuadDec_Cnt16_UsingFixedFunction)
  45:Generated_Source\PSoC4/QuadDec_Cnt16_PM.c **** 
  46:Generated_Source\PSoC4/QuadDec_Cnt16_PM.c ****         QuadDec_Cnt16_backup.CounterUdb = QuadDec_Cnt16_ReadCounter();
  36              		.loc 1 46 0
  37 0002 FFF7FEFF 		bl	QuadDec_Cnt16_ReadCounter
  38              	.LVL0:
  39 0006 034C     		ldr	r4, .L2
  40 0008 6080     		strh	r0, [r4, #2]
  47:Generated_Source\PSoC4/QuadDec_Cnt16_PM.c **** 
  48:Generated_Source\PSoC4/QuadDec_Cnt16_PM.c ****         #if(!QuadDec_Cnt16_ControlRegRemoved)
  49:Generated_Source\PSoC4/QuadDec_Cnt16_PM.c ****             QuadDec_Cnt16_backup.CounterControlRegister = QuadDec_Cnt16_ReadControlRegister();
  41              		.loc 1 49 0
  42 000a FFF7FEFF 		bl	QuadDec_Cnt16_ReadControlRegister
  43              	.LVL1:
  44 000e 2071     		strb	r0, [r4, #4]
  50:Generated_Source\PSoC4/QuadDec_Cnt16_PM.c ****         #endif /* (!QuadDec_Cnt16_ControlRegRemoved) */
  51:Generated_Source\PSoC4/QuadDec_Cnt16_PM.c **** 
  52:Generated_Source\PSoC4/QuadDec_Cnt16_PM.c ****     #endif /* (!QuadDec_Cnt16_UsingFixedFunction) */
  53:Generated_Source\PSoC4/QuadDec_Cnt16_PM.c **** }
  45              		.loc 1 53 0
  46              		@ sp needed
  47 0010 10BD     		pop	{r4, pc}
  48              	.L3:
  49 0012 C046     		.align	2
  50              	.L2:
  51 0014 00000000 		.word	.LANCHOR0
  52              		.cfi_endproc
  53              	.LFE1:
  54              		.size	QuadDec_Cnt16_SaveConfig, .-QuadDec_Cnt16_SaveConfig
  55              		.section	.text.QuadDec_Cnt16_RestoreConfig,"ax",%progbits
  56              		.align	2
  57              		.global	QuadDec_Cnt16_RestoreConfig
  58              		.code	16
  59              		.thumb_func
  60              		.type	QuadDec_Cnt16_RestoreConfig, %function
  61              	QuadDec_Cnt16_RestoreConfig:
ARM GAS  C:\Users\austc\AppData\Local\Temp\ccGZgLeD.s 			page 3


  62              	.LFB2:
  54:Generated_Source\PSoC4/QuadDec_Cnt16_PM.c **** 
  55:Generated_Source\PSoC4/QuadDec_Cnt16_PM.c **** 
  56:Generated_Source\PSoC4/QuadDec_Cnt16_PM.c **** /*******************************************************************************
  57:Generated_Source\PSoC4/QuadDec_Cnt16_PM.c **** * Function Name: QuadDec_Cnt16_RestoreConfig
  58:Generated_Source\PSoC4/QuadDec_Cnt16_PM.c **** ********************************************************************************
  59:Generated_Source\PSoC4/QuadDec_Cnt16_PM.c **** *
  60:Generated_Source\PSoC4/QuadDec_Cnt16_PM.c **** * Summary:
  61:Generated_Source\PSoC4/QuadDec_Cnt16_PM.c **** *  Restores the current user configuration.
  62:Generated_Source\PSoC4/QuadDec_Cnt16_PM.c **** *
  63:Generated_Source\PSoC4/QuadDec_Cnt16_PM.c **** * Parameters:  
  64:Generated_Source\PSoC4/QuadDec_Cnt16_PM.c **** *  void
  65:Generated_Source\PSoC4/QuadDec_Cnt16_PM.c **** *
  66:Generated_Source\PSoC4/QuadDec_Cnt16_PM.c **** * Return: 
  67:Generated_Source\PSoC4/QuadDec_Cnt16_PM.c **** *  void
  68:Generated_Source\PSoC4/QuadDec_Cnt16_PM.c **** *
  69:Generated_Source\PSoC4/QuadDec_Cnt16_PM.c **** * Global variables:
  70:Generated_Source\PSoC4/QuadDec_Cnt16_PM.c **** *  QuadDec_Cnt16_backup:  Variables of this global structure are used to 
  71:Generated_Source\PSoC4/QuadDec_Cnt16_PM.c **** *  restore the values of non retention registers on wakeup from sleep mode.
  72:Generated_Source\PSoC4/QuadDec_Cnt16_PM.c **** *
  73:Generated_Source\PSoC4/QuadDec_Cnt16_PM.c **** *******************************************************************************/
  74:Generated_Source\PSoC4/QuadDec_Cnt16_PM.c **** void QuadDec_Cnt16_RestoreConfig(void) 
  75:Generated_Source\PSoC4/QuadDec_Cnt16_PM.c **** {      
  63              		.loc 1 75 0
  64              		.cfi_startproc
  65              		@ args = 0, pretend = 0, frame = 0
  66              		@ frame_needed = 0, uses_anonymous_args = 0
  67 0000 10B5     		push	{r4, lr}
  68              		.cfi_def_cfa_offset 8
  69              		.cfi_offset 4, -8
  70              		.cfi_offset 14, -4
  76:Generated_Source\PSoC4/QuadDec_Cnt16_PM.c ****     #if (!QuadDec_Cnt16_UsingFixedFunction)
  77:Generated_Source\PSoC4/QuadDec_Cnt16_PM.c **** 
  78:Generated_Source\PSoC4/QuadDec_Cnt16_PM.c ****        QuadDec_Cnt16_WriteCounter(QuadDec_Cnt16_backup.CounterUdb);
  71              		.loc 1 78 0
  72 0002 044C     		ldr	r4, .L5
  73 0004 6088     		ldrh	r0, [r4, #2]
  74 0006 FFF7FEFF 		bl	QuadDec_Cnt16_WriteCounter
  75              	.LVL2:
  79:Generated_Source\PSoC4/QuadDec_Cnt16_PM.c **** 
  80:Generated_Source\PSoC4/QuadDec_Cnt16_PM.c ****         #if(!QuadDec_Cnt16_ControlRegRemoved)
  81:Generated_Source\PSoC4/QuadDec_Cnt16_PM.c ****             QuadDec_Cnt16_WriteControlRegister(QuadDec_Cnt16_backup.CounterControlRegister);
  76              		.loc 1 81 0
  77 000a 2079     		ldrb	r0, [r4, #4]
  78 000c FFF7FEFF 		bl	QuadDec_Cnt16_WriteControlRegister
  79              	.LVL3:
  82:Generated_Source\PSoC4/QuadDec_Cnt16_PM.c ****         #endif /* (!QuadDec_Cnt16_ControlRegRemoved) */
  83:Generated_Source\PSoC4/QuadDec_Cnt16_PM.c **** 
  84:Generated_Source\PSoC4/QuadDec_Cnt16_PM.c ****     #endif /* (!QuadDec_Cnt16_UsingFixedFunction) */
  85:Generated_Source\PSoC4/QuadDec_Cnt16_PM.c **** }
  80              		.loc 1 85 0
  81              		@ sp needed
  82 0010 10BD     		pop	{r4, pc}
  83              	.L6:
  84 0012 C046     		.align	2
  85              	.L5:
  86 0014 00000000 		.word	.LANCHOR0
ARM GAS  C:\Users\austc\AppData\Local\Temp\ccGZgLeD.s 			page 4


  87              		.cfi_endproc
  88              	.LFE2:
  89              		.size	QuadDec_Cnt16_RestoreConfig, .-QuadDec_Cnt16_RestoreConfig
  90              		.section	.text.QuadDec_Cnt16_Sleep,"ax",%progbits
  91              		.align	2
  92              		.global	QuadDec_Cnt16_Sleep
  93              		.code	16
  94              		.thumb_func
  95              		.type	QuadDec_Cnt16_Sleep, %function
  96              	QuadDec_Cnt16_Sleep:
  97              	.LFB3:
  86:Generated_Source\PSoC4/QuadDec_Cnt16_PM.c **** 
  87:Generated_Source\PSoC4/QuadDec_Cnt16_PM.c **** 
  88:Generated_Source\PSoC4/QuadDec_Cnt16_PM.c **** /*******************************************************************************
  89:Generated_Source\PSoC4/QuadDec_Cnt16_PM.c **** * Function Name: QuadDec_Cnt16_Sleep
  90:Generated_Source\PSoC4/QuadDec_Cnt16_PM.c **** ********************************************************************************
  91:Generated_Source\PSoC4/QuadDec_Cnt16_PM.c **** * Summary:
  92:Generated_Source\PSoC4/QuadDec_Cnt16_PM.c **** *     Stop and Save the user configuration
  93:Generated_Source\PSoC4/QuadDec_Cnt16_PM.c **** *
  94:Generated_Source\PSoC4/QuadDec_Cnt16_PM.c **** * Parameters:  
  95:Generated_Source\PSoC4/QuadDec_Cnt16_PM.c **** *  void
  96:Generated_Source\PSoC4/QuadDec_Cnt16_PM.c **** *
  97:Generated_Source\PSoC4/QuadDec_Cnt16_PM.c **** * Return: 
  98:Generated_Source\PSoC4/QuadDec_Cnt16_PM.c **** *  void
  99:Generated_Source\PSoC4/QuadDec_Cnt16_PM.c **** *
 100:Generated_Source\PSoC4/QuadDec_Cnt16_PM.c **** * Global variables:
 101:Generated_Source\PSoC4/QuadDec_Cnt16_PM.c **** *  QuadDec_Cnt16_backup.enableState:  Is modified depending on the enable 
 102:Generated_Source\PSoC4/QuadDec_Cnt16_PM.c **** *  state of the block before entering sleep mode.
 103:Generated_Source\PSoC4/QuadDec_Cnt16_PM.c **** *
 104:Generated_Source\PSoC4/QuadDec_Cnt16_PM.c **** *******************************************************************************/
 105:Generated_Source\PSoC4/QuadDec_Cnt16_PM.c **** void QuadDec_Cnt16_Sleep(void) 
 106:Generated_Source\PSoC4/QuadDec_Cnt16_PM.c **** {
  98              		.loc 1 106 0
  99              		.cfi_startproc
 100              		@ args = 0, pretend = 0, frame = 0
 101              		@ frame_needed = 0, uses_anonymous_args = 0
 102 0000 10B5     		push	{r4, lr}
 103              		.cfi_def_cfa_offset 8
 104              		.cfi_offset 4, -8
 105              		.cfi_offset 14, -4
 107:Generated_Source\PSoC4/QuadDec_Cnt16_PM.c ****     #if(!QuadDec_Cnt16_ControlRegRemoved)
 108:Generated_Source\PSoC4/QuadDec_Cnt16_PM.c ****         /* Save Counter's enable state */
 109:Generated_Source\PSoC4/QuadDec_Cnt16_PM.c ****         if(QuadDec_Cnt16_CTRL_ENABLE == (QuadDec_Cnt16_CONTROL & QuadDec_Cnt16_CTRL_ENABLE))
 106              		.loc 1 109 0
 107 0002 084B     		ldr	r3, .L10
 108 0004 1B78     		ldrb	r3, [r3]
 109 0006 5BB2     		sxtb	r3, r3
 110 0008 002B     		cmp	r3, #0
 111 000a 03DA     		bge	.L8
 110:Generated_Source\PSoC4/QuadDec_Cnt16_PM.c ****         {
 111:Generated_Source\PSoC4/QuadDec_Cnt16_PM.c ****             /* Counter is enabled */
 112:Generated_Source\PSoC4/QuadDec_Cnt16_PM.c ****             QuadDec_Cnt16_backup.CounterEnableState = 1u;
 112              		.loc 1 112 0
 113 000c 0122     		movs	r2, #1
 114 000e 064B     		ldr	r3, .L10+4
 115 0010 1A70     		strb	r2, [r3]
 116 0012 02E0     		b	.L9
ARM GAS  C:\Users\austc\AppData\Local\Temp\ccGZgLeD.s 			page 5


 117              	.L8:
 113:Generated_Source\PSoC4/QuadDec_Cnt16_PM.c ****         }
 114:Generated_Source\PSoC4/QuadDec_Cnt16_PM.c ****         else
 115:Generated_Source\PSoC4/QuadDec_Cnt16_PM.c ****         {
 116:Generated_Source\PSoC4/QuadDec_Cnt16_PM.c ****             /* Counter is disabled */
 117:Generated_Source\PSoC4/QuadDec_Cnt16_PM.c ****             QuadDec_Cnt16_backup.CounterEnableState = 0u;
 118              		.loc 1 117 0
 119 0014 0022     		movs	r2, #0
 120 0016 044B     		ldr	r3, .L10+4
 121 0018 1A70     		strb	r2, [r3]
 122              	.L9:
 118:Generated_Source\PSoC4/QuadDec_Cnt16_PM.c ****         }
 119:Generated_Source\PSoC4/QuadDec_Cnt16_PM.c ****     #else
 120:Generated_Source\PSoC4/QuadDec_Cnt16_PM.c ****         QuadDec_Cnt16_backup.CounterEnableState = 1u;
 121:Generated_Source\PSoC4/QuadDec_Cnt16_PM.c ****         if(QuadDec_Cnt16_backup.CounterEnableState != 0u)
 122:Generated_Source\PSoC4/QuadDec_Cnt16_PM.c ****         {
 123:Generated_Source\PSoC4/QuadDec_Cnt16_PM.c ****             QuadDec_Cnt16_backup.CounterEnableState = 0u;
 124:Generated_Source\PSoC4/QuadDec_Cnt16_PM.c ****         }
 125:Generated_Source\PSoC4/QuadDec_Cnt16_PM.c ****     #endif /* (!QuadDec_Cnt16_ControlRegRemoved) */
 126:Generated_Source\PSoC4/QuadDec_Cnt16_PM.c ****     
 127:Generated_Source\PSoC4/QuadDec_Cnt16_PM.c ****     QuadDec_Cnt16_Stop();
 123              		.loc 1 127 0
 124 001a FFF7FEFF 		bl	QuadDec_Cnt16_Stop
 125              	.LVL4:
 128:Generated_Source\PSoC4/QuadDec_Cnt16_PM.c ****     QuadDec_Cnt16_SaveConfig();
 126              		.loc 1 128 0
 127 001e FFF7FEFF 		bl	QuadDec_Cnt16_SaveConfig
 128              	.LVL5:
 129:Generated_Source\PSoC4/QuadDec_Cnt16_PM.c **** }
 129              		.loc 1 129 0
 130              		@ sp needed
 131 0022 10BD     		pop	{r4, pc}
 132              	.L11:
 133              		.align	2
 134              	.L10:
 135 0024 73000F40 		.word	1074724979
 136 0028 00000000 		.word	.LANCHOR0
 137              		.cfi_endproc
 138              	.LFE3:
 139              		.size	QuadDec_Cnt16_Sleep, .-QuadDec_Cnt16_Sleep
 140              		.section	.text.QuadDec_Cnt16_Wakeup,"ax",%progbits
 141              		.align	2
 142              		.global	QuadDec_Cnt16_Wakeup
 143              		.code	16
 144              		.thumb_func
 145              		.type	QuadDec_Cnt16_Wakeup, %function
 146              	QuadDec_Cnt16_Wakeup:
 147              	.LFB4:
 130:Generated_Source\PSoC4/QuadDec_Cnt16_PM.c **** 
 131:Generated_Source\PSoC4/QuadDec_Cnt16_PM.c **** 
 132:Generated_Source\PSoC4/QuadDec_Cnt16_PM.c **** /*******************************************************************************
 133:Generated_Source\PSoC4/QuadDec_Cnt16_PM.c **** * Function Name: QuadDec_Cnt16_Wakeup
 134:Generated_Source\PSoC4/QuadDec_Cnt16_PM.c **** ********************************************************************************
 135:Generated_Source\PSoC4/QuadDec_Cnt16_PM.c **** *
 136:Generated_Source\PSoC4/QuadDec_Cnt16_PM.c **** * Summary:
 137:Generated_Source\PSoC4/QuadDec_Cnt16_PM.c **** *  Restores and enables the user configuration
 138:Generated_Source\PSoC4/QuadDec_Cnt16_PM.c **** *  
ARM GAS  C:\Users\austc\AppData\Local\Temp\ccGZgLeD.s 			page 6


 139:Generated_Source\PSoC4/QuadDec_Cnt16_PM.c **** * Parameters:  
 140:Generated_Source\PSoC4/QuadDec_Cnt16_PM.c **** *  void
 141:Generated_Source\PSoC4/QuadDec_Cnt16_PM.c **** *
 142:Generated_Source\PSoC4/QuadDec_Cnt16_PM.c **** * Return: 
 143:Generated_Source\PSoC4/QuadDec_Cnt16_PM.c **** *  void
 144:Generated_Source\PSoC4/QuadDec_Cnt16_PM.c **** *
 145:Generated_Source\PSoC4/QuadDec_Cnt16_PM.c **** * Global variables:
 146:Generated_Source\PSoC4/QuadDec_Cnt16_PM.c **** *  QuadDec_Cnt16_backup.enableState:  Is used to restore the enable state of 
 147:Generated_Source\PSoC4/QuadDec_Cnt16_PM.c **** *  block on wakeup from sleep mode.
 148:Generated_Source\PSoC4/QuadDec_Cnt16_PM.c **** *
 149:Generated_Source\PSoC4/QuadDec_Cnt16_PM.c **** *******************************************************************************/
 150:Generated_Source\PSoC4/QuadDec_Cnt16_PM.c **** void QuadDec_Cnt16_Wakeup(void) 
 151:Generated_Source\PSoC4/QuadDec_Cnt16_PM.c **** {
 148              		.loc 1 151 0
 149              		.cfi_startproc
 150              		@ args = 0, pretend = 0, frame = 0
 151              		@ frame_needed = 0, uses_anonymous_args = 0
 152 0000 10B5     		push	{r4, lr}
 153              		.cfi_def_cfa_offset 8
 154              		.cfi_offset 4, -8
 155              		.cfi_offset 14, -4
 152:Generated_Source\PSoC4/QuadDec_Cnt16_PM.c ****     QuadDec_Cnt16_RestoreConfig();
 156              		.loc 1 152 0
 157 0002 FFF7FEFF 		bl	QuadDec_Cnt16_RestoreConfig
 158              	.LVL6:
 153:Generated_Source\PSoC4/QuadDec_Cnt16_PM.c ****     #if(!QuadDec_Cnt16_ControlRegRemoved)
 154:Generated_Source\PSoC4/QuadDec_Cnt16_PM.c ****         if(QuadDec_Cnt16_backup.CounterEnableState == 1u)
 159              		.loc 1 154 0
 160 0006 034B     		ldr	r3, .L14
 161 0008 1B78     		ldrb	r3, [r3]
 162 000a 012B     		cmp	r3, #1
 163 000c 01D1     		bne	.L12
 155:Generated_Source\PSoC4/QuadDec_Cnt16_PM.c ****         {
 156:Generated_Source\PSoC4/QuadDec_Cnt16_PM.c ****             /* Enable Counter's operation */
 157:Generated_Source\PSoC4/QuadDec_Cnt16_PM.c ****             QuadDec_Cnt16_Enable();
 164              		.loc 1 157 0
 165 000e FFF7FEFF 		bl	QuadDec_Cnt16_Enable
 166              	.LVL7:
 167              	.L12:
 158:Generated_Source\PSoC4/QuadDec_Cnt16_PM.c ****         } /* Do nothing if Counter was disabled before */    
 159:Generated_Source\PSoC4/QuadDec_Cnt16_PM.c ****     #endif /* (!QuadDec_Cnt16_ControlRegRemoved) */
 160:Generated_Source\PSoC4/QuadDec_Cnt16_PM.c ****     
 161:Generated_Source\PSoC4/QuadDec_Cnt16_PM.c **** }
 168              		.loc 1 161 0
 169              		@ sp needed
 170 0012 10BD     		pop	{r4, pc}
 171              	.L15:
 172              		.align	2
 173              	.L14:
 174 0014 00000000 		.word	.LANCHOR0
 175              		.cfi_endproc
 176              	.LFE4:
 177              		.size	QuadDec_Cnt16_Wakeup, .-QuadDec_Cnt16_Wakeup
 178              		.bss
 179              		.align	2
 180              		.set	.LANCHOR0,. + 0
 181              		.type	QuadDec_Cnt16_backup, %object
ARM GAS  C:\Users\austc\AppData\Local\Temp\ccGZgLeD.s 			page 7


 182              		.size	QuadDec_Cnt16_backup, 6
 183              	QuadDec_Cnt16_backup:
 184 0000 00000000 		.space	6
 184      0000
 185              		.text
 186              	.Letext0:
 187              		.file 2 "Generated_Source\\PSoC4\\cytypes.h"
 188              		.file 3 "Generated_Source\\PSoC4\\QuadDec_Cnt16.h"
 189              		.section	.debug_info,"",%progbits
 190              	.Ldebug_info0:
 191 0000 DF010000 		.4byte	0x1df
 192 0004 0400     		.2byte	0x4
 193 0006 00000000 		.4byte	.Ldebug_abbrev0
 194 000a 04       		.byte	0x4
 195 000b 01       		.uleb128 0x1
 196 000c 28020000 		.4byte	.LASF31
 197 0010 0C       		.byte	0xc
 198 0011 27000000 		.4byte	.LASF32
 199 0015 A1010000 		.4byte	.LASF33
 200 0019 00000000 		.4byte	.Ldebug_ranges0+0
 201 001d 00000000 		.4byte	0
 202 0021 00000000 		.4byte	.Ldebug_line0
 203 0025 02       		.uleb128 0x2
 204 0026 01       		.byte	0x1
 205 0027 06       		.byte	0x6
 206 0028 24030000 		.4byte	.LASF0
 207 002c 02       		.uleb128 0x2
 208 002d 01       		.byte	0x1
 209 002e 08       		.byte	0x8
 210 002f BA000000 		.4byte	.LASF1
 211 0033 02       		.uleb128 0x2
 212 0034 02       		.byte	0x2
 213 0035 05       		.byte	0x5
 214 0036 EA020000 		.4byte	.LASF2
 215 003a 02       		.uleb128 0x2
 216 003b 02       		.byte	0x2
 217 003c 07       		.byte	0x7
 218 003d 14000000 		.4byte	.LASF3
 219 0041 02       		.uleb128 0x2
 220 0042 04       		.byte	0x4
 221 0043 05       		.byte	0x5
 222 0044 0F030000 		.4byte	.LASF4
 223 0048 02       		.uleb128 0x2
 224 0049 04       		.byte	0x4
 225 004a 07       		.byte	0x7
 226 004b FD000000 		.4byte	.LASF5
 227 004f 02       		.uleb128 0x2
 228 0050 08       		.byte	0x8
 229 0051 05       		.byte	0x5
 230 0052 D7020000 		.4byte	.LASF6
 231 0056 02       		.uleb128 0x2
 232 0057 08       		.byte	0x8
 233 0058 07       		.byte	0x7
 234 0059 8A010000 		.4byte	.LASF7
 235 005d 03       		.uleb128 0x3
 236 005e 04       		.byte	0x4
 237 005f 05       		.byte	0x5
ARM GAS  C:\Users\austc\AppData\Local\Temp\ccGZgLeD.s 			page 8


 238 0060 696E7400 		.ascii	"int\000"
 239 0064 02       		.uleb128 0x2
 240 0065 04       		.byte	0x4
 241 0066 07       		.byte	0x7
 242 0067 7D010000 		.4byte	.LASF8
 243 006b 04       		.uleb128 0x4
 244 006c 0F010000 		.4byte	.LASF9
 245 0070 02       		.byte	0x2
 246 0071 E401     		.2byte	0x1e4
 247 0073 2C000000 		.4byte	0x2c
 248 0077 04       		.uleb128 0x4
 249 0078 61010000 		.4byte	.LASF10
 250 007c 02       		.byte	0x2
 251 007d E501     		.2byte	0x1e5
 252 007f 3A000000 		.4byte	0x3a
 253 0083 02       		.uleb128 0x2
 254 0084 04       		.byte	0x4
 255 0085 04       		.byte	0x4
 256 0086 86000000 		.4byte	.LASF11
 257 008a 02       		.uleb128 0x2
 258 008b 08       		.byte	0x8
 259 008c 04       		.byte	0x4
 260 008d 5A010000 		.4byte	.LASF12
 261 0091 02       		.uleb128 0x2
 262 0092 01       		.byte	0x1
 263 0093 08       		.byte	0x8
 264 0094 E5020000 		.4byte	.LASF13
 265 0098 04       		.uleb128 0x4
 266 0099 B6020000 		.4byte	.LASF14
 267 009d 02       		.byte	0x2
 268 009e 8E02     		.2byte	0x28e
 269 00a0 A4000000 		.4byte	0xa4
 270 00a4 05       		.uleb128 0x5
 271 00a5 6B000000 		.4byte	0x6b
 272 00a9 02       		.uleb128 0x2
 273 00aa 08       		.byte	0x8
 274 00ab 04       		.byte	0x4
 275 00ac 18030000 		.4byte	.LASF15
 276 00b0 02       		.uleb128 0x2
 277 00b1 04       		.byte	0x4
 278 00b2 07       		.byte	0x7
 279 00b3 BB020000 		.4byte	.LASF16
 280 00b7 06       		.uleb128 0x6
 281 00b8 06       		.byte	0x6
 282 00b9 03       		.byte	0x3
 283 00ba 40       		.byte	0x40
 284 00bb E4000000 		.4byte	0xe4
 285 00bf 07       		.uleb128 0x7
 286 00c0 C4020000 		.4byte	.LASF17
 287 00c4 03       		.byte	0x3
 288 00c5 42       		.byte	0x42
 289 00c6 6B000000 		.4byte	0x6b
 290 00ca 00       		.byte	0
 291 00cb 07       		.uleb128 0x7
 292 00cc 51000000 		.4byte	.LASF18
 293 00d0 03       		.byte	0x3
 294 00d1 43       		.byte	0x43
ARM GAS  C:\Users\austc\AppData\Local\Temp\ccGZgLeD.s 			page 9


 295 00d2 77000000 		.4byte	0x77
 296 00d6 02       		.byte	0x2
 297 00d7 07       		.uleb128 0x7
 298 00d8 5C000000 		.4byte	.LASF19
 299 00dc 03       		.byte	0x3
 300 00dd 46       		.byte	0x46
 301 00de 6B000000 		.4byte	0x6b
 302 00e2 04       		.byte	0x4
 303 00e3 00       		.byte	0
 304 00e4 08       		.uleb128 0x8
 305 00e5 F4020000 		.4byte	.LASF20
 306 00e9 03       		.byte	0x3
 307 00ea 49       		.byte	0x49
 308 00eb B7000000 		.4byte	0xb7
 309 00ef 09       		.uleb128 0x9
 310 00f0 8C000000 		.4byte	.LASF21
 311 00f4 01       		.byte	0x1
 312 00f5 2A       		.byte	0x2a
 313 00f6 00000000 		.4byte	.LFB1
 314 00fa 18000000 		.4byte	.LFE1-.LFB1
 315 00fe 01       		.uleb128 0x1
 316 00ff 9C       		.byte	0x9c
 317 0100 17010000 		.4byte	0x117
 318 0104 0A       		.uleb128 0xa
 319 0105 06000000 		.4byte	.LVL0
 320 0109 A0010000 		.4byte	0x1a0
 321 010d 0A       		.uleb128 0xa
 322 010e 0E000000 		.4byte	.LVL1
 323 0112 AB010000 		.4byte	0x1ab
 324 0116 00       		.byte	0
 325 0117 09       		.uleb128 0x9
 326 0118 0C020000 		.4byte	.LASF22
 327 011c 01       		.byte	0x1
 328 011d 4A       		.byte	0x4a
 329 011e 00000000 		.4byte	.LFB2
 330 0122 18000000 		.4byte	.LFE2-.LFB2
 331 0126 01       		.uleb128 0x1
 332 0127 9C       		.byte	0x9c
 333 0128 3F010000 		.4byte	0x13f
 334 012c 0A       		.uleb128 0xa
 335 012d 0A000000 		.4byte	.LVL2
 336 0131 B6010000 		.4byte	0x1b6
 337 0135 0A       		.uleb128 0xa
 338 0136 10000000 		.4byte	.LVL3
 339 013a C1010000 		.4byte	0x1c1
 340 013e 00       		.byte	0
 341 013f 09       		.uleb128 0x9
 342 0140 00000000 		.4byte	.LASF23
 343 0144 01       		.byte	0x1
 344 0145 69       		.byte	0x69
 345 0146 00000000 		.4byte	.LFB3
 346 014a 2C000000 		.4byte	.LFE3-.LFB3
 347 014e 01       		.uleb128 0x1
 348 014f 9C       		.byte	0x9c
 349 0150 67010000 		.4byte	0x167
 350 0154 0A       		.uleb128 0xa
 351 0155 1E000000 		.4byte	.LVL4
ARM GAS  C:\Users\austc\AppData\Local\Temp\ccGZgLeD.s 			page 10


 352 0159 CC010000 		.4byte	0x1cc
 353 015d 0A       		.uleb128 0xa
 354 015e 22000000 		.4byte	.LVL5
 355 0162 EF000000 		.4byte	0xef
 356 0166 00       		.byte	0
 357 0167 09       		.uleb128 0x9
 358 0168 68010000 		.4byte	.LASF24
 359 016c 01       		.byte	0x1
 360 016d 96       		.byte	0x96
 361 016e 00000000 		.4byte	.LFB4
 362 0172 18000000 		.4byte	.LFE4-.LFB4
 363 0176 01       		.uleb128 0x1
 364 0177 9C       		.byte	0x9c
 365 0178 8F010000 		.4byte	0x18f
 366 017c 0A       		.uleb128 0xa
 367 017d 06000000 		.4byte	.LVL6
 368 0181 17010000 		.4byte	0x117
 369 0185 0A       		.uleb128 0xa
 370 0186 12000000 		.4byte	.LVL7
 371 018a D7010000 		.4byte	0x1d7
 372 018e 00       		.byte	0
 373 018f 0B       		.uleb128 0xb
 374 0190 A5000000 		.4byte	.LASF34
 375 0194 01       		.byte	0x1
 376 0195 15       		.byte	0x15
 377 0196 E4000000 		.4byte	0xe4
 378 019a 05       		.uleb128 0x5
 379 019b 03       		.byte	0x3
 380 019c 00000000 		.4byte	QuadDec_Cnt16_backup
 381 01a0 0C       		.uleb128 0xc
 382 01a1 E3000000 		.4byte	.LASF25
 383 01a5 E3000000 		.4byte	.LASF25
 384 01a9 03       		.byte	0x3
 385 01aa 5D       		.byte	0x5d
 386 01ab 0C       		.uleb128 0xc
 387 01ac 38010000 		.4byte	.LASF26
 388 01b0 38010000 		.4byte	.LASF26
 389 01b4 03       		.byte	0x3
 390 01b5 55       		.byte	0x55
 391 01b6 0C       		.uleb128 0xc
 392 01b7 C8000000 		.4byte	.LASF27
 393 01bb C8000000 		.4byte	.LASF27
 394 01bf 03       		.byte	0x3
 395 01c0 5A       		.byte	0x5a
 396 01c1 0C       		.uleb128 0xc
 397 01c2 15010000 		.4byte	.LASF28
 398 01c6 15010000 		.4byte	.LASF28
 399 01ca 03       		.byte	0x3
 400 01cb 56       		.byte	0x56
 401 01cc 0C       		.uleb128 0xc
 402 01cd 73000000 		.4byte	.LASF29
 403 01d1 73000000 		.4byte	.LASF29
 404 01d5 03       		.byte	0x3
 405 01d6 50       		.byte	0x50
 406 01d7 0C       		.uleb128 0xc
 407 01d8 30030000 		.4byte	.LASF30
 408 01dc 30030000 		.4byte	.LASF30
ARM GAS  C:\Users\austc\AppData\Local\Temp\ccGZgLeD.s 			page 11


 409 01e0 03       		.byte	0x3
 410 01e1 71       		.byte	0x71
 411 01e2 00       		.byte	0
 412              		.section	.debug_abbrev,"",%progbits
 413              	.Ldebug_abbrev0:
 414 0000 01       		.uleb128 0x1
 415 0001 11       		.uleb128 0x11
 416 0002 01       		.byte	0x1
 417 0003 25       		.uleb128 0x25
 418 0004 0E       		.uleb128 0xe
 419 0005 13       		.uleb128 0x13
 420 0006 0B       		.uleb128 0xb
 421 0007 03       		.uleb128 0x3
 422 0008 0E       		.uleb128 0xe
 423 0009 1B       		.uleb128 0x1b
 424 000a 0E       		.uleb128 0xe
 425 000b 55       		.uleb128 0x55
 426 000c 17       		.uleb128 0x17
 427 000d 11       		.uleb128 0x11
 428 000e 01       		.uleb128 0x1
 429 000f 10       		.uleb128 0x10
 430 0010 17       		.uleb128 0x17
 431 0011 00       		.byte	0
 432 0012 00       		.byte	0
 433 0013 02       		.uleb128 0x2
 434 0014 24       		.uleb128 0x24
 435 0015 00       		.byte	0
 436 0016 0B       		.uleb128 0xb
 437 0017 0B       		.uleb128 0xb
 438 0018 3E       		.uleb128 0x3e
 439 0019 0B       		.uleb128 0xb
 440 001a 03       		.uleb128 0x3
 441 001b 0E       		.uleb128 0xe
 442 001c 00       		.byte	0
 443 001d 00       		.byte	0
 444 001e 03       		.uleb128 0x3
 445 001f 24       		.uleb128 0x24
 446 0020 00       		.byte	0
 447 0021 0B       		.uleb128 0xb
 448 0022 0B       		.uleb128 0xb
 449 0023 3E       		.uleb128 0x3e
 450 0024 0B       		.uleb128 0xb
 451 0025 03       		.uleb128 0x3
 452 0026 08       		.uleb128 0x8
 453 0027 00       		.byte	0
 454 0028 00       		.byte	0
 455 0029 04       		.uleb128 0x4
 456 002a 16       		.uleb128 0x16
 457 002b 00       		.byte	0
 458 002c 03       		.uleb128 0x3
 459 002d 0E       		.uleb128 0xe
 460 002e 3A       		.uleb128 0x3a
 461 002f 0B       		.uleb128 0xb
 462 0030 3B       		.uleb128 0x3b
 463 0031 05       		.uleb128 0x5
 464 0032 49       		.uleb128 0x49
 465 0033 13       		.uleb128 0x13
ARM GAS  C:\Users\austc\AppData\Local\Temp\ccGZgLeD.s 			page 12


 466 0034 00       		.byte	0
 467 0035 00       		.byte	0
 468 0036 05       		.uleb128 0x5
 469 0037 35       		.uleb128 0x35
 470 0038 00       		.byte	0
 471 0039 49       		.uleb128 0x49
 472 003a 13       		.uleb128 0x13
 473 003b 00       		.byte	0
 474 003c 00       		.byte	0
 475 003d 06       		.uleb128 0x6
 476 003e 13       		.uleb128 0x13
 477 003f 01       		.byte	0x1
 478 0040 0B       		.uleb128 0xb
 479 0041 0B       		.uleb128 0xb
 480 0042 3A       		.uleb128 0x3a
 481 0043 0B       		.uleb128 0xb
 482 0044 3B       		.uleb128 0x3b
 483 0045 0B       		.uleb128 0xb
 484 0046 01       		.uleb128 0x1
 485 0047 13       		.uleb128 0x13
 486 0048 00       		.byte	0
 487 0049 00       		.byte	0
 488 004a 07       		.uleb128 0x7
 489 004b 0D       		.uleb128 0xd
 490 004c 00       		.byte	0
 491 004d 03       		.uleb128 0x3
 492 004e 0E       		.uleb128 0xe
 493 004f 3A       		.uleb128 0x3a
 494 0050 0B       		.uleb128 0xb
 495 0051 3B       		.uleb128 0x3b
 496 0052 0B       		.uleb128 0xb
 497 0053 49       		.uleb128 0x49
 498 0054 13       		.uleb128 0x13
 499 0055 38       		.uleb128 0x38
 500 0056 0B       		.uleb128 0xb
 501 0057 00       		.byte	0
 502 0058 00       		.byte	0
 503 0059 08       		.uleb128 0x8
 504 005a 16       		.uleb128 0x16
 505 005b 00       		.byte	0
 506 005c 03       		.uleb128 0x3
 507 005d 0E       		.uleb128 0xe
 508 005e 3A       		.uleb128 0x3a
 509 005f 0B       		.uleb128 0xb
 510 0060 3B       		.uleb128 0x3b
 511 0061 0B       		.uleb128 0xb
 512 0062 49       		.uleb128 0x49
 513 0063 13       		.uleb128 0x13
 514 0064 00       		.byte	0
 515 0065 00       		.byte	0
 516 0066 09       		.uleb128 0x9
 517 0067 2E       		.uleb128 0x2e
 518 0068 01       		.byte	0x1
 519 0069 3F       		.uleb128 0x3f
 520 006a 19       		.uleb128 0x19
 521 006b 03       		.uleb128 0x3
 522 006c 0E       		.uleb128 0xe
ARM GAS  C:\Users\austc\AppData\Local\Temp\ccGZgLeD.s 			page 13


 523 006d 3A       		.uleb128 0x3a
 524 006e 0B       		.uleb128 0xb
 525 006f 3B       		.uleb128 0x3b
 526 0070 0B       		.uleb128 0xb
 527 0071 27       		.uleb128 0x27
 528 0072 19       		.uleb128 0x19
 529 0073 11       		.uleb128 0x11
 530 0074 01       		.uleb128 0x1
 531 0075 12       		.uleb128 0x12
 532 0076 06       		.uleb128 0x6
 533 0077 40       		.uleb128 0x40
 534 0078 18       		.uleb128 0x18
 535 0079 9742     		.uleb128 0x2117
 536 007b 19       		.uleb128 0x19
 537 007c 01       		.uleb128 0x1
 538 007d 13       		.uleb128 0x13
 539 007e 00       		.byte	0
 540 007f 00       		.byte	0
 541 0080 0A       		.uleb128 0xa
 542 0081 898201   		.uleb128 0x4109
 543 0084 00       		.byte	0
 544 0085 11       		.uleb128 0x11
 545 0086 01       		.uleb128 0x1
 546 0087 31       		.uleb128 0x31
 547 0088 13       		.uleb128 0x13
 548 0089 00       		.byte	0
 549 008a 00       		.byte	0
 550 008b 0B       		.uleb128 0xb
 551 008c 34       		.uleb128 0x34
 552 008d 00       		.byte	0
 553 008e 03       		.uleb128 0x3
 554 008f 0E       		.uleb128 0xe
 555 0090 3A       		.uleb128 0x3a
 556 0091 0B       		.uleb128 0xb
 557 0092 3B       		.uleb128 0x3b
 558 0093 0B       		.uleb128 0xb
 559 0094 49       		.uleb128 0x49
 560 0095 13       		.uleb128 0x13
 561 0096 02       		.uleb128 0x2
 562 0097 18       		.uleb128 0x18
 563 0098 00       		.byte	0
 564 0099 00       		.byte	0
 565 009a 0C       		.uleb128 0xc
 566 009b 2E       		.uleb128 0x2e
 567 009c 00       		.byte	0
 568 009d 3F       		.uleb128 0x3f
 569 009e 19       		.uleb128 0x19
 570 009f 3C       		.uleb128 0x3c
 571 00a0 19       		.uleb128 0x19
 572 00a1 6E       		.uleb128 0x6e
 573 00a2 0E       		.uleb128 0xe
 574 00a3 03       		.uleb128 0x3
 575 00a4 0E       		.uleb128 0xe
 576 00a5 3A       		.uleb128 0x3a
 577 00a6 0B       		.uleb128 0xb
 578 00a7 3B       		.uleb128 0x3b
 579 00a8 0B       		.uleb128 0xb
ARM GAS  C:\Users\austc\AppData\Local\Temp\ccGZgLeD.s 			page 14


 580 00a9 00       		.byte	0
 581 00aa 00       		.byte	0
 582 00ab 00       		.byte	0
 583              		.section	.debug_aranges,"",%progbits
 584 0000 34000000 		.4byte	0x34
 585 0004 0200     		.2byte	0x2
 586 0006 00000000 		.4byte	.Ldebug_info0
 587 000a 04       		.byte	0x4
 588 000b 00       		.byte	0
 589 000c 0000     		.2byte	0
 590 000e 0000     		.2byte	0
 591 0010 00000000 		.4byte	.LFB1
 592 0014 18000000 		.4byte	.LFE1-.LFB1
 593 0018 00000000 		.4byte	.LFB2
 594 001c 18000000 		.4byte	.LFE2-.LFB2
 595 0020 00000000 		.4byte	.LFB3
 596 0024 2C000000 		.4byte	.LFE3-.LFB3
 597 0028 00000000 		.4byte	.LFB4
 598 002c 18000000 		.4byte	.LFE4-.LFB4
 599 0030 00000000 		.4byte	0
 600 0034 00000000 		.4byte	0
 601              		.section	.debug_ranges,"",%progbits
 602              	.Ldebug_ranges0:
 603 0000 00000000 		.4byte	.LFB1
 604 0004 18000000 		.4byte	.LFE1
 605 0008 00000000 		.4byte	.LFB2
 606 000c 18000000 		.4byte	.LFE2
 607 0010 00000000 		.4byte	.LFB3
 608 0014 2C000000 		.4byte	.LFE3
 609 0018 00000000 		.4byte	.LFB4
 610 001c 18000000 		.4byte	.LFE4
 611 0020 00000000 		.4byte	0
 612 0024 00000000 		.4byte	0
 613              		.section	.debug_line,"",%progbits
 614              	.Ldebug_line0:
 615 0000 B7000000 		.section	.debug_str,"MS",%progbits,1
 615      02006000 
 615      00000201 
 615      FB0E0D00 
 615      01010101 
 616              	.LASF23:
 617 0000 51756164 		.ascii	"QuadDec_Cnt16_Sleep\000"
 617      4465635F 
 617      436E7431 
 617      365F536C 
 617      65657000 
 618              	.LASF3:
 619 0014 73686F72 		.ascii	"short unsigned int\000"
 619      7420756E 
 619      7369676E 
 619      65642069 
 619      6E7400
 620              	.LASF32:
 621 0027 47656E65 		.ascii	"Generated_Source\\PSoC4\\QuadDec_Cnt16_PM.c\000"
 621      72617465 
 621      645F536F 
 621      75726365 
ARM GAS  C:\Users\austc\AppData\Local\Temp\ccGZgLeD.s 			page 15


 621      5C50536F 
 622              	.LASF18:
 623 0051 436F756E 		.ascii	"CounterUdb\000"
 623      74657255 
 623      646200
 624              	.LASF19:
 625 005c 436F756E 		.ascii	"CounterControlRegister\000"
 625      74657243 
 625      6F6E7472 
 625      6F6C5265 
 625      67697374 
 626              	.LASF29:
 627 0073 51756164 		.ascii	"QuadDec_Cnt16_Stop\000"
 627      4465635F 
 627      436E7431 
 627      365F5374 
 627      6F7000
 628              	.LASF11:
 629 0086 666C6F61 		.ascii	"float\000"
 629      7400
 630              	.LASF21:
 631 008c 51756164 		.ascii	"QuadDec_Cnt16_SaveConfig\000"
 631      4465635F 
 631      436E7431 
 631      365F5361 
 631      7665436F 
 632              	.LASF34:
 633 00a5 51756164 		.ascii	"QuadDec_Cnt16_backup\000"
 633      4465635F 
 633      436E7431 
 633      365F6261 
 633      636B7570 
 634              	.LASF1:
 635 00ba 756E7369 		.ascii	"unsigned char\000"
 635      676E6564 
 635      20636861 
 635      7200
 636              	.LASF27:
 637 00c8 51756164 		.ascii	"QuadDec_Cnt16_WriteCounter\000"
 637      4465635F 
 637      436E7431 
 637      365F5772 
 637      69746543 
 638              	.LASF25:
 639 00e3 51756164 		.ascii	"QuadDec_Cnt16_ReadCounter\000"
 639      4465635F 
 639      436E7431 
 639      365F5265 
 639      6164436F 
 640              	.LASF5:
 641 00fd 6C6F6E67 		.ascii	"long unsigned int\000"
 641      20756E73 
 641      69676E65 
 641      6420696E 
 641      7400
 642              	.LASF9:
 643 010f 75696E74 		.ascii	"uint8\000"
ARM GAS  C:\Users\austc\AppData\Local\Temp\ccGZgLeD.s 			page 16


 643      3800
 644              	.LASF28:
 645 0115 51756164 		.ascii	"QuadDec_Cnt16_WriteControlRegister\000"
 645      4465635F 
 645      436E7431 
 645      365F5772 
 645      69746543 
 646              	.LASF26:
 647 0138 51756164 		.ascii	"QuadDec_Cnt16_ReadControlRegister\000"
 647      4465635F 
 647      436E7431 
 647      365F5265 
 647      6164436F 
 648              	.LASF12:
 649 015a 646F7562 		.ascii	"double\000"
 649      6C6500
 650              	.LASF10:
 651 0161 75696E74 		.ascii	"uint16\000"
 651      313600
 652              	.LASF24:
 653 0168 51756164 		.ascii	"QuadDec_Cnt16_Wakeup\000"
 653      4465635F 
 653      436E7431 
 653      365F5761 
 653      6B657570 
 654              	.LASF8:
 655 017d 756E7369 		.ascii	"unsigned int\000"
 655      676E6564 
 655      20696E74 
 655      00
 656              	.LASF7:
 657 018a 6C6F6E67 		.ascii	"long long unsigned int\000"
 657      206C6F6E 
 657      6720756E 
 657      7369676E 
 657      65642069 
 658              	.LASF33:
 659 01a1 433A5C55 		.ascii	"C:\\Users\\austc\\OneDrive\\Documents\\Altium\\Moto"
 659      73657273 
 659      5C617573 
 659      74635C4F 
 659      6E654472 
 660 01ce 722D556E 		.ascii	"r-Unit-Firmware-A-2019-2020\\Motor Unit\\Motor Boar"
 660      69742D46 
 660      69726D77 
 660      6172652D 
 660      412D3230 
 661 01ff 64205265 		.ascii	"d Rev2.cydsn\000"
 661      76322E63 
 661      7964736E 
 661      00
 662              	.LASF22:
 663 020c 51756164 		.ascii	"QuadDec_Cnt16_RestoreConfig\000"
 663      4465635F 
 663      436E7431 
 663      365F5265 
 663      73746F72 
ARM GAS  C:\Users\austc\AppData\Local\Temp\ccGZgLeD.s 			page 17


 664              	.LASF31:
 665 0228 474E5520 		.ascii	"GNU C11 5.4.1 20160609 (release) [ARM/embedded-5-br"
 665      43313120 
 665      352E342E 
 665      31203230 
 665      31363036 
 666 025b 616E6368 		.ascii	"anch revision 237715] -mcpu=cortex-m0 -mthumb -g -O"
 666      20726576 
 666      6973696F 
 666      6E203233 
 666      37373135 
 667 028e 67202D66 		.ascii	"g -ffunction-sections -ffat-lto-objects\000"
 667      66756E63 
 667      74696F6E 
 667      2D736563 
 667      74696F6E 
 668              	.LASF14:
 669 02b6 72656738 		.ascii	"reg8\000"
 669      00
 670              	.LASF16:
 671 02bb 73697A65 		.ascii	"sizetype\000"
 671      74797065 
 671      00
 672              	.LASF17:
 673 02c4 436F756E 		.ascii	"CounterEnableState\000"
 673      74657245 
 673      6E61626C 
 673      65537461 
 673      746500
 674              	.LASF6:
 675 02d7 6C6F6E67 		.ascii	"long long int\000"
 675      206C6F6E 
 675      6720696E 
 675      7400
 676              	.LASF13:
 677 02e5 63686172 		.ascii	"char\000"
 677      00
 678              	.LASF2:
 679 02ea 73686F72 		.ascii	"short int\000"
 679      7420696E 
 679      7400
 680              	.LASF20:
 681 02f4 51756164 		.ascii	"QuadDec_Cnt16_backupStruct\000"
 681      4465635F 
 681      436E7431 
 681      365F6261 
 681      636B7570 
 682              	.LASF4:
 683 030f 6C6F6E67 		.ascii	"long int\000"
 683      20696E74 
 683      00
 684              	.LASF15:
 685 0318 6C6F6E67 		.ascii	"long double\000"
 685      20646F75 
 685      626C6500 
 686              	.LASF0:
 687 0324 7369676E 		.ascii	"signed char\000"
ARM GAS  C:\Users\austc\AppData\Local\Temp\ccGZgLeD.s 			page 18


 687      65642063 
 687      68617200 
 688              	.LASF30:
 689 0330 51756164 		.ascii	"QuadDec_Cnt16_Enable\000"
 689      4465635F 
 689      436E7431 
 689      365F456E 
 689      61626C65 
 690              		.ident	"GCC: (GNU Tools for ARM Embedded Processors) 5.4.1 20160609 (release) [ARM/embedded-5-bran
